Loading rhel8/default-amp
  Loading requirement: rhel8/slurm singularity/current rhel8/global cuda/11.4
    libpciaccess/0.16/gcc-9.4.0-6fonbj6 libiconv/1.16/gcc-9.4.0-ahebbov
    libxml2/2.9.12/gcc-9.4.0-gnknt5e ncurses/6.2/gcc-9.4.0-aiirok7
    hwloc/2.5.0/gcc-9.4.0-7sqomga libevent/2.1.12/gcc-9.4.0-hgny7cm
    numactl/2.0.14/gcc-9.4.0-52dwc6n cuda/11.4.0/gcc-9.4.0-3hnxhjt
    gdrcopy/2.2/gcc-9.4.0-e4igtfp knem/1.1.4/gcc-9.4.0-bpbxgva
    libnl/3.3.0/gcc-9.4.0-whwhrwb rdma-core/34.0/gcc-9.4.0-5eo5n2u
    ucx/1.11.1/gcc-9.4.0-lktqyl4 openmpi/4.1.1/gcc-9.4.0-epagguv
/rds/user/dwl38/hpc-work/MPhil-Scientific-Computing/WA-2/venv/lib64/python3.11/site-packages/e3nn/o3/_wigner.py:10: UserWarning: Environment variable TORCH_FORCE_NO_WEIGHTS_ONLY_LOAD detected, since the`weights_only` argument was not explicitly passed to `torch.load`, forcing weights_only=False.
  _Jd, _W3j_flat, _W3j_indices = torch.load(os.path.join(os.path.dirname(__file__), 'constants.pt'))
2025-03-01 18:20:25.254 INFO: ===========VERIFYING SETTINGS===========
2025-03-01 18:20:25.255 INFO: MACE version: 0.3.10
2025-03-01 18:20:25.776 INFO: CUDA version: 12.4, CUDA device: 0
2025-03-01 18:20:28.162 INFO: Using foundation model mace-mp-0 small as initial checkpoint.
/rds/user/dwl38/hpc-work/MPhil-Scientific-Computing/WA-2/venv/lib64/python3.11/site-packages/mace/calculators/mace.py:139: UserWarning: Environment variable TORCH_FORCE_NO_WEIGHTS_ONLY_LOAD detected, since the`weights_only` argument was not explicitly passed to `torch.load`, forcing weights_only=False.
  torch.load(f=model_path, map_location=device)
Using Materials Project MACE for MACECalculator with /home/dwl38/.cache/mace/20231210mace128L0_energy_epoch249model
Using float64 for MACECalculator, which is slower but more accurate. Recommended for geometry optimization.
2025-03-01 18:20:29.850 INFO: CUDA version: 12.4, CUDA device: 0
2025-03-01 18:20:29.999 INFO: Multihead finetuning mode, setting learning rate to 0.001 and EMA to True. To use a different learning rate, set --force_mh_ft_lr=True.
2025-03-01 18:20:29.999 INFO: Using multiheads finetuning mode, setting learning rate to 0.001 and EMA to True
2025-03-01 18:20:29.999 INFO: ===========LOADING INPUT DATA===========
2025-03-01 18:20:29.999 INFO: Using heads: ['default']
2025-03-01 18:20:29.999 INFO: =============    Processing head default     ===========
2025-03-01 18:20:31.770 INFO: Using isolated atom energies from training file
2025-03-01 18:20:31.809 INFO: Training set [1048 configs, 1048 energy, 554352 forces] loaded from '../data/nacl-water-RPA.xyz'
2025-03-01 18:20:31.844 INFO: Using random 5% of training set for validation with indices saved in: ./valid_indices_123.txt
2025-03-01 18:20:31.844 INFO: Validaton set contains 52 configurations [52 energy, 27720 forces]
2025-03-01 18:20:31.844 INFO: Total number of configurations: train=996, valid=52, tests=[],
2025-03-01 18:20:31.844 INFO: ==================Using multiheads finetuning mode==================
2025-03-01 18:20:31.845 INFO: Using foundation model for multiheads finetuning with Materials Project data
2025-03-01 18:20:31.845 INFO: Downloading MP structures for finetuning
2025-03-01 18:20:58.974 INFO: Materials Project dataset to /home/dwl38/.cache/mace/mp_traj_combinedxyz
2025-03-01 18:20:58.975 INFO: Downloading MP descriptors for finetuning
2025-03-01 18:21:14.400 INFO: Materials Project descriptors to /home/dwl38/.cache/mace/descriptorsnpy
2025-03-01 18:21:14.400 INFO: Using Materials Project dataset with /home/dwl38/.cache/mace/mp_traj_combinedxyz
2025-03-01 18:21:14.400 INFO: Using Materials Project descriptors with /home/dwl38/.cache/mace/descriptorsnpy
/rds/user/dwl38/hpc-work/MPhil-Scientific-Computing/WA-2/venv/lib64/python3.11/site-packages/mace/calculators/mace.py:139: UserWarning: Environment variable TORCH_FORCE_NO_WEIGHTS_ONLY_LOAD detected, since the`weights_only` argument was not explicitly passed to `torch.load`, forcing weights_only=False.
  torch.load(f=model_path, map_location=device)
Using Materials Project MACE for MACECalculator with /home/dwl38/.cache/mace/20231210mace128L0_energy_epoch249model
Using float64 for MACECalculator, which is slower but more accurate. Recommended for geometry optimization.
2025-03-01 18:21:14.495 INFO: CUDA version: 12.4, CUDA device: 0
2025-03-01 18:21:15.359 INFO: Filtering configurations based on the finetuning set, filtering type: combinations, elements: ['Cl' 'H' 'Na' 'O']
2025-03-01 18:22:18.462 INFO: Number of configurations after filtering 190 is less than the number of samples 10000, selecting random configurations for the rest.
2025-03-01 18:22:27.345 INFO: Saving the selected configurations
2025-03-01 18:22:30.225 INFO: Saving a combined XYZ file
2025-03-01 18:22:38.597 WARNING: Since ASE version 3.23.0b1, using energy_key 'energy' is no longer safe when communicating between MACE and ASE. We recommend using a different key, rewriting 'energy' to 'REF_energy'. You need to use --energy_key='REF_energy' to specify the chosen key name.
2025-03-01 18:22:39.700 WARNING: Since ASE version 3.23.0b1, using forces_key 'forces' is no longer safe when communicating between MACE and ASE. We recommend using a different key, rewriting 'forces' to 'REF_forces'. You need to use --forces_key='REF_forces' to specify the chosen key name.
2025-03-01 18:22:40.815 WARNING: Since ASE version 3.23.0b1, using stress_key 'stress' is no longer safe when communicating between MACE and ASE. We recommend using a different key, rewriting 'stress' to 'REF_stress'. You need to use --stress_key='REF_stress' to specify the chosen key name.
2025-03-01 18:22:42.150 INFO: Training set [10000 configs, 10000 energy, 858642 forces] loaded from 'mp_finetuning-model_finetuned_naive_run-123.xyz'
2025-03-01 18:22:42.152 INFO: Using random 5% of training set for validation with indices saved in: ./valid_indices_123.txt
2025-03-01 18:22:42.154 INFO: Validaton set contains 500 configurations [500 energy, 40113 forces]
2025-03-01 18:22:42.154 INFO: Total number of configurations in pretraining: train=9500, valid=500
2025-03-01 18:22:42.206 INFO: Atomic Numbers used: [1, 2, 3, 4, 5, 6, 7, 8, 9, 11, 12, 13, 14, 15, 16, 17, 19, 20, 21, 22, 23, 24, 25, 26, 27, 28, 29, 30, 31, 32, 33, 34, 35, 36, 37, 38, 39, 40, 41, 42, 43, 44, 45, 46, 47, 48, 49, 50, 51, 52, 53, 54, 55, 56, 57, 58, 59, 60, 61, 62, 63, 64, 65, 66, 67, 68, 69, 70, 71, 72, 73, 74, 75, 76, 77, 78, 79, 80, 81, 82, 83, 89, 90, 91, 92, 93, 94]
2025-03-01 18:22:42.210 INFO: Atomic Energies used (z: eV) for head default: {1: -14.058715637648925, 8: -433.0443596510768, 11: -1302.0064166842267, 17: -408.458660525576}
2025-03-01 18:22:42.210 INFO: Atomic Energies used (z: eV) for head pt_head: {1: -3.667168021358939, 2: -1.3320953124042916, 3: -3.482100566595956, 4: -4.736697230897597, 5: -7.724935420523256, 6: -8.405573550273285, 7: -7.360100452662763, 8: -7.28459863421322, 9: -4.896490881731322, 11: -2.7593613569762425, 12: -2.814047612069227, 13: -4.846881245288104, 14: -7.694793133351899, 15: -6.9632957911820235, 16: -4.672630400190884, 17: -2.8116892814008096, 19: -2.6176454856894793, 20: -5.390461060484104, 21: -7.8857952163517675, 22: -10.268392986214433, 23: -8.665147785496703, 24: -9.233050763772013, 25: -8.304951520770791, 26: -7.0489865771593765, 27: -5.577439766222147, 28: -5.172747618813715, 29: -3.2520726958619472, 30: -1.2901611618726314, 31: -3.527082192997912, 32: -4.70845955030298, 33: -3.9765109025623238, 34: -3.886231055836541, 35: -2.5184940099633986, 36: 6.766947645687137, 37: -2.5634958965928316, 38: -4.938005211501922, 39: -10.149818838085771, 40: -11.846857579882572, 41: -12.138896361658485, 42: -8.791678800595722, 43: -8.78694939675911, 44: -7.78093221529871, 45: -6.850021409115055, 46: -4.891019073240479, 47: -2.0634296773864045, 48: -0.6395695518943755, 49: -2.7887442084286693, 50: -3.818604275441892, 51: -3.587068329278862, 52: -2.8804045971118897, 53: -1.6355986842433357, 54: 9.846723842807721, 55: -2.765284507132287, 56: -4.990956432167774, 57: -8.933684809576345, 58: -8.735591176647514, 59: -8.018966025544966, 60: -8.251491970213372, 61: -7.591719594359237, 62: -8.169659881166858, 63: -13.592664636171698, 64: -18.517523458456985, 65: -7.647396572993602, 66: -8.122981037851925, 67: -7.607787319678067, 68: -6.85029094445494, 69: -7.8268821327130365, 70: -3.584786591677161, 71: -7.455406192077973, 72: -12.796283502572146, 73: -14.108127281277586, 74: -9.354916969477486, 75: -11.387537567890853, 76: -9.621909492152557, 77: -7.324393429417677, 78: -5.3046964808341945, 79: -2.380092582080244, 80: 0.24948924158195362, 81: -2.3239789120665026, 82: -3.730042357127322, 83: -3.438792347649683, 89: -5.062878214511315, 90: -11.02462566385297, 91: -12.265613551943261, 92: -13.855648206100362, 93: -14.933092020258243, 94: -15.282826131998245}
2025-03-01 18:23:02.167 INFO: Average number of neighbors: 61.964672446250916
2025-03-01 18:23:02.168 INFO: During training the following quantities will be reported: energy, forces, virials, stress
2025-03-01 18:23:02.168 INFO: ===========MODEL DETAILS===========
2025-03-01 18:23:08.035 INFO: Loading FOUNDATION model
2025-03-01 18:23:08.036 INFO: Using filtered elements: [1, 2, 3, 4, 5, 6, 7, 8, 9, 11, 12, 13, 14, 15, 16, 17, 19, 20, 21, 22, 23, 24, 25, 26, 27, 28, 29, 30, 31, 32, 33, 34, 35, 36, 37, 38, 39, 40, 41, 42, 43, 44, 45, 46, 47, 48, 49, 50, 51, 52, 53, 54, 55, 56, 57, 58, 59, 60, 61, 62, 63, 64, 65, 66, 67, 68, 69, 70, 71, 72, 73, 74, 75, 76, 77, 78, 79, 80, 81, 82, 83, 89, 90, 91, 92, 93, 94]
2025-03-01 18:23:08.036 INFO: Model configuration extracted from foundation model
2025-03-01 18:23:08.036 INFO: Using universal loss function for fine-tuning
2025-03-01 18:23:08.036 INFO: Message passing with hidden irreps 128x0e)
2025-03-01 18:23:08.036 INFO: 2 layers, each with correlation order: 3 (body order: 4) and spherical harmonics up to: l=3
2025-03-01 18:23:08.036 INFO: Radial cutoff: 6.0 A (total receptive field for each atom: 12.0 A)
2025-03-01 18:23:08.036 INFO: Distance transform for radial basis functions: None
/rds/user/dwl38/hpc-work/MPhil-Scientific-Computing/WA-2/venv/lib64/python3.11/site-packages/torch/jit/_check.py:178: UserWarning: The TorchScript type system doesn't support instance-level annotations on empty non-base types in `__init__`. Instead, either 1) use a type annotation in the class body, or 2) wrap the type in `torch.jit.Attribute`.
  warnings.warn(
/rds/user/dwl38/hpc-work/MPhil-Scientific-Computing/WA-2/venv/lib64/python3.11/site-packages/torch/jit/_check.py:178: UserWarning: The TorchScript type system doesn't support instance-level annotations on empty non-base types in `__init__`. Instead, either 1) use a type annotation in the class body, or 2) wrap the type in `torch.jit.Attribute`.
  warnings.warn(
/rds/user/dwl38/hpc-work/MPhil-Scientific-Computing/WA-2/venv/lib64/python3.11/site-packages/torch/jit/_check.py:178: UserWarning: The TorchScript type system doesn't support instance-level annotations on empty non-base types in `__init__`. Instead, either 1) use a type annotation in the class body, or 2) wrap the type in `torch.jit.Attribute`.
  warnings.warn(
/rds/user/dwl38/hpc-work/MPhil-Scientific-Computing/WA-2/venv/lib64/python3.11/site-packages/torch/jit/_check.py:178: UserWarning: The TorchScript type system doesn't support instance-level annotations on empty non-base types in `__init__`. Instead, either 1) use a type annotation in the class body, or 2) wrap the type in `torch.jit.Attribute`.
  warnings.warn(
/rds/user/dwl38/hpc-work/MPhil-Scientific-Computing/WA-2/venv/lib64/python3.11/site-packages/torch/jit/_check.py:178: UserWarning: The TorchScript type system doesn't support instance-level annotations on empty non-base types in `__init__`. Instead, either 1) use a type annotation in the class body, or 2) wrap the type in `torch.jit.Attribute`.
  warnings.warn(
/rds/user/dwl38/hpc-work/MPhil-Scientific-Computing/WA-2/venv/lib64/python3.11/site-packages/torch/jit/_check.py:178: UserWarning: The TorchScript type system doesn't support instance-level annotations on empty non-base types in `__init__`. Instead, either 1) use a type annotation in the class body, or 2) wrap the type in `torch.jit.Attribute`.
  warnings.warn(
/rds/user/dwl38/hpc-work/MPhil-Scientific-Computing/WA-2/venv/lib64/python3.11/site-packages/torch/jit/_check.py:178: UserWarning: The TorchScript type system doesn't support instance-level annotations on empty non-base types in `__init__`. Instead, either 1) use a type annotation in the class body, or 2) wrap the type in `torch.jit.Attribute`.
  warnings.warn(
/rds/user/dwl38/hpc-work/MPhil-Scientific-Computing/WA-2/venv/lib64/python3.11/site-packages/torch/jit/_check.py:178: UserWarning: The TorchScript type system doesn't support instance-level annotations on empty non-base types in `__init__`. Instead, either 1) use a type annotation in the class body, or 2) wrap the type in `torch.jit.Attribute`.
  warnings.warn(
/rds/user/dwl38/hpc-work/MPhil-Scientific-Computing/WA-2/venv/lib64/python3.11/site-packages/torch/jit/_check.py:178: UserWarning: The TorchScript type system doesn't support instance-level annotations on empty non-base types in `__init__`. Instead, either 1) use a type annotation in the class body, or 2) wrap the type in `torch.jit.Attribute`.
  warnings.warn(
/rds/user/dwl38/hpc-work/MPhil-Scientific-Computing/WA-2/venv/lib64/python3.11/site-packages/torch/jit/_check.py:178: UserWarning: The TorchScript type system doesn't support instance-level annotations on empty non-base types in `__init__`. Instead, either 1) use a type annotation in the class body, or 2) wrap the type in `torch.jit.Attribute`.
  warnings.warn(
/rds/user/dwl38/hpc-work/MPhil-Scientific-Computing/WA-2/venv/lib64/python3.11/site-packages/torch/jit/_check.py:178: UserWarning: The TorchScript type system doesn't support instance-level annotations on empty non-base types in `__init__`. Instead, either 1) use a type annotation in the class body, or 2) wrap the type in `torch.jit.Attribute`.
  warnings.warn(
/rds/user/dwl38/hpc-work/MPhil-Scientific-Computing/WA-2/venv/lib64/python3.11/site-packages/torch/jit/_check.py:178: UserWarning: The TorchScript type system doesn't support instance-level annotations on empty non-base types in `__init__`. Instead, either 1) use a type annotation in the class body, or 2) wrap the type in `torch.jit.Attribute`.
  warnings.warn(
/rds/user/dwl38/hpc-work/MPhil-Scientific-Computing/WA-2/venv/lib64/python3.11/site-packages/torch/jit/_check.py:178: UserWarning: The TorchScript type system doesn't support instance-level annotations on empty non-base types in `__init__`. Instead, either 1) use a type annotation in the class body, or 2) wrap the type in `torch.jit.Attribute`.
  warnings.warn(
/rds/user/dwl38/hpc-work/MPhil-Scientific-Computing/WA-2/venv/lib64/python3.11/site-packages/torch/jit/_check.py:178: UserWarning: The TorchScript type system doesn't support instance-level annotations on empty non-base types in `__init__`. Instead, either 1) use a type annotation in the class body, or 2) wrap the type in `torch.jit.Attribute`.
  warnings.warn(
2025-03-01 18:23:11.773 INFO: Total number of parameters: 3769802
2025-03-01 18:23:11.773 INFO: 
2025-03-01 18:23:11.773 INFO: ===========OPTIMIZER INFORMATION===========
2025-03-01 18:23:11.773 INFO: Using ADAM as parameter optimizer
2025-03-01 18:23:11.774 INFO: Batch size: 4
2025-03-01 18:23:11.774 INFO: Using Exponential Moving Average with decay: 0.99999
2025-03-01 18:23:11.774 INFO: Number of gradient updates: 262400
2025-03-01 18:23:11.774 INFO: Learning rate: 0.0001, weight decay: 5e-07
2025-03-01 18:23:11.774 INFO: UniversalLoss(energy_weight=1.000, forces_weight=100.000, stress_weight=1.000)
2025-03-01 18:23:11.776 INFO: Using gradient clipping with tolerance=10.000
2025-03-01 18:23:11.776 INFO: 
2025-03-01 18:23:11.776 INFO: ===========TRAINING===========
2025-03-01 18:23:11.776 INFO: Started training, reporting errors on validation set
2025-03-01 18:23:11.776 INFO: Loss metrics on validation set
2025-03-01 18:23:28.536 INFO: Initial: head: pt_head, loss=0.00632413, RMSE_E_per_atom=   33.43 meV, RMSE_F=  143.54 meV / A, RMSE_stress=    8.49 meV / A^3
2025-03-01 18:23:29.223 INFO: Initial: head: default, loss=0.03501454, RMSE_E_per_atom= 3364.95 meV, RMSE_F=  331.71 meV / A, RMSE_stress=    4.22 meV / A^3
2025-03-01 18:26:22.801 INFO: Epoch 0: head: pt_head, loss=0.00612151, RMSE_E_per_atom=   54.27 meV, RMSE_F=  142.90 meV / A, RMSE_stress=    8.60 meV / A^3
2025-03-01 18:26:23.474 INFO: Epoch 0: head: default, loss=0.00690464, RMSE_E_per_atom= 3264.51 meV, RMSE_F=   43.47 meV / A, RMSE_stress=    6.32 meV / A^3
2025-03-01 18:29:13.005 INFO: Epoch 1: head: pt_head, loss=0.00581418, RMSE_E_per_atom=   69.17 meV, RMSE_F=  133.24 meV / A, RMSE_stress=    8.68 meV / A^3
2025-03-01 18:29:13.679 INFO: Epoch 1: head: default, loss=0.00657581, RMSE_E_per_atom= 3211.35 meV, RMSE_F=   40.63 meV / A, RMSE_stress=    6.94 meV / A^3
2025-03-01 18:32:00.695 INFO: Epoch 2: head: pt_head, loss=0.00564617, RMSE_E_per_atom=   78.29 meV, RMSE_F=  132.49 meV / A, RMSE_stress=    8.69 meV / A^3
2025-03-01 18:32:01.365 INFO: Epoch 2: head: default, loss=0.00639984, RMSE_E_per_atom= 3162.80 meV, RMSE_F=   39.33 meV / A, RMSE_stress=    7.28 meV / A^3
2025-03-01 18:34:44.173 INFO: Epoch 3: head: pt_head, loss=0.00552334, RMSE_E_per_atom=   86.14 meV, RMSE_F=  129.39 meV / A, RMSE_stress=    8.76 meV / A^3
2025-03-01 18:34:44.844 INFO: Epoch 3: head: default, loss=0.00626051, RMSE_E_per_atom= 3122.34 meV, RMSE_F=   38.27 meV / A, RMSE_stress=    7.49 meV / A^3
2025-03-01 18:37:27.443 INFO: Epoch 4: head: pt_head, loss=0.00545996, RMSE_E_per_atom=   92.14 meV, RMSE_F=  130.85 meV / A, RMSE_stress=    8.85 meV / A^3
2025-03-01 18:37:28.111 INFO: Epoch 4: head: default, loss=0.00614739, RMSE_E_per_atom= 3084.97 meV, RMSE_F=   37.49 meV / A, RMSE_stress=    7.61 meV / A^3
2025-03-01 18:40:10.535 INFO: Epoch 5: head: pt_head, loss=0.00537804, RMSE_E_per_atom=   97.72 meV, RMSE_F=  127.16 meV / A, RMSE_stress=    8.90 meV / A^3
2025-03-01 18:40:11.205 INFO: Epoch 5: head: default, loss=0.00605525, RMSE_E_per_atom= 3052.62 meV, RMSE_F=   36.82 meV / A, RMSE_stress=    7.74 meV / A^3
2025-03-01 18:42:53.788 INFO: Epoch 6: head: pt_head, loss=0.00534128, RMSE_E_per_atom=  101.13 meV, RMSE_F=  126.89 meV / A, RMSE_stress=    8.93 meV / A^3
2025-03-01 18:42:54.458 INFO: Epoch 6: head: default, loss=0.00596288, RMSE_E_per_atom= 3016.65 meV, RMSE_F=   36.22 meV / A, RMSE_stress=    7.83 meV / A^3
2025-03-01 18:45:37.106 INFO: Epoch 7: head: pt_head, loss=0.00530796, RMSE_E_per_atom=  104.12 meV, RMSE_F=  127.59 meV / A, RMSE_stress=    8.96 meV / A^3
2025-03-01 18:45:37.776 INFO: Epoch 7: head: default, loss=0.00588539, RMSE_E_per_atom= 2982.92 meV, RMSE_F=   35.76 meV / A, RMSE_stress=    7.89 meV / A^3
2025-03-01 18:48:20.432 INFO: Epoch 8: head: pt_head, loss=0.00525964, RMSE_E_per_atom=  107.18 meV, RMSE_F=  126.75 meV / A, RMSE_stress=    9.02 meV / A^3
2025-03-01 18:48:21.102 INFO: Epoch 8: head: default, loss=0.00581470, RMSE_E_per_atom= 2951.80 meV, RMSE_F=   35.31 meV / A, RMSE_stress=    7.99 meV / A^3
2025-03-01 18:51:03.578 INFO: Epoch 9: head: pt_head, loss=0.00523177, RMSE_E_per_atom=  109.32 meV, RMSE_F=  126.33 meV / A, RMSE_stress=    9.05 meV / A^3
2025-03-01 18:51:04.249 INFO: Epoch 9: head: default, loss=0.00574584, RMSE_E_per_atom= 2920.13 meV, RMSE_F=   34.89 meV / A, RMSE_stress=    8.03 meV / A^3
2025-03-01 18:53:46.872 INFO: Epoch 10: head: pt_head, loss=0.00522349, RMSE_E_per_atom=  111.38 meV, RMSE_F=  127.03 meV / A, RMSE_stress=    9.06 meV / A^3
2025-03-01 18:53:47.543 INFO: Epoch 10: head: default, loss=0.00568205, RMSE_E_per_atom= 2889.32 meV, RMSE_F=   34.53 meV / A, RMSE_stress=    8.05 meV / A^3
2025-03-01 18:56:30.127 INFO: Epoch 11: head: pt_head, loss=0.00519186, RMSE_E_per_atom=  113.66 meV, RMSE_F=  127.21 meV / A, RMSE_stress=    9.11 meV / A^3
2025-03-01 18:56:30.798 INFO: Epoch 11: head: default, loss=0.00562158, RMSE_E_per_atom= 2859.42 meV, RMSE_F=   34.23 meV / A, RMSE_stress=    8.11 meV / A^3
2025-03-01 18:59:13.472 INFO: Epoch 12: head: pt_head, loss=0.00517265, RMSE_E_per_atom=  115.55 meV, RMSE_F=  126.72 meV / A, RMSE_stress=    9.13 meV / A^3
2025-03-01 18:59:14.146 INFO: Epoch 12: head: default, loss=0.00556494, RMSE_E_per_atom= 2829.24 meV, RMSE_F=   33.94 meV / A, RMSE_stress=    8.15 meV / A^3
2025-03-01 19:01:57.139 INFO: Epoch 13: head: pt_head, loss=0.00515701, RMSE_E_per_atom=  117.18 meV, RMSE_F=  126.16 meV / A, RMSE_stress=    9.15 meV / A^3
2025-03-01 19:01:57.809 INFO: Epoch 13: head: default, loss=0.00551036, RMSE_E_per_atom= 2800.01 meV, RMSE_F=   33.66 meV / A, RMSE_stress=    8.20 meV / A^3
2025-03-01 19:04:40.399 INFO: Epoch 14: head: pt_head, loss=0.00513685, RMSE_E_per_atom=  118.99 meV, RMSE_F=  126.09 meV / A, RMSE_stress=    9.17 meV / A^3
2025-03-01 19:04:41.071 INFO: Epoch 14: head: default, loss=0.00545989, RMSE_E_per_atom= 2770.59 meV, RMSE_F=   33.45 meV / A, RMSE_stress=    8.26 meV / A^3
2025-03-01 19:07:23.897 INFO: Epoch 15: head: pt_head, loss=0.00511863, RMSE_E_per_atom=  120.32 meV, RMSE_F=  125.67 meV / A, RMSE_stress=    9.19 meV / A^3
2025-03-01 19:07:24.569 INFO: Epoch 15: head: default, loss=0.00540861, RMSE_E_per_atom= 2741.42 meV, RMSE_F=   33.21 meV / A, RMSE_stress=    8.31 meV / A^3
2025-03-01 19:10:07.561 INFO: Epoch 16: head: pt_head, loss=0.00511203, RMSE_E_per_atom=  121.40 meV, RMSE_F=  125.69 meV / A, RMSE_stress=    9.21 meV / A^3
2025-03-01 19:10:08.231 INFO: Epoch 16: head: default, loss=0.00535972, RMSE_E_per_atom= 2713.51 meV, RMSE_F=   32.98 meV / A, RMSE_stress=    8.36 meV / A^3
2025-03-01 19:12:51.194 INFO: Epoch 17: head: pt_head, loss=0.00510466, RMSE_E_per_atom=  122.60 meV, RMSE_F=  125.74 meV / A, RMSE_stress=    9.23 meV / A^3
2025-03-01 19:12:51.866 INFO: Epoch 17: head: default, loss=0.00531106, RMSE_E_per_atom= 2684.35 meV, RMSE_F=   32.78 meV / A, RMSE_stress=    8.39 meV / A^3
2025-03-01 19:15:34.913 INFO: Epoch 18: head: pt_head, loss=0.00508807, RMSE_E_per_atom=  123.78 meV, RMSE_F=  125.16 meV / A, RMSE_stress=    9.25 meV / A^3
2025-03-01 19:15:35.582 INFO: Epoch 18: head: default, loss=0.00526300, RMSE_E_per_atom= 2655.93 meV, RMSE_F=   32.57 meV / A, RMSE_stress=    8.42 meV / A^3
2025-03-01 19:18:18.311 INFO: Epoch 19: head: pt_head, loss=0.00507503, RMSE_E_per_atom=  124.87 meV, RMSE_F=  124.97 meV / A, RMSE_stress=    9.27 meV / A^3
2025-03-01 19:18:18.979 INFO: Epoch 19: head: default, loss=0.00521725, RMSE_E_per_atom= 2628.21 meV, RMSE_F=   32.39 meV / A, RMSE_stress=    8.45 meV / A^3
2025-03-01 19:21:01.734 INFO: Epoch 20: head: pt_head, loss=0.00506019, RMSE_E_per_atom=  125.82 meV, RMSE_F=  124.82 meV / A, RMSE_stress=    9.29 meV / A^3
2025-03-01 19:21:02.405 INFO: Epoch 20: head: default, loss=0.00517317, RMSE_E_per_atom= 2600.71 meV, RMSE_F=   32.23 meV / A, RMSE_stress=    8.47 meV / A^3
2025-03-01 19:23:45.778 INFO: Epoch 21: head: pt_head, loss=0.00504790, RMSE_E_per_atom=  126.64 meV, RMSE_F=  124.66 meV / A, RMSE_stress=    9.31 meV / A^3
2025-03-01 19:23:46.450 INFO: Epoch 21: head: default, loss=0.00512960, RMSE_E_per_atom= 2573.14 meV, RMSE_F=   32.07 meV / A, RMSE_stress=    8.50 meV / A^3
2025-03-01 19:26:46.044 INFO: Epoch 22: head: pt_head, loss=0.00504080, RMSE_E_per_atom=  127.48 meV, RMSE_F=  124.53 meV / A, RMSE_stress=    9.32 meV / A^3
2025-03-01 19:26:46.930 INFO: Epoch 22: head: default, loss=0.00508651, RMSE_E_per_atom= 2545.44 meV, RMSE_F=   31.91 meV / A, RMSE_stress=    8.55 meV / A^3
2025-03-01 19:29:30.390 INFO: Epoch 23: head: pt_head, loss=0.00503274, RMSE_E_per_atom=  128.21 meV, RMSE_F=  124.71 meV / A, RMSE_stress=    9.34 meV / A^3
2025-03-01 19:29:31.062 INFO: Epoch 23: head: default, loss=0.00504405, RMSE_E_per_atom= 2518.01 meV, RMSE_F=   31.77 meV / A, RMSE_stress=    8.58 meV / A^3
2025-03-01 19:32:14.069 INFO: Epoch 24: head: pt_head, loss=0.00501937, RMSE_E_per_atom=  129.04 meV, RMSE_F=  124.98 meV / A, RMSE_stress=    9.37 meV / A^3
2025-03-01 19:32:14.740 INFO: Epoch 24: head: default, loss=0.00500246, RMSE_E_per_atom= 2490.92 meV, RMSE_F=   31.64 meV / A, RMSE_stress=    8.61 meV / A^3
2025-03-01 19:34:57.865 INFO: Epoch 25: head: pt_head, loss=0.00500739, RMSE_E_per_atom=  129.81 meV, RMSE_F=  124.68 meV / A, RMSE_stress=    9.37 meV / A^3
2025-03-01 19:34:58.534 INFO: Epoch 25: head: default, loss=0.00496278, RMSE_E_per_atom= 2464.72 meV, RMSE_F=   31.52 meV / A, RMSE_stress=    8.66 meV / A^3
2025-03-01 19:37:41.574 INFO: Epoch 26: head: pt_head, loss=0.00500389, RMSE_E_per_atom=  130.71 meV, RMSE_F=  124.73 meV / A, RMSE_stress=    9.39 meV / A^3
2025-03-01 19:37:42.245 INFO: Epoch 26: head: default, loss=0.00492346, RMSE_E_per_atom= 2438.80 meV, RMSE_F=   31.38 meV / A, RMSE_stress=    8.70 meV / A^3
2025-03-01 19:40:25.500 INFO: Epoch 27: head: pt_head, loss=0.00499943, RMSE_E_per_atom=  131.55 meV, RMSE_F=  124.70 meV / A, RMSE_stress=    9.40 meV / A^3
2025-03-01 19:40:26.172 INFO: Epoch 27: head: default, loss=0.00488415, RMSE_E_per_atom= 2412.24 meV, RMSE_F=   31.26 meV / A, RMSE_stress=    8.73 meV / A^3
2025-03-01 19:43:09.395 INFO: Epoch 28: head: pt_head, loss=0.00499693, RMSE_E_per_atom=  132.24 meV, RMSE_F=  124.92 meV / A, RMSE_stress=    9.41 meV / A^3
2025-03-01 19:43:10.067 INFO: Epoch 28: head: default, loss=0.00484512, RMSE_E_per_atom= 2385.82 meV, RMSE_F=   31.14 meV / A, RMSE_stress=    8.75 meV / A^3
2025-03-01 19:45:53.273 INFO: Epoch 29: head: pt_head, loss=0.00499491, RMSE_E_per_atom=  132.98 meV, RMSE_F=  124.93 meV / A, RMSE_stress=    9.43 meV / A^3
2025-03-01 19:45:53.942 INFO: Epoch 29: head: default, loss=0.00480647, RMSE_E_per_atom= 2359.14 meV, RMSE_F=   31.03 meV / A, RMSE_stress=    8.79 meV / A^3
2025-03-01 19:48:37.093 INFO: Epoch 30: head: pt_head, loss=0.00498882, RMSE_E_per_atom=  133.24 meV, RMSE_F=  124.83 meV / A, RMSE_stress=    9.43 meV / A^3
2025-03-01 19:48:37.764 INFO: Epoch 30: head: default, loss=0.00476790, RMSE_E_per_atom= 2332.43 meV, RMSE_F=   30.92 meV / A, RMSE_stress=    8.81 meV / A^3
2025-03-01 19:51:20.934 INFO: Epoch 31: head: pt_head, loss=0.00498408, RMSE_E_per_atom=  133.47 meV, RMSE_F=  124.58 meV / A, RMSE_stress=    9.44 meV / A^3
2025-03-01 19:51:21.606 INFO: Epoch 31: head: default, loss=0.00473044, RMSE_E_per_atom= 2306.51 meV, RMSE_F=   30.82 meV / A, RMSE_stress=    8.84 meV / A^3
2025-03-01 19:54:05.283 INFO: Epoch 32: head: pt_head, loss=0.00497874, RMSE_E_per_atom=  133.96 meV, RMSE_F=  124.66 meV / A, RMSE_stress=    9.45 meV / A^3
2025-03-01 19:54:05.951 INFO: Epoch 32: head: default, loss=0.00469381, RMSE_E_per_atom= 2280.97 meV, RMSE_F=   30.71 meV / A, RMSE_stress=    8.87 meV / A^3
2025-03-01 19:56:49.560 INFO: Epoch 33: head: pt_head, loss=0.00497337, RMSE_E_per_atom=  134.35 meV, RMSE_F=  124.81 meV / A, RMSE_stress=    9.46 meV / A^3
2025-03-01 19:56:50.233 INFO: Epoch 33: head: default, loss=0.00465629, RMSE_E_per_atom= 2254.67 meV, RMSE_F=   30.61 meV / A, RMSE_stress=    8.89 meV / A^3
2025-03-01 19:59:33.624 INFO: Epoch 34: head: pt_head, loss=0.00497106, RMSE_E_per_atom=  134.84 meV, RMSE_F=  124.81 meV / A, RMSE_stress=    9.46 meV / A^3
2025-03-01 19:59:34.295 INFO: Epoch 34: head: default, loss=0.00461960, RMSE_E_per_atom= 2228.98 meV, RMSE_F=   30.51 meV / A, RMSE_stress=    8.93 meV / A^3
2025-03-01 20:02:17.329 INFO: Epoch 35: head: pt_head, loss=0.00496627, RMSE_E_per_atom=  135.34 meV, RMSE_F=  124.98 meV / A, RMSE_stress=    9.47 meV / A^3
2025-03-01 20:02:18.001 INFO: Epoch 35: head: default, loss=0.00458335, RMSE_E_per_atom= 2203.51 meV, RMSE_F=   30.41 meV / A, RMSE_stress=    8.96 meV / A^3
2025-03-01 20:05:00.951 INFO: Epoch 36: head: pt_head, loss=0.00496393, RMSE_E_per_atom=  135.82 meV, RMSE_F=  125.21 meV / A, RMSE_stress=    9.48 meV / A^3
2025-03-01 20:05:01.622 INFO: Epoch 36: head: default, loss=0.00454710, RMSE_E_per_atom= 2177.64 meV, RMSE_F=   30.31 meV / A, RMSE_stress=    8.97 meV / A^3
2025-03-01 20:07:44.695 INFO: Epoch 37: head: pt_head, loss=0.00496388, RMSE_E_per_atom=  136.40 meV, RMSE_F=  125.40 meV / A, RMSE_stress=    9.49 meV / A^3
2025-03-01 20:07:45.366 INFO: Epoch 37: head: default, loss=0.00451069, RMSE_E_per_atom= 2151.37 meV, RMSE_F=   30.21 meV / A, RMSE_stress=    9.01 meV / A^3
2025-03-01 20:10:28.634 INFO: Epoch 38: head: pt_head, loss=0.00496221, RMSE_E_per_atom=  136.98 meV, RMSE_F=  125.63 meV / A, RMSE_stress=    9.50 meV / A^3
2025-03-01 20:10:29.305 INFO: Epoch 38: head: default, loss=0.00447518, RMSE_E_per_atom= 2126.02 meV, RMSE_F=   30.11 meV / A, RMSE_stress=    9.05 meV / A^3
2025-03-01 20:13:13.270 INFO: Epoch 39: head: pt_head, loss=0.00495954, RMSE_E_per_atom=  137.49 meV, RMSE_F=  125.73 meV / A, RMSE_stress=    9.51 meV / A^3
2025-03-01 20:13:13.940 INFO: Epoch 39: head: default, loss=0.00443968, RMSE_E_per_atom= 2100.23 meV, RMSE_F=   30.04 meV / A, RMSE_stress=    9.07 meV / A^3
2025-03-01 20:15:57.732 INFO: Epoch 40: head: pt_head, loss=0.00495508, RMSE_E_per_atom=  137.90 meV, RMSE_F=  125.62 meV / A, RMSE_stress=    9.51 meV / A^3
2025-03-01 20:15:58.404 INFO: Epoch 40: head: default, loss=0.00440491, RMSE_E_per_atom= 2074.45 meV, RMSE_F=   29.97 meV / A, RMSE_stress=    9.11 meV / A^3
2025-03-01 20:18:42.106 INFO: Epoch 41: head: pt_head, loss=0.00494943, RMSE_E_per_atom=  138.24 meV, RMSE_F=  125.34 meV / A, RMSE_stress=    9.53 meV / A^3
2025-03-01 20:18:42.779 INFO: Epoch 41: head: default, loss=0.00436968, RMSE_E_per_atom= 2048.60 meV, RMSE_F=   29.88 meV / A, RMSE_stress=    9.14 meV / A^3
2025-03-01 20:21:26.540 INFO: Epoch 42: head: pt_head, loss=0.00494935, RMSE_E_per_atom=  138.68 meV, RMSE_F=  125.39 meV / A, RMSE_stress=    9.54 meV / A^3
2025-03-01 20:21:27.212 INFO: Epoch 42: head: default, loss=0.00433515, RMSE_E_per_atom= 2022.98 meV, RMSE_F=   29.81 meV / A, RMSE_stress=    9.18 meV / A^3
2025-03-01 20:24:10.933 INFO: Epoch 43: head: pt_head, loss=0.00495252, RMSE_E_per_atom=  139.06 meV, RMSE_F=  125.70 meV / A, RMSE_stress=    9.54 meV / A^3
2025-03-01 20:24:11.605 INFO: Epoch 43: head: default, loss=0.00430015, RMSE_E_per_atom= 1996.89 meV, RMSE_F=   29.74 meV / A, RMSE_stress=    9.20 meV / A^3
2025-03-01 20:26:55.498 INFO: Epoch 44: head: pt_head, loss=0.00495048, RMSE_E_per_atom=  139.48 meV, RMSE_F=  125.62 meV / A, RMSE_stress=    9.55 meV / A^3
2025-03-01 20:26:56.167 INFO: Epoch 44: head: default, loss=0.00426506, RMSE_E_per_atom= 1970.75 meV, RMSE_F=   29.68 meV / A, RMSE_stress=    9.23 meV / A^3
2025-03-01 20:29:39.970 INFO: Epoch 45: head: pt_head, loss=0.00494820, RMSE_E_per_atom=  139.94 meV, RMSE_F=  125.62 meV / A, RMSE_stress=    9.56 meV / A^3
2025-03-01 20:29:40.639 INFO: Epoch 45: head: default, loss=0.00423034, RMSE_E_per_atom= 1944.70 meV, RMSE_F=   29.61 meV / A, RMSE_stress=    9.25 meV / A^3
2025-03-01 20:32:31.033 INFO: Epoch 46: head: pt_head, loss=0.00494688, RMSE_E_per_atom=  140.45 meV, RMSE_F=  125.55 meV / A, RMSE_stress=    9.57 meV / A^3
2025-03-01 20:32:31.707 INFO: Epoch 46: head: default, loss=0.00419641, RMSE_E_per_atom= 1919.04 meV, RMSE_F=   29.54 meV / A, RMSE_stress=    9.29 meV / A^3
2025-03-01 20:35:15.866 INFO: Epoch 47: head: pt_head, loss=0.00494357, RMSE_E_per_atom=  140.80 meV, RMSE_F=  125.42 meV / A, RMSE_stress=    9.58 meV / A^3
2025-03-01 20:35:16.536 INFO: Epoch 47: head: default, loss=0.00416150, RMSE_E_per_atom= 1892.98 meV, RMSE_F=   29.47 meV / A, RMSE_stress=    9.31 meV / A^3
2025-03-01 20:38:00.639 INFO: Epoch 48: head: pt_head, loss=0.00493949, RMSE_E_per_atom=  141.07 meV, RMSE_F=  125.41 meV / A, RMSE_stress=    9.59 meV / A^3
2025-03-01 20:38:01.311 INFO: Epoch 48: head: default, loss=0.00412719, RMSE_E_per_atom= 1867.07 meV, RMSE_F=   29.40 meV / A, RMSE_stress=    9.34 meV / A^3
2025-03-01 20:40:45.411 INFO: Epoch 49: head: pt_head, loss=0.00493635, RMSE_E_per_atom=  141.44 meV, RMSE_F=  125.48 meV / A, RMSE_stress=    9.60 meV / A^3
2025-03-01 20:40:46.082 INFO: Epoch 49: head: default, loss=0.00409306, RMSE_E_per_atom= 1841.29 meV, RMSE_F=   29.33 meV / A, RMSE_stress=    9.37 meV / A^3
2025-03-01 20:43:30.121 INFO: Epoch 50: head: pt_head, loss=0.00493247, RMSE_E_per_atom=  141.77 meV, RMSE_F=  125.32 meV / A, RMSE_stress=    9.61 meV / A^3
2025-03-01 20:43:30.789 INFO: Epoch 50: head: default, loss=0.00405893, RMSE_E_per_atom= 1815.41 meV, RMSE_F=   29.26 meV / A, RMSE_stress=    9.39 meV / A^3
2025-03-01 20:46:14.750 INFO: Epoch 51: head: pt_head, loss=0.00493314, RMSE_E_per_atom=  142.09 meV, RMSE_F=  125.37 meV / A, RMSE_stress=    9.62 meV / A^3
2025-03-01 20:46:15.421 INFO: Epoch 51: head: default, loss=0.00402493, RMSE_E_per_atom= 1789.60 meV, RMSE_F=   29.20 meV / A, RMSE_stress=    9.41 meV / A^3
2025-03-01 20:49:01.065 INFO: Epoch 52: head: pt_head, loss=0.00493373, RMSE_E_per_atom=  142.42 meV, RMSE_F=  125.44 meV / A, RMSE_stress=    9.62 meV / A^3
2025-03-01 20:49:01.738 INFO: Epoch 52: head: default, loss=0.00399122, RMSE_E_per_atom= 1763.91 meV, RMSE_F=   29.14 meV / A, RMSE_stress=    9.43 meV / A^3
2025-03-01 20:51:45.016 INFO: Epoch 53: head: pt_head, loss=0.00493320, RMSE_E_per_atom=  142.71 meV, RMSE_F=  125.45 meV / A, RMSE_stress=    9.62 meV / A^3
2025-03-01 20:51:45.688 INFO: Epoch 53: head: default, loss=0.00395748, RMSE_E_per_atom= 1738.17 meV, RMSE_F=   29.08 meV / A, RMSE_stress=    9.45 meV / A^3
2025-03-01 20:54:28.800 INFO: Epoch 54: head: pt_head, loss=0.00493249, RMSE_E_per_atom=  142.98 meV, RMSE_F=  125.46 meV / A, RMSE_stress=    9.63 meV / A^3
2025-03-01 20:54:29.468 INFO: Epoch 54: head: default, loss=0.00392448, RMSE_E_per_atom= 1712.62 meV, RMSE_F=   29.03 meV / A, RMSE_stress=    9.48 meV / A^3
2025-03-01 20:57:12.429 INFO: Epoch 55: head: pt_head, loss=0.00493163, RMSE_E_per_atom=  143.29 meV, RMSE_F=  125.57 meV / A, RMSE_stress=    9.64 meV / A^3
2025-03-01 20:57:13.098 INFO: Epoch 55: head: default, loss=0.00389088, RMSE_E_per_atom= 1686.92 meV, RMSE_F=   28.97 meV / A, RMSE_stress=    9.50 meV / A^3
2025-03-01 20:59:55.849 INFO: Epoch 56: head: pt_head, loss=0.00493000, RMSE_E_per_atom=  143.61 meV, RMSE_F=  125.50 meV / A, RMSE_stress=    9.64 meV / A^3
2025-03-01 20:59:56.520 INFO: Epoch 56: head: default, loss=0.00385750, RMSE_E_per_atom= 1661.31 meV, RMSE_F=   28.91 meV / A, RMSE_stress=    9.53 meV / A^3
2025-03-01 21:02:39.115 INFO: Epoch 57: head: pt_head, loss=0.00492824, RMSE_E_per_atom=  143.84 meV, RMSE_F=  125.46 meV / A, RMSE_stress=    9.65 meV / A^3
2025-03-01 21:02:39.783 INFO: Epoch 57: head: default, loss=0.00382414, RMSE_E_per_atom= 1635.32 meV, RMSE_F=   28.86 meV / A, RMSE_stress=    9.56 meV / A^3
2025-03-01 21:05:21.168 INFO: Epoch 58: head: pt_head, loss=0.00492748, RMSE_E_per_atom=  144.11 meV, RMSE_F=  125.48 meV / A, RMSE_stress=    9.66 meV / A^3
2025-03-01 21:05:21.835 INFO: Epoch 58: head: default, loss=0.00379045, RMSE_E_per_atom= 1609.29 meV, RMSE_F=   28.80 meV / A, RMSE_stress=    9.59 meV / A^3
2025-03-01 21:08:02.903 INFO: Epoch 59: head: pt_head, loss=0.00492479, RMSE_E_per_atom=  144.43 meV, RMSE_F=  125.55 meV / A, RMSE_stress=    9.67 meV / A^3
2025-03-01 21:08:03.575 INFO: Epoch 59: head: default, loss=0.00375741, RMSE_E_per_atom= 1583.45 meV, RMSE_F=   28.76 meV / A, RMSE_stress=    9.62 meV / A^3
2025-03-01 21:10:43.349 INFO: Epoch 60: head: pt_head, loss=0.00492327, RMSE_E_per_atom=  144.79 meV, RMSE_F=  125.60 meV / A, RMSE_stress=    9.67 meV / A^3
2025-03-01 21:10:44.016 INFO: Epoch 60: head: default, loss=0.00372404, RMSE_E_per_atom= 1557.36 meV, RMSE_F=   28.71 meV / A, RMSE_stress=    9.64 meV / A^3
2025-03-01 21:13:24.051 INFO: Epoch 61: head: pt_head, loss=0.00492406, RMSE_E_per_atom=  145.11 meV, RMSE_F=  125.75 meV / A, RMSE_stress=    9.68 meV / A^3
2025-03-01 21:13:24.720 INFO: Epoch 61: head: default, loss=0.00369094, RMSE_E_per_atom= 1531.42 meV, RMSE_F=   28.66 meV / A, RMSE_stress=    9.66 meV / A^3
2025-03-01 21:16:04.810 INFO: Epoch 62: head: pt_head, loss=0.00492471, RMSE_E_per_atom=  145.41 meV, RMSE_F=  125.85 meV / A, RMSE_stress=    9.69 meV / A^3
2025-03-01 21:16:05.479 INFO: Epoch 62: head: default, loss=0.00365777, RMSE_E_per_atom= 1505.48 meV, RMSE_F=   28.62 meV / A, RMSE_stress=    9.70 meV / A^3
2025-03-01 21:18:45.956 INFO: Epoch 63: head: pt_head, loss=0.00492474, RMSE_E_per_atom=  145.68 meV, RMSE_F=  125.91 meV / A, RMSE_stress=    9.69 meV / A^3
2025-03-01 21:18:46.625 INFO: Epoch 63: head: default, loss=0.00362419, RMSE_E_per_atom= 1479.11 meV, RMSE_F=   28.57 meV / A, RMSE_stress=    9.72 meV / A^3
2025-03-01 21:21:26.772 INFO: Epoch 64: head: pt_head, loss=0.00492331, RMSE_E_per_atom=  145.86 meV, RMSE_F=  125.87 meV / A, RMSE_stress=    9.70 meV / A^3
2025-03-01 21:21:27.437 INFO: Epoch 64: head: default, loss=0.00359074, RMSE_E_per_atom= 1452.69 meV, RMSE_F=   28.53 meV / A, RMSE_stress=    9.74 meV / A^3
2025-03-01 21:24:07.650 INFO: Epoch 65: head: pt_head, loss=0.00492190, RMSE_E_per_atom=  146.15 meV, RMSE_F=  125.98 meV / A, RMSE_stress=    9.70 meV / A^3
2025-03-01 21:24:08.319 INFO: Epoch 65: head: default, loss=0.00355720, RMSE_E_per_atom= 1426.18 meV, RMSE_F=   28.48 meV / A, RMSE_stress=    9.76 meV / A^3
2025-03-01 21:26:48.231 INFO: Epoch 66: head: pt_head, loss=0.00492122, RMSE_E_per_atom=  146.45 meV, RMSE_F=  125.98 meV / A, RMSE_stress=    9.71 meV / A^3
2025-03-01 21:26:48.896 INFO: Epoch 66: head: default, loss=0.00352382, RMSE_E_per_atom= 1399.79 meV, RMSE_F=   28.43 meV / A, RMSE_stress=    9.79 meV / A^3
2025-03-01 21:29:28.664 INFO: Epoch 67: head: pt_head, loss=0.00492097, RMSE_E_per_atom=  146.70 meV, RMSE_F=  125.95 meV / A, RMSE_stress=    9.71 meV / A^3
2025-03-01 21:29:29.330 INFO: Epoch 67: head: default, loss=0.00349036, RMSE_E_per_atom= 1373.41 meV, RMSE_F=   28.38 meV / A, RMSE_stress=    9.82 meV / A^3
2025-03-01 21:32:09.342 INFO: Epoch 68: head: pt_head, loss=0.00492042, RMSE_E_per_atom=  146.96 meV, RMSE_F=  126.00 meV / A, RMSE_stress=    9.71 meV / A^3
2025-03-01 21:32:10.010 INFO: Epoch 68: head: default, loss=0.00345691, RMSE_E_per_atom= 1346.79 meV, RMSE_F=   28.34 meV / A, RMSE_stress=    9.84 meV / A^3
2025-03-01 21:34:49.828 INFO: Epoch 69: head: pt_head, loss=0.00491917, RMSE_E_per_atom=  147.19 meV, RMSE_F=  126.02 meV / A, RMSE_stress=    9.72 meV / A^3
2025-03-01 21:34:50.492 INFO: Epoch 69: head: default, loss=0.00342354, RMSE_E_per_atom= 1320.25 meV, RMSE_F=   28.30 meV / A, RMSE_stress=    9.87 meV / A^3
2025-03-01 21:37:30.760 INFO: Epoch 70: head: pt_head, loss=0.00491764, RMSE_E_per_atom=  147.47 meV, RMSE_F=  126.05 meV / A, RMSE_stress=    9.72 meV / A^3
2025-03-01 21:37:37.789 INFO: Epoch 70: head: default, loss=0.00339057, RMSE_E_per_atom= 1293.87 meV, RMSE_F=   28.26 meV / A, RMSE_stress=    9.89 meV / A^3
2025-03-01 21:40:18.527 INFO: Epoch 71: head: pt_head, loss=0.00491739, RMSE_E_per_atom=  147.75 meV, RMSE_F=  126.08 meV / A, RMSE_stress=    9.73 meV / A^3
2025-03-01 21:40:19.191 INFO: Epoch 71: head: default, loss=0.00335718, RMSE_E_per_atom= 1267.20 meV, RMSE_F=   28.22 meV / A, RMSE_stress=    9.92 meV / A^3
2025-03-01 21:42:58.751 INFO: Epoch 72: head: pt_head, loss=0.00491614, RMSE_E_per_atom=  148.02 meV, RMSE_F=  126.19 meV / A, RMSE_stress=    9.73 meV / A^3
2025-03-01 21:42:59.417 INFO: Epoch 72: head: default, loss=0.00332364, RMSE_E_per_atom= 1240.29 meV, RMSE_F=   28.18 meV / A, RMSE_stress=    9.94 meV / A^3
2025-03-01 21:45:38.850 INFO: Epoch 73: head: pt_head, loss=0.00491458, RMSE_E_per_atom=  148.30 meV, RMSE_F=  126.21 meV / A, RMSE_stress=    9.73 meV / A^3
2025-03-01 21:45:39.514 INFO: Epoch 73: head: default, loss=0.00329008, RMSE_E_per_atom= 1213.37 meV, RMSE_F=   28.14 meV / A, RMSE_stress=    9.96 meV / A^3
2025-03-01 21:48:18.766 INFO: Epoch 74: head: pt_head, loss=0.00491460, RMSE_E_per_atom=  148.58 meV, RMSE_F=  126.26 meV / A, RMSE_stress=    9.73 meV / A^3
2025-03-01 21:48:19.433 INFO: Epoch 74: head: default, loss=0.00325643, RMSE_E_per_atom= 1186.39 meV, RMSE_F=   28.11 meV / A, RMSE_stress=    9.98 meV / A^3
2025-03-01 21:50:59.132 INFO: Epoch 75: head: pt_head, loss=0.00491461, RMSE_E_per_atom=  148.83 meV, RMSE_F=  126.22 meV / A, RMSE_stress=    9.74 meV / A^3
2025-03-01 21:50:59.797 INFO: Epoch 75: head: default, loss=0.00322267, RMSE_E_per_atom= 1159.19 meV, RMSE_F=   28.07 meV / A, RMSE_stress=   10.00 meV / A^3
2025-03-01 21:53:40.908 INFO: Epoch 76: head: pt_head, loss=0.00491534, RMSE_E_per_atom=  149.08 meV, RMSE_F=  126.19 meV / A, RMSE_stress=    9.74 meV / A^3
2025-03-01 21:53:41.573 INFO: Epoch 76: head: default, loss=0.00318895, RMSE_E_per_atom= 1131.94 meV, RMSE_F=   28.03 meV / A, RMSE_stress=   10.02 meV / A^3
2025-03-01 21:56:21.347 INFO: Epoch 77: head: pt_head, loss=0.00491368, RMSE_E_per_atom=  149.27 meV, RMSE_F=  126.04 meV / A, RMSE_stress=    9.74 meV / A^3
2025-03-01 21:56:22.014 INFO: Epoch 77: head: default, loss=0.00315511, RMSE_E_per_atom= 1104.61 meV, RMSE_F=   28.00 meV / A, RMSE_stress=   10.05 meV / A^3
2025-03-01 21:59:01.736 INFO: Epoch 78: head: pt_head, loss=0.00491233, RMSE_E_per_atom=  149.57 meV, RMSE_F=  125.91 meV / A, RMSE_stress=    9.75 meV / A^3
2025-03-01 21:59:02.401 INFO: Epoch 78: head: default, loss=0.00312177, RMSE_E_per_atom= 1077.56 meV, RMSE_F=   27.96 meV / A, RMSE_stress=   10.07 meV / A^3
2025-03-01 22:01:41.920 INFO: Epoch 79: head: pt_head, loss=0.00491251, RMSE_E_per_atom=  149.82 meV, RMSE_F=  125.91 meV / A, RMSE_stress=    9.75 meV / A^3
2025-03-01 22:01:42.588 INFO: Epoch 79: head: default, loss=0.00308818, RMSE_E_per_atom= 1050.36 meV, RMSE_F=   27.93 meV / A, RMSE_stress=   10.09 meV / A^3
2025-03-01 22:04:22.344 INFO: Epoch 80: head: pt_head, loss=0.00491291, RMSE_E_per_atom=  150.06 meV, RMSE_F=  125.98 meV / A, RMSE_stress=    9.75 meV / A^3
2025-03-01 22:04:23.010 INFO: Epoch 80: head: default, loss=0.00305406, RMSE_E_per_atom= 1022.73 meV, RMSE_F=   27.89 meV / A, RMSE_stress=   10.12 meV / A^3
2025-03-01 22:07:02.769 INFO: Epoch 81: head: pt_head, loss=0.00491244, RMSE_E_per_atom=  150.30 meV, RMSE_F=  125.99 meV / A, RMSE_stress=    9.75 meV / A^3
2025-03-01 22:07:03.437 INFO: Epoch 81: head: default, loss=0.00301973, RMSE_E_per_atom=  994.88 meV, RMSE_F=   27.86 meV / A, RMSE_stress=   10.14 meV / A^3
2025-03-01 22:09:43.223 INFO: Epoch 82: head: pt_head, loss=0.00491399, RMSE_E_per_atom=  150.60 meV, RMSE_F=  126.03 meV / A, RMSE_stress=    9.76 meV / A^3
2025-03-01 22:09:43.888 INFO: Epoch 82: head: default, loss=0.00298543, RMSE_E_per_atom=  967.05 meV, RMSE_F=   27.83 meV / A, RMSE_stress=   10.16 meV / A^3
2025-03-01 22:12:23.717 INFO: Epoch 83: head: pt_head, loss=0.00491402, RMSE_E_per_atom=  150.88 meV, RMSE_F=  126.08 meV / A, RMSE_stress=    9.76 meV / A^3
2025-03-01 22:12:24.384 INFO: Epoch 83: head: default, loss=0.00295091, RMSE_E_per_atom=  939.08 meV, RMSE_F=   27.79 meV / A, RMSE_stress=   10.19 meV / A^3
2025-03-01 22:15:04.254 INFO: Epoch 84: head: pt_head, loss=0.00491518, RMSE_E_per_atom=  151.14 meV, RMSE_F=  126.22 meV / A, RMSE_stress=    9.76 meV / A^3
2025-03-01 22:15:04.918 INFO: Epoch 84: head: default, loss=0.00291637, RMSE_E_per_atom=  911.08 meV, RMSE_F=   27.76 meV / A, RMSE_stress=   10.20 meV / A^3
2025-03-01 22:17:44.385 INFO: Epoch 85: head: pt_head, loss=0.00491558, RMSE_E_per_atom=  151.32 meV, RMSE_F=  126.11 meV / A, RMSE_stress=    9.76 meV / A^3
2025-03-01 22:17:45.051 INFO: Epoch 85: head: default, loss=0.00288170, RMSE_E_per_atom=  882.91 meV, RMSE_F=   27.72 meV / A, RMSE_stress=   10.21 meV / A^3
2025-03-01 22:20:24.618 INFO: Epoch 86: head: pt_head, loss=0.00491573, RMSE_E_per_atom=  151.54 meV, RMSE_F=  126.09 meV / A, RMSE_stress=    9.76 meV / A^3
2025-03-01 22:20:25.285 INFO: Epoch 86: head: default, loss=0.00284713, RMSE_E_per_atom=  854.83 meV, RMSE_F=   27.69 meV / A, RMSE_stress=   10.22 meV / A^3
2025-03-01 22:23:05.165 INFO: Epoch 87: head: pt_head, loss=0.00491582, RMSE_E_per_atom=  151.80 meV, RMSE_F=  126.09 meV / A, RMSE_stress=    9.76 meV / A^3
2025-03-01 22:23:05.830 INFO: Epoch 87: head: default, loss=0.00281259, RMSE_E_per_atom=  826.64 meV, RMSE_F=   27.66 meV / A, RMSE_stress=   10.24 meV / A^3
2025-03-01 22:25:45.846 INFO: Epoch 88: head: pt_head, loss=0.00491581, RMSE_E_per_atom=  152.08 meV, RMSE_F=  126.16 meV / A, RMSE_stress=    9.77 meV / A^3
2025-03-01 22:25:46.514 INFO: Epoch 88: head: default, loss=0.00277780, RMSE_E_per_atom=  798.14 meV, RMSE_F=   27.63 meV / A, RMSE_stress=   10.25 meV / A^3
2025-03-01 22:28:26.469 INFO: Epoch 89: head: pt_head, loss=0.00491628, RMSE_E_per_atom=  152.27 meV, RMSE_F=  126.31 meV / A, RMSE_stress=    9.77 meV / A^3
2025-03-01 22:28:27.133 INFO: Epoch 89: head: default, loss=0.00274288, RMSE_E_per_atom=  769.62 meV, RMSE_F=   27.60 meV / A, RMSE_stress=   10.26 meV / A^3
2025-03-01 22:31:06.853 INFO: Epoch 90: head: pt_head, loss=0.00491607, RMSE_E_per_atom=  152.50 meV, RMSE_F=  126.40 meV / A, RMSE_stress=    9.78 meV / A^3
2025-03-01 22:31:07.518 INFO: Epoch 90: head: default, loss=0.00270776, RMSE_E_per_atom=  740.86 meV, RMSE_F=   27.57 meV / A, RMSE_stress=   10.28 meV / A^3
2025-03-01 22:33:47.378 INFO: Epoch 91: head: pt_head, loss=0.00491747, RMSE_E_per_atom=  152.77 meV, RMSE_F=  126.41 meV / A, RMSE_stress=    9.78 meV / A^3
2025-03-01 22:33:48.047 INFO: Epoch 91: head: default, loss=0.00267295, RMSE_E_per_atom=  712.29 meV, RMSE_F=   27.54 meV / A, RMSE_stress=   10.29 meV / A^3
2025-03-01 22:36:27.779 INFO: Epoch 92: head: pt_head, loss=0.00491747, RMSE_E_per_atom=  153.00 meV, RMSE_F=  126.39 meV / A, RMSE_stress=    9.78 meV / A^3
2025-03-01 22:36:28.443 INFO: Epoch 92: head: default, loss=0.00263757, RMSE_E_per_atom=  683.30 meV, RMSE_F=   27.51 meV / A, RMSE_stress=   10.31 meV / A^3
2025-03-01 22:39:07.764 INFO: Epoch 93: head: pt_head, loss=0.00491807, RMSE_E_per_atom=  153.23 meV, RMSE_F=  126.48 meV / A, RMSE_stress=    9.79 meV / A^3
2025-03-01 22:39:08.433 INFO: Epoch 93: head: default, loss=0.00260259, RMSE_E_per_atom=  654.58 meV, RMSE_F=   27.48 meV / A, RMSE_stress=   10.32 meV / A^3
2025-03-01 22:41:48.511 INFO: Epoch 94: head: pt_head, loss=0.00491735, RMSE_E_per_atom=  153.45 meV, RMSE_F=  126.39 meV / A, RMSE_stress=    9.79 meV / A^3
2025-03-01 22:41:49.178 INFO: Epoch 94: head: default, loss=0.00256766, RMSE_E_per_atom=  625.77 meV, RMSE_F=   27.45 meV / A, RMSE_stress=   10.34 meV / A^3
2025-03-01 22:44:30.278 INFO: Epoch 95: head: pt_head, loss=0.00491836, RMSE_E_per_atom=  153.69 meV, RMSE_F=  126.44 meV / A, RMSE_stress=    9.79 meV / A^3
2025-03-01 22:44:30.945 INFO: Epoch 95: head: default, loss=0.00253233, RMSE_E_per_atom=  596.61 meV, RMSE_F=   27.43 meV / A, RMSE_stress=   10.36 meV / A^3
2025-03-01 22:47:16.926 INFO: Epoch 96: head: pt_head, loss=0.00491952, RMSE_E_per_atom=  153.94 meV, RMSE_F=  126.48 meV / A, RMSE_stress=    9.80 meV / A^3
2025-03-01 22:47:17.600 INFO: Epoch 96: head: default, loss=0.00249728, RMSE_E_per_atom=  567.77 meV, RMSE_F=   27.40 meV / A, RMSE_stress=   10.38 meV / A^3
2025-03-01 22:49:57.668 INFO: Epoch 97: head: pt_head, loss=0.00491984, RMSE_E_per_atom=  154.13 meV, RMSE_F=  126.49 meV / A, RMSE_stress=    9.80 meV / A^3
2025-03-01 22:49:58.334 INFO: Epoch 97: head: default, loss=0.00246153, RMSE_E_per_atom=  538.35 meV, RMSE_F=   27.37 meV / A, RMSE_stress=   10.40 meV / A^3
2025-03-01 22:52:38.171 INFO: Epoch 98: head: pt_head, loss=0.00492108, RMSE_E_per_atom=  154.33 meV, RMSE_F=  126.45 meV / A, RMSE_stress=    9.80 meV / A^3
2025-03-01 22:52:38.839 INFO: Epoch 98: head: default, loss=0.00242584, RMSE_E_per_atom=  508.89 meV, RMSE_F=   27.34 meV / A, RMSE_stress=   10.42 meV / A^3
2025-03-01 22:55:18.755 INFO: Epoch 99: head: pt_head, loss=0.00492079, RMSE_E_per_atom=  154.56 meV, RMSE_F=  126.43 meV / A, RMSE_stress=    9.81 meV / A^3
2025-03-01 22:55:19.422 INFO: Epoch 99: head: default, loss=0.00239011, RMSE_E_per_atom=  479.32 meV, RMSE_F=   27.32 meV / A, RMSE_stress=   10.44 meV / A^3
2025-03-01 22:55:19.637 INFO: Training complete
2025-03-01 22:55:19.637 INFO: 
2025-03-01 22:55:19.637 INFO: ===========RESULTS===========
2025-03-01 22:55:19.637 INFO: Computing metrics for training, validation, and test sets
2025-03-01 22:55:20.720 INFO: Loading checkpoint: ./checkpoints/model_finetuned_naive_run-123_epoch-99.pt
/rds/user/dwl38/hpc-work/MPhil-Scientific-Computing/WA-2/venv/lib64/python3.11/site-packages/mace/tools/checkpoint.py:187: UserWarning: Environment variable TORCH_FORCE_NO_WEIGHTS_ONLY_LOAD detected, since the`weights_only` argument was not explicitly passed to `torch.load`, forcing weights_only=False.
  torch.load(f=checkpoint_info.path, map_location=device),
2025-03-01 22:55:21.026 INFO: Loaded Stage one model from epoch 99 for evaluation
2025-03-01 22:55:21.027 INFO: Evaluating train_default ...
2025-03-01 22:55:40.019 INFO: Evaluating train_pt_head ...
2025-03-01 23:00:14.666 INFO: Evaluating valid_default ...
2025-03-01 23:00:15.347 INFO: Evaluating valid_pt_head ...
2025-03-01 23:00:17.268 INFO: Error-table on TRAIN and VALID:
+---------------+---------------------+------------------+-------------------+---------------------------------------+
|  config_type  | RMSE E / meV / atom | RMSE F / meV / A | relative F RMSE % | RMSE Stress (Virials) / meV / A (A^3) |
+---------------+---------------------+------------------+-------------------+---------------------------------------+
| train_default |          483.0      |         29.5     |          3.46     |                    10.4               |
| train_pt_head |          158.8      |         93.8     |          5.34     |                    10.4               |
| valid_default |          479.3      |         27.3     |          3.25     |                    10.4               |
| valid_pt_head |          154.6      |        126.4     |          8.73     |                     9.8               |
+---------------+---------------------+------------------+-------------------+---------------------------------------+
2025-03-01 23:00:17.268 INFO: Saving model to checkpoints/model_finetuned_naive_run-123.model
2025-03-01 23:00:18.958 INFO: Compiling model, saving metadata to model_finetuned_naive_compiled.model
2025-03-01 23:00:21.508 INFO: Done
