Time[ps]    Etot/N[eV]   Epot/N[eV]   Ekin/N[eV]    T[K]      ---------------------- stress [GPa] -----------------------
0.1000       -1147.5201   -1147.7300       0.2099  1624.0     -0.000     -0.000     -0.000     -0.000      0.000     -0.000
0.2000       -1147.5230   -1147.7305       0.2074  1604.8     -0.000     -0.000     -0.000      0.000     -0.000     -0.000
0.3000       -1147.5154   -1147.7309       0.2156  1667.8      0.000     -0.000     -0.000      0.000     -0.000     -0.000
0.4000       -1147.5096   -1147.7294       0.2197  1700.0     -0.000     -0.000     -0.000      0.000      0.000     -0.000
0.5000       -1147.5148   -1147.7263       0.2115  1636.3     -0.000     -0.000     -0.000     -0.000     -0.000      0.000
0.6000       -1147.5264   -1147.7317       0.2053  1588.3     -0.000     -0.000     -0.000      0.000     -0.000     -0.000
0.7000       -1147.5200   -1147.7290       0.2090  1616.9     -0.000     -0.000     -0.000      0.000      0.000     -0.000
0.8000       -1147.5099   -1147.7266       0.2166  1675.9     -0.000     -0.000     -0.000      0.000     -0.000     -0.000
0.9000       -1147.5073   -1147.7273       0.2200  1701.8     -0.000     -0.000     -0.000      0.000     -0.000     -0.000
1.0000       -1147.5212   -1147.7288       0.2076  1606.3     -0.000     -0.000     -0.000      0.000      0.000      0.000
1.1000       -1147.5256   -1147.7323       0.2067  1598.9     -0.000     -0.000     -0.000     -0.000      0.000     -0.000
1.2000       -1147.5109   -1147.7264       0.2155  1667.1     -0.000     -0.000     -0.000      0.000      0.000     -0.000
1.3000       -1147.5127   -1147.7294       0.2167  1676.8     -0.000     -0.000     -0.000      0.000      0.000     -0.000
1.4000       -1147.5235   -1147.7321       0.2087  1614.3     -0.000     -0.000     -0.000      0.000      0.000     -0.000
1.5000       -1147.5190   -1147.7298       0.2108  1630.6     -0.000     -0.000     -0.000      0.000     -0.000     -0.000
1.6000       -1147.5207   -1147.7301       0.2094  1620.2      0.000     -0.000      0.000      0.000      0.000     -0.000
1.7000       -1147.5128   -1147.7283       0.2155  1667.3     -0.000     -0.000      0.000      0.000      0.000      0.000
1.8000       -1147.5157   -1147.7271       0.2114  1635.4     -0.000     -0.000     -0.000     -0.000      0.000      0.000
1.9000       -1147.5166   -1147.7280       0.2114  1635.6     -0.000     -0.000     -0.000     -0.000     -0.000     -0.000
2.0000       -1147.5210   -1147.7295       0.2086  1613.6      0.000     -0.000     -0.000     -0.000     -0.000     -0.000
2.1000       -1147.5124   -1147.7279       0.2155  1667.4     -0.000     -0.000     -0.000      0.000      0.000      0.000
2.2000       -1147.5213   -1147.7294       0.2082  1610.4     -0.000     -0.000     -0.000      0.000      0.000     -0.000
2.3000       -1147.5234   -1147.7315       0.2082  1610.6     -0.000     -0.000     -0.000      0.000      0.000      0.000
2.4000       -1147.5168   -1147.7288       0.2120  1640.0     -0.000     -0.000     -0.000     -0.000     -0.000     -0.000
2.5000       -1147.5124   -1147.7292       0.2168  1677.3     -0.000     -0.000     -0.000      0.000      0.000     -0.000
2.6000       -1147.5179   -1147.7327       0.2148  1662.0     -0.000     -0.000     -0.000      0.000     -0.000     -0.000
2.7000       -1147.5224   -1147.7282       0.2058  1592.2     -0.000      0.000     -0.000      0.000     -0.000      0.000
2.8000       -1147.5160   -1147.7287       0.2127  1645.9     -0.000     -0.000     -0.000     -0.000      0.000     -0.000
2.9000       -1147.5144   -1147.7289       0.2145  1659.3     -0.000     -0.000     -0.000      0.000     -0.000     -0.000
3.0000       -1147.5207   -1147.7338       0.2131  1648.3     -0.000     -0.000     -0.000      0.000     -0.000      0.000
3.1000       -1147.5215   -1147.7272       0.2058  1591.8     -0.000     -0.000     -0.000      0.000      0.000     -0.000
3.2000       -1147.5179   -1147.7308       0.2129  1647.4     -0.000     -0.000     -0.000     -0.000      0.000      0.000
3.3000       -1147.5133   -1147.7256       0.2123  1642.3     -0.000     -0.000     -0.000     -0.000      0.000      0.000
3.4000       -1147.5162   -1147.7316       0.2155  1666.8     -0.000     -0.000     -0.000      0.000     -0.000     -0.000
3.5000       -1147.5202   -1147.7275       0.2073  1603.7     -0.000     -0.000     -0.000      0.000     -0.000     -0.000
3.6000       -1147.5204   -1147.7255       0.2050  1586.1     -0.000     -0.000     -0.000      0.000      0.000     -0.000
3.7000       -1147.5187   -1147.7269       0.2082  1610.6     -0.000     -0.000     -0.000     -0.000     -0.000     -0.000
3.8000       -1147.5155   -1147.7265       0.2110  1632.4     -0.000     -0.000     -0.000      0.000     -0.000     -0.000
3.9000       -1147.5171   -1147.7262       0.2090  1617.2     -0.000     -0.000     -0.000      0.000      0.000      0.000
4.0000       -1147.5221   -1147.7282       0.2061  1594.3     -0.000     -0.000     -0.000      0.000      0.000     -0.000
4.1000       -1147.5200   -1147.7327       0.2127  1645.3     -0.000     -0.000     -0.000     -0.000      0.000     -0.000
4.2000       -1147.5129   -1147.7286       0.2157  1668.4     -0.000     -0.000     -0.000      0.000     -0.000      0.000
4.3000       -1147.5131   -1147.7307       0.2175  1683.0     -0.000     -0.000      0.000     -0.000      0.000     -0.000
4.4000       -1147.5224   -1147.7305       0.2081  1609.8     -0.000     -0.000     -0.000      0.000      0.000     -0.000
4.5000       -1147.5237   -1147.7326       0.2088  1615.5     -0.000     -0.000     -0.000      0.000     -0.000      0.000
4.6000       -1147.5098   -1147.7264       0.2166  1675.5     -0.000     -0.000     -0.000     -0.000     -0.000      0.000
4.7000       -1147.5134   -1147.7286       0.2152  1664.6     -0.000     -0.000     -0.000     -0.000      0.000      0.000
4.8000       -1147.5214   -1147.7315       0.2101  1625.3     -0.000     -0.000     -0.000      0.000     -0.000      0.000
4.9000       -1147.5218   -1147.7285       0.2067  1599.1     -0.000     -0.000     -0.000      0.000     -0.000     -0.000
5.0000       -1147.5203   -1147.7234       0.2031  1571.3     -0.000     -0.000      0.000      0.000     -0.000     -0.000
5.1000       -1147.5191   -1147.7307       0.2117  1637.6     -0.000     -0.000     -0.000     -0.000      0.000     -0.000
5.2000       -1147.5095   -1147.7273       0.2178  1685.0      0.000     -0.000     -0.000      0.000      0.000      0.000
5.3000       -1147.5103   -1147.7240       0.2137  1653.4     -0.000     -0.000     -0.000      0.000      0.000      0.000
5.4000       -1147.5224   -1147.7268       0.2044  1581.5     -0.000     -0.000      0.000      0.000      0.000     -0.000
5.5000       -1147.5235   -1147.7282       0.2047  1584.0     -0.000     -0.000     -0.000     -0.000      0.000     -0.000
5.6000       -1147.5160   -1147.7292       0.2131  1649.0     -0.000     -0.000     -0.000     -0.000      0.000      0.000
5.7000       -1147.5096   -1147.7277       0.2181  1687.1     -0.000     -0.000     -0.000      0.000      0.000      0.000
5.8000       -1147.5144   -1147.7276       0.2132  1649.2     -0.000     -0.000      0.000      0.000     -0.000     -0.000
5.9000       -1147.5206   -1147.7304       0.2098  1622.8     -0.000     -0.000     -0.000     -0.000      0.000     -0.000
6.0000       -1147.5219   -1147.7335       0.2115  1636.6     -0.000     -0.000     -0.000     -0.000      0.000     -0.000
6.1000       -1147.5142   -1147.7253       0.2111  1633.0      0.000     -0.000     -0.000     -0.000      0.000     -0.000
6.2000       -1147.5116   -1147.7257       0.2140  1655.7     -0.000     -0.000     -0.000      0.000      0.000     -0.000
6.3000       -1147.5204   -1147.7303       0.2099  1623.7     -0.000     -0.000     -0.000      0.000      0.000     -0.000
6.4000       -1147.5175   -1147.7281       0.2106  1629.3     -0.000     -0.000     -0.000      0.000     -0.000     -0.000
6.5000       -1147.5168   -1147.7290       0.2122  1641.5     -0.000     -0.000     -0.000      0.000      0.000     -0.000
6.6000       -1147.5156   -1147.7250       0.2095  1620.4     -0.000     -0.000     -0.000      0.000      0.000     -0.000
6.7000       -1147.5206   -1147.7309       0.2103  1626.7     -0.000     -0.000     -0.000      0.000      0.000     -0.000
6.8000       -1147.5182   -1147.7241       0.2059  1593.1     -0.000     -0.000     -0.000      0.000      0.000     -0.000
6.9000       -1147.5163   -1147.7262       0.2099  1623.5     -0.000     -0.000      0.000     -0.000     -0.000     -0.000
7.0000       -1147.5130   -1147.7273       0.2143  1657.9     -0.000     -0.000     -0.000     -0.000      0.000     -0.000
7.1000       -1147.5172   -1147.7278       0.2106  1629.4     -0.000     -0.000     -0.000      0.000      0.000      0.000
7.2000       -1147.5219   -1147.7289       0.2070  1601.4     -0.000     -0.000     -0.000     -0.000      0.000      0.000
7.3000       -1147.5179   -1147.7329       0.2149  1662.7     -0.000     -0.000     -0.000      0.000      0.000     -0.000
7.4000       -1147.5139   -1147.7296       0.2157  1668.9     -0.000     -0.000     -0.000     -0.000      0.000      0.000
7.5000       -1147.5156   -1147.7276       0.2120  1639.9     -0.000     -0.000     -0.000      0.000      0.000     -0.000
7.6000       -1147.5188   -1147.7315       0.2127  1645.6     -0.000     -0.000     -0.000      0.000      0.000     -0.000
7.7000       -1147.5225   -1147.7267       0.2041  1579.3     -0.000     -0.000     -0.000      0.000      0.000     -0.000
7.8000       -1147.5222   -1147.7309       0.2087  1614.4     -0.000     -0.000     -0.000      0.000      0.000     -0.000
7.9000       -1147.5133   -1147.7236       0.2103  1626.8     -0.000      0.000     -0.000     -0.000      0.000     -0.000
8.0000       -1147.5127   -1147.7274       0.2147  1661.2     -0.000     -0.000      0.000     -0.000      0.000     -0.000
8.1000       -1147.5167   -1147.7299       0.2132  1649.7     -0.000     -0.000     -0.000      0.000     -0.000     -0.000
8.2000       -1147.5203   -1147.7378       0.2175  1682.8     -0.000     -0.000     -0.000      0.000      0.000     -0.000
8.3000       -1147.5202   -1147.7292       0.2090  1616.5     -0.000     -0.000     -0.000      0.000      0.000      0.000
8.4000       -1147.5190   -1147.7279       0.2089  1616.1     -0.000     -0.000     -0.000     -0.000      0.000     -0.000
8.5000       -1147.5117   -1147.7261       0.2143  1658.3     -0.000     -0.000     -0.000      0.000     -0.000     -0.000
8.6000       -1147.5167   -1147.7260       0.2093  1618.9     -0.000     -0.000     -0.000     -0.000      0.000     -0.000
8.7000       -1147.5199   -1147.7337       0.2138  1654.2     -0.000     -0.000     -0.000     -0.000      0.000     -0.000
8.8000       -1147.5204   -1147.7260       0.2056  1590.2     -0.000     -0.000      0.000     -0.000     -0.000     -0.000
8.9000       -1147.5185   -1147.7303       0.2118  1638.4     -0.000     -0.000     -0.000      0.000     -0.000     -0.000
9.0000       -1147.5161   -1147.7326       0.2165  1674.7     -0.000     -0.000     -0.000      0.000      0.000     -0.000
9.1000       -1147.5119   -1147.7298       0.2179  1685.8     -0.000     -0.000     -0.000      0.000     -0.000     -0.000
9.2000       -1147.5122   -1147.7276       0.2154  1666.4     -0.000     -0.000     -0.000     -0.000     -0.000     -0.000
9.3000       -1147.5237   -1147.7307       0.2069  1600.8     -0.000     -0.000     -0.000      0.000      0.000     -0.000
9.4000       -1147.5218   -1147.7321       0.2103  1627.1     -0.000     -0.000     -0.000      0.000      0.000      0.000
9.5000       -1147.5143   -1147.7310       0.2167  1676.8     -0.000     -0.000     -0.000      0.000      0.000      0.000
9.6000       -1147.5155   -1147.7302       0.2146  1660.5     -0.000     -0.000     -0.000     -0.000     -0.000     -0.000
9.7000       -1147.5181   -1147.7303       0.2123  1642.3     -0.000     -0.000     -0.000     -0.000      0.000     -0.000
9.8000       -1147.5191   -1147.7318       0.2127  1645.5     -0.000     -0.000     -0.000     -0.000     -0.000      0.000
9.9000       -1147.5155   -1147.7295       0.2140  1655.5     -0.000     -0.000     -0.000      0.000      0.000     -0.000
10.0000      -1147.5189   -1147.7287       0.2098  1622.8     -0.000      0.000      0.000      0.000      0.000     -0.000
10.1000      -1147.5224   -1147.7278       0.2055  1589.5     -0.000     -0.000     -0.000     -0.000     -0.000     -0.000
10.2000      -1147.5185   -1147.7294       0.2109  1631.4     -0.000     -0.000     -0.000     -0.000      0.000     -0.000
10.3000      -1147.5184   -1147.7289       0.2105  1628.7      0.000     -0.000     -0.000      0.000      0.000      0.000
10.4000      -1147.5159   -1147.7285       0.2126  1644.6     -0.000     -0.000     -0.000     -0.000      0.000     -0.000
10.5000      -1147.5224   -1147.7306       0.2082  1611.0     -0.000     -0.000     -0.000      0.000      0.000      0.000
10.6000      -1147.5159   -1147.7248       0.2088  1615.6     -0.000     -0.000     -0.000      0.000      0.000     -0.000
10.7000      -1147.5159   -1147.7259       0.2101  1625.2     -0.000     -0.000     -0.000      0.000      0.000     -0.000
10.8000      -1147.5219   -1147.7268       0.2049  1584.9     -0.000     -0.000     -0.000      0.000      0.000     -0.000
10.9000      -1147.5192   -1147.7310       0.2118  1638.9     -0.000     -0.000     -0.000     -0.000      0.000     -0.000
11.0000      -1147.5126   -1147.7275       0.2149  1662.6     -0.000     -0.000     -0.000     -0.000      0.000      0.000
11.1000      -1147.5158   -1147.7279       0.2121  1640.7     -0.000     -0.000     -0.000     -0.000      0.000     -0.000
11.2000      -1147.5223   -1147.7288       0.2065  1597.6      0.000     -0.000     -0.000      0.000     -0.000     -0.000
11.3000      -1147.5205   -1147.7294       0.2089  1616.3     -0.000     -0.000     -0.000      0.000      0.000     -0.000
11.4000      -1147.5140   -1147.7296       0.2156  1667.8     -0.000     -0.000     -0.000      0.000      0.000     -0.000
11.5000      -1147.5122   -1147.7244       0.2123  1642.1     -0.000     -0.000     -0.000      0.000      0.000     -0.000
11.6000      -1147.5192   -1147.7284       0.2092  1618.6     -0.000      0.000     -0.000      0.000      0.000     -0.000
11.7000      -1147.5235   -1147.7291       0.2056  1590.9     -0.000     -0.000      0.000     -0.000      0.000      0.000
11.8000      -1147.5171   -1147.7291       0.2121  1640.5     -0.000     -0.000     -0.000      0.000      0.000     -0.000
11.9000      -1147.5130   -1147.7244       0.2113  1635.0     -0.000     -0.000     -0.000     -0.000      0.000     -0.000
12.0000      -1147.5141   -1147.7316       0.2175  1682.9     -0.000     -0.000     -0.000     -0.000     -0.000     -0.000
12.1000      -1147.5175   -1147.7302       0.2127  1645.5     -0.000     -0.000     -0.000      0.000     -0.000      0.000
12.2000      -1147.5166   -1147.7276       0.2109  1631.9     -0.000     -0.000     -0.000     -0.000      0.000     -0.000
12.3000      -1147.5152   -1147.7274       0.2122  1641.6     -0.000     -0.000     -0.000      0.000      0.000     -0.000
12.4000      -1147.5147   -1147.7243       0.2096  1621.5     -0.000     -0.000     -0.000     -0.000      0.000      0.000
12.5000      -1147.5173   -1147.7283       0.2109  1631.8     -0.000     -0.000     -0.000      0.000      0.000     -0.000
12.6000      -1147.5163   -1147.7271       0.2108  1630.9     -0.000     -0.000     -0.000      0.000      0.000     -0.000
12.7000      -1147.5203   -1147.7313       0.2110  1632.6     -0.000     -0.000      0.000      0.000      0.000     -0.000
12.8000      -1147.5132   -1147.7234       0.2102  1626.2     -0.000     -0.000     -0.000      0.000      0.000      0.000
12.9000      -1147.5142   -1147.7250       0.2108  1630.6     -0.000     -0.000     -0.000      0.000      0.000     -0.000
13.0000      -1147.5165   -1147.7265       0.2100  1624.6     -0.000     -0.000     -0.000      0.000     -0.000     -0.000
13.1000      -1147.5191   -1147.7257       0.2065  1597.9     -0.000     -0.000     -0.000     -0.000      0.000     -0.000
13.2000      -1147.5193   -1147.7262       0.2070  1601.2     -0.000     -0.000     -0.000      0.000      0.000     -0.000
13.3000      -1147.5188   -1147.7329       0.2141  1656.0     -0.000     -0.000     -0.000     -0.000     -0.000     -0.000
13.4000      -1147.5161   -1147.7251       0.2090  1617.0     -0.000     -0.000      0.000      0.000      0.000     -0.000
13.5000      -1147.5136   -1147.7303       0.2167  1676.2     -0.000     -0.000     -0.000      0.000      0.000     -0.000
13.6000      -1147.5166   -1147.7280       0.2114  1635.7     -0.000     -0.000     -0.000      0.000      0.000      0.000
13.7000      -1147.5180   -1147.7321       0.2141  1656.5     -0.000     -0.000     -0.000      0.000     -0.000      0.000
13.8000      -1147.5138   -1147.7302       0.2165  1674.7     -0.000     -0.000     -0.000     -0.000     -0.000      0.000
13.9000      -1147.5173   -1147.7300       0.2127  1645.4     -0.000     -0.000     -0.000      0.000     -0.000      0.000
14.0000      -1147.5187   -1147.7290       0.2102  1626.4     -0.000     -0.000     -0.000      0.000     -0.000     -0.000
14.1000      -1147.5183   -1147.7305       0.2122  1641.7     -0.000     -0.000     -0.000      0.000     -0.000     -0.000
14.2000      -1147.5134   -1147.7229       0.2096  1621.2     -0.000      0.000     -0.000      0.000     -0.000     -0.000
14.3000      -1147.5190   -1147.7316       0.2126  1644.8     -0.000     -0.000     -0.000     -0.000      0.000      0.000
14.4000      -1147.5213   -1147.7263       0.2049  1585.4     -0.000     -0.000     -0.000     -0.000      0.000     -0.000
14.5000      -1147.5209   -1147.7280       0.2071  1602.0     -0.000     -0.000     -0.000      0.000      0.000     -0.000
14.6000      -1147.5094   -1147.7260       0.2166  1675.6     -0.000     -0.000      0.000      0.000     -0.000     -0.000
14.7000      -1147.5120   -1147.7278       0.2158  1669.5     -0.000     -0.000     -0.000      0.000     -0.000      0.000
14.8000      -1147.5222   -1147.7306       0.2084  1611.9     -0.000     -0.000     -0.000      0.000      0.000     -0.000
14.9000      -1147.5223   -1147.7281       0.2058  1591.8     -0.000     -0.000     -0.000      0.000      0.000     -0.000
15.0000      -1147.5115   -1147.7292       0.2177  1684.0     -0.000     -0.000     -0.000      0.000      0.000     -0.000
15.1000      -1147.5099   -1147.7252       0.2153  1666.0      0.000     -0.000     -0.000      0.000      0.000     -0.000
15.2000      -1147.5214   -1147.7289       0.2076  1605.9     -0.000     -0.000     -0.000      0.000      0.000     -0.000
15.3000      -1147.5218   -1147.7289       0.2072  1602.6     -0.000     -0.000     -0.000      0.000      0.000     -0.000
15.4000      -1147.5118   -1147.7257       0.2139  1655.0     -0.000     -0.000     -0.000     -0.000      0.000      0.000
15.5000      -1147.5079   -1147.7233       0.2154  1666.7     -0.000     -0.000     -0.000      0.000      0.000     -0.000
15.6000      -1147.5203   -1147.7306       0.2102  1626.4     -0.000     -0.000     -0.000      0.000      0.000     -0.000
15.7000      -1147.5215   -1147.7241       0.2026  1567.4     -0.000     -0.000     -0.000      0.000     -0.000     -0.000
15.8000      -1147.5172   -1147.7301       0.2129  1647.1     -0.000     -0.000     -0.000      0.000     -0.000      0.000
15.9000      -1147.5065   -1147.7259       0.2195  1698.0      0.000     -0.000     -0.000      0.000      0.000     -0.000
16.0000      -1147.5153   -1147.7275       0.2122  1641.6      0.000     -0.000     -0.000      0.000      0.000     -0.000
16.1000      -1147.5255   -1147.7336       0.2081  1610.3     -0.000     -0.000     -0.000     -0.000      0.000     -0.000
16.2000      -1147.5239   -1147.7265       0.2025  1566.7     -0.000     -0.000     -0.000      0.000      0.000      0.000
16.3000      -1147.5130   -1147.7261       0.2132  1649.1     -0.000     -0.000     -0.000     -0.000     -0.000      0.000
16.4000      -1147.5079   -1147.7269       0.2190  1694.5     -0.000     -0.000     -0.000      0.000     -0.000     -0.000
16.5000      -1147.5187   -1147.7324       0.2136  1652.7     -0.000     -0.000     -0.000     -0.000      0.000     -0.000
16.6000      -1147.5252   -1147.7324       0.2072  1602.6     -0.000     -0.000     -0.000      0.000      0.000     -0.000
16.7000      -1147.5140   -1147.7246       0.2106  1629.0     -0.000     -0.000      0.000      0.000      0.000      0.000
16.8000      -1147.5108   -1147.7289       0.2181  1687.2     -0.000     -0.000     -0.000     -0.000      0.000     -0.000
16.9000      -1147.5144   -1147.7294       0.2150  1663.0     -0.000     -0.000     -0.000     -0.000     -0.000     -0.000
17.0000      -1147.5240   -1147.7283       0.2043  1580.3      0.000     -0.000     -0.000     -0.000      0.000     -0.000
17.1000      -1147.5172   -1147.7270       0.2098  1623.4      0.000     -0.000     -0.000      0.000     -0.000     -0.000
17.2000      -1147.5079   -1147.7276       0.2197  1699.8     -0.000     -0.000     -0.000     -0.000      0.000     -0.000
17.3000      -1147.5151   -1147.7274       0.2123  1642.5      0.000     -0.000     -0.000     -0.000     -0.000     -0.000
17.4000      -1147.5246   -1147.7273       0.2028  1568.6     -0.000     -0.000     -0.000      0.000     -0.000     -0.000
17.5000      -1147.5224   -1147.7280       0.2057  1591.1     -0.000     -0.000     -0.000     -0.000     -0.000     -0.000
17.6000      -1147.5107   -1147.7214       0.2107  1630.2     -0.000     -0.000     -0.000      0.000     -0.000     -0.000
17.7000      -1147.5127   -1147.7228       0.2101  1625.7     -0.000     -0.000     -0.000      0.000      0.000     -0.000
17.8000      -1147.5213   -1147.7305       0.2092  1618.3     -0.000     -0.000     -0.000      0.000     -0.000     -0.000
17.9000      -1147.5273   -1147.7329       0.2056  1590.7     -0.000     -0.000     -0.000      0.000     -0.000     -0.000
18.0000      -1147.5164   -1147.7277       0.2112  1634.3     -0.000     -0.000     -0.000     -0.000      0.000     -0.000
18.1000      -1147.5105   -1147.7241       0.2136  1652.6     -0.000     -0.000     -0.000      0.000     -0.000     -0.000
18.2000      -1147.5155   -1147.7286       0.2131  1649.0     -0.000     -0.000     -0.000     -0.000     -0.000     -0.000
18.3000      -1147.5212   -1147.7319       0.2107  1630.1     -0.000     -0.000     -0.000     -0.000      0.000     -0.000
18.4000      -1147.5169   -1147.7269       0.2101  1625.1      0.000     -0.000     -0.000      0.000      0.000      0.000
18.5000      -1147.5093   -1147.7256       0.2163  1673.1      0.000     -0.000     -0.000     -0.000     -0.000     -0.000
18.6000      -1147.5109   -1147.7240       0.2131  1648.9     -0.000     -0.000     -0.000     -0.000     -0.000      0.000
18.7000      -1147.5230   -1147.7269       0.2039  1577.5     -0.000     -0.000      0.000     -0.000      0.000     -0.000
18.8000      -1147.5254   -1147.7314       0.2059  1593.0     -0.000     -0.000     -0.000      0.000      0.000      0.000
18.9000      -1147.5116   -1147.7258       0.2141  1656.4     -0.000     -0.000      0.000      0.000      0.000     -0.000
19.0000      -1147.5093   -1147.7294       0.2201  1702.7      0.000     -0.000     -0.000      0.000     -0.000      0.000
19.1000      -1147.5197   -1147.7299       0.2103  1626.7     -0.000     -0.000     -0.000      0.000     -0.000     -0.000
19.2000      -1147.5190   -1147.7276       0.2086  1613.8     -0.000     -0.000     -0.000      0.000      0.000     -0.000
19.3000      -1147.5115   -1147.7293       0.2178  1685.1     -0.000     -0.000     -0.000      0.000      0.000      0.000
19.4000      -1147.5104   -1147.7229       0.2125  1644.1     -0.000     -0.000     -0.000      0.000      0.000     -0.000
19.5000      -1147.5175   -1147.7265       0.2090  1617.2     -0.000     -0.000     -0.000      0.000      0.000     -0.000
19.6000      -1147.5189   -1147.7281       0.2092  1618.1     -0.000     -0.000     -0.000     -0.000      0.000     -0.000
19.7000      -1147.5175   -1147.7288       0.2113  1634.4     -0.000      0.000      0.000      0.000      0.000     -0.000
19.8000      -1147.5176   -1147.7242       0.2066  1598.1     -0.000     -0.000      0.000     -0.000      0.000     -0.000
19.9000      -1147.5143   -1147.7259       0.2116  1637.0     -0.000     -0.000     -0.000      0.000      0.000     -0.000
20.0000      -1147.5185   -1147.7337       0.2152  1665.1     -0.000     -0.000     -0.000     -0.000      0.000     -0.000
20.1000      -1147.5116   -1147.7271       0.2155  1667.1      0.000     -0.000     -0.000     -0.000      0.000      0.000
20.2000      -1147.5178   -1147.7285       0.2107  1630.0     -0.000     -0.000     -0.000      0.000      0.000     -0.000
20.3000      -1147.5170   -1147.7302       0.2132  1649.4     -0.000      0.000     -0.000      0.000      0.000      0.000
20.4000      -1147.5132   -1147.7234       0.2101  1625.8     -0.000     -0.000     -0.000     -0.000      0.000     -0.000
20.5000      -1147.5148   -1147.7285       0.2137  1653.3     -0.000     -0.000     -0.000     -0.000     -0.000     -0.000
20.6000      -1147.5163   -1147.7287       0.2124  1643.3     -0.000     -0.000     -0.000     -0.000     -0.000     -0.000
20.7000      -1147.5179   -1147.7313       0.2134  1651.0     -0.000     -0.000     -0.000      0.000     -0.000     -0.000
20.8000      -1147.5167   -1147.7337       0.2170  1678.9     -0.000     -0.000     -0.000      0.000      0.000      0.000
20.9000      -1147.5137   -1147.7343       0.2206  1706.6      0.000     -0.000     -0.000      0.000      0.000     -0.000
21.0000      -1147.5142   -1147.7281       0.2138  1654.2     -0.000     -0.000     -0.000      0.000      0.000      0.000
21.1000      -1147.5156   -1147.7290       0.2133  1650.5      0.000     -0.000     -0.000      0.000      0.000     -0.000
21.2000      -1147.5171   -1147.7308       0.2137  1653.4     -0.000     -0.000     -0.000     -0.000      0.000     -0.000
21.3000      -1147.5162   -1147.7266       0.2104  1627.5     -0.000     -0.000     -0.000      0.000     -0.000     -0.000
21.4000      -1147.5166   -1147.7294       0.2128  1646.4     -0.000     -0.000      0.000      0.000     -0.000      0.000
21.5000      -1147.5165   -1147.7256       0.2091  1617.4      0.000      0.000      0.000     -0.000     -0.000     -0.000
21.6000      -1147.5159   -1147.7305       0.2146  1660.2     -0.000     -0.000     -0.000      0.000     -0.000      0.000
21.7000      -1147.5146   -1147.7274       0.2128  1646.6      0.000     -0.000     -0.000      0.000      0.000     -0.000
21.8000      -1147.5217   -1147.7292       0.2075  1605.2     -0.000     -0.000     -0.000     -0.000      0.000     -0.000
21.9000      -1147.5237   -1147.7296       0.2059  1593.1     -0.000     -0.000     -0.000     -0.000      0.000     -0.000
22.0000      -1147.5097   -1147.7214       0.2118  1638.2     -0.000     -0.000     -0.000     -0.000      0.000     -0.000
22.1000      -1147.5071   -1147.7243       0.2172  1680.4     -0.000     -0.000     -0.000      0.000      0.000     -0.000
22.2000      -1147.5108   -1147.7253       0.2145  1659.6     -0.000     -0.000     -0.000      0.000      0.000     -0.000
22.3000      -1147.5219   -1147.7304       0.2085  1612.7     -0.000     -0.000     -0.000     -0.000      0.000     -0.000
22.4000      -1147.5145   -1147.7262       0.2117  1637.8     -0.000     -0.000     -0.000      0.000      0.000      0.000
22.5000      -1147.5114   -1147.7274       0.2160  1671.0     -0.000     -0.000     -0.000      0.000      0.000     -0.000
22.6000      -1147.5164   -1147.7273       0.2109  1631.5     -0.000     -0.000     -0.000     -0.000     -0.000      0.000
22.7000      -1147.5181   -1147.7257       0.2076  1606.4     -0.000     -0.000     -0.000     -0.000     -0.000     -0.000
22.8000      -1147.5147   -1147.7242       0.2095  1620.7     -0.000     -0.000      0.000     -0.000      0.000     -0.000
22.9000      -1147.5125   -1147.7249       0.2124  1642.9     -0.000     -0.000     -0.000     -0.000      0.000     -0.000
23.0000      -1147.5088   -1147.7207       0.2119  1639.0     -0.000     -0.000     -0.000     -0.000     -0.000     -0.000
23.1000      -1147.5146   -1147.7289       0.2143  1658.1     -0.000     -0.000     -0.000     -0.000      0.000     -0.000
23.2000      -1147.5200   -1147.7292       0.2092  1618.5     -0.000     -0.000     -0.000     -0.000      0.000     -0.000
23.3000      -1147.5174   -1147.7279       0.2105  1628.7     -0.000     -0.000     -0.000     -0.000      0.000      0.000
23.4000      -1147.5115   -1147.7270       0.2155  1667.3     -0.000     -0.000     -0.000      0.000      0.000      0.000
23.5000      -1147.5147   -1147.7302       0.2155  1667.2     -0.000     -0.000     -0.000      0.000      0.000     -0.000
23.6000      -1147.5174   -1147.7281       0.2107  1629.8     -0.000     -0.000     -0.000      0.000      0.000      0.000
23.7000      -1147.5186   -1147.7279       0.2093  1619.3     -0.000     -0.000     -0.000      0.000     -0.000      0.000
23.8000      -1147.5089   -1147.7251       0.2162  1672.6     -0.000      0.000      0.000      0.000     -0.000     -0.000
23.9000      -1147.5104   -1147.7281       0.2177  1684.5     -0.000     -0.000     -0.000     -0.000      0.000     -0.000
24.0000      -1147.5209   -1147.7284       0.2076  1606.1     -0.000     -0.000     -0.000      0.000      0.000     -0.000
24.1000      -1147.5195   -1147.7293       0.2098  1623.2     -0.000     -0.000     -0.000      0.000     -0.000     -0.000
24.2000      -1147.5094   -1147.7212       0.2119  1639.1     -0.000     -0.000     -0.000      0.000     -0.000      0.000
24.3000      -1147.5086   -1147.7260       0.2174  1681.6     -0.000     -0.000     -0.000     -0.000     -0.000      0.000
24.4000      -1147.5201   -1147.7303       0.2103  1626.6     -0.000      0.000     -0.000     -0.000      0.000      0.000
24.5000      -1147.5214   -1147.7288       0.2074  1604.3     -0.000     -0.000     -0.000      0.000     -0.000     -0.000
24.6000      -1147.5099   -1147.7253       0.2154  1666.4      0.000     -0.000     -0.000     -0.000      0.000     -0.000
24.7000      -1147.5099   -1147.7217       0.2118  1638.6     -0.000     -0.000     -0.000     -0.000      0.000      0.000
24.8000      -1147.5210   -1147.7271       0.2060  1594.0      0.000     -0.000     -0.000      0.000      0.000     -0.000
24.9000      -1147.5187   -1147.7348       0.2161  1672.1     -0.000     -0.000     -0.000      0.000     -0.000     -0.000
25.0000      -1147.5126   -1147.7258       0.2132  1649.1     -0.000     -0.000     -0.000     -0.000     -0.000     -0.000
25.1000      -1147.5135   -1147.7275       0.2140  1655.7     -0.000     -0.000     -0.000      0.000      0.000     -0.000
25.2000      -1147.5109   -1147.7246       0.2136  1652.7     -0.000      0.000      0.000      0.000      0.000     -0.000
25.3000      -1147.5187   -1147.7234       0.2046  1583.1     -0.000     -0.000     -0.000      0.000      0.000     -0.000
25.4000      -1147.5240   -1147.7295       0.2056  1590.3     -0.000     -0.000     -0.000     -0.000      0.000      0.000
25.5000      -1147.5106   -1147.7193       0.2087  1614.4     -0.000     -0.000      0.000     -0.000      0.000      0.000
25.6000      -1147.5084   -1147.7273       0.2188  1693.1     -0.000     -0.000     -0.000      0.000      0.000     -0.000
25.7000      -1147.5132   -1147.7292       0.2160  1671.3     -0.000      0.000     -0.000      0.000      0.000      0.000
25.8000      -1147.5236   -1147.7294       0.2057  1591.7     -0.000     -0.000     -0.000     -0.000      0.000     -0.000
25.9000      -1147.5228   -1147.7324       0.2096  1621.5     -0.000     -0.000     -0.000     -0.000     -0.000     -0.000
26.0000      -1147.5083   -1147.7238       0.2155  1667.1     -0.000     -0.000      0.000      0.000      0.000      0.000
26.1000      -1147.5065   -1147.7230       0.2165  1674.6     -0.000     -0.000     -0.000      0.000     -0.000     -0.000
26.2000      -1147.5200   -1147.7267       0.2067  1599.1     -0.000     -0.000     -0.000      0.000      0.000     -0.000
26.3000      -1147.5301   -1147.7337       0.2036  1574.9     -0.000     -0.000     -0.000     -0.000     -0.000      0.000
26.4000      -1147.5174   -1147.7233       0.2059  1592.6     -0.000     -0.000     -0.000      0.000     -0.000      0.000
26.5000      -1147.5010   -1147.7214       0.2204  1705.1     -0.000     -0.000     -0.000     -0.000     -0.000      0.000
26.6000      -1147.5114   -1147.7282       0.2169  1677.7     -0.000     -0.000     -0.000     -0.000      0.000     -0.000
26.7000      -1147.5300   -1147.7304       0.2004  1550.6     -0.000     -0.000     -0.000      0.000      0.000      0.000
26.8000      -1147.5239   -1147.7263       0.2024  1565.8     -0.000      0.000     -0.000      0.000     -0.000     -0.000
26.9000      -1147.5072   -1147.7199       0.2127  1645.5     -0.000     -0.000     -0.000      0.000      0.000      0.000
27.0000      -1147.5068   -1147.7256       0.2189  1693.2     -0.000     -0.000      0.000      0.000      0.000     -0.000
27.1000      -1147.5184   -1147.7287       0.2102  1626.6     -0.000     -0.000     -0.000     -0.000     -0.000      0.000
27.2000      -1147.5276   -1147.7270       0.1993  1542.1     -0.000     -0.000     -0.000      0.000     -0.000      0.000
27.3000      -1147.5139   -1147.7280       0.2141  1656.5      0.000     -0.000     -0.000      0.000      0.000     -0.000
27.4000      -1147.5014   -1147.7264       0.2250  1740.7     -0.000     -0.000     -0.000     -0.000     -0.000      0.000
27.5000      -1147.5088   -1147.7272       0.2185  1690.3      0.000     -0.000     -0.000     -0.000      0.000     -0.000
27.6000      -1147.5227   -1147.7271       0.2044  1581.3     -0.000     -0.000     -0.000     -0.000     -0.000     -0.000
27.7000      -1147.5268   -1147.7274       0.2005  1551.5     -0.000     -0.000     -0.000      0.000     -0.000     -0.000
27.8000      -1147.5060   -1147.7223       0.2163  1673.3     -0.000     -0.000     -0.000      0.000     -0.000     -0.000
27.9000      -1147.5016   -1147.7193       0.2176  1683.8     -0.000     -0.000     -0.000      0.000     -0.000     -0.000
28.0000      -1147.5210   -1147.7285       0.2074  1604.8     -0.000     -0.000     -0.000      0.000      0.000     -0.000
28.1000      -1147.5269   -1147.7228       0.1958  1515.1     -0.000     -0.000      0.000     -0.000      0.000     -0.000
28.2000      -1147.5162   -1147.7247       0.2085  1613.1     -0.000     -0.000     -0.000      0.000      0.000     -0.000
28.3000      -1147.5020   -1147.7197       0.2177  1684.5     -0.000     -0.000     -0.000      0.000     -0.000      0.000
28.4000      -1147.5100   -1147.7263       0.2164  1673.8     -0.000      0.000     -0.000     -0.000     -0.000     -0.000
28.5000      -1147.5157   -1147.7247       0.2090  1616.6     -0.000      0.000     -0.000      0.000      0.000      0.000
28.6000      -1147.5185   -1147.7287       0.2102  1626.2     -0.000     -0.000     -0.000      0.000      0.000     -0.000
28.7000      -1147.5066   -1147.7203       0.2137  1652.9     -0.000     -0.000     -0.000      0.000     -0.000     -0.000
28.8000      -1147.5073   -1147.7232       0.2159  1670.4     -0.000     -0.000     -0.000      0.000      0.000     -0.000
28.9000      -1147.5218   -1147.7278       0.2061  1594.3     -0.000     -0.000     -0.000      0.000     -0.000     -0.000
29.0000      -1147.5212   -1147.7274       0.2062  1595.6     -0.000     -0.000     -0.000     -0.000      0.000     -0.000
29.1000      -1147.5081   -1147.7232       0.2151  1664.3     -0.000     -0.000     -0.000      0.000      0.000     -0.000
29.2000      -1147.5091   -1147.7270       0.2179  1685.7     -0.000     -0.000     -0.000      0.000      0.000     -0.000
29.3000      -1147.5204   -1147.7289       0.2085  1613.1     -0.000     -0.000     -0.000     -0.000      0.000     -0.000
29.4000      -1147.5165   -1147.7272       0.2107  1630.1     -0.000     -0.000     -0.000     -0.000      0.000     -0.000
29.5000      -1147.5129   -1147.7262       0.2134  1650.7     -0.000     -0.000     -0.000      0.000      0.000     -0.000
29.6000      -1147.5084   -1147.7247       0.2163  1673.4     -0.000     -0.000     -0.000      0.000      0.000      0.000
29.7000      -1147.5157   -1147.7255       0.2098  1623.4     -0.000     -0.000     -0.000      0.000     -0.000     -0.000
29.8000      -1147.5213   -1147.7333       0.2120  1639.8     -0.000     -0.000     -0.000      0.000      0.000      0.000
29.9000      -1147.5147   -1147.7266       0.2119  1639.2     -0.000     -0.000     -0.000      0.000      0.000     -0.000
30.0000      -1147.5032   -1147.7258       0.2225  1721.7     -0.000     -0.000     -0.000      0.000     -0.000     -0.000
30.1000      -1147.5095   -1147.7271       0.2176  1683.2     -0.000     -0.000     -0.000     -0.000      0.000     -0.000
30.2000      -1147.5247   -1147.7248       0.2001  1547.8     -0.000     -0.000     -0.000      0.000      0.000     -0.000
30.3000      -1147.5184   -1147.7257       0.2073  1603.9      0.000     -0.000     -0.000      0.000      0.000      0.000
30.4000      -1147.5045   -1147.7231       0.2186  1691.0      0.000     -0.000      0.000      0.000     -0.000     -0.000
30.5000      -1147.5082   -1147.7245       0.2162  1672.9     -0.000     -0.000     -0.000      0.000      0.000      0.000
30.6000      -1147.5203   -1147.7268       0.2065  1597.2     -0.000     -0.000      0.000      0.000     -0.000     -0.000
30.7000      -1147.5229   -1147.7257       0.2029  1569.6     -0.000     -0.000      0.000     -0.000     -0.000     -0.000
30.8000      -1147.5098   -1147.7259       0.2161  1672.1     -0.000     -0.000     -0.000      0.000      0.000      0.000
30.9000      -1147.5016   -1147.7231       0.2215  1713.4     -0.000     -0.000     -0.000      0.000      0.000     -0.000
31.0000      -1147.5105   -1147.7304       0.2199  1701.2     -0.000     -0.000     -0.000      0.000      0.000     -0.000
31.1000      -1147.5211   -1147.7291       0.2080  1608.9     -0.000     -0.000     -0.000      0.000      0.000     -0.000
31.2000      -1147.5216   -1147.7291       0.2075  1605.0     -0.000     -0.000     -0.000      0.000      0.000     -0.000
31.3000      -1147.5094   -1147.7207       0.2112  1634.1     -0.000     -0.000     -0.000      0.000      0.000     -0.000
31.4000      -1147.5037   -1147.7231       0.2194  1697.5     -0.000     -0.000     -0.000      0.000      0.000     -0.000
31.5000      -1147.5103   -1147.7248       0.2145  1659.2     -0.000     -0.000     -0.000     -0.000      0.000     -0.000
31.6000      -1147.5197   -1147.7252       0.2054  1589.3     -0.000     -0.000     -0.000     -0.000      0.000     -0.000
31.7000      -1147.5160   -1147.7252       0.2091  1617.9     -0.000     -0.000     -0.000      0.000      0.000     -0.000
31.8000      -1147.5058   -1147.7233       0.2175  1682.7     -0.000     -0.000     -0.000      0.000      0.000     -0.000
31.9000      -1147.5105   -1147.7223       0.2118  1638.3     -0.000     -0.000     -0.000      0.000      0.000      0.000
32.0000      -1147.5172   -1147.7242       0.2070  1601.4     -0.000     -0.000     -0.000      0.000     -0.000     -0.000
32.1000      -1147.5178   -1147.7277       0.2099  1623.9     -0.000     -0.000     -0.000      0.000     -0.000     -0.000
32.2000      -1147.5133   -1147.7216       0.2083  1611.5     -0.000     -0.000     -0.000      0.000      0.000     -0.000
32.3000      -1147.5059   -1147.7273       0.2214  1712.6     -0.000     -0.000     -0.000      0.000      0.000      0.000
32.4000      -1147.5119   -1147.7261       0.2142  1657.4     -0.000     -0.000     -0.000     -0.000     -0.000     -0.000
32.5000      -1147.5197   -1147.7253       0.2056  1590.9     -0.000     -0.000     -0.000     -0.000      0.000      0.000
32.6000      -1147.5107   -1147.7226       0.2119  1639.2      0.000      0.000     -0.000      0.000     -0.000     -0.000
32.7000      -1147.5051   -1147.7212       0.2162  1672.3     -0.000     -0.000     -0.000      0.000     -0.000     -0.000
32.8000      -1147.5138   -1147.7287       0.2149  1662.5     -0.000     -0.000     -0.000      0.000      0.000     -0.000
32.9000      -1147.5225   -1147.7279       0.2054  1589.1     -0.000     -0.000      0.000      0.000      0.000     -0.000
33.0000      -1147.5133   -1147.7214       0.2080  1609.4     -0.000     -0.000     -0.000     -0.000     -0.000      0.000
33.1000      -1147.5057   -1147.7282       0.2225  1721.7     -0.000     -0.000      0.000      0.000     -0.000     -0.000
33.2000      -1147.5070   -1147.7262       0.2192  1695.9     -0.000     -0.000     -0.000      0.000      0.000      0.000
33.3000      -1147.5193   -1147.7235       0.2041  1579.2     -0.000     -0.000     -0.000      0.000      0.000     -0.000
33.4000      -1147.5207   -1147.7309       0.2103  1626.6     -0.000     -0.000     -0.000     -0.000      0.000     -0.000
33.5000      -1147.5111   -1147.7234       0.2122  1641.8     -0.000     -0.000     -0.000     -0.000     -0.000     -0.000
33.6000      -1147.5084   -1147.7229       0.2145  1659.3     -0.000     -0.000     -0.000      0.000      0.000      0.000
33.7000      -1147.5119   -1147.7246       0.2127  1645.8     -0.000     -0.000     -0.000      0.000      0.000     -0.000
33.8000      -1147.5162   -1147.7247       0.2085  1613.3     -0.000     -0.000     -0.000     -0.000     -0.000     -0.000
33.9000      -1147.5170   -1147.7256       0.2087  1614.4     -0.000      0.000      0.000     -0.000      0.000     -0.000
34.0000      -1147.5106   -1147.7253       0.2147  1661.3     -0.000     -0.000     -0.000     -0.000      0.000     -0.000
34.1000      -1147.5162   -1147.7250       0.2088  1615.5     -0.000     -0.000     -0.000      0.000     -0.000     -0.000
34.2000      -1147.5133   -1147.7278       0.2144  1659.0     -0.000     -0.000     -0.000      0.000      0.000     -0.000
34.3000      -1147.5091   -1147.7265       0.2174  1681.6     -0.000     -0.000     -0.000      0.000      0.000     -0.000
34.4000      -1147.5095   -1147.7265       0.2170  1678.6     -0.000     -0.000     -0.000      0.000      0.000     -0.000
34.5000      -1147.5124   -1147.7228       0.2104  1627.4     -0.000     -0.000     -0.000      0.000      0.000     -0.000
34.6000      -1147.5122   -1147.7240       0.2117  1637.9     -0.000     -0.000     -0.000      0.000     -0.000     -0.000
34.7000      -1147.5189   -1147.7235       0.2047  1583.3      0.000     -0.000      0.000     -0.000      0.000     -0.000
34.8000      -1147.5180   -1147.7237       0.2057  1591.6     -0.000     -0.000     -0.000     -0.000      0.000     -0.000
34.9000      -1147.5118   -1147.7282       0.2164  1674.3     -0.000     -0.000     -0.000      0.000      0.000      0.000
35.0000      -1147.5095   -1147.7227       0.2132  1649.6     -0.000     -0.000     -0.000     -0.000      0.000     -0.000
35.1000      -1147.5188   -1147.7296       0.2109  1631.2     -0.000     -0.000     -0.000      0.000      0.000     -0.000
35.2000      -1147.5155   -1147.7241       0.2086  1613.5     -0.000     -0.000     -0.000      0.000      0.000     -0.000
35.3000      -1147.5077   -1147.7251       0.2174  1682.2     -0.000     -0.000     -0.000      0.000     -0.000     -0.000
35.4000      -1147.5105   -1147.7235       0.2130  1648.2     -0.000     -0.000     -0.000      0.000      0.000     -0.000
35.5000      -1147.5166   -1147.7272       0.2106  1629.1     -0.000     -0.000     -0.000     -0.000      0.000     -0.000
35.6000      -1147.5182   -1147.7238       0.2056  1590.7     -0.000      0.000     -0.000      0.000      0.000     -0.000
35.7000      -1147.5091   -1147.7218       0.2128  1646.0     -0.000     -0.000     -0.000      0.000     -0.000     -0.000
35.8000      -1147.5095   -1147.7259       0.2164  1674.0     -0.000      0.000      0.000      0.000      0.000     -0.000
35.9000      -1147.5113   -1147.7236       0.2123  1642.1     -0.000     -0.000     -0.000      0.000     -0.000     -0.000
36.0000      -1147.5175   -1147.7280       0.2105  1628.5     -0.000     -0.000      0.000      0.000      0.000     -0.000
36.1000      -1147.5128   -1147.7257       0.2129  1647.3     -0.000     -0.000     -0.000      0.000     -0.000     -0.000
36.2000      -1147.5091   -1147.7250       0.2159  1670.0     -0.000     -0.000     -0.000      0.000      0.000     -0.000
36.3000      -1147.5112   -1147.7240       0.2129  1646.9      0.000     -0.000     -0.000     -0.000      0.000     -0.000
36.4000      -1147.5156   -1147.7259       0.2102  1626.6     -0.000     -0.000     -0.000      0.000     -0.000     -0.000
36.5000      -1147.5098   -1147.7235       0.2136  1652.8     -0.000     -0.000     -0.000     -0.000      0.000      0.000
36.6000      -1147.5073   -1147.7201       0.2128  1646.0     -0.000     -0.000     -0.000     -0.000     -0.000      0.000
36.7000      -1147.5180   -1147.7222       0.2042  1579.8     -0.000     -0.000      0.000     -0.000      0.000      0.000
36.8000      -1147.5177   -1147.7288       0.2111  1633.0      0.000     -0.000      0.000     -0.000     -0.000      0.000
36.9000      -1147.5042   -1147.7228       0.2186  1691.5     -0.000     -0.000     -0.000      0.000     -0.000     -0.000
37.0000      -1147.5037   -1147.7177       0.2140  1655.3     -0.000     -0.000     -0.000      0.000      0.000      0.000
37.1000      -1147.5136   -1147.7258       0.2122  1642.0     -0.000     -0.000     -0.000      0.000      0.000      0.000
37.2000      -1147.5179   -1147.7244       0.2065  1597.3     -0.000     -0.000     -0.000      0.000     -0.000     -0.000
37.3000      -1147.5172   -1147.7228       0.2056  1590.3     -0.000     -0.000     -0.000      0.000     -0.000     -0.000
37.4000      -1147.5085   -1147.7218       0.2133  1650.0     -0.000      0.000     -0.000     -0.000     -0.000      0.000
37.5000      -1147.5126   -1147.7218       0.2092  1618.7     -0.000     -0.000     -0.000      0.000      0.000      0.000
37.6000      -1147.5147   -1147.7217       0.2070  1601.4     -0.000     -0.000     -0.000     -0.000      0.000     -0.000
37.7000      -1147.5097   -1147.7210       0.2113  1635.0     -0.000      0.000     -0.000     -0.000     -0.000     -0.000
37.8000      -1147.5044   -1147.7204       0.2160  1671.2     -0.000     -0.000     -0.000      0.000     -0.000     -0.000
37.9000      -1147.5092   -1147.7249       0.2157  1668.4      0.000     -0.000     -0.000     -0.000      0.000      0.000
38.0000      -1147.5164   -1147.7264       0.2100  1624.6     -0.000     -0.000     -0.000      0.000     -0.000     -0.000
38.1000      -1147.5120   -1147.7232       0.2112  1634.0     -0.000     -0.000     -0.000     -0.000     -0.000     -0.000
38.2000      -1147.5058   -1147.7208       0.2150  1663.4     -0.000     -0.000     -0.000     -0.000      0.000     -0.000
38.3000      -1147.5103   -1147.7241       0.2138  1653.8     -0.000     -0.000     -0.000     -0.000      0.000     -0.000
38.4000      -1147.5193   -1147.7256       0.2063  1595.6     -0.000     -0.000     -0.000      0.000      0.000      0.000
38.5000      -1147.5139   -1147.7210       0.2070  1601.5     -0.000     -0.000     -0.000     -0.000      0.000      0.000
38.6000      -1147.5053   -1147.7197       0.2144  1658.6      0.000     -0.000     -0.000     -0.000     -0.000     -0.000
38.7000      -1147.5058   -1147.7205       0.2147  1660.6     -0.000     -0.000     -0.000      0.000      0.000     -0.000
38.8000      -1147.5103   -1147.7225       0.2122  1641.7     -0.000     -0.000     -0.000      0.000     -0.000     -0.000
38.9000      -1147.5163   -1147.7208       0.2045  1582.0     -0.000     -0.000      0.000      0.000     -0.000     -0.000
39.0000      -1147.5141   -1147.7224       0.2083  1611.1     -0.000     -0.000     -0.000      0.000      0.000     -0.000
39.1000      -1147.5073   -1147.7245       0.2172  1680.7     -0.000     -0.000     -0.000     -0.000      0.000     -0.000
39.2000      -1147.5087   -1147.7234       0.2147  1661.0     -0.000      0.000     -0.000     -0.000      0.000     -0.000
39.3000      -1147.5125   -1147.7227       0.2102  1626.1     -0.000     -0.000     -0.000     -0.000      0.000     -0.000
39.4000      -1147.5093   -1147.7189       0.2095  1621.1     -0.000     -0.000     -0.000      0.000      0.000      0.000
39.5000      -1147.5124   -1147.7246       0.2122  1641.5     -0.000     -0.000      0.000     -0.000      0.000     -0.000
39.6000      -1147.5090   -1147.7209       0.2118  1638.6     -0.000     -0.000     -0.000      0.000     -0.000     -0.000
39.7000      -1147.5165   -1147.7268       0.2103  1627.0      0.000     -0.000     -0.000      0.000     -0.000     -0.000
39.8000      -1147.5108   -1147.7244       0.2136  1652.4     -0.000     -0.000     -0.000      0.000      0.000     -0.000
39.9000      -1147.5060   -1147.7227       0.2167  1676.5      0.000     -0.000      0.000      0.000      0.000      0.000
40.0000      -1147.5073   -1147.7221       0.2148  1661.7     -0.000     -0.000     -0.000     -0.000      0.000     -0.000
40.1000      -1147.5121   -1147.7276       0.2155  1666.9     -0.000     -0.000     -0.000      0.000      0.000     -0.000
40.2000      -1147.5165   -1147.7284       0.2120  1639.8     -0.000     -0.000     -0.000      0.000     -0.000     -0.000
40.3000      -1147.5060   -1147.7246       0.2186  1691.1     -0.000     -0.000     -0.000      0.000      0.000     -0.000
40.4000      -1147.5049   -1147.7163       0.2114  1635.4      0.000     -0.000     -0.000     -0.000      0.000      0.000
40.5000      -1147.5196   -1147.7239       0.2044  1581.0      0.000     -0.000     -0.000     -0.000      0.000     -0.000
40.6000      -1147.5174   -1147.7286       0.2113  1634.4     -0.000     -0.000     -0.000      0.000      0.000      0.000
40.7000      -1147.5069   -1147.7220       0.2151  1664.4      0.000      0.000      0.000      0.000     -0.000     -0.000
40.8000      -1147.5030   -1147.7228       0.2198  1700.7     -0.000     -0.000      0.000      0.000     -0.000     -0.000
40.9000      -1147.5110   -1147.7250       0.2140  1655.6     -0.000     -0.000     -0.000     -0.000     -0.000     -0.000
41.0000      -1147.5183   -1147.7242       0.2059  1592.6     -0.000     -0.000     -0.000      0.000     -0.000     -0.000
41.1000      -1147.5175   -1147.7247       0.2072  1602.8      0.000     -0.000     -0.000     -0.000     -0.000      0.000
41.2000      -1147.5081   -1147.7241       0.2160  1671.3     -0.000     -0.000     -0.000     -0.000      0.000     -0.000
41.3000      -1147.5022   -1147.7235       0.2213  1711.8     -0.000     -0.000     -0.000      0.000     -0.000     -0.000
41.4000      -1147.5103   -1147.7225       0.2121  1641.2      0.000     -0.000     -0.000      0.000      0.000     -0.000
41.5000      -1147.5237   -1147.7288       0.2051  1586.5      0.000     -0.000      0.000      0.000     -0.000     -0.000
41.6000      -1147.5191   -1147.7236       0.2045  1582.4     -0.000     -0.000     -0.000      0.000     -0.000      0.000
41.7000      -1147.5088   -1147.7231       0.2143  1658.0     -0.000     -0.000     -0.000      0.000      0.000      0.000
41.8000      -1147.5076   -1147.7174       0.2098  1623.3     -0.000     -0.000     -0.000      0.000     -0.000      0.000
41.9000      -1147.5151   -1147.7222       0.2070  1601.7     -0.000     -0.000     -0.000     -0.000      0.000      0.000
42.0000      -1147.5197   -1147.7236       0.2040  1577.9     -0.000     -0.000     -0.000      0.000      0.000     -0.000
42.1000      -1147.5082   -1147.7190       0.2108  1630.5     -0.000     -0.000     -0.000     -0.000      0.000     -0.000
42.2000      -1147.5038   -1147.7184       0.2145  1659.8     -0.000     -0.000     -0.000      0.000      0.000     -0.000
42.3000      -1147.5140   -1147.7265       0.2125  1643.8     -0.000     -0.000     -0.000      0.000      0.000      0.000
42.4000      -1147.5223   -1147.7268       0.2045  1582.2     -0.000     -0.000     -0.000      0.000      0.000     -0.000
42.5000      -1147.5114   -1147.7212       0.2098  1623.2      0.000     -0.000     -0.000      0.000      0.000     -0.000
42.6000      -1147.5060   -1147.7203       0.2143  1657.7     -0.000     -0.000     -0.000      0.000      0.000     -0.000
42.7000      -1147.5094   -1147.7253       0.2158  1669.7     -0.000     -0.000     -0.000     -0.000      0.000      0.000
42.8000      -1147.5158   -1147.7241       0.2083  1611.6     -0.000     -0.000     -0.000      0.000      0.000     -0.000
42.9000      -1147.5126   -1147.7219       0.2092  1618.8     -0.000     -0.000     -0.000      0.000      0.000      0.000
43.0000      -1147.5109   -1147.7209       0.2099  1624.1     -0.000     -0.000     -0.000      0.000     -0.000      0.000
43.1000      -1147.5146   -1147.7239       0.2094  1619.8     -0.000     -0.000      0.000     -0.000      0.000      0.000
43.2000      -1147.5146   -1147.7238       0.2092  1618.8     -0.000     -0.000     -0.000      0.000      0.000     -0.000
43.3000      -1147.5099   -1147.7196       0.2097  1622.6     -0.000     -0.000     -0.000      0.000     -0.000     -0.000
43.4000      -1147.5086   -1147.7221       0.2135  1651.4     -0.000     -0.000     -0.000      0.000     -0.000      0.000
43.5000      -1147.5083   -1147.7214       0.2131  1648.3      0.000     -0.000     -0.000      0.000     -0.000     -0.000
43.6000      -1147.5128   -1147.7247       0.2119  1639.3     -0.000     -0.000     -0.000     -0.000      0.000      0.000
43.7000      -1147.5129   -1147.7250       0.2121  1640.8     -0.000     -0.000     -0.000     -0.000      0.000      0.000
43.8000      -1147.5124   -1147.7248       0.2124  1643.5     -0.000     -0.000     -0.000     -0.000     -0.000      0.000
43.9000      -1147.5108   -1147.7215       0.2107  1630.1     -0.000     -0.000     -0.000     -0.000      0.000     -0.000
44.0000      -1147.5064   -1147.7232       0.2168  1677.1     -0.000     -0.000     -0.000      0.000      0.000      0.000
44.1000      -1147.5142   -1147.7261       0.2120  1639.9     -0.000     -0.000     -0.000      0.000     -0.000     -0.000
44.2000      -1147.5129   -1147.7220       0.2091  1617.6     -0.000      0.000     -0.000     -0.000      0.000     -0.000
44.3000      -1147.5133   -1147.7243       0.2110  1632.1      0.000     -0.000      0.000     -0.000      0.000      0.000
44.4000      -1147.5088   -1147.7260       0.2172  1680.6     -0.000     -0.000     -0.000      0.000     -0.000      0.000
44.5000      -1147.5065   -1147.7210       0.2145  1659.7     -0.000     -0.000      0.000      0.000     -0.000      0.000
44.6000      -1147.5133   -1147.7245       0.2112  1633.7     -0.000     -0.000     -0.000      0.000     -0.000     -0.000
44.7000      -1147.5194   -1147.7249       0.2055  1589.5     -0.000     -0.000     -0.000      0.000      0.000     -0.000
44.8000      -1147.5170   -1147.7223       0.2052  1587.8     -0.000     -0.000     -0.000      0.000     -0.000     -0.000
44.9000      -1147.5013   -1147.7233       0.2220  1717.5     -0.000     -0.000     -0.000     -0.000     -0.000      0.000
45.0000      -1147.5011   -1147.7189       0.2178  1685.1     -0.000     -0.000     -0.000      0.000      0.000     -0.000
45.1000      -1147.5196   -1147.7266       0.2070  1601.4     -0.000      0.000     -0.000      0.000     -0.000      0.000
45.2000      -1147.5208   -1147.7243       0.2036  1574.8     -0.000     -0.000     -0.000      0.000      0.000      0.000
45.3000      -1147.5155   -1147.7238       0.2082  1610.9     -0.000     -0.000     -0.000      0.000     -0.000     -0.000
45.4000      -1147.5032   -1147.7193       0.2160  1671.3     -0.000     -0.000     -0.000     -0.000     -0.000     -0.000
45.5000      -1147.5060   -1147.7238       0.2178  1684.9     -0.000     -0.000     -0.000      0.000     -0.000      0.000
45.6000      -1147.5099   -1147.7249       0.2150  1663.4     -0.000     -0.000     -0.000      0.000      0.000     -0.000
45.7000      -1147.5141   -1147.7195       0.2054  1589.2     -0.000     -0.000     -0.000      0.000     -0.000      0.000
45.8000      -1147.5104   -1147.7200       0.2096  1621.4     -0.000     -0.000     -0.000      0.000     -0.000      0.000
45.9000      -1147.5109   -1147.7248       0.2139  1655.2     -0.000     -0.000     -0.000      0.000      0.000     -0.000
46.0000      -1147.5094   -1147.7259       0.2165  1674.6     -0.000     -0.000     -0.000      0.000      0.000      0.000
46.1000      -1147.5122   -1147.7230       0.2108  1630.7     -0.000     -0.000     -0.000      0.000      0.000      0.000
46.2000      -1147.5111   -1147.7215       0.2104  1627.9      0.000     -0.000     -0.000      0.000     -0.000     -0.000
46.3000      -1147.5112   -1147.7187       0.2076  1605.9     -0.000     -0.000     -0.000     -0.000     -0.000     -0.000
46.4000      -1147.5089   -1147.7203       0.2114  1635.2     -0.000     -0.000     -0.000     -0.000      0.000      0.000
46.5000      -1147.5100   -1147.7225       0.2125  1643.8     -0.000     -0.000     -0.000     -0.000      0.000      0.000
46.6000      -1147.5157   -1147.7217       0.2060  1593.9     -0.000     -0.000     -0.000      0.000      0.000     -0.000
46.7000      -1147.5114   -1147.7235       0.2121  1641.0     -0.000     -0.000     -0.000     -0.000     -0.000     -0.000
46.8000      -1147.5087   -1147.7227       0.2140  1656.0     -0.000     -0.000     -0.000      0.000     -0.000     -0.000
46.9000      -1147.5091   -1147.7188       0.2097  1622.0     -0.000     -0.000     -0.000      0.000     -0.000     -0.000
47.0000      -1147.5106   -1147.7222       0.2116  1637.2     -0.000     -0.000     -0.000      0.000     -0.000     -0.000
47.1000      -1147.5168   -1147.7234       0.2066  1598.3     -0.000     -0.000     -0.000      0.000     -0.000     -0.000
47.2000      -1147.5140   -1147.7234       0.2094  1620.3     -0.000     -0.000     -0.000      0.000     -0.000     -0.000
47.3000      -1147.5052   -1147.7205       0.2153  1665.7     -0.000     -0.000     -0.000     -0.000     -0.000     -0.000
47.4000      -1147.5045   -1147.7228       0.2183  1688.8      0.000     -0.000     -0.000     -0.000     -0.000      0.000
47.5000      -1147.5134   -1147.7245       0.2111  1632.9     -0.000     -0.000     -0.000     -0.000      0.000     -0.000
47.6000      -1147.5125   -1147.7231       0.2105  1628.7     -0.000     -0.000     -0.000      0.000      0.000      0.000
47.7000      -1147.5088   -1147.7209       0.2120  1640.4     -0.000     -0.000     -0.000     -0.000      0.000      0.000
47.8000      -1147.5123   -1147.7258       0.2136  1652.2     -0.000     -0.000     -0.000      0.000      0.000     -0.000
47.9000      -1147.5108   -1147.7236       0.2128  1646.3     -0.000     -0.000     -0.000      0.000      0.000      0.000
48.0000      -1147.5096   -1147.7251       0.2154  1666.7     -0.000     -0.000     -0.000     -0.000      0.000     -0.000
48.1000      -1147.5059   -1147.7222       0.2163  1673.4     -0.000     -0.000     -0.000      0.000      0.000     -0.000
48.2000      -1147.5070   -1147.7245       0.2175  1682.5     -0.000     -0.000     -0.000      0.000     -0.000     -0.000
48.3000      -1147.5144   -1147.7238       0.2093  1619.6     -0.000     -0.000     -0.000     -0.000     -0.000     -0.000
48.4000      -1147.5173   -1147.7242       0.2069  1600.8     -0.000     -0.000     -0.000      0.000     -0.000     -0.000
48.5000      -1147.5085   -1147.7178       0.2093  1619.1      0.000      0.000     -0.000      0.000     -0.000     -0.000
48.6000      -1147.5064   -1147.7218       0.2154  1666.5      0.000     -0.000     -0.000      0.000     -0.000     -0.000
48.7000      -1147.5090   -1147.7207       0.2117  1637.8     -0.000     -0.000     -0.000      0.000     -0.000     -0.000
48.8000      -1147.5139   -1147.7239       0.2100  1624.6     -0.000     -0.000     -0.000      0.000     -0.000     -0.000
48.9000      -1147.5122   -1147.7236       0.2114  1635.4     -0.000     -0.000     -0.000      0.000      0.000      0.000
49.0000      -1147.5044   -1147.7193       0.2149  1662.4     -0.000     -0.000     -0.000     -0.000      0.000      0.000
49.1000      -1147.5052   -1147.7181       0.2129  1647.1     -0.000     -0.000     -0.000      0.000      0.000      0.000
49.2000      -1147.5084   -1147.7222       0.2137  1653.6     -0.000     -0.000     -0.000      0.000      0.000      0.000
49.3000      -1147.5176   -1147.7227       0.2051  1586.7     -0.000     -0.000     -0.000      0.000      0.000      0.000
49.4000      -1147.5143   -1147.7246       0.2104  1627.5     -0.000     -0.000     -0.000      0.000      0.000     -0.000
49.5000      -1147.5064   -1147.7234       0.2170  1678.6     -0.000     -0.000     -0.000      0.000     -0.000     -0.000
49.6000      -1147.5028   -1147.7171       0.2143  1658.0     -0.000     -0.000     -0.000     -0.000     -0.000      0.000
49.7000      -1147.5118   -1147.7231       0.2113  1634.9     -0.000     -0.000     -0.000     -0.000     -0.000      0.000
49.8000      -1147.5172   -1147.7241       0.2069  1600.7     -0.000     -0.000     -0.000     -0.000      0.000      0.000
49.9000      -1147.5040   -1147.7214       0.2174  1681.7     -0.000     -0.000     -0.000     -0.000     -0.000     -0.000
50.0000      -1147.5056   -1147.7210       0.2154  1666.4     -0.000     -0.000     -0.000      0.000      0.000      0.000
50.1000      -1147.5083   -1147.7192       0.2109  1631.6     -0.000     -0.000     -0.000      0.000      0.000     -0.000
50.2000      -1147.5115   -1147.7191       0.2076  1606.0     -0.000     -0.000     -0.000     -0.000      0.000      0.000
50.3000      -1147.5099   -1147.7219       0.2120  1639.8     -0.000      0.000     -0.000      0.000      0.000      0.000
50.4000      -1147.5108   -1147.7219       0.2111  1632.9     -0.000     -0.000     -0.000      0.000     -0.000      0.000
50.5000      -1147.5088   -1147.7208       0.2120  1640.1     -0.000     -0.000     -0.000      0.000     -0.000      0.000
50.6000      -1147.5071   -1147.7260       0.2189  1693.6     -0.000     -0.000     -0.000      0.000      0.000      0.000
50.7000      -1147.5073   -1147.7211       0.2138  1654.0     -0.000     -0.000     -0.000     -0.000      0.000     -0.000
50.8000      -1147.5166   -1147.7251       0.2085  1613.4      0.000     -0.000      0.000      0.000      0.000      0.000
50.9000      -1147.5100   -1147.7234       0.2134  1650.6     -0.000      0.000     -0.000     -0.000      0.000     -0.000
51.0000      -1147.5062   -1147.7179       0.2117  1637.8     -0.000     -0.000     -0.000      0.000      0.000      0.000
51.1000      -1147.5065   -1147.7214       0.2149  1662.9      0.000     -0.000     -0.000     -0.000     -0.000     -0.000
51.2000      -1147.5153   -1147.7240       0.2087  1614.5      0.000     -0.000     -0.000     -0.000      0.000     -0.000
51.3000      -1147.5161   -1147.7272       0.2111  1633.3      0.000     -0.000     -0.000     -0.000      0.000     -0.000
51.4000      -1147.5026   -1147.7165       0.2138  1654.3     -0.000     -0.000     -0.000      0.000     -0.000     -0.000
51.5000      -1147.4974   -1147.7199       0.2225  1721.1     -0.000     -0.000     -0.000     -0.000      0.000     -0.000
51.6000      -1147.5127   -1147.7209       0.2082  1611.1     -0.000     -0.000     -0.000     -0.000     -0.000     -0.000
51.7000      -1147.5167   -1147.7198       0.2031  1571.1     -0.000     -0.000     -0.000      0.000     -0.000     -0.000
51.8000      -1147.5073   -1147.7177       0.2104  1627.8     -0.000     -0.000     -0.000     -0.000      0.000     -0.000
51.9000      -1147.5026   -1147.7135       0.2109  1631.9     -0.000     -0.000     -0.000      0.000     -0.000     -0.000
52.0000      -1147.5088   -1147.7215       0.2127  1645.9     -0.000     -0.000     -0.000      0.000     -0.000     -0.000
52.1000      -1147.5169   -1147.7244       0.2074  1604.8     -0.000     -0.000     -0.000      0.000     -0.000     -0.000
52.2000      -1147.5121   -1147.7214       0.2093  1619.0      0.000     -0.000     -0.000      0.000      0.000      0.000
52.3000      -1147.5007   -1147.7215       0.2208  1708.1     -0.000     -0.000     -0.000      0.000     -0.000      0.000
52.4000      -1147.5053   -1147.7219       0.2166  1675.4     -0.000     -0.000     -0.000      0.000      0.000     -0.000
52.5000      -1147.5128   -1147.7197       0.2069  1600.9      0.000      0.000      0.000      0.000     -0.000     -0.000
52.6000      -1147.5144   -1147.7232       0.2088  1615.1     -0.000     -0.000     -0.000      0.000     -0.000     -0.000
52.7000      -1147.5112   -1147.7188       0.2076  1606.0     -0.000     -0.000     -0.000      0.000     -0.000      0.000
52.8000      -1147.5044   -1147.7213       0.2169  1678.2     -0.000     -0.000     -0.000      0.000      0.000     -0.000
52.9000      -1147.5106   -1147.7223       0.2116  1637.4     -0.000     -0.000     -0.000     -0.000     -0.000      0.000
53.0000      -1147.5132   -1147.7179       0.2047  1583.7     -0.000     -0.000     -0.000      0.000     -0.000     -0.000
53.1000      -1147.5106   -1147.7238       0.2132  1649.6     -0.000     -0.000     -0.000     -0.000     -0.000     -0.000
53.2000      -1147.5045   -1147.7199       0.2154  1666.5      0.000      0.000      0.000      0.000     -0.000      0.000
53.3000      -1147.5064   -1147.7214       0.2150  1663.2     -0.000     -0.000     -0.000     -0.000     -0.000     -0.000
53.4000      -1147.5165   -1147.7245       0.2080  1609.5     -0.000     -0.000     -0.000      0.000     -0.000     -0.000
53.5000      -1147.5133   -1147.7207       0.2073  1604.1      0.000     -0.000     -0.000      0.000     -0.000     -0.000
53.6000      -1147.5016   -1147.7223       0.2206  1707.0      0.000     -0.000     -0.000     -0.000      0.000     -0.000
53.7000      -1147.5099   -1147.7279       0.2180  1686.8     -0.000     -0.000     -0.000      0.000      0.000      0.000
53.8000      -1147.5099   -1147.7191       0.2092  1618.2     -0.000     -0.000     -0.000      0.000      0.000     -0.000
53.9000      -1147.5130   -1147.7230       0.2100  1624.5     -0.000     -0.000     -0.000     -0.000      0.000      0.000
54.0000      -1147.5104   -1147.7208       0.2105  1628.2     -0.000     -0.000     -0.000     -0.000     -0.000      0.000
54.1000      -1147.5074   -1147.7232       0.2157  1669.0     -0.000     -0.000     -0.000      0.000      0.000      0.000
54.2000      -1147.5084   -1147.7203       0.2119  1639.3     -0.000     -0.000     -0.000     -0.000      0.000     -0.000
54.3000      -1147.5165   -1147.7223       0.2058  1592.2     -0.000     -0.000     -0.000      0.000      0.000     -0.000
54.4000      -1147.5136   -1147.7236       0.2100  1624.9     -0.000     -0.000     -0.000     -0.000     -0.000      0.000
54.5000      -1147.5042   -1147.7211       0.2169  1677.7     -0.000     -0.000     -0.000     -0.000     -0.000     -0.000
54.6000      -1147.5052   -1147.7217       0.2165  1675.0     -0.000     -0.000     -0.000     -0.000      0.000     -0.000
54.7000      -1147.5089   -1147.7195       0.2105  1628.8     -0.000     -0.000     -0.000     -0.000      0.000     -0.000
54.8000      -1147.5103   -1147.7219       0.2115  1636.4     -0.000     -0.000     -0.000     -0.000     -0.000      0.000
54.9000      -1147.5110   -1147.7204       0.2095  1620.4     -0.000     -0.000     -0.000      0.000      0.000      0.000
55.0000      -1147.5140   -1147.7260       0.2120  1640.0     -0.000     -0.000     -0.000      0.000     -0.000     -0.000
55.1000      -1147.5050   -1147.7202       0.2151  1664.4     -0.000     -0.000     -0.000     -0.000      0.000     -0.000
55.2000      -1147.5043   -1147.7238       0.2195  1698.2     -0.000     -0.000     -0.000      0.000      0.000     -0.000
55.3000      -1147.5101   -1147.7232       0.2130  1648.1     -0.000     -0.000     -0.000      0.000     -0.000     -0.000
55.4000      -1147.5125   -1147.7213       0.2088  1615.5     -0.000      0.000     -0.000      0.000     -0.000     -0.000
55.5000      -1147.5127   -1147.7196       0.2069  1600.6     -0.000     -0.000     -0.000      0.000     -0.000      0.000
55.6000      -1147.5053   -1147.7210       0.2157  1669.0     -0.000     -0.000     -0.000      0.000      0.000     -0.000
55.7000      -1147.5049   -1147.7189       0.2140  1655.8     -0.000     -0.000     -0.000      0.000     -0.000     -0.000
55.8000      -1147.5062   -1147.7165       0.2103  1627.3     -0.000     -0.000     -0.000      0.000      0.000     -0.000
55.9000      -1147.5098   -1147.7207       0.2110  1632.3      0.000     -0.000     -0.000      0.000      0.000     -0.000
56.0000      -1147.5070   -1147.7229       0.2159  1670.3      0.000     -0.000     -0.000     -0.000      0.000     -0.000
56.1000      -1147.5049   -1147.7202       0.2154  1666.0     -0.000      0.000     -0.000      0.000      0.000     -0.000
56.2000      -1147.5113   -1147.7200       0.2087  1614.8     -0.000     -0.000     -0.000      0.000      0.000     -0.000
56.3000      -1147.5096   -1147.7195       0.2099  1623.7     -0.000     -0.000     -0.000     -0.000     -0.000     -0.000
56.4000      -1147.5111   -1147.7199       0.2088  1615.5     -0.000     -0.000     -0.000     -0.000     -0.000     -0.000
56.5000      -1147.5048   -1147.7171       0.2123  1642.5     -0.000     -0.000     -0.000      0.000      0.000     -0.000
56.6000      -1147.5028   -1147.7198       0.2171  1679.3     -0.000     -0.000     -0.000      0.000      0.000     -0.000
56.7000      -1147.5083   -1147.7234       0.2151  1664.2     -0.000     -0.000     -0.000      0.000      0.000     -0.000
56.8000      -1147.5154   -1147.7237       0.2083  1611.3      0.000     -0.000     -0.000      0.000     -0.000     -0.000
56.9000      -1147.5053   -1147.7155       0.2102  1626.3      0.000     -0.000     -0.000      0.000      0.000     -0.000
57.0000      -1147.4998   -1147.7132       0.2134  1650.7     -0.000     -0.000     -0.000     -0.000      0.000     -0.000
57.1000      -1147.5081   -1147.7190       0.2109  1631.6     -0.000     -0.000     -0.000      0.000      0.000      0.000
57.2000      -1147.5149   -1147.7240       0.2092  1618.2      0.000     -0.000     -0.000     -0.000      0.000      0.000
57.3000      -1147.5076   -1147.7191       0.2115  1636.2     -0.000     -0.000     -0.000     -0.000     -0.000      0.000
57.4000      -1147.5057   -1147.7216       0.2160  1670.7     -0.000     -0.000     -0.000      0.000      0.000      0.000
57.5000      -1147.5053   -1147.7200       0.2147  1661.4     -0.000     -0.000     -0.000      0.000     -0.000     -0.000
57.6000      -1147.5083   -1147.7198       0.2115  1636.0      0.000     -0.000     -0.000      0.000     -0.000     -0.000
57.7000      -1147.5075   -1147.7233       0.2158  1669.6     -0.000     -0.000     -0.000     -0.000      0.000      0.000
57.8000      -1147.5075   -1147.7190       0.2115  1636.5     -0.000     -0.000     -0.000      0.000     -0.000      0.000
57.9000      -1147.5077   -1147.7222       0.2145  1659.1     -0.000     -0.000     -0.000      0.000     -0.000     -0.000
58.0000      -1147.5054   -1147.7236       0.2182  1688.1     -0.000     -0.000     -0.000      0.000     -0.000      0.000
58.1000      -1147.5047   -1147.7217       0.2170  1679.0     -0.000     -0.000      0.000     -0.000      0.000     -0.000
58.2000      -1147.5072   -1147.7214       0.2141  1656.7      0.000     -0.000     -0.000     -0.000      0.000     -0.000
58.3000      -1147.5120   -1147.7216       0.2096  1621.5     -0.000     -0.000     -0.000     -0.000      0.000     -0.000
58.4000      -1147.5087   -1147.7191       0.2104  1627.9      0.000      0.000     -0.000      0.000      0.000      0.000
58.5000      -1147.5036   -1147.7142       0.2107  1629.9     -0.000     -0.000     -0.000     -0.000     -0.000      0.000
58.6000      -1147.5066   -1147.7209       0.2142  1657.5     -0.000     -0.000      0.000     -0.000     -0.000      0.000
58.7000      -1147.5174   -1147.7207       0.2033  1573.1     -0.000     -0.000      0.000      0.000     -0.000     -0.000
58.8000      -1147.5074   -1147.7174       0.2100  1624.6     -0.000     -0.000     -0.000      0.000     -0.000      0.000
58.9000      -1147.5008   -1147.7209       0.2201  1702.5     -0.000     -0.000     -0.000      0.000      0.000     -0.000
59.0000      -1147.5074   -1147.7246       0.2172  1680.4     -0.000     -0.000     -0.000      0.000      0.000      0.000
59.1000      -1147.5155   -1147.7188       0.2033  1572.8     -0.000     -0.000     -0.000      0.000     -0.000      0.000
59.2000      -1147.5128   -1147.7200       0.2072  1602.9     -0.000      0.000     -0.000     -0.000     -0.000      0.000
59.3000      -1147.4950   -1147.7165       0.2215  1713.7     -0.000     -0.000     -0.000      0.000      0.000     -0.000
59.4000      -1147.4982   -1147.7172       0.2190  1694.1     -0.000     -0.000     -0.000      0.000      0.000     -0.000
59.5000      -1147.5244   -1147.7281       0.2036  1575.4     -0.000     -0.000     -0.000      0.000      0.000     -0.000
59.6000      -1147.5225   -1147.7263       0.2038  1577.0     -0.000     -0.000     -0.000     -0.000     -0.000     -0.000
59.7000      -1147.5027   -1147.7172       0.2144  1659.1     -0.000     -0.000     -0.000      0.000      0.000      0.000
59.8000      -1147.4989   -1147.7167       0.2178  1685.2     -0.000     -0.000     -0.000     -0.000      0.000     -0.000
59.9000      -1147.5162   -1147.7221       0.2058  1592.4     -0.000     -0.000      0.000     -0.000     -0.000      0.000
60.0000      -1147.5231   -1147.7232       0.2000  1547.5     -0.000     -0.000     -0.000     -0.000     -0.000      0.000
60.1000      -1147.5094   -1147.7230       0.2136  1652.2     -0.000     -0.000     -0.000     -0.000     -0.000      0.000
60.2000      -1147.4957   -1147.7186       0.2230  1724.9     -0.000     -0.000     -0.000     -0.000      0.000     -0.000
60.3000      -1147.5005   -1147.7166       0.2161  1671.7     -0.000     -0.000     -0.000      0.000      0.000     -0.000
60.4000      -1147.5161   -1147.7213       0.2052  1587.2     -0.000     -0.000     -0.000      0.000     -0.000     -0.000
60.5000      -1147.5213   -1147.7223       0.2010  1554.7     -0.000     -0.000     -0.000      0.000      0.000     -0.000
60.6000      -1147.5114   -1147.7240       0.2126  1644.8     -0.000     -0.000     -0.000     -0.000     -0.000     -0.000
60.7000      -1147.4919   -1147.7094       0.2175  1682.9      0.000      0.000      0.000     -0.000     -0.000     -0.000
60.8000      -1147.5085   -1147.7243       0.2158  1669.5     -0.000     -0.000     -0.000      0.000     -0.000     -0.000
60.9000      -1147.5215   -1147.7274       0.2059  1593.3     -0.000     -0.000     -0.000      0.000      0.000     -0.000
61.0000      -1147.5130   -1147.7226       0.2096  1621.5     -0.000     -0.000      0.000      0.000      0.000      0.000
61.1000      -1147.5022   -1147.7201       0.2179  1685.5     -0.000     -0.000     -0.000     -0.000     -0.000      0.000
61.2000      -1147.5018   -1147.7208       0.2189  1693.8     -0.000     -0.000     -0.000      0.000     -0.000     -0.000
61.3000      -1147.5132   -1147.7224       0.2091  1617.8      0.000     -0.000     -0.000      0.000     -0.000      0.000
61.4000      -1147.5191   -1147.7250       0.2060  1593.6     -0.000     -0.000     -0.000      0.000      0.000      0.000
61.5000      -1147.5130   -1147.7243       0.2113  1634.5     -0.000     -0.000     -0.000      0.000      0.000     -0.000
61.6000      -1147.5042   -1147.7249       0.2208  1707.8     -0.000     -0.000     -0.000      0.000     -0.000      0.000
61.7000      -1147.4993   -1147.7226       0.2233  1727.3     -0.000     -0.000     -0.000      0.000     -0.000      0.000
61.8000      -1147.5106   -1147.7201       0.2095  1620.7      0.000     -0.000     -0.000      0.000      0.000      0.000
61.9000      -1147.5186   -1147.7244       0.2058  1591.8      0.000      0.000      0.000      0.000      0.000      0.000
62.0000      -1147.5103   -1147.7199       0.2097  1621.9     -0.000     -0.000     -0.000      0.000      0.000     -0.000
62.1000      -1147.5007   -1147.7176       0.2169  1677.9     -0.000     -0.000     -0.000      0.000      0.000      0.000
62.2000      -1147.5091   -1147.7229       0.2139  1654.6     -0.000     -0.000     -0.000      0.000      0.000     -0.000
62.3000      -1147.5165   -1147.7239       0.2074  1604.2     -0.000     -0.000     -0.000      0.000     -0.000      0.000
62.4000      -1147.5063   -1147.7162       0.2099  1624.2     -0.000     -0.000     -0.000     -0.000      0.000     -0.000
62.5000      -1147.5015   -1147.7174       0.2158  1669.7      0.000     -0.000     -0.000      0.000      0.000     -0.000
62.6000      -1147.5110   -1147.7256       0.2146  1660.2     -0.000     -0.000     -0.000     -0.000      0.000     -0.000
62.7000      -1147.5149   -1147.7214       0.2065  1597.3     -0.000     -0.000     -0.000      0.000     -0.000     -0.000
62.8000      -1147.5079   -1147.7200       0.2122  1641.3     -0.000     -0.000     -0.000      0.000     -0.000     -0.000
62.9000      -1147.5059   -1147.7178       0.2119  1639.5     -0.000     -0.000     -0.000     -0.000      0.000     -0.000
63.0000      -1147.5058   -1147.7204       0.2146  1660.2     -0.000     -0.000     -0.000      0.000      0.000      0.000
63.1000      -1147.5081   -1147.7234       0.2153  1665.7     -0.000     -0.000     -0.000      0.000      0.000     -0.000
63.2000      -1147.5113   -1147.7200       0.2087  1614.5     -0.000     -0.000     -0.000      0.000     -0.000      0.000
63.3000      -1147.5042   -1147.7239       0.2197  1699.7     -0.000     -0.000     -0.000     -0.000      0.000      0.000
63.4000      -1147.5014   -1147.7156       0.2142  1657.1      0.000     -0.000     -0.000      0.000      0.000      0.000
63.5000      -1147.5112   -1147.7209       0.2097  1622.0     -0.000     -0.000     -0.000     -0.000     -0.000      0.000
63.6000      -1147.5153   -1147.7194       0.2041  1579.1     -0.000     -0.000     -0.000     -0.000     -0.000     -0.000
63.7000      -1147.5092   -1147.7226       0.2134  1651.0     -0.000     -0.000     -0.000      0.000      0.000     -0.000
63.8000      -1147.4971   -1147.7173       0.2202  1703.4     -0.000     -0.000     -0.000      0.000     -0.000      0.000
63.9000      -1147.5095   -1147.7214       0.2119  1639.2     -0.000     -0.000     -0.000     -0.000     -0.000     -0.000
64.0000      -1147.5166   -1147.7221       0.2055  1589.8     -0.000     -0.000     -0.000     -0.000      0.000     -0.000
64.1000      -1147.5037   -1147.7170       0.2133  1650.4     -0.000     -0.000     -0.000     -0.000      0.000      0.000
64.2000      -1147.5080   -1147.7200       0.2120  1640.1     -0.000     -0.000     -0.000      0.000     -0.000      0.000
64.3000      -1147.5123   -1147.7230       0.2108  1630.5     -0.000     -0.000     -0.000      0.000      0.000      0.000
64.4000      -1147.5066   -1147.7200       0.2135  1651.5     -0.000     -0.000     -0.000      0.000     -0.000      0.000
64.5000      -1147.5088   -1147.7223       0.2135  1651.5      0.000     -0.000     -0.000     -0.000      0.000      0.000
64.6000      -1147.5135   -1147.7196       0.2061  1594.5     -0.000     -0.000     -0.000     -0.000      0.000     -0.000
64.7000      -1147.5058   -1147.7184       0.2126  1644.5     -0.000     -0.000     -0.000      0.000      0.000     -0.000
64.8000      -1147.5029   -1147.7193       0.2164  1674.4     -0.000     -0.000     -0.000      0.000      0.000     -0.000
64.9000      -1147.5092   -1147.7179       0.2087  1614.8     -0.000     -0.000     -0.000     -0.000     -0.000     -0.000
65.0000      -1147.5130   -1147.7212       0.2081  1610.1     -0.000     -0.000     -0.000      0.000      0.000     -0.000
65.1000      -1147.5064   -1147.7209       0.2144  1659.0     -0.000     -0.000     -0.000      0.000      0.000      0.000
65.2000      -1147.5034   -1147.7221       0.2187  1692.0     -0.000     -0.000      0.000      0.000      0.000      0.000
65.3000      -1147.5158   -1147.7236       0.2078  1607.7     -0.000     -0.000     -0.000      0.000      0.000      0.000
65.4000      -1147.5181   -1147.7225       0.2044  1581.1     -0.000     -0.000     -0.000      0.000      0.000     -0.000
65.5000      -1147.5110   -1147.7186       0.2076  1606.0     -0.000     -0.000     -0.000      0.000      0.000      0.000
65.6000      -1147.5044   -1147.7179       0.2135  1651.9     -0.000     -0.000      0.000      0.000      0.000     -0.000
65.7000      -1147.5061   -1147.7204       0.2143  1658.1     -0.000     -0.000     -0.000      0.000      0.000     -0.000
65.8000      -1147.5110   -1147.7231       0.2121  1640.7     -0.000     -0.000      0.000      0.000      0.000      0.000
65.9000      -1147.5109   -1147.7229       0.2120  1640.1     -0.000      0.000     -0.000      0.000      0.000      0.000
66.0000      -1147.5053   -1147.7167       0.2114  1635.5     -0.000     -0.000     -0.000      0.000      0.000     -0.000
66.1000      -1147.5057   -1147.7215       0.2157  1668.9     -0.000     -0.000     -0.000      0.000     -0.000     -0.000
66.2000      -1147.5144   -1147.7211       0.2067  1599.4     -0.000     -0.000     -0.000      0.000      0.000     -0.000
66.3000      -1147.5136   -1147.7214       0.2078  1607.8     -0.000     -0.000     -0.000      0.000     -0.000     -0.000
66.4000      -1147.5086   -1147.7189       0.2103  1627.1     -0.000     -0.000     -0.000     -0.000     -0.000      0.000
66.5000      -1147.4994   -1147.7191       0.2197  1699.8      0.000     -0.000     -0.000      0.000     -0.000     -0.000
66.6000      -1147.5054   -1147.7201       0.2147  1660.7     -0.000     -0.000     -0.000     -0.000      0.000      0.000
66.7000      -1147.5154   -1147.7230       0.2076  1606.4     -0.000     -0.000     -0.000      0.000     -0.000      0.000
66.8000      -1147.5157   -1147.7211       0.2054  1589.2     -0.000      0.000     -0.000     -0.000      0.000      0.000
66.9000      -1147.4995   -1147.7179       0.2184  1689.8     -0.000     -0.000     -0.000      0.000     -0.000     -0.000
67.0000      -1147.5032   -1147.7215       0.2184  1689.4     -0.000     -0.000     -0.000      0.000      0.000      0.000
67.1000      -1147.5147   -1147.7235       0.2088  1615.2     -0.000      0.000     -0.000     -0.000     -0.000      0.000
67.2000      -1147.5178   -1147.7206       0.2028  1569.3     -0.000     -0.000     -0.000      0.000     -0.000      0.000
67.3000      -1147.5056   -1147.7186       0.2130  1648.0     -0.000     -0.000     -0.000      0.000      0.000     -0.000
67.4000      -1147.4989   -1147.7188       0.2200  1701.7     -0.000     -0.000      0.000      0.000     -0.000     -0.000
67.5000      -1147.5108   -1147.7187       0.2079  1608.3     -0.000     -0.000     -0.000     -0.000      0.000     -0.000
67.6000      -1147.5194   -1147.7276       0.2082  1610.9     -0.000     -0.000     -0.000      0.000      0.000     -0.000
67.7000      -1147.5089   -1147.7222       0.2133  1650.3     -0.000     -0.000     -0.000      0.000     -0.000     -0.000
67.8000      -1147.4995   -1147.7163       0.2168  1677.2     -0.000     -0.000     -0.000      0.000     -0.000      0.000
67.9000      -1147.5051   -1147.7233       0.2182  1687.7     -0.000     -0.000     -0.000      0.000      0.000      0.000
68.0000      -1147.5155   -1147.7186       0.2031  1571.3     -0.000     -0.000     -0.000     -0.000      0.000     -0.000
68.1000      -1147.5144   -1147.7205       0.2061  1594.6      0.000     -0.000     -0.000      0.000      0.000     -0.000
68.2000      -1147.5047   -1147.7179       0.2132  1649.3     -0.000     -0.000     -0.000      0.000     -0.000      0.000
68.3000      -1147.5029   -1147.7224       0.2195  1697.9      0.000     -0.000     -0.000      0.000     -0.000      0.000
68.4000      -1147.5103   -1147.7232       0.2130  1647.5     -0.000     -0.000     -0.000     -0.000     -0.000      0.000
68.5000      -1147.5121   -1147.7234       0.2113  1634.5     -0.000     -0.000     -0.000     -0.000     -0.000      0.000
68.6000      -1147.5053   -1147.7179       0.2126  1644.6     -0.000     -0.000     -0.000      0.000      0.000      0.000
68.7000      -1147.5035   -1147.7180       0.2145  1659.7     -0.000     -0.000     -0.000     -0.000     -0.000      0.000
68.8000      -1147.5117   -1147.7227       0.2110  1632.4     -0.000     -0.000     -0.000      0.000      0.000      0.000
68.9000      -1147.5131   -1147.7208       0.2076  1606.4      0.000     -0.000     -0.000      0.000      0.000      0.000
69.0000      -1147.5083   -1147.7214       0.2130  1648.2     -0.000     -0.000     -0.000      0.000     -0.000      0.000
69.1000      -1147.5053   -1147.7200       0.2146  1660.6     -0.000     -0.000     -0.000      0.000      0.000      0.000
69.2000      -1147.5032   -1147.7210       0.2177  1684.4     -0.000     -0.000     -0.000      0.000     -0.000      0.000
69.3000      -1147.5065   -1147.7173       0.2108  1630.8     -0.000     -0.000     -0.000      0.000     -0.000     -0.000
69.4000      -1147.5152   -1147.7223       0.2071  1601.9      0.000      0.000     -0.000      0.000      0.000     -0.000
69.5000      -1147.5084   -1147.7200       0.2116  1636.9     -0.000     -0.000     -0.000      0.000     -0.000      0.000
69.6000      -1147.5003   -1147.7203       0.2200  1702.1     -0.000     -0.000     -0.000     -0.000      0.000      0.000
69.7000      -1147.5050   -1147.7206       0.2156  1668.0     -0.000     -0.000     -0.000      0.000      0.000      0.000
69.8000      -1147.5135   -1147.7177       0.2042  1579.5     -0.000     -0.000     -0.000      0.000     -0.000     -0.000
69.9000      -1147.5132   -1147.7206       0.2074  1604.5     -0.000     -0.000     -0.000     -0.000      0.000     -0.000
70.0000      -1147.5075   -1147.7160       0.2085  1612.9     -0.000     -0.000     -0.000      0.000     -0.000     -0.000
70.1000      -1147.5026   -1147.7202       0.2175  1682.9     -0.000     -0.000     -0.000     -0.000     -0.000     -0.000
70.2000      -1147.5082   -1147.7174       0.2092  1618.6     -0.000     -0.000     -0.000     -0.000     -0.000     -0.000
70.3000      -1147.5125   -1147.7182       0.2057  1591.5     -0.000     -0.000     -0.000      0.000     -0.000      0.000
70.4000      -1147.5081   -1147.7171       0.2089  1616.4      0.000      0.000     -0.000     -0.000     -0.000      0.000
70.5000      -1147.5032   -1147.7175       0.2143  1657.9      0.000     -0.000     -0.000      0.000     -0.000     -0.000
70.6000      -1147.5010   -1147.7149       0.2139  1654.8     -0.000     -0.000     -0.000      0.000      0.000     -0.000
70.7000      -1147.5090   -1147.7192       0.2101  1625.5      0.000      0.000      0.000     -0.000      0.000     -0.000
70.8000      -1147.5140   -1147.7218       0.2078  1607.7     -0.000     -0.000     -0.000     -0.000      0.000     -0.000
70.9000      -1147.5028   -1147.7151       0.2123  1642.5     -0.000     -0.000     -0.000      0.000     -0.000      0.000
71.0000      -1147.5012   -1147.7185       0.2173  1681.0     -0.000     -0.000     -0.000      0.000      0.000     -0.000
71.1000      -1147.5101   -1147.7194       0.2093  1619.2     -0.000     -0.000     -0.000     -0.000     -0.000      0.000
71.2000      -1147.5161   -1147.7232       0.2072  1602.7     -0.000      0.000     -0.000      0.000     -0.000     -0.000
71.3000      -1147.5065   -1147.7159       0.2094  1620.1     -0.000     -0.000     -0.000     -0.000      0.000     -0.000
71.4000      -1147.4996   -1147.7137       0.2141  1656.1     -0.000     -0.000     -0.000      0.000      0.000     -0.000
71.5000      -1147.5061   -1147.7213       0.2152  1664.7     -0.000     -0.000     -0.000      0.000      0.000      0.000
71.6000      -1147.5194   -1147.7223       0.2029  1569.8     -0.000     -0.000     -0.000      0.000      0.000      0.000
71.7000      -1147.5100   -1147.7175       0.2075  1605.1     -0.000      0.000     -0.000     -0.000     -0.000      0.000
71.8000      -1147.5045   -1147.7211       0.2166  1675.9     -0.000     -0.000     -0.000      0.000      0.000     -0.000
71.9000      -1147.5030   -1147.7190       0.2160  1671.4     -0.000     -0.000     -0.000     -0.000      0.000     -0.000
72.0000      -1147.5111   -1147.7170       0.2058  1592.4     -0.000     -0.000     -0.000      0.000      0.000      0.000
72.1000      -1147.5078   -1147.7171       0.2093  1619.1     -0.000     -0.000     -0.000      0.000     -0.000     -0.000
72.2000      -1147.5020   -1147.7118       0.2097  1622.6     -0.000     -0.000     -0.000      0.000     -0.000      0.000
72.3000      -1147.4975   -1147.7154       0.2179  1686.0     -0.000     -0.000     -0.000     -0.000      0.000      0.000
72.4000      -1147.5068   -1147.7184       0.2116  1637.1     -0.000     -0.000     -0.000      0.000     -0.000     -0.000
72.5000      -1147.5132   -1147.7216       0.2084  1612.6      0.000     -0.000     -0.000     -0.000     -0.000      0.000
72.6000      -1147.5050   -1147.7206       0.2156  1668.0      0.000     -0.000     -0.000     -0.000     -0.000     -0.000
72.7000      -1147.4967   -1147.7128       0.2160  1671.3     -0.000     -0.000     -0.000      0.000      0.000     -0.000
72.8000      -1147.5016   -1147.7135       0.2119  1639.3     -0.000      0.000     -0.000     -0.000     -0.000     -0.000
72.9000      -1147.5169   -1147.7239       0.2070  1601.5     -0.000     -0.000     -0.000      0.000      0.000     -0.000
73.0000      -1147.5076   -1147.7164       0.2088  1615.4     -0.000     -0.000     -0.000      0.000      0.000     -0.000
73.1000      -1147.4972   -1147.7119       0.2147  1661.0     -0.000     -0.000     -0.000     -0.000      0.000      0.000
73.2000      -1147.4992   -1147.7143       0.2151  1664.1     -0.000     -0.000     -0.000      0.000      0.000      0.000
73.3000      -1147.5142   -1147.7220       0.2077  1607.0     -0.000     -0.000     -0.000     -0.000      0.000     -0.000
73.4000      -1147.5173   -1147.7257       0.2083  1611.9     -0.000     -0.000     -0.000     -0.000      0.000      0.000
73.5000      -1147.5037   -1147.7181       0.2144  1658.8     -0.000      0.000     -0.000      0.000      0.000      0.000
73.6000      -1147.4929   -1147.7137       0.2207  1707.5      0.000     -0.000     -0.000      0.000     -0.000     -0.000
73.7000      -1147.5069   -1147.7188       0.2119  1639.2     -0.000     -0.000     -0.000     -0.000      0.000     -0.000
73.8000      -1147.5220   -1147.7195       0.1975  1527.6     -0.000     -0.000     -0.000     -0.000      0.000      0.000
73.9000      -1147.5103   -1147.7175       0.2072  1603.1      0.000     -0.000     -0.000      0.000     -0.000      0.000
74.0000      -1147.4942   -1147.7117       0.2175  1682.5     -0.000     -0.000     -0.000      0.000     -0.000      0.000
74.1000      -1147.5002   -1147.7206       0.2205  1705.8     -0.000     -0.000     -0.000     -0.000      0.000     -0.000
74.2000      -1147.5116   -1147.7170       0.2054  1589.2     -0.000     -0.000     -0.000      0.000      0.000      0.000
74.3000      -1147.5122   -1147.7217       0.2095  1621.1     -0.000     -0.000     -0.000      0.000     -0.000      0.000
74.4000      -1147.5075   -1147.7198       0.2123  1642.8     -0.000     -0.000     -0.000      0.000      0.000     -0.000
74.5000      -1147.5012   -1147.7170       0.2158  1669.8      0.000     -0.000     -0.000      0.000     -0.000      0.000
74.6000      -1147.5031   -1147.7176       0.2144  1659.0     -0.000     -0.000     -0.000      0.000      0.000     -0.000
74.7000      -1147.5031   -1147.7110       0.2079  1608.2     -0.000     -0.000      0.000     -0.000     -0.000      0.000
74.8000      -1147.5079   -1147.7206       0.2127  1645.8     -0.000     -0.000     -0.000      0.000      0.000      0.000
74.9000      -1147.5066   -1147.7216       0.2151  1663.8      0.000     -0.000     -0.000      0.000      0.000     -0.000
75.0000      -1147.5057   -1147.7165       0.2108  1631.1     -0.000     -0.000     -0.000     -0.000      0.000      0.000
