Time[ps]    Etot/N[eV]   Epot/N[eV]   Ekin/N[eV]    T[K]      ---------------------- stress [GPa] -----------------------
0.1000       -1148.0008   -1148.0421       0.0413   319.7      0.020      0.322     -0.121      0.190      0.219     -0.117
0.2000       -1148.0009   -1148.0417       0.0407   315.0     -0.270     -0.085     -0.092      0.118      0.031     -0.027
0.3000       -1148.0007   -1148.0423       0.0416   322.1     -0.026     -0.695     -0.490     -0.202     -0.184     -0.002
0.4000       -1148.0005   -1148.0423       0.0418   323.5     -0.026     -0.282      0.140     -0.220      0.013      0.061
0.5000       -1148.0018   -1148.0414       0.0396   306.3      0.014     -0.582     -0.217     -0.453      0.006     -0.049
0.6000       -1147.9993   -1148.0406       0.0413   319.9      0.119     -0.148      0.299     -0.311     -0.199     -0.017
0.7000       -1148.0018   -1148.0425       0.0407   314.9      0.018     -0.503     -0.162     -0.268     -0.031     -0.059
0.8000       -1148.0014   -1148.0424       0.0410   316.8     -0.107     -0.383     -0.420      0.017     -0.017     -0.020
0.9000       -1147.9991   -1148.0409       0.0419   324.0      0.015     -0.327      0.883     -0.087     -0.081     -0.069
1.0000       -1148.0003   -1148.0414       0.0410   317.5     -0.064     -0.237      0.370      0.178     -0.115     -0.270
1.1000       -1148.0013   -1148.0425       0.0412   318.5     -0.202      0.071     -0.309      0.250     -0.141      0.056
1.2000       -1148.0004   -1148.0421       0.0417   322.6     -0.024      0.259     -0.352     -0.020      0.155      0.237
1.3000       -1147.9993   -1148.0408       0.0415   321.3     -0.081     -0.166      0.203     -0.014     -0.105      0.050
1.4000       -1148.0034   -1148.0439       0.0405   313.1     -0.012     -0.536     -0.381      0.294      0.109      0.162
1.5000       -1147.9992   -1148.0405       0.0413   319.5     -0.079     -1.176      0.112     -0.772      0.070     -0.011
1.6000       -1148.0017   -1148.0418       0.0401   310.4     -0.042     -0.527      0.056     -0.066     -0.088      0.021
1.7000       -1148.0018   -1148.0427       0.0409   316.5     -0.096     -0.179      0.048     -0.355     -0.080     -0.189
1.8000       -1147.9992   -1148.0410       0.0418   323.5     -0.104     -0.356      0.139      0.004      0.102     -0.119
1.9000       -1148.0012   -1148.0424       0.0413   319.2     -0.087     -0.097     -0.766     -0.241      0.081      0.087
2.0000       -1147.9995   -1148.0406       0.0411   318.0     -0.010     -0.115     -0.358     -0.345      0.079      0.162
2.1000       -1148.0015   -1148.0427       0.0412   318.9      0.000      0.507     -0.378      0.050     -0.180      0.094
2.2000       -1147.9977   -1148.0400       0.0423   327.1     -0.055      0.264     -0.090      0.110      0.058      0.043
2.3000       -1148.0032   -1148.0439       0.0407   315.2      0.035      0.388     -0.149      0.472     -0.053     -0.164
2.4000       -1148.0010   -1148.0425       0.0415   321.3      0.023      0.060     -0.304      0.320     -0.110      0.217
2.5000       -1147.9999   -1148.0428       0.0428   331.5      0.142      0.247     -0.293      0.206      0.076      0.013
2.6000       -1148.0026   -1148.0430       0.0404   312.8      0.098      0.164      0.818      0.110      0.067      0.020
2.7000       -1147.9996   -1148.0417       0.0421   325.5      0.028      0.275      0.270     -0.086      0.006     -0.175
2.8000       -1148.0017   -1148.0426       0.0410   316.8     -0.084      0.201      0.225     -0.166     -0.113     -0.086
2.9000       -1148.0008   -1148.0414       0.0406   313.7     -0.002      0.628     -0.066     -0.029     -0.041     -0.050
3.0000       -1148.0007   -1148.0418       0.0411   317.8     -0.228      0.148     -0.116      0.396     -0.123     -0.289
3.1000       -1148.0010   -1148.0426       0.0417   322.5     -0.049      0.014      0.012      0.532      0.061     -0.076
3.2000       -1148.0018   -1148.0438       0.0419   324.3     -0.002      0.104      0.551      0.074     -0.080     -0.136
3.3000       -1147.9997   -1148.0408       0.0411   317.7     -0.058     -0.874      0.311     -0.105     -0.002     -0.062
3.4000       -1147.9997   -1148.0414       0.0417   322.6      0.049     -0.238     -0.003      0.064     -0.048     -0.238
3.5000       -1148.0009   -1148.0418       0.0410   317.0      0.171      0.143     -0.231     -0.142     -0.184      0.175
3.6000       -1148.0001   -1148.0412       0.0411   318.1      0.020     -0.036     -0.208      0.337     -0.162      0.034
3.7000       -1148.0001   -1148.0420       0.0420   324.6      0.091      0.267      0.133     -0.167      0.037      0.180
3.8000       -1148.0002   -1148.0414       0.0412   319.1      0.067      0.306      0.350     -0.131      0.186     -0.152
3.9000       -1147.9995   -1148.0409       0.0414   320.6     -0.059     -0.548     -0.213     -0.321      0.125      0.134
4.0000       -1147.9998   -1148.0413       0.0415   320.7     -0.051      0.288     -0.148      0.092      0.097      0.097
4.1000       -1148.0011   -1148.0422       0.0411   318.1      0.105      0.426     -0.066     -0.022      0.045     -0.032
4.2000       -1147.9992   -1148.0402       0.0410   317.0     -0.023     -0.453     -1.143     -0.125     -0.131      0.013
4.3000       -1148.0032   -1148.0432       0.0401   309.9      0.145      0.688     -0.665      0.032     -0.062      0.195
4.4000       -1147.9998   -1148.0408       0.0410   317.2     -0.125     -0.183     -0.839     -0.009     -0.160     -0.118
4.5000       -1147.9992   -1148.0409       0.0417   322.7     -0.138     -0.902      0.430      0.129      0.160     -0.023
4.6000       -1148.0014   -1148.0430       0.0415   321.4      0.017     -0.550      0.201     -0.208     -0.231      0.109
4.7000       -1148.0028   -1148.0428       0.0400   309.1     -0.199     -0.725      0.504      0.338      0.095     -0.021
4.8000       -1147.9991   -1148.0418       0.0427   330.2     -0.122     -0.004     -0.115      0.048      0.055      0.004
4.9000       -1147.9997   -1148.0403       0.0406   314.0     -0.188      0.160     -0.331     -0.265     -0.049     -0.180
5.0000       -1148.0009   -1148.0414       0.0405   313.3      0.100      0.438      0.227     -0.512     -0.187     -0.161
5.1000       -1147.9981   -1148.0410       0.0429   332.1      0.112      0.128      0.465     -0.071      0.122     -0.100
5.2000       -1147.9976   -1148.0382       0.0405   313.6      0.045      0.141      0.521     -0.134      0.048     -0.106
5.3000       -1148.0007   -1148.0404       0.0397   307.2      0.150      1.023      0.553      0.023     -0.005     -0.150
5.4000       -1147.9968   -1148.0399       0.0431   333.6      0.070      0.359     -0.010      0.390      0.136     -0.256
5.5000       -1147.9979   -1148.0398       0.0419   324.3     -0.057      0.061     -0.433     -0.023     -0.209      0.121
5.6000       -1147.9991   -1148.0399       0.0408   315.6      0.144      0.138     -0.196     -0.197     -0.048     -0.063
5.7000       -1147.9991   -1148.0402       0.0411   318.2     -0.036     -0.237     -0.104     -0.082     -0.038     -0.035
5.8000       -1147.9995   -1148.0411       0.0417   322.3     -0.124      0.178     -0.796     -0.338     -0.140     -0.093
5.9000       -1147.9978   -1148.0398       0.0420   324.5      0.036     -0.235      0.054     -0.060     -0.189     -0.082
6.0000       -1147.9996   -1148.0406       0.0410   317.2     -0.194     -0.893     -0.401      0.154      0.058     -0.124
6.1000       -1147.9996   -1148.0403       0.0407   315.2     -0.105     -0.606      0.178      0.234     -0.144     -0.092
6.2000       -1147.9996   -1148.0416       0.0420   324.9      0.139      0.020      0.379      0.007     -0.108      0.208
6.3000       -1147.9992   -1148.0412       0.0421   325.4     -0.105      0.276     -0.382     -0.114      0.043      0.083
6.4000       -1148.0014   -1148.0418       0.0404   312.8     -0.035     -0.502      0.234     -0.008      0.000      0.117
6.5000       -1147.9980   -1148.0386       0.0406   314.4      0.122      0.196     -0.005      0.032      0.107      0.017
6.6000       -1147.9968   -1148.0377       0.0409   316.5      0.071     -0.093     -0.039      0.064      0.053     -0.035
6.7000       -1147.9987   -1148.0404       0.0417   322.6      0.106      0.012     -0.287      0.152      0.076      0.038
6.8000       -1147.9983   -1148.0400       0.0418   323.2      0.008      0.113      0.266      0.034      0.106     -0.007
6.9000       -1147.9964   -1148.0382       0.0418   323.3      0.036      0.719      0.489     -0.046     -0.102      0.127
7.0000       -1147.9985   -1148.0394       0.0410   316.9      0.008      0.141      0.722      0.059     -0.149      0.017
7.1000       -1147.9985   -1148.0404       0.0419   324.1     -0.044      0.074      0.849      0.258      0.272      0.013
7.2000       -1147.9971   -1148.0392       0.0421   325.6     -0.036      0.068      0.897     -0.295      0.059      0.029
7.3000       -1147.9985   -1148.0402       0.0416   322.1      0.179     -0.096      0.832     -0.307      0.078     -0.036
7.4000       -1147.9990   -1148.0400       0.0411   317.6      0.049      0.224     -0.053     -0.213     -0.010      0.021
7.5000       -1147.9980   -1148.0408       0.0427   330.5     -0.138      0.265     -0.050      0.233      0.025     -0.089
7.6000       -1147.9966   -1148.0382       0.0416   322.0      0.022      0.807     -0.259     -0.143     -0.198     -0.163
7.7000       -1147.9992   -1148.0397       0.0405   313.2      0.084     -0.307      0.097     -0.009      0.045     -0.030
7.8000       -1148.0005   -1148.0409       0.0404   312.5      0.048     -0.073      0.130      0.113      0.020     -0.084
7.9000       -1147.9951   -1148.0377       0.0426   329.8     -0.197     -0.515     -0.181      0.520      0.220      0.110
8.0000       -1147.9976   -1148.0372       0.0396   306.2      0.010     -0.049     -0.237     -0.015      0.049      0.106
8.1000       -1147.9977   -1148.0392       0.0415   321.1      0.052      0.605     -0.202     -0.263      0.020     -0.086
8.2000       -1147.9965   -1148.0378       0.0413   319.5     -0.014      0.834      0.081     -0.354      0.119     -0.125
8.3000       -1147.9996   -1148.0404       0.0409   316.3      0.004      0.676      0.039      0.071      0.208      0.114
8.4000       -1147.9973   -1148.0390       0.0417   322.4     -0.131     -0.305      0.319      0.087      0.107     -0.123
8.5000       -1147.9992   -1148.0406       0.0415   321.0      0.034     -0.430      0.270      0.058     -0.061      0.043
8.6000       -1147.9988   -1148.0393       0.0406   313.8      0.097     -0.229      0.094     -0.091      0.064      0.129
8.7000       -1147.9981   -1148.0392       0.0411   318.3     -0.013     -0.229     -0.129      0.242     -0.012     -0.007
8.8000       -1147.9981   -1148.0396       0.0415   321.0      0.054      0.533     -0.298      0.116      0.212     -0.064
8.9000       -1147.9999   -1148.0403       0.0404   312.9      0.111      0.420      0.661      0.339     -0.011     -0.062
9.0000       -1147.9987   -1148.0399       0.0412   319.1     -0.013      0.295      0.393      0.378      0.133      0.129
9.1000       -1147.9979   -1148.0395       0.0417   322.3      0.287      0.635      0.227     -0.386     -0.034      0.133
9.2000       -1147.9977   -1148.0399       0.0422   326.8      0.074     -0.284     -0.439     -0.531     -0.232     -0.014
9.3000       -1147.9979   -1148.0395       0.0416   321.9     -0.021      0.414     -0.253      0.083     -0.017     -0.108
9.4000       -1147.9986   -1148.0405       0.0419   323.9      0.030      0.230      0.251      0.478     -0.102      0.049
9.5000       -1148.0006   -1148.0415       0.0410   317.0     -0.096     -0.049      0.477      0.715     -0.070      0.020
9.6000       -1147.9997   -1148.0417       0.0420   324.7     -0.141     -0.370      0.458      0.221     -0.068     -0.017
9.7000       -1147.9970   -1148.0401       0.0430   332.9     -0.039     -0.766      0.267     -0.023     -0.020      0.045
9.8000       -1148.0027   -1148.0425       0.0397   307.3      0.001      0.230     -0.836     -0.330     -0.046     -0.012
9.9000       -1147.9977   -1148.0385       0.0408   315.7      0.026      0.052     -0.551     -0.548     -0.071      0.058
10.0000      -1148.0009   -1148.0436       0.0427   330.0      0.097      0.048     -0.131     -0.191     -0.111     -0.003
10.1000      -1147.9974   -1148.0398       0.0424   327.6      0.080      0.275     -0.003     -0.138     -0.138     -0.228
10.2000      -1147.9979   -1148.0397       0.0417   322.9      0.050      0.739      1.162      0.169     -0.035     -0.049
10.3000      -1147.9983   -1148.0378       0.0394   305.1     -0.209     -0.323      0.352      0.202     -0.189     -0.010
10.4000      -1147.9983   -1148.0398       0.0415   320.7      0.066     -0.621      0.524      0.422      0.044      0.087
10.5000      -1147.9971   -1148.0392       0.0421   325.7      0.095     -0.776     -0.154     -0.300      0.043      0.046
10.6000      -1147.9990   -1148.0399       0.0409   316.5     -0.111     -0.779     -0.286     -0.498     -0.194      0.142
10.7000      -1147.9990   -1148.0401       0.0411   317.8      0.163      0.410     -0.029     -0.557     -0.170     -0.157
10.8000      -1147.9985   -1148.0413       0.0427   330.7     -0.085     -0.076     -0.082     -0.269      0.228     -0.132
10.9000      -1148.0007   -1148.0420       0.0413   319.5     -0.064      0.181      0.070      0.365      0.102      0.050
11.0000      -1147.9976   -1148.0395       0.0419   324.3     -0.163     -0.336     -0.238      0.732      0.091      0.197
11.1000      -1147.9986   -1148.0405       0.0419   324.2     -0.132     -0.265      0.090      0.215     -0.095      0.057
11.2000      -1148.0000   -1148.0414       0.0414   320.4     -0.146      0.120      0.371      0.013     -0.002     -0.010
11.3000      -1148.0005   -1148.0414       0.0409   316.4     -0.133     -0.090      0.452      0.100     -0.066      0.097
11.4000      -1147.9972   -1148.0407       0.0435   336.6     -0.062      0.762      0.342     -0.023     -0.001     -0.003
11.5000      -1147.9984   -1148.0393       0.0410   317.0     -0.179     -0.099      0.530     -0.385      0.235      0.032
11.6000      -1147.9993   -1148.0397       0.0404   312.3     -0.043      0.006     -0.780     -0.129      0.051     -0.068
11.7000      -1147.9974   -1148.0396       0.0421   325.8      0.070     -0.174     -0.171      0.344     -0.031      0.032
11.8000      -1147.9982   -1148.0405       0.0424   328.0      0.168      0.321     -0.667      0.534      0.015      0.044
11.9000      -1147.9974   -1148.0395       0.0421   325.8      0.117     -0.430      0.179      0.294      0.016     -0.037
12.0000      -1147.9982   -1148.0406       0.0424   328.2      0.071     -0.007      0.730     -0.361     -0.021      0.108
12.1000      -1147.9967   -1148.0389       0.0422   326.7      0.037     -0.273      0.868     -0.245      0.092     -0.134
12.2000      -1147.9968   -1148.0387       0.0419   324.2      0.004     -0.564     -0.810     -0.486      0.012     -0.128
12.3000      -1147.9970   -1148.0386       0.0416   321.9      0.034     -0.139     -0.652     -0.556      0.274     -0.102
12.4000      -1147.9984   -1148.0394       0.0410   317.4      0.016      0.373      0.711      0.070     -0.106     -0.154
12.5000      -1147.9954   -1148.0381       0.0427   330.3     -0.148     -0.079      0.417      0.175     -0.004     -0.039
12.6000      -1147.9967   -1148.0379       0.0412   318.8     -0.159     -0.405      0.542      0.354      0.117      0.083
12.7000      -1148.0002   -1148.0404       0.0403   311.4      0.018     -0.431      0.121     -0.067      0.041      0.107
12.8000      -1147.9970   -1148.0389       0.0419   324.1      0.008      0.645     -0.243     -0.165      0.024     -0.083
12.9000      -1147.9979   -1148.0397       0.0418   323.7     -0.134      0.512     -0.533     -0.107      0.108      0.070
13.0000      -1147.9993   -1148.0399       0.0406   314.3      0.282      0.184      0.139      0.126     -0.032      0.091
13.1000      -1147.9974   -1148.0388       0.0414   320.3      0.020      0.153      0.717     -0.025     -0.098      0.140
13.2000      -1147.9959   -1148.0383       0.0424   328.3      0.186     -0.542      0.317     -0.179      0.063      0.027
13.3000      -1147.9984   -1148.0396       0.0412   318.6     -0.000     -0.326      0.115      0.125     -0.131     -0.026
13.4000      -1147.9977   -1148.0391       0.0414   320.3      0.265     -0.479      0.820      0.511      0.188      0.067
13.5000      -1147.9940   -1148.0355       0.0415   320.9      0.107      0.277      0.884      0.556      0.063      0.031
13.6000      -1147.9984   -1148.0393       0.0409   316.5      0.047      0.841      0.054      0.020      0.012     -0.036
13.7000      -1147.9979   -1148.0394       0.0414   320.4     -0.092      0.012     -0.005     -0.127      0.107     -0.053
13.8000      -1147.9955   -1148.0393       0.0438   338.7     -0.108      0.396      0.611     -0.147     -0.200      0.049
13.9000      -1147.9977   -1148.0399       0.0422   326.8      0.015     -0.199      0.357     -0.247     -0.038      0.164
14.0000      -1147.9990   -1148.0395       0.0405   313.3     -0.055      0.073     -0.434     -0.708      0.172      0.068
14.1000      -1147.9976   -1148.0398       0.0422   326.5     -0.181     -0.005     -0.224     -0.524     -0.044      0.254
14.2000      -1147.9953   -1148.0385       0.0432   334.2     -0.039     -0.205     -0.023     -0.421     -0.010      0.210
14.3000      -1147.9990   -1148.0410       0.0419   324.4     -0.034      0.505     -0.325     -0.094      0.083     -0.073
14.4000      -1147.9956   -1148.0382       0.0425   329.2      0.025      0.126     -0.946     -0.132      0.082      0.146
14.5000      -1147.9960   -1148.0379       0.0420   324.7      0.001      0.285     -0.145     -0.277     -0.015      0.053
14.6000      -1147.9964   -1148.0379       0.0414   320.4      0.067      0.982      0.762     -0.185     -0.049     -0.185
14.7000      -1147.9971   -1148.0397       0.0427   330.0     -0.045     -0.375      0.606      0.012      0.156      0.037
14.8000      -1147.9956   -1148.0373       0.0417   322.3     -0.260     -0.968     -0.160     -0.010      0.175      0.027
14.9000      -1147.9984   -1148.0387       0.0403   311.6      0.074     -0.964     -0.173     -0.180      0.146      0.091
15.0000      -1147.9968   -1148.0396       0.0428   331.0     -0.128     -0.301     -0.672      0.165      0.033     -0.031
15.1000      -1147.9967   -1148.0398       0.0431   333.2     -0.009     -0.129     -0.298      0.015      0.007     -0.031
15.2000      -1147.9962   -1148.0385       0.0422   326.8     -0.005      0.313      0.345      0.186      0.055     -0.000
15.3000      -1147.9999   -1148.0406       0.0407   315.2     -0.069     -0.045     -0.120     -0.192     -0.010     -0.056
15.4000      -1147.9952   -1148.0375       0.0423   327.0     -0.146     -0.690      0.148     -0.044     -0.077     -0.150
15.5000      -1147.9971   -1148.0400       0.0429   332.2      0.038     -0.600     -0.183     -0.397      0.035     -0.095
15.6000      -1147.9962   -1148.0379       0.0416   322.2      0.023      0.159     -0.569     -0.009     -0.018      0.013
15.7000      -1147.9960   -1148.0386       0.0426   329.5      0.029      0.122     -0.456      0.147     -0.215     -0.065
15.8000      -1147.9979   -1148.0399       0.0420   324.7     -0.079     -0.382     -0.463     -0.213     -0.257      0.077
15.9000      -1147.9972   -1148.0388       0.0416   321.7     -0.014     -0.445     -0.749     -0.239      0.016     -0.087
16.0000      -1147.9962   -1148.0388       0.0427   330.2     -0.059     -0.644     -0.843      0.277     -0.009     -0.079
16.1000      -1147.9962   -1148.0384       0.0422   326.4     -0.075     -0.152     -0.611      0.415     -0.008     -0.112
16.2000      -1147.9977   -1148.0398       0.0421   325.8     -0.023      0.417      0.454      0.391     -0.036      0.044
16.3000      -1147.9969   -1148.0384       0.0415   321.0     -0.136      0.050      0.022     -0.110     -0.050      0.109
16.4000      -1147.9964   -1148.0383       0.0419   324.2      0.084     -0.166     -0.315      0.238     -0.011     -0.070
16.5000      -1147.9966   -1148.0401       0.0436   337.1     -0.004      0.348      0.188      0.012     -0.042     -0.086
16.6000      -1147.9977   -1148.0388       0.0411   317.8      0.115      0.732      0.195     -0.248     -0.018     -0.025
16.7000      -1147.9964   -1148.0389       0.0425   328.6     -0.129      0.287      0.635      0.273     -0.056      0.050
16.8000      -1147.9972   -1148.0392       0.0420   324.6      0.054      0.728      0.157      0.101      0.052     -0.064
16.9000      -1147.9967   -1148.0390       0.0423   327.1      0.057      0.215      0.430      0.054     -0.023      0.188
17.0000      -1147.9969   -1148.0384       0.0415   321.4      0.073      0.661     -0.016      0.495     -0.182      0.067
17.1000      -1147.9945   -1148.0375       0.0430   332.7      0.185     -0.271      0.393     -0.127     -0.017      0.022
17.2000      -1147.9959   -1148.0390       0.0430   332.9     -0.017      0.210     -0.131     -0.008     -0.018      0.141
17.3000      -1147.9992   -1148.0396       0.0404   312.8      0.105      0.146      0.490      0.287     -0.065      0.068
17.4000      -1147.9940   -1148.0358       0.0418   323.2      0.034      0.044     -0.410      0.090     -0.182      0.060
17.5000      -1147.9965   -1148.0393       0.0428   331.4     -0.048     -0.642     -0.502      0.285      0.030      0.066
17.6000      -1147.9986   -1148.0402       0.0416   321.7      0.085     -0.606     -0.261     -0.092     -0.079     -0.147
17.7000      -1147.9990   -1148.0382       0.0392   303.2     -0.020     -1.035     -0.778     -0.250      0.110      0.086
17.8000      -1147.9956   -1148.0390       0.0434   335.5     -0.154     -0.165     -0.291      0.071      0.087     -0.044
17.9000      -1147.9958   -1148.0380       0.0423   326.9     -0.104      0.167      0.332      0.065     -0.055      0.330
18.0000      -1147.9987   -1148.0390       0.0403   311.9     -0.159      0.487      0.372      0.331      0.065      0.230
18.1000      -1147.9975   -1148.0391       0.0416   321.8     -0.098      0.130      0.152      0.181      0.017      0.221
18.2000      -1147.9948   -1148.0373       0.0425   329.1      0.010      0.774      0.462     -0.025      0.041      0.099
18.3000      -1147.9965   -1148.0380       0.0414   320.6      0.068     -0.471      0.400     -0.260      0.056      0.212
18.4000      -1147.9958   -1148.0381       0.0423   327.6     -0.053     -0.543     -0.422     -0.181     -0.177     -0.007
18.5000      -1147.9954   -1148.0369       0.0415   321.1      0.203      0.484      0.411      0.047     -0.153     -0.014
18.6000      -1147.9973   -1148.0394       0.0421   325.3      0.283      0.568      0.168     -0.468     -0.069     -0.110
18.7000      -1147.9949   -1148.0371       0.0422   326.7      0.049      0.358     -0.727     -0.005      0.005     -0.076
18.8000      -1147.9964   -1148.0402       0.0438   339.0      0.039     -0.027      0.451      0.386     -0.056     -0.114
18.9000      -1147.9951   -1148.0384       0.0433   334.7     -0.100     -1.016      0.343      0.319      0.077     -0.052
19.0000      -1147.9990   -1148.0400       0.0410   317.0     -0.082     -0.352      0.291      0.565     -0.023      0.036
19.1000      -1147.9935   -1148.0376       0.0440   340.7     -0.169     -0.189     -0.426     -0.134     -0.103     -0.196
19.2000      -1147.9955   -1148.0385       0.0430   332.5      0.258      0.453     -0.333     -0.486      0.115     -0.089
19.3000      -1147.9965   -1148.0385       0.0420   324.8     -0.050     -0.096      0.063     -0.384     -0.097     -0.052
19.4000      -1147.9970   -1148.0386       0.0416   321.8     -0.083     -0.309      0.060     -0.206      0.011     -0.008
19.5000      -1147.9943   -1148.0361       0.0418   323.5      0.065     -0.190      0.282     -0.355     -0.227      0.047
19.6000      -1147.9978   -1148.0398       0.0419   324.4      0.029     -0.029      0.548      0.094      0.060     -0.042
19.7000      -1147.9964   -1148.0378       0.0414   320.4     -0.093      0.380      0.357     -0.141      0.182     -0.054
19.8000      -1147.9954   -1148.0377       0.0424   327.8     -0.062      0.518      0.239     -0.139     -0.142      0.024
19.9000      -1147.9987   -1148.0389       0.0402   310.9      0.102      0.219      0.881     -0.119     -0.078      0.044
20.0000      -1147.9957   -1148.0375       0.0418   323.2      0.028     -0.058     -0.294      0.030     -0.056      0.099
20.1000      -1147.9939   -1148.0362       0.0423   327.1     -0.065     -0.237     -0.271      0.029      0.118      0.040
20.2000      -1147.9971   -1148.0383       0.0412   318.6      0.087      0.143      0.312     -0.209      0.049     -0.206
20.3000      -1147.9975   -1148.0389       0.0414   320.0     -0.156     -0.543     -0.020      0.123     -0.075     -0.055
20.4000      -1147.9944   -1148.0381       0.0437   338.2     -0.022     -0.420      0.402      0.084     -0.107     -0.003
20.5000      -1147.9968   -1148.0388       0.0420   325.1      0.109      0.319      0.325      0.078     -0.008      0.084
20.6000      -1147.9963   -1148.0382       0.0418   323.6      0.056     -0.373     -0.681     -0.012      0.039      0.253
20.7000      -1147.9952   -1148.0384       0.0432   334.1     -0.139     -0.506     -0.772     -0.332     -0.061      0.065
20.8000      -1147.9977   -1148.0391       0.0414   320.1      0.031     -0.381     -0.549     -0.312     -0.056      0.151
20.9000      -1147.9953   -1148.0378       0.0425   328.7      0.120     -0.014     -0.204     -0.030     -0.095      0.138
21.0000      -1147.9949   -1148.0386       0.0437   337.7     -0.063     -0.302      0.699      0.083      0.099     -0.001
