2025-03-04 22:28:50.727 INFO: ===========VERIFYING SETTINGS===========
2025-03-04 22:28:50.729 INFO: MACE version: 0.3.10
2025-03-04 22:28:50.730 DEBUG: Configuration: Namespace(config=None, name='model_finetune_naive', seed=123, work_dir='.', log_dir='./logs', model_dir='.', checkpoints_dir='./checkpoints', results_dir='./results', downloads_dir='./downloads', device='cuda', default_dtype='float64', distributed=False, log_level='INFO', error_table='PerAtomRMSE', model='MACE', r_max=5.0, radial_type='bessel', num_radial_basis=8, num_cutoff_basis=5, pair_repulsion=False, distance_transform='None', interaction='RealAgnosticResidualInteractionBlock', interaction_first='RealAgnosticResidualInteractionBlock', max_ell=3, correlation=3, num_interactions=2, MLP_irreps='16x0e', radial_MLP='[64, 64, 64]', hidden_irreps='128x0e + 128x1o', num_channels=128, max_L=1, gate='silu', scaling='rms_forces_scaling', avg_num_neighbors=1, compute_avg_num_neighbors=True, compute_stress=False, compute_forces=True, train_file='../data/nacl-water-RPA.xyz', valid_file=None, valid_fraction=0.05, test_file=None, test_dir=None, multi_processed_test=False, num_workers=0, pin_memory=True, atomic_numbers=None, mean=None, std=None, statistics_file=None, E0s=None, foundation_filter_elements=True, heads=None, multiheads_finetuning=False, foundation_head=None, weight_pt_head=1.0, num_samples_pt=10000, force_mh_ft_lr=False, subselect_pt='random', pt_train_file=None, pt_valid_file=None, foundation_model_elements=False, keep_isolated_atoms=False, energy_key='REF_energy', forces_key='REF_forces', virials_key='REF_virials', stress_key='REF_stress', dipole_key='REF_dipole', charges_key='REF_charges', loss='weighted', forces_weight=100.0, swa_forces_weight=100.0, energy_weight=1.0, swa_energy_weight=1000.0, virials_weight=1.0, swa_virials_weight=10.0, stress_weight=1.0, swa_stress_weight=10.0, dipole_weight=1.0, swa_dipole_weight=1.0, config_type_weights='{"Default":1.0}', huber_delta=0.01, optimizer='adam', beta=0.9, batch_size=4, valid_batch_size=10, lr=0.01, swa_lr=0.001, weight_decay=5e-07, amsgrad=True, scheduler='ReduceLROnPlateau', lr_factor=0.8, scheduler_patience=50, lr_scheduler_gamma=0.9993, swa=False, start_swa=None, ema=True, ema_decay=0.995, max_num_epochs=100, patience=2048, foundation_model='medium', foundation_model_readout=True, eval_interval=1, keep_checkpoints=True, save_all_checkpoints=True, restart_latest=False, save_cpu=False, clip_grad=10.0, enable_cueq=False, wandb=False, wandb_dir=None, wandb_project='', wandb_entity='', wandb_name='', wandb_log_hypers=['num_channels', 'max_L', 'correlation', 'lr', 'swa_lr', 'weight_decay', 'batch_size', 'max_num_epochs', 'start_swa', 'energy_weight', 'forces_weight'])
2025-03-04 22:28:51.067 INFO: CUDA version: 12.4, CUDA device: 0
2025-03-04 22:28:53.667 DEBUG: Popen(['git', 'version'], cwd=/rds/user/dwl38/hpc-work/MPhil-Scientific-Computing/WA-2/finetune_naive, stdin=None, shell=False, universal_newlines=False)
2025-03-04 22:28:53.679 DEBUG: Popen(['git', 'version'], cwd=/rds/user/dwl38/hpc-work/MPhil-Scientific-Computing/WA-2/finetune_naive, stdin=None, shell=False, universal_newlines=False)
2025-03-04 22:28:53.710 DEBUG: Popen(['git', 'cat-file', '--batch-check'], cwd=/rds/user/dwl38/hpc-work/MPhil-Scientific-Computing, stdin=<valid stream>, shell=False, universal_newlines=False)
2025-03-04 22:28:53.842 DEBUG: Current Git commit: 6df72ca01554cd89caed77919aaf382027cab80c
2025-03-04 22:28:53.842 INFO: Using foundation model mace-mp-0 medium as initial checkpoint.
2025-03-04 22:28:58.477 INFO: CUDA version: 12.4, CUDA device: 0
2025-03-04 22:28:58.611 INFO: ===========LOADING INPUT DATA===========
2025-03-04 22:28:58.611 INFO: Using heads: ['default']
2025-03-04 22:28:58.611 INFO: =============    Processing head default     ===========
2025-03-04 22:28:59.187 INFO: Using isolated atom energies from training file
2025-03-04 22:28:59.227 INFO: Training set [1048 configs, 1048 energy, 554352 forces] loaded from '../data/nacl-water-RPA.xyz'
2025-03-04 22:28:59.228 INFO: Using random 5% of training set for validation with indices saved in: ./valid_indices_123.txt
2025-03-04 22:28:59.229 INFO: Validaton set contains 52 configurations [52 energy, 27720 forces]
2025-03-04 22:28:59.229 INFO: Total number of configurations: train=996, valid=52, tests=[],
2025-03-04 22:28:59.245 INFO: Atomic Numbers used: [1, 8, 11, 17]
2025-03-04 22:28:59.246 INFO: Atomic Energies used (z: eV) for head default: {1: -14.058715637648925, 8: -433.0443596510768, 11: -1302.0064166842267, 17: -408.458660525576}
2025-03-04 22:29:04.224 INFO: Computing average number of neighbors
2025-03-04 22:29:04.872 INFO: Average number of neighbors: 83.2900013671786
2025-03-04 22:29:04.872 INFO: During training the following quantities will be reported: energy, forces
2025-03-04 22:29:04.872 INFO: ===========MODEL DETAILS===========
2025-03-04 22:29:05.295 INFO: Loading FOUNDATION model
2025-03-04 22:29:05.296 INFO: Using filtered elements: [1, 8, 11, 17]
2025-03-04 22:29:05.296 INFO: Model configuration extracted from foundation model
2025-03-04 22:29:05.296 INFO: Using universal loss function for fine-tuning
2025-03-04 22:29:05.296 INFO: Message passing with hidden irreps 128x0e+128x1o)
2025-03-04 22:29:05.296 INFO: 2 layers, each with correlation order: 3 (body order: 4) and spherical harmonics up to: l=3
2025-03-04 22:29:05.296 INFO: Radial cutoff: 6.0 A (total receptive field for each atom: 12.0 A)
2025-03-04 22:29:05.296 INFO: Distance transform for radial basis functions: None
2025-03-04 22:29:06.933 DEBUG: ScaleShiftMACE(
  (node_embedding): LinearNodeEmbeddingBlock(
    (linear): Linear(4x0e -> 128x0e | 512 weights)
  )
  (radial_embedding): RadialEmbeddingBlock(
    (bessel_fn): BesselBasis(r_max=6.0, num_basis=10, trainable=True)
    (cutoff_fn): PolynomialCutoff(p=5, r_max=6.0)
  )
  (spherical_harmonics): SphericalHarmonics()
  (atomic_energies_fn): AtomicEnergiesBlock(energies=[[-14.0587, -433.0444, -1302.0064, -408.4587]])
  (interactions): ModuleList(
    (0): RealAgnosticResidualInteractionBlock(
      (linear_up): Linear(128x0e -> 128x0e | 16384 weights)
      (conv_tp): TensorProduct(128x0e x 1x0e+1x1o+1x2e+1x3o -> 128x0e+128x1o+128x2e+128x3o | 512 paths | 512 weights)
      (conv_tp_weights): FullyConnectedNet[10, 64, 64, 64, 512]
      (linear): Linear(128x0e+128x1o+128x2e+128x3o -> 128x0e+128x1o+128x2e+128x3o | 65536 weights)
      (skip_tp): FullyConnectedTensorProduct(128x0e x 4x0e -> 128x0e+128x1o | 65536 paths | 65536 weights)
      (reshape): reshape_irreps()
    )
    (1): RealAgnosticResidualInteractionBlock(
      (linear_up): Linear(128x0e+128x1o -> 128x0e+128x1o | 32768 weights)
      (conv_tp): TensorProduct(128x0e+128x1o x 1x0e+1x1o+1x2e+1x3o -> 256x0e+384x1o+384x2e+256x3o | 1280 paths | 1280 weights)
      (conv_tp_weights): FullyConnectedNet[10, 64, 64, 64, 1280]
      (linear): Linear(128x0e+128x0e+128x1o+128x1o+128x1o+128x2e+128x2e+128x2e+128x3o+128x3o -> 128x0e+128x1o+128x2e+128x3o | 163840 weights)
      (skip_tp): FullyConnectedTensorProduct(128x0e+128x1o x 4x0e -> 128x0e | 65536 paths | 65536 weights)
      (reshape): reshape_irreps()
    )
  )
  (products): ModuleList(
    (0): EquivariantProductBasisBlock(
      (symmetric_contractions): SymmetricContraction(
        (contractions): ModuleList(
          (0): Contraction(
            (contractions_weighting): ModuleList(
              (0-1): 2 x GraphModule()
            )
            (contractions_features): ModuleList(
              (0-1): 2 x GraphModule()
            )
            (weights): ParameterList(
                (0): Parameter containing: [torch.float64 of size 4x4x128 (cuda:0)]
                (1): Parameter containing: [torch.float64 of size 4x1x128 (cuda:0)]
            )
            (graph_opt_main): GraphModule()
          )
          (1): Contraction(
            (contractions_weighting): ModuleList(
              (0-1): 2 x GraphModule()
            )
            (contractions_features): ModuleList(
              (0-1): 2 x GraphModule()
            )
            (weights): ParameterList(
                (0): Parameter containing: [torch.float64 of size 4x6x128 (cuda:0)]
                (1): Parameter containing: [torch.float64 of size 4x1x128 (cuda:0)]
            )
            (graph_opt_main): GraphModule()
          )
        )
      )
      (linear): Linear(128x0e+128x1o -> 128x0e+128x1o | 32768 weights)
    )
    (1): EquivariantProductBasisBlock(
      (symmetric_contractions): SymmetricContraction(
        (contractions): ModuleList(
          (0): Contraction(
            (contractions_weighting): ModuleList(
              (0-1): 2 x GraphModule()
            )
            (contractions_features): ModuleList(
              (0-1): 2 x GraphModule()
            )
            (weights): ParameterList(
                (0): Parameter containing: [torch.float64 of size 4x4x128 (cuda:0)]
                (1): Parameter containing: [torch.float64 of size 4x1x128 (cuda:0)]
            )
            (graph_opt_main): GraphModule()
          )
        )
      )
      (linear): Linear(128x0e -> 128x0e | 16384 weights)
    )
  )
  (readouts): ModuleList(
    (0): LinearReadoutBlock(
      (linear): Linear(128x0e+128x1o -> 1x0e | 128 weights)
    )
    (1): NonLinearReadoutBlock(
      (linear_1): Linear(128x0e -> 16x0e | 2048 weights)
      (non_linearity): Activation [x] (16x0e -> 16x0e)
      (linear_2): Linear(16x0e -> 1x0e | 16 weights)
    )
  )
  (scale_shift): ScaleShiftBlock(scale=0.8042, shift=0.1641)
)
2025-03-04 22:29:06.935 INFO: Total number of parameters: 652186
2025-03-04 22:29:06.935 INFO: 
2025-03-04 22:29:06.935 INFO: ===========OPTIMIZER INFORMATION===========
2025-03-04 22:29:06.935 INFO: Using ADAM as parameter optimizer
2025-03-04 22:29:06.935 INFO: Batch size: 4
2025-03-04 22:29:06.935 INFO: Using Exponential Moving Average with decay: 0.995
2025-03-04 22:29:06.935 INFO: Number of gradient updates: 24900
2025-03-04 22:29:06.935 INFO: Learning rate: 0.01, weight decay: 5e-07
2025-03-04 22:29:06.935 INFO: WeightedEnergyForcesLoss(energy_weight=1.000, forces_weight=100.000)
2025-03-04 22:29:06.937 INFO: Using gradient clipping with tolerance=10.000
2025-03-04 22:29:06.937 INFO: 
2025-03-04 22:29:06.937 INFO: ===========TRAINING===========
2025-03-04 22:29:06.937 INFO: Started training, reporting errors on validation set
2025-03-04 22:29:06.937 INFO: Loss metrics on validation set
2025-03-04 22:29:18.508 INFO: Initial: head: default, loss=2.55487607, RMSE_E_per_atom= 3365.15 meV, RMSE_F=  330.31 meV / A
2025-03-04 22:31:00.725 INFO: Epoch 0: head: default, loss=0.01946453, RMSE_E_per_atom=   27.85 meV, RMSE_F=   40.94 meV / A
2025-03-04 22:31:00.727 DEBUG: Saving checkpoint: ./checkpoints/model_finetune_naive_run-123_epoch-0.pt
2025-03-04 22:32:38.310 INFO: Epoch 1: head: default, loss=0.01119360, RMSE_E_per_atom=   12.31 meV, RMSE_F=   31.04 meV / A
2025-03-04 22:32:38.311 DEBUG: Saving checkpoint: ./checkpoints/model_finetune_naive_run-123_epoch-1.pt
2025-03-04 22:34:15.930 INFO: Epoch 2: head: default, loss=0.00944129, RMSE_E_per_atom=    7.13 meV, RMSE_F=   28.44 meV / A
2025-03-04 22:34:15.932 DEBUG: Saving checkpoint: ./checkpoints/model_finetune_naive_run-123_epoch-2.pt
2025-03-04 22:35:53.484 INFO: Epoch 3: head: default, loss=0.00801550, RMSE_E_per_atom=    6.08 meV, RMSE_F=   26.25 meV / A
2025-03-04 22:35:53.485 DEBUG: Saving checkpoint: ./checkpoints/model_finetune_naive_run-123_epoch-3.pt
2025-03-04 22:37:31.050 INFO: Epoch 4: head: default, loss=0.01115458, RMSE_E_per_atom=    4.26 meV, RMSE_F=   30.72 meV / A
2025-03-04 22:37:31.052 DEBUG: Saving checkpoint: ./checkpoints/model_finetune_naive_run-123_epoch-4.pt
2025-03-04 22:39:08.637 INFO: Epoch 5: head: default, loss=0.00798601, RMSE_E_per_atom=    9.01 meV, RMSE_F=   26.24 meV / A
2025-03-04 22:39:08.638 DEBUG: Saving checkpoint: ./checkpoints/model_finetune_naive_run-123_epoch-5.pt
2025-03-04 22:40:46.258 INFO: Epoch 6: head: default, loss=0.00671888, RMSE_E_per_atom=    6.55 meV, RMSE_F=   24.08 meV / A
2025-03-04 22:40:46.259 DEBUG: Saving checkpoint: ./checkpoints/model_finetune_naive_run-123_epoch-6.pt
2025-03-04 22:42:23.811 INFO: Epoch 7: head: default, loss=0.00642686, RMSE_E_per_atom=    4.18 meV, RMSE_F=   23.63 meV / A
2025-03-04 22:42:23.812 DEBUG: Saving checkpoint: ./checkpoints/model_finetune_naive_run-123_epoch-7.pt
2025-03-04 22:44:01.368 INFO: Epoch 8: head: default, loss=0.00584660, RMSE_E_per_atom=    3.52 meV, RMSE_F=   22.47 meV / A
2025-03-04 22:44:01.370 DEBUG: Saving checkpoint: ./checkpoints/model_finetune_naive_run-123_epoch-8.pt
2025-03-04 22:45:38.893 INFO: Epoch 9: head: default, loss=0.00550596, RMSE_E_per_atom=    2.37 meV, RMSE_F=   21.78 meV / A
2025-03-04 22:45:38.894 DEBUG: Saving checkpoint: ./checkpoints/model_finetune_naive_run-123_epoch-9.pt
2025-03-04 22:47:16.436 INFO: Epoch 10: head: default, loss=0.00513411, RMSE_E_per_atom=    2.03 meV, RMSE_F=   21.03 meV / A
2025-03-04 22:47:16.437 DEBUG: Saving checkpoint: ./checkpoints/model_finetune_naive_run-123_epoch-10.pt
2025-03-04 22:48:53.975 INFO: Epoch 11: head: default, loss=0.00536070, RMSE_E_per_atom=    4.23 meV, RMSE_F=   21.59 meV / A
2025-03-04 22:48:53.976 DEBUG: Saving checkpoint: ./checkpoints/model_finetune_naive_run-123_epoch-11.pt
2025-03-04 22:50:31.474 INFO: Epoch 12: head: default, loss=0.00481685, RMSE_E_per_atom=    3.43 meV, RMSE_F=   20.42 meV / A
2025-03-04 22:50:31.475 DEBUG: Saving checkpoint: ./checkpoints/model_finetune_naive_run-123_epoch-12.pt
2025-03-04 22:52:08.972 INFO: Epoch 13: head: default, loss=0.00458999, RMSE_E_per_atom=    1.35 meV, RMSE_F=   19.93 meV / A
2025-03-04 22:52:08.974 DEBUG: Saving checkpoint: ./checkpoints/model_finetune_naive_run-123_epoch-13.pt
2025-03-04 22:53:46.501 INFO: Epoch 14: head: default, loss=0.00464465, RMSE_E_per_atom=    1.78 meV, RMSE_F=   20.06 meV / A
2025-03-04 22:53:46.503 DEBUG: Saving checkpoint: ./checkpoints/model_finetune_naive_run-123_epoch-14.pt
2025-03-04 22:55:24.027 INFO: Epoch 15: head: default, loss=0.00439972, RMSE_E_per_atom=    1.01 meV, RMSE_F=   19.51 meV / A
2025-03-04 22:55:24.028 DEBUG: Saving checkpoint: ./checkpoints/model_finetune_naive_run-123_epoch-15.pt
2025-03-04 22:57:01.606 INFO: Epoch 16: head: default, loss=0.00457528, RMSE_E_per_atom=    0.71 meV, RMSE_F=   19.92 meV / A
2025-03-04 22:57:01.608 DEBUG: Saving checkpoint: ./checkpoints/model_finetune_naive_run-123_epoch-16.pt
2025-03-04 22:58:39.114 INFO: Epoch 17: head: default, loss=0.00447441, RMSE_E_per_atom=    1.83 meV, RMSE_F=   19.69 meV / A
2025-03-04 22:58:39.116 DEBUG: Saving checkpoint: ./checkpoints/model_finetune_naive_run-123_epoch-17.pt
2025-03-04 23:00:16.607 INFO: Epoch 18: head: default, loss=0.00427738, RMSE_E_per_atom=    3.15 meV, RMSE_F=   19.24 meV / A
2025-03-04 23:00:16.609 DEBUG: Saving checkpoint: ./checkpoints/model_finetune_naive_run-123_epoch-18.pt
2025-03-04 23:01:54.104 INFO: Epoch 19: head: default, loss=0.00424108, RMSE_E_per_atom=    2.54 meV, RMSE_F=   19.19 meV / A
2025-03-04 23:01:54.105 DEBUG: Saving checkpoint: ./checkpoints/model_finetune_naive_run-123_epoch-19.pt
2025-03-04 23:03:31.598 INFO: Epoch 20: head: default, loss=0.00410190, RMSE_E_per_atom=    2.29 meV, RMSE_F=   18.88 meV / A
2025-03-04 23:03:31.599 DEBUG: Saving checkpoint: ./checkpoints/model_finetune_naive_run-123_epoch-20.pt
2025-03-04 23:05:09.166 INFO: Epoch 21: head: default, loss=0.00406899, RMSE_E_per_atom=    0.77 meV, RMSE_F=   18.77 meV / A
2025-03-04 23:05:09.167 DEBUG: Saving checkpoint: ./checkpoints/model_finetune_naive_run-123_epoch-21.pt
2025-03-04 23:06:46.708 INFO: Epoch 22: head: default, loss=0.00411933, RMSE_E_per_atom=    0.90 meV, RMSE_F=   18.89 meV / A
2025-03-04 23:06:46.709 DEBUG: Saving checkpoint: ./checkpoints/model_finetune_naive_run-123_epoch-22.pt
2025-03-04 23:08:24.203 INFO: Epoch 23: head: default, loss=0.00390638, RMSE_E_per_atom=    0.59 meV, RMSE_F=   18.38 meV / A
2025-03-04 23:08:24.205 DEBUG: Saving checkpoint: ./checkpoints/model_finetune_naive_run-123_epoch-23.pt
2025-03-04 23:10:01.669 INFO: Epoch 24: head: default, loss=0.00389811, RMSE_E_per_atom=    2.54 meV, RMSE_F=   18.38 meV / A
2025-03-04 23:10:01.671 DEBUG: Saving checkpoint: ./checkpoints/model_finetune_naive_run-123_epoch-24.pt
2025-03-04 23:11:39.157 INFO: Epoch 25: head: default, loss=0.00404870, RMSE_E_per_atom=    2.20 meV, RMSE_F=   18.80 meV / A
2025-03-04 23:11:39.158 DEBUG: Saving checkpoint: ./checkpoints/model_finetune_naive_run-123_epoch-25.pt
2025-03-04 23:13:16.718 INFO: Epoch 26: head: default, loss=0.00393035, RMSE_E_per_atom=    2.78 meV, RMSE_F=   18.47 meV / A
2025-03-04 23:13:16.720 DEBUG: Saving checkpoint: ./checkpoints/model_finetune_naive_run-123_epoch-26.pt
2025-03-04 23:14:54.227 INFO: Epoch 27: head: default, loss=0.00401151, RMSE_E_per_atom=    3.45 meV, RMSE_F=   18.69 meV / A
2025-03-04 23:14:54.229 DEBUG: Saving checkpoint: ./checkpoints/model_finetune_naive_run-123_epoch-27.pt
2025-03-04 23:16:31.732 INFO: Epoch 28: head: default, loss=0.00418931, RMSE_E_per_atom=    2.66 meV, RMSE_F=   19.11 meV / A
2025-03-04 23:16:31.734 DEBUG: Saving checkpoint: ./checkpoints/model_finetune_naive_run-123_epoch-28.pt
2025-03-04 23:18:09.224 INFO: Epoch 29: head: default, loss=0.00418206, RMSE_E_per_atom=    4.19 meV, RMSE_F=   19.09 meV / A
2025-03-04 23:18:09.225 DEBUG: Saving checkpoint: ./checkpoints/model_finetune_naive_run-123_epoch-29.pt
2025-03-04 23:19:46.699 INFO: Epoch 30: head: default, loss=0.00400743, RMSE_E_per_atom=    2.58 meV, RMSE_F=   18.69 meV / A
2025-03-04 23:19:46.701 DEBUG: Saving checkpoint: ./checkpoints/model_finetune_naive_run-123_epoch-30.pt
2025-03-04 23:21:24.280 INFO: Epoch 31: head: default, loss=0.00376038, RMSE_E_per_atom=    2.21 meV, RMSE_F=   18.07 meV / A
2025-03-04 23:21:24.281 DEBUG: Saving checkpoint: ./checkpoints/model_finetune_naive_run-123_epoch-31.pt
2025-03-04 23:23:01.795 INFO: Epoch 32: head: default, loss=0.00370279, RMSE_E_per_atom=    1.75 meV, RMSE_F=   17.93 meV / A
2025-03-04 23:23:01.796 DEBUG: Saving checkpoint: ./checkpoints/model_finetune_naive_run-123_epoch-32.pt
2025-03-04 23:24:39.331 INFO: Epoch 33: head: default, loss=0.00370398, RMSE_E_per_atom=    1.70 meV, RMSE_F=   17.93 meV / A
2025-03-04 23:24:39.333 DEBUG: Saving checkpoint: ./checkpoints/model_finetune_naive_run-123_epoch-33.pt
2025-03-04 23:26:16.848 INFO: Epoch 34: head: default, loss=0.00411210, RMSE_E_per_atom=    5.83 meV, RMSE_F=   18.81 meV / A
2025-03-04 23:26:16.850 DEBUG: Saving checkpoint: ./checkpoints/model_finetune_naive_run-123_epoch-34.pt
2025-03-04 23:27:54.341 INFO: Epoch 35: head: default, loss=0.00375896, RMSE_E_per_atom=    3.20 meV, RMSE_F=   18.04 meV / A
2025-03-04 23:27:54.342 DEBUG: Saving checkpoint: ./checkpoints/model_finetune_naive_run-123_epoch-35.pt
2025-03-04 23:29:31.840 INFO: Epoch 36: head: default, loss=0.00370634, RMSE_E_per_atom=    3.41 meV, RMSE_F=   17.95 meV / A
2025-03-04 23:29:31.841 DEBUG: Saving checkpoint: ./checkpoints/model_finetune_naive_run-123_epoch-36.pt
2025-03-04 23:31:09.358 INFO: Epoch 37: head: default, loss=0.00440645, RMSE_E_per_atom=    2.67 meV, RMSE_F=   19.55 meV / A
2025-03-04 23:31:09.360 DEBUG: Saving checkpoint: ./checkpoints/model_finetune_naive_run-123_epoch-37.pt
2025-03-04 23:32:46.864 INFO: Epoch 38: head: default, loss=0.00380137, RMSE_E_per_atom=    4.03 meV, RMSE_F=   18.16 meV / A
2025-03-04 23:32:46.865 DEBUG: Saving checkpoint: ./checkpoints/model_finetune_naive_run-123_epoch-38.pt
2025-03-04 23:34:29.235 INFO: Epoch 39: head: default, loss=0.00365476, RMSE_E_per_atom=    0.89 meV, RMSE_F=   17.82 meV / A
2025-03-04 23:34:29.640 DEBUG: Saving checkpoint: ./checkpoints/model_finetune_naive_run-123_epoch-39.pt
2025-03-04 23:36:07.498 INFO: Epoch 40: head: default, loss=0.00353763, RMSE_E_per_atom=    2.20 meV, RMSE_F=   17.51 meV / A
2025-03-04 23:36:07.499 DEBUG: Saving checkpoint: ./checkpoints/model_finetune_naive_run-123_epoch-40.pt
2025-03-04 23:37:45.096 INFO: Epoch 41: head: default, loss=0.00354823, RMSE_E_per_atom=    0.42 meV, RMSE_F=   17.55 meV / A
2025-03-04 23:37:45.097 DEBUG: Saving checkpoint: ./checkpoints/model_finetune_naive_run-123_epoch-41.pt
2025-03-04 23:39:22.610 INFO: Epoch 42: head: default, loss=0.00349818, RMSE_E_per_atom=    1.46 meV, RMSE_F=   17.42 meV / A
2025-03-04 23:39:22.612 DEBUG: Saving checkpoint: ./checkpoints/model_finetune_naive_run-123_epoch-42.pt
2025-03-04 23:41:00.115 INFO: Epoch 43: head: default, loss=0.00338920, RMSE_E_per_atom=    1.10 meV, RMSE_F=   17.13 meV / A
2025-03-04 23:41:00.116 DEBUG: Saving checkpoint: ./checkpoints/model_finetune_naive_run-123_epoch-43.pt
2025-03-04 23:42:37.615 INFO: Epoch 44: head: default, loss=0.00335392, RMSE_E_per_atom=    0.65 meV, RMSE_F=   17.03 meV / A
2025-03-04 23:42:37.616 DEBUG: Saving checkpoint: ./checkpoints/model_finetune_naive_run-123_epoch-44.pt
2025-03-04 23:44:15.122 INFO: Epoch 45: head: default, loss=0.00330813, RMSE_E_per_atom=    0.86 meV, RMSE_F=   16.92 meV / A
2025-03-04 23:44:15.123 DEBUG: Saving checkpoint: ./checkpoints/model_finetune_naive_run-123_epoch-45.pt
2025-03-04 23:45:52.762 INFO: Epoch 46: head: default, loss=0.00327891, RMSE_E_per_atom=    1.07 meV, RMSE_F=   16.85 meV / A
2025-03-04 23:45:52.764 DEBUG: Saving checkpoint: ./checkpoints/model_finetune_naive_run-123_epoch-46.pt
2025-03-04 23:47:30.286 INFO: Epoch 47: head: default, loss=0.00331861, RMSE_E_per_atom=    0.35 meV, RMSE_F=   16.95 meV / A
2025-03-04 23:47:30.288 DEBUG: Saving checkpoint: ./checkpoints/model_finetune_naive_run-123_epoch-47.pt
2025-03-04 23:49:07.808 INFO: Epoch 48: head: default, loss=0.00323304, RMSE_E_per_atom=    0.97 meV, RMSE_F=   16.75 meV / A
2025-03-04 23:49:07.809 DEBUG: Saving checkpoint: ./checkpoints/model_finetune_naive_run-123_epoch-48.pt
2025-03-04 23:50:45.364 INFO: Epoch 49: head: default, loss=0.00328554, RMSE_E_per_atom=    0.48 meV, RMSE_F=   16.89 meV / A
2025-03-04 23:50:45.366 DEBUG: Saving checkpoint: ./checkpoints/model_finetune_naive_run-123_epoch-49.pt
2025-03-04 23:52:22.868 INFO: Epoch 50: head: default, loss=0.00333150, RMSE_E_per_atom=    1.47 meV, RMSE_F=   17.03 meV / A
2025-03-04 23:52:22.870 DEBUG: Saving checkpoint: ./checkpoints/model_finetune_naive_run-123_epoch-50.pt
2025-03-04 23:54:00.384 INFO: Epoch 51: head: default, loss=0.00327120, RMSE_E_per_atom=    2.24 meV, RMSE_F=   16.86 meV / A
2025-03-04 23:54:00.386 DEBUG: Saving checkpoint: ./checkpoints/model_finetune_naive_run-123_epoch-51.pt
2025-03-04 23:55:37.892 INFO: Epoch 52: head: default, loss=0.00337687, RMSE_E_per_atom=    1.21 meV, RMSE_F=   17.15 meV / A
2025-03-04 23:55:37.894 DEBUG: Saving checkpoint: ./checkpoints/model_finetune_naive_run-123_epoch-52.pt
2025-03-04 23:57:14.988 INFO: Epoch 53: head: default, loss=0.00335642, RMSE_E_per_atom=    4.59 meV, RMSE_F=   17.07 meV / A
2025-03-04 23:57:14.989 DEBUG: Saving checkpoint: ./checkpoints/model_finetune_naive_run-123_epoch-53.pt
2025-03-04 23:58:52.016 INFO: Epoch 54: head: default, loss=0.00392979, RMSE_E_per_atom=    1.60 meV, RMSE_F=   18.36 meV / A
2025-03-04 23:58:52.018 DEBUG: Saving checkpoint: ./checkpoints/model_finetune_naive_run-123_epoch-54.pt
2025-03-05 00:00:29.047 INFO: Epoch 55: head: default, loss=0.00348020, RMSE_E_per_atom=    4.48 meV, RMSE_F=   17.32 meV / A
2025-03-05 00:00:29.049 DEBUG: Saving checkpoint: ./checkpoints/model_finetune_naive_run-123_epoch-55.pt
2025-03-05 00:02:06.061 INFO: Epoch 56: head: default, loss=0.00333077, RMSE_E_per_atom=    2.29 meV, RMSE_F=   16.98 meV / A
2025-03-05 00:02:06.063 DEBUG: Saving checkpoint: ./checkpoints/model_finetune_naive_run-123_epoch-56.pt
2025-03-05 00:03:43.083 INFO: Epoch 57: head: default, loss=0.00331211, RMSE_E_per_atom=    5.55 meV, RMSE_F=   16.92 meV / A
2025-03-05 00:03:43.085 DEBUG: Saving checkpoint: ./checkpoints/model_finetune_naive_run-123_epoch-57.pt
2025-03-05 00:05:20.105 INFO: Epoch 58: head: default, loss=0.00329455, RMSE_E_per_atom=    0.76 meV, RMSE_F=   16.92 meV / A
2025-03-05 00:05:20.106 DEBUG: Saving checkpoint: ./checkpoints/model_finetune_naive_run-123_epoch-58.pt
2025-03-05 00:06:57.125 INFO: Epoch 59: head: default, loss=0.00338732, RMSE_E_per_atom=    4.17 meV, RMSE_F=   17.16 meV / A
2025-03-05 00:06:57.126 DEBUG: Saving checkpoint: ./checkpoints/model_finetune_naive_run-123_epoch-59.pt
2025-03-05 00:08:34.112 INFO: Epoch 60: head: default, loss=0.00340309, RMSE_E_per_atom=    1.21 meV, RMSE_F=   17.21 meV / A
2025-03-05 00:08:34.114 DEBUG: Saving checkpoint: ./checkpoints/model_finetune_naive_run-123_epoch-60.pt
2025-03-05 00:10:11.097 INFO: Epoch 61: head: default, loss=0.00338280, RMSE_E_per_atom=    2.42 meV, RMSE_F=   17.16 meV / A
2025-03-05 00:10:11.098 DEBUG: Saving checkpoint: ./checkpoints/model_finetune_naive_run-123_epoch-61.pt
2025-03-05 00:11:48.066 INFO: Epoch 62: head: default, loss=0.00322610, RMSE_E_per_atom=    1.51 meV, RMSE_F=   16.73 meV / A
2025-03-05 00:11:48.067 DEBUG: Saving checkpoint: ./checkpoints/model_finetune_naive_run-123_epoch-62.pt
2025-03-05 00:13:25.058 INFO: Epoch 63: head: default, loss=0.00317666, RMSE_E_per_atom=    1.99 meV, RMSE_F=   16.58 meV / A
2025-03-05 00:13:25.060 DEBUG: Saving checkpoint: ./checkpoints/model_finetune_naive_run-123_epoch-63.pt
2025-03-05 00:15:02.048 INFO: Epoch 64: head: default, loss=0.00317453, RMSE_E_per_atom=    0.54 meV, RMSE_F=   16.58 meV / A
2025-03-05 00:15:02.049 DEBUG: Saving checkpoint: ./checkpoints/model_finetune_naive_run-123_epoch-64.pt
2025-03-05 00:16:39.108 INFO: Epoch 65: head: default, loss=0.00313426, RMSE_E_per_atom=    1.99 meV, RMSE_F=   16.48 meV / A
2025-03-05 00:16:39.109 DEBUG: Saving checkpoint: ./checkpoints/model_finetune_naive_run-123_epoch-65.pt
2025-03-05 00:18:16.084 INFO: Epoch 66: head: default, loss=0.00317186, RMSE_E_per_atom=    1.19 meV, RMSE_F=   16.59 meV / A
2025-03-05 00:18:16.085 DEBUG: Saving checkpoint: ./checkpoints/model_finetune_naive_run-123_epoch-66.pt
2025-03-05 00:19:53.043 INFO: Epoch 67: head: default, loss=0.00364710, RMSE_E_per_atom=    1.94 meV, RMSE_F=   17.86 meV / A
2025-03-05 00:19:53.044 DEBUG: Saving checkpoint: ./checkpoints/model_finetune_naive_run-123_epoch-67.pt
2025-03-05 00:21:30.034 INFO: Epoch 68: head: default, loss=0.00333714, RMSE_E_per_atom=    1.53 meV, RMSE_F=   17.04 meV / A
2025-03-05 00:21:30.035 DEBUG: Saving checkpoint: ./checkpoints/model_finetune_naive_run-123_epoch-68.pt
2025-03-05 00:23:07.029 INFO: Epoch 69: head: default, loss=0.00319599, RMSE_E_per_atom=    2.96 meV, RMSE_F=   16.66 meV / A
2025-03-05 00:23:07.030 DEBUG: Saving checkpoint: ./checkpoints/model_finetune_naive_run-123_epoch-69.pt
2025-03-05 00:24:44.008 INFO: Epoch 70: head: default, loss=0.00320682, RMSE_E_per_atom=    2.00 meV, RMSE_F=   16.66 meV / A
2025-03-05 00:24:44.009 DEBUG: Saving checkpoint: ./checkpoints/model_finetune_naive_run-123_epoch-70.pt
2025-03-05 00:26:20.962 INFO: Epoch 71: head: default, loss=0.00315213, RMSE_E_per_atom=    4.01 meV, RMSE_F=   16.52 meV / A
2025-03-05 00:26:20.963 DEBUG: Saving checkpoint: ./checkpoints/model_finetune_naive_run-123_epoch-71.pt
2025-03-05 00:27:57.937 INFO: Epoch 72: head: default, loss=0.00327378, RMSE_E_per_atom=    3.39 meV, RMSE_F=   16.86 meV / A
2025-03-05 00:27:57.938 DEBUG: Saving checkpoint: ./checkpoints/model_finetune_naive_run-123_epoch-72.pt
2025-03-05 00:29:34.909 INFO: Epoch 73: head: default, loss=0.00326359, RMSE_E_per_atom=    1.40 meV, RMSE_F=   16.84 meV / A
2025-03-05 00:29:34.910 DEBUG: Saving checkpoint: ./checkpoints/model_finetune_naive_run-123_epoch-73.pt
2025-03-05 00:31:11.884 INFO: Epoch 74: head: default, loss=0.00325806, RMSE_E_per_atom=    3.72 meV, RMSE_F=   16.83 meV / A
2025-03-05 00:31:11.885 DEBUG: Saving checkpoint: ./checkpoints/model_finetune_naive_run-123_epoch-74.pt
2025-03-05 00:32:48.838 INFO: Epoch 75: head: default, loss=0.00314674, RMSE_E_per_atom=    1.95 meV, RMSE_F=   16.53 meV / A
2025-03-05 00:32:48.840 DEBUG: Saving checkpoint: ./checkpoints/model_finetune_naive_run-123_epoch-75.pt
2025-03-05 00:34:25.847 INFO: Epoch 76: head: default, loss=0.00333975, RMSE_E_per_atom=    4.82 meV, RMSE_F=   17.02 meV / A
2025-03-05 00:34:25.848 DEBUG: Saving checkpoint: ./checkpoints/model_finetune_naive_run-123_epoch-76.pt
2025-03-05 00:36:03.129 INFO: Epoch 77: head: default, loss=0.00324801, RMSE_E_per_atom=    1.53 meV, RMSE_F=   16.83 meV / A
2025-03-05 00:36:03.130 DEBUG: Saving checkpoint: ./checkpoints/model_finetune_naive_run-123_epoch-77.pt
2025-03-05 00:37:42.190 INFO: Epoch 78: head: default, loss=0.00319555, RMSE_E_per_atom=    1.69 meV, RMSE_F=   16.67 meV / A
2025-03-05 00:37:42.191 DEBUG: Saving checkpoint: ./checkpoints/model_finetune_naive_run-123_epoch-78.pt
2025-03-05 00:39:21.116 INFO: Epoch 79: head: default, loss=0.00312148, RMSE_E_per_atom=    2.83 meV, RMSE_F=   16.47 meV / A
2025-03-05 00:39:21.117 DEBUG: Saving checkpoint: ./checkpoints/model_finetune_naive_run-123_epoch-79.pt
2025-03-05 00:40:58.094 INFO: Epoch 80: head: default, loss=0.00325935, RMSE_E_per_atom=    3.15 meV, RMSE_F=   16.82 meV / A
2025-03-05 00:40:58.096 DEBUG: Saving checkpoint: ./checkpoints/model_finetune_naive_run-123_epoch-80.pt
2025-03-05 00:42:35.595 INFO: Epoch 81: head: default, loss=0.00329511, RMSE_E_per_atom=    1.32 meV, RMSE_F=   16.93 meV / A
2025-03-05 00:42:35.616 DEBUG: Saving checkpoint: ./checkpoints/model_finetune_naive_run-123_epoch-81.pt
2025-03-05 00:44:13.324 INFO: Epoch 82: head: default, loss=0.00328381, RMSE_E_per_atom=    3.44 meV, RMSE_F=   16.91 meV / A
2025-03-05 00:44:13.325 DEBUG: Saving checkpoint: ./checkpoints/model_finetune_naive_run-123_epoch-82.pt
2025-03-05 00:45:50.338 INFO: Epoch 83: head: default, loss=0.00325373, RMSE_E_per_atom=    0.89 meV, RMSE_F=   16.83 meV / A
2025-03-05 00:45:50.339 DEBUG: Saving checkpoint: ./checkpoints/model_finetune_naive_run-123_epoch-83.pt
2025-03-05 00:47:27.379 INFO: Epoch 84: head: default, loss=0.00314582, RMSE_E_per_atom=    2.96 meV, RMSE_F=   16.53 meV / A
2025-03-05 00:47:27.381 DEBUG: Saving checkpoint: ./checkpoints/model_finetune_naive_run-123_epoch-84.pt
2025-03-05 00:49:04.409 INFO: Epoch 85: head: default, loss=0.00310666, RMSE_E_per_atom=    1.82 meV, RMSE_F=   16.43 meV / A
2025-03-05 00:49:04.410 DEBUG: Saving checkpoint: ./checkpoints/model_finetune_naive_run-123_epoch-85.pt
2025-03-05 00:50:41.408 INFO: Epoch 86: head: default, loss=0.00327314, RMSE_E_per_atom=    4.92 meV, RMSE_F=   16.87 meV / A
2025-03-05 00:50:41.410 DEBUG: Saving checkpoint: ./checkpoints/model_finetune_naive_run-123_epoch-86.pt
2025-03-05 00:52:18.450 INFO: Epoch 87: head: default, loss=0.00315002, RMSE_E_per_atom=    1.91 meV, RMSE_F=   16.52 meV / A
2025-03-05 00:52:18.451 DEBUG: Saving checkpoint: ./checkpoints/model_finetune_naive_run-123_epoch-87.pt
2025-03-05 00:53:55.451 INFO: Epoch 88: head: default, loss=0.00305282, RMSE_E_per_atom=    1.82 meV, RMSE_F=   16.26 meV / A
2025-03-05 00:53:55.452 DEBUG: Saving checkpoint: ./checkpoints/model_finetune_naive_run-123_epoch-88.pt
2025-03-05 00:55:32.498 INFO: Epoch 89: head: default, loss=0.00305850, RMSE_E_per_atom=    1.88 meV, RMSE_F=   16.29 meV / A
2025-03-05 00:55:32.499 DEBUG: Saving checkpoint: ./checkpoints/model_finetune_naive_run-123_epoch-89.pt
2025-03-05 00:57:09.519 INFO: Epoch 90: head: default, loss=0.00308260, RMSE_E_per_atom=    2.46 meV, RMSE_F=   16.35 meV / A
2025-03-05 00:57:09.520 DEBUG: Saving checkpoint: ./checkpoints/model_finetune_naive_run-123_epoch-90.pt
2025-03-05 00:58:46.526 INFO: Epoch 91: head: default, loss=0.00311506, RMSE_E_per_atom=    1.94 meV, RMSE_F=   16.46 meV / A
2025-03-05 00:58:46.527 DEBUG: Saving checkpoint: ./checkpoints/model_finetune_naive_run-123_epoch-91.pt
2025-03-05 01:00:23.550 INFO: Epoch 92: head: default, loss=0.00312987, RMSE_E_per_atom=    3.98 meV, RMSE_F=   16.51 meV / A
2025-03-05 01:00:23.552 DEBUG: Saving checkpoint: ./checkpoints/model_finetune_naive_run-123_epoch-92.pt
2025-03-05 01:02:00.571 INFO: Epoch 93: head: default, loss=0.00300526, RMSE_E_per_atom=    3.63 meV, RMSE_F=   16.17 meV / A
2025-03-05 01:02:00.573 DEBUG: Saving checkpoint: ./checkpoints/model_finetune_naive_run-123_epoch-93.pt
2025-03-05 01:03:37.580 INFO: Epoch 94: head: default, loss=0.00304838, RMSE_E_per_atom=    2.86 meV, RMSE_F=   16.30 meV / A
2025-03-05 01:03:37.581 DEBUG: Saving checkpoint: ./checkpoints/model_finetune_naive_run-123_epoch-94.pt
2025-03-05 01:05:14.576 INFO: Epoch 95: head: default, loss=0.00301561, RMSE_E_per_atom=    1.73 meV, RMSE_F=   16.21 meV / A
2025-03-05 01:05:14.578 DEBUG: Saving checkpoint: ./checkpoints/model_finetune_naive_run-123_epoch-95.pt
2025-03-05 01:06:51.574 INFO: Epoch 96: head: default, loss=0.00299607, RMSE_E_per_atom=    1.14 meV, RMSE_F=   16.14 meV / A
2025-03-05 01:06:51.576 DEBUG: Saving checkpoint: ./checkpoints/model_finetune_naive_run-123_epoch-96.pt
2025-03-05 01:08:28.564 INFO: Epoch 97: head: default, loss=0.00305477, RMSE_E_per_atom=    2.75 meV, RMSE_F=   16.32 meV / A
2025-03-05 01:08:28.566 DEBUG: Saving checkpoint: ./checkpoints/model_finetune_naive_run-123_epoch-97.pt
2025-03-05 01:10:05.557 INFO: Epoch 98: head: default, loss=0.00299979, RMSE_E_per_atom=    3.02 meV, RMSE_F=   16.16 meV / A
2025-03-05 01:10:05.558 DEBUG: Saving checkpoint: ./checkpoints/model_finetune_naive_run-123_epoch-98.pt
2025-03-05 01:11:42.533 INFO: Epoch 99: head: default, loss=0.00299106, RMSE_E_per_atom=    0.94 meV, RMSE_F=   16.14 meV / A
2025-03-05 01:11:42.535 DEBUG: Saving checkpoint: ./checkpoints/model_finetune_naive_run-123_epoch-99.pt
2025-03-05 01:11:42.628 INFO: Training complete
2025-03-05 01:11:42.628 INFO: 
2025-03-05 01:11:42.628 INFO: ===========RESULTS===========
2025-03-05 01:11:42.628 INFO: Computing metrics for training, validation, and test sets
2025-03-05 01:11:44.032 INFO: Loading checkpoint: ./checkpoints/model_finetune_naive_run-123_epoch-99.pt
2025-03-05 01:11:44.376 INFO: Loaded Stage one model from epoch 99 for evaluation
2025-03-05 01:11:44.376 INFO: Evaluating train_default ...
2025-03-05 01:12:15.522 INFO: Evaluating valid_default ...
2025-03-05 01:12:17.414 INFO: Error-table on TRAIN and VALID:
+---------------+---------------------+------------------+-------------------+
|  config_type  | RMSE E / meV / atom | RMSE F / meV / A | relative F RMSE % |
+---------------+---------------------+------------------+-------------------+
| train_default |            1.1      |         17.9     |          2.10     |
| valid_default |            0.9      |         16.1     |          1.92     |
+---------------+---------------------+------------------+-------------------+
2025-03-05 01:12:17.414 INFO: Saving model to checkpoints/model_finetune_naive_run-123.model
2025-03-05 01:12:19.077 INFO: Compiling model, saving metadata to model_finetune_naive_compiled.model
2025-03-05 01:12:21.777 INFO: Done
