2025-03-04 22:49:18.417 INFO: ===========VERIFYING SETTINGS===========
2025-03-04 22:49:18.418 INFO: MACE version: 0.3.10
2025-03-04 22:49:18.772 INFO: CUDA version: 12.4, CUDA device: 0
2025-03-04 22:49:20.475 INFO: Using foundation model mace-mp-0 medium as initial checkpoint.
2025-03-04 22:49:22.945 INFO: CUDA version: 12.4, CUDA device: 0
2025-03-04 22:49:23.767 INFO: Multihead finetuning mode, setting learning rate to 0.001 and EMA to True. To use a different learning rate, set --force_mh_ft_lr=True.
2025-03-04 22:49:23.767 INFO: Using multiheads finetuning mode, setting learning rate to 0.001 and EMA to True
2025-03-04 22:49:23.767 INFO: ===========LOADING INPUT DATA===========
2025-03-04 22:49:23.767 INFO: Using heads: ['default']
2025-03-04 22:49:23.767 INFO: =============    Processing head default     ===========
2025-03-04 22:49:25.562 INFO: Using isolated atom energies from training file
2025-03-04 22:49:25.602 INFO: Training set [1048 configs, 1048 energy, 554352 forces] loaded from '../data/nacl-water-RPA.xyz'
2025-03-04 22:49:25.604 INFO: Using random 5% of training set for validation with indices saved in: ./valid_indices_123.txt
2025-03-04 22:49:25.604 INFO: Validaton set contains 52 configurations [52 energy, 27720 forces]
2025-03-04 22:49:25.605 INFO: Total number of configurations: train=996, valid=52, tests=[],
2025-03-04 22:49:25.605 INFO: ==================Using multiheads finetuning mode==================
2025-03-04 22:49:25.605 INFO: Using foundation model for multiheads finetuning with Materials Project data
2025-03-04 22:49:25.608 INFO: Using Materials Project dataset with /home/dwl38/.cache/mace/mp_traj_combinedxyz
2025-03-04 22:49:25.608 INFO: Using Materials Project descriptors with /home/dwl38/.cache/mace/descriptorsnpy
2025-03-04 22:49:25.728 INFO: CUDA version: 12.4, CUDA device: 0
2025-03-04 22:49:26.570 INFO: Filtering configurations based on the finetuning set, filtering type: combinations, elements: ['Cl' 'H' 'Na' 'O']
2025-03-04 22:50:30.054 INFO: Number of configurations after filtering 190 is less than the number of samples 10000, selecting random configurations for the rest.
2025-03-04 22:50:38.714 INFO: Saving the selected configurations
2025-03-04 22:50:41.754 INFO: Saving a combined XYZ file
2025-03-04 22:50:50.073 WARNING: Since ASE version 3.23.0b1, using energy_key 'energy' is no longer safe when communicating between MACE and ASE. We recommend using a different key, rewriting 'energy' to 'REF_energy'. You need to use --energy_key='REF_energy' to specify the chosen key name.
2025-03-04 22:50:51.247 WARNING: Since ASE version 3.23.0b1, using forces_key 'forces' is no longer safe when communicating between MACE and ASE. We recommend using a different key, rewriting 'forces' to 'REF_forces'. You need to use --forces_key='REF_forces' to specify the chosen key name.
2025-03-04 22:50:52.400 WARNING: Since ASE version 3.23.0b1, using stress_key 'stress' is no longer safe when communicating between MACE and ASE. We recommend using a different key, rewriting 'stress' to 'REF_stress'. You need to use --stress_key='REF_stress' to specify the chosen key name.
2025-03-04 22:50:53.794 INFO: Training set [10000 configs, 10000 energy, 858642 forces] loaded from 'mp_finetuning-model_finetune_multihead_run-123.xyz'
2025-03-04 22:50:53.797 INFO: Using random 5% of training set for validation with indices saved in: ./valid_indices_123.txt
2025-03-04 22:50:53.798 INFO: Validaton set contains 500 configurations [500 energy, 40113 forces]
2025-03-04 22:50:53.799 INFO: Total number of configurations in pretraining: train=9500, valid=500
2025-03-04 22:50:53.851 INFO: Atomic Numbers used: [1, 2, 3, 4, 5, 6, 7, 8, 9, 11, 12, 13, 14, 15, 16, 17, 19, 20, 21, 22, 23, 24, 25, 26, 27, 28, 29, 30, 31, 32, 33, 34, 35, 36, 37, 38, 39, 40, 41, 42, 43, 44, 45, 46, 47, 48, 49, 50, 51, 52, 53, 54, 55, 56, 57, 58, 59, 60, 61, 62, 63, 64, 65, 66, 67, 68, 69, 70, 71, 72, 73, 74, 75, 76, 77, 78, 79, 80, 81, 82, 83, 89, 90, 91, 92, 93, 94]
2025-03-04 22:50:53.856 INFO: Atomic Energies used (z: eV) for head default: {1: -14.058715637648925, 8: -433.0443596510768, 11: -1302.0064166842267, 17: -408.458660525576}
2025-03-04 22:50:53.856 INFO: Atomic Energies used (z: eV) for head pt_head: {1: -3.667168021358939, 2: -1.3320953124042916, 3: -3.482100566595956, 4: -4.736697230897597, 5: -7.724935420523256, 6: -8.405573550273285, 7: -7.360100452662763, 8: -7.28459863421322, 9: -4.896490881731322, 11: -2.7593613569762425, 12: -2.814047612069227, 13: -4.846881245288104, 14: -7.694793133351899, 15: -6.9632957911820235, 16: -4.672630400190884, 17: -2.8116892814008096, 19: -2.6176454856894793, 20: -5.390461060484104, 21: -7.8857952163517675, 22: -10.268392986214433, 23: -8.665147785496703, 24: -9.233050763772013, 25: -8.304951520770791, 26: -7.0489865771593765, 27: -5.577439766222147, 28: -5.172747618813715, 29: -3.2520726958619472, 30: -1.2901611618726314, 31: -3.527082192997912, 32: -4.70845955030298, 33: -3.9765109025623238, 34: -3.886231055836541, 35: -2.5184940099633986, 36: 6.766947645687137, 37: -2.5634958965928316, 38: -4.938005211501922, 39: -10.149818838085771, 40: -11.846857579882572, 41: -12.138896361658485, 42: -8.791678800595722, 43: -8.78694939675911, 44: -7.78093221529871, 45: -6.850021409115055, 46: -4.891019073240479, 47: -2.0634296773864045, 48: -0.6395695518943755, 49: -2.7887442084286693, 50: -3.818604275441892, 51: -3.587068329278862, 52: -2.8804045971118897, 53: -1.6355986842433357, 54: 9.846723842807721, 55: -2.765284507132287, 56: -4.990956432167774, 57: -8.933684809576345, 58: -8.735591176647514, 59: -8.018966025544966, 60: -8.251491970213372, 61: -7.591719594359237, 62: -8.169659881166858, 63: -13.592664636171698, 64: -18.517523458456985, 65: -7.647396572993602, 66: -8.122981037851925, 67: -7.607787319678067, 68: -6.85029094445494, 69: -7.8268821327130365, 70: -3.584786591677161, 71: -7.455406192077973, 72: -12.796283502572146, 73: -14.108127281277586, 74: -9.354916969477486, 75: -11.387537567890853, 76: -9.621909492152557, 77: -7.324393429417677, 78: -5.3046964808341945, 79: -2.380092582080244, 80: 0.24948924158195362, 81: -2.3239789120665026, 82: -3.730042357127322, 83: -3.438792347649683, 89: -5.062878214511315, 90: -11.02462566385297, 91: -12.265613551943261, 92: -13.855648206100362, 93: -14.933092020258243, 94: -15.282826131998245}
2025-03-04 22:51:13.833 INFO: Average number of neighbors: 61.964672446250916
2025-03-04 22:51:13.834 INFO: During training the following quantities will be reported: energy, forces, virials, stress
2025-03-04 22:51:13.834 INFO: ===========MODEL DETAILS===========
2025-03-04 22:51:21.653 INFO: Loading FOUNDATION model
2025-03-04 22:51:21.654 INFO: Using filtered elements: [1, 2, 3, 4, 5, 6, 7, 8, 9, 11, 12, 13, 14, 15, 16, 17, 19, 20, 21, 22, 23, 24, 25, 26, 27, 28, 29, 30, 31, 32, 33, 34, 35, 36, 37, 38, 39, 40, 41, 42, 43, 44, 45, 46, 47, 48, 49, 50, 51, 52, 53, 54, 55, 56, 57, 58, 59, 60, 61, 62, 63, 64, 65, 66, 67, 68, 69, 70, 71, 72, 73, 74, 75, 76, 77, 78, 79, 80, 81, 82, 83, 89, 90, 91, 92, 93, 94]
2025-03-04 22:51:21.654 INFO: Model configuration extracted from foundation model
2025-03-04 22:51:21.654 INFO: Using universal loss function for fine-tuning
2025-03-04 22:51:21.654 INFO: Message passing with hidden irreps 128x0e+128x1o)
2025-03-04 22:51:21.654 INFO: 2 layers, each with correlation order: 3 (body order: 4) and spherical harmonics up to: l=3
2025-03-04 22:51:21.654 INFO: Radial cutoff: 6.0 A (total receptive field for each atom: 12.0 A)
2025-03-04 22:51:21.655 INFO: Distance transform for radial basis functions: None
2025-03-04 22:51:24.463 INFO: Total number of parameters: 4595914
2025-03-04 22:51:24.463 INFO: 
2025-03-04 22:51:24.463 INFO: ===========OPTIMIZER INFORMATION===========
2025-03-04 22:51:24.464 INFO: Using ADAM as parameter optimizer
2025-03-04 22:51:24.464 INFO: Batch size: 4
2025-03-04 22:51:24.464 INFO: Using Exponential Moving Average with decay: 0.99999
2025-03-04 22:51:24.464 INFO: Number of gradient updates: 262400
2025-03-04 22:51:24.464 INFO: Learning rate: 0.0001, weight decay: 5e-07
2025-03-04 22:51:24.464 INFO: UniversalLoss(energy_weight=1.000, forces_weight=100.000, stress_weight=1.000)
2025-03-04 22:51:25.229 INFO: Using gradient clipping with tolerance=10.000
2025-03-04 22:51:25.229 INFO: 
2025-03-04 22:51:25.229 INFO: ===========TRAINING===========
2025-03-04 22:51:25.229 INFO: Started training, reporting errors on validation set
2025-03-04 22:51:25.229 INFO: Loss metrics on validation set
2025-03-04 22:51:44.780 INFO: Initial: head: pt_head, loss=0.00538747, RMSE_E_per_atom=   36.03 meV, RMSE_F=  138.04 meV / A, RMSE_stress=    8.49 meV / A^3
2025-03-04 22:51:48.022 INFO: Initial: head: default, loss=0.03493238, RMSE_E_per_atom= 3365.15 meV, RMSE_F=  330.31 meV / A, RMSE_stress=    4.22 meV / A^3
2025-03-04 22:57:24.465 INFO: Epoch 0: head: pt_head, loss=0.00559329, RMSE_E_per_atom=   55.62 meV, RMSE_F=  145.35 meV / A, RMSE_stress=    8.81 meV / A^3
2025-03-04 22:57:26.313 INFO: Epoch 0: head: default, loss=0.00659756, RMSE_E_per_atom= 3258.00 meV, RMSE_F=   38.49 meV / A, RMSE_stress=    6.46 meV / A^3
2025-03-04 23:02:51.319 INFO: Epoch 1: head: pt_head, loss=0.00531182, RMSE_E_per_atom=   67.11 meV, RMSE_F=  131.10 meV / A, RMSE_stress=    8.84 meV / A^3
2025-03-04 23:02:53.166 INFO: Epoch 1: head: default, loss=0.00627017, RMSE_E_per_atom= 3198.20 meV, RMSE_F=   35.66 meV / A, RMSE_stress=    7.17 meV / A^3
2025-03-04 23:08:18.167 INFO: Epoch 2: head: pt_head, loss=0.00511205, RMSE_E_per_atom=   74.96 meV, RMSE_F=  125.84 meV / A, RMSE_stress=    8.87 meV / A^3
2025-03-04 23:08:20.018 INFO: Epoch 2: head: default, loss=0.00609982, RMSE_E_per_atom= 3149.64 meV, RMSE_F=   34.42 meV / A, RMSE_stress=    7.76 meV / A^3
2025-03-04 23:13:48.601 INFO: Epoch 3: head: pt_head, loss=0.00507150, RMSE_E_per_atom=   83.53 meV, RMSE_F=  128.66 meV / A, RMSE_stress=    8.96 meV / A^3
2025-03-04 23:13:50.452 INFO: Epoch 3: head: default, loss=0.00595721, RMSE_E_per_atom= 3105.15 meV, RMSE_F=   33.41 meV / A, RMSE_stress=    8.11 meV / A^3
2025-03-04 23:19:21.750 INFO: Epoch 4: head: pt_head, loss=0.00501741, RMSE_E_per_atom=   88.46 meV, RMSE_F=  125.02 meV / A, RMSE_stress=    9.01 meV / A^3
2025-03-04 23:19:23.605 INFO: Epoch 4: head: default, loss=0.00585064, RMSE_E_per_atom= 3066.45 meV, RMSE_F=   32.72 meV / A, RMSE_stress=    8.39 meV / A^3
2025-03-04 23:24:55.063 INFO: Epoch 5: head: pt_head, loss=0.00494766, RMSE_E_per_atom=   92.44 meV, RMSE_F=  124.03 meV / A, RMSE_stress=    9.04 meV / A^3
2025-03-04 23:24:56.913 INFO: Epoch 5: head: default, loss=0.00575392, RMSE_E_per_atom= 3033.45 meV, RMSE_F=   32.04 meV / A, RMSE_stress=    8.48 meV / A^3
2025-03-04 23:30:21.359 INFO: Epoch 6: head: pt_head, loss=0.00495642, RMSE_E_per_atom=   96.01 meV, RMSE_F=  124.36 meV / A, RMSE_stress=    9.06 meV / A^3
2025-03-04 23:30:23.202 INFO: Epoch 6: head: default, loss=0.00566416, RMSE_E_per_atom= 2997.02 meV, RMSE_F=   31.47 meV / A, RMSE_stress=    8.65 meV / A^3
2025-03-04 23:35:45.479 INFO: Epoch 7: head: pt_head, loss=0.00494332, RMSE_E_per_atom=   99.71 meV, RMSE_F=  124.38 meV / A, RMSE_stress=    9.07 meV / A^3
2025-03-04 23:35:47.321 INFO: Epoch 7: head: default, loss=0.00558693, RMSE_E_per_atom= 2963.90 meV, RMSE_F=   31.05 meV / A, RMSE_stress=    8.70 meV / A^3
2025-03-04 23:41:09.396 INFO: Epoch 8: head: pt_head, loss=0.00493702, RMSE_E_per_atom=  102.74 meV, RMSE_F=  125.09 meV / A, RMSE_stress=    9.12 meV / A^3
2025-03-04 23:41:11.238 INFO: Epoch 8: head: default, loss=0.00551244, RMSE_E_per_atom= 2932.42 meV, RMSE_F=   30.62 meV / A, RMSE_stress=    8.75 meV / A^3
2025-03-04 23:46:33.382 INFO: Epoch 9: head: pt_head, loss=0.00491850, RMSE_E_per_atom=  105.23 meV, RMSE_F=  123.71 meV / A, RMSE_stress=    9.15 meV / A^3
2025-03-04 23:46:35.225 INFO: Epoch 9: head: default, loss=0.00544397, RMSE_E_per_atom= 2902.13 meV, RMSE_F=   30.22 meV / A, RMSE_stress=    8.78 meV / A^3
2025-03-04 23:51:57.688 INFO: Epoch 10: head: pt_head, loss=0.00491097, RMSE_E_per_atom=  107.66 meV, RMSE_F=  124.21 meV / A, RMSE_stress=    9.17 meV / A^3
2025-03-04 23:51:59.539 INFO: Epoch 10: head: default, loss=0.00538342, RMSE_E_per_atom= 2873.64 meV, RMSE_F=   29.93 meV / A, RMSE_stress=    8.82 meV / A^3
2025-03-04 23:57:29.589 INFO: Epoch 11: head: pt_head, loss=0.00492182, RMSE_E_per_atom=  110.33 meV, RMSE_F=  125.56 meV / A, RMSE_stress=    9.20 meV / A^3
2025-03-04 23:57:31.453 INFO: Epoch 11: head: default, loss=0.00532405, RMSE_E_per_atom= 2846.05 meV, RMSE_F=   29.63 meV / A, RMSE_stress=    8.87 meV / A^3
2025-03-05 00:02:54.124 INFO: Epoch 12: head: pt_head, loss=0.00492628, RMSE_E_per_atom=  112.02 meV, RMSE_F=  125.02 meV / A, RMSE_stress=    9.23 meV / A^3
2025-03-05 00:02:55.967 INFO: Epoch 12: head: default, loss=0.00527038, RMSE_E_per_atom= 2819.39 meV, RMSE_F=   29.35 meV / A, RMSE_stress=    8.86 meV / A^3
2025-03-05 00:08:24.497 INFO: Epoch 13: head: pt_head, loss=0.00492530, RMSE_E_per_atom=  113.74 meV, RMSE_F=  125.58 meV / A, RMSE_stress=    9.25 meV / A^3
2025-03-05 00:08:26.342 INFO: Epoch 13: head: default, loss=0.00521651, RMSE_E_per_atom= 2790.53 meV, RMSE_F=   29.10 meV / A, RMSE_stress=    8.91 meV / A^3
2025-03-05 00:13:56.503 INFO: Epoch 14: head: pt_head, loss=0.00491584, RMSE_E_per_atom=  115.63 meV, RMSE_F=  125.55 meV / A, RMSE_stress=    9.27 meV / A^3
2025-03-05 00:13:58.353 INFO: Epoch 14: head: default, loss=0.00516644, RMSE_E_per_atom= 2763.54 meV, RMSE_F=   28.89 meV / A, RMSE_stress=    8.91 meV / A^3
2025-03-05 00:19:28.475 INFO: Epoch 15: head: pt_head, loss=0.00490633, RMSE_E_per_atom=  117.19 meV, RMSE_F=  125.60 meV / A, RMSE_stress=    9.29 meV / A^3
2025-03-05 00:19:30.325 INFO: Epoch 15: head: default, loss=0.00511964, RMSE_E_per_atom= 2737.52 meV, RMSE_F=   28.69 meV / A, RMSE_stress=    8.93 meV / A^3
2025-03-05 00:25:00.272 INFO: Epoch 16: head: pt_head, loss=0.00490178, RMSE_E_per_atom=  118.58 meV, RMSE_F=  125.62 meV / A, RMSE_stress=    9.30 meV / A^3
2025-03-05 00:25:02.124 INFO: Epoch 16: head: default, loss=0.00507437, RMSE_E_per_atom= 2712.14 meV, RMSE_F=   28.50 meV / A, RMSE_stress=    8.95 meV / A^3
2025-03-05 00:30:25.713 INFO: Epoch 17: head: pt_head, loss=0.00490844, RMSE_E_per_atom=  119.52 meV, RMSE_F=  125.72 meV / A, RMSE_stress=    9.32 meV / A^3
2025-03-05 00:30:27.556 INFO: Epoch 17: head: default, loss=0.00503039, RMSE_E_per_atom= 2686.14 meV, RMSE_F=   28.34 meV / A, RMSE_stress=    8.96 meV / A^3
2025-03-05 00:35:50.021 INFO: Epoch 18: head: pt_head, loss=0.00491044, RMSE_E_per_atom=  121.05 meV, RMSE_F=  125.46 meV / A, RMSE_stress=    9.34 meV / A^3
2025-03-05 00:35:51.863 INFO: Epoch 18: head: default, loss=0.00498689, RMSE_E_per_atom= 2660.93 meV, RMSE_F=   28.18 meV / A, RMSE_stress=    8.98 meV / A^3
2025-03-05 00:41:14.115 INFO: Epoch 19: head: pt_head, loss=0.00491401, RMSE_E_per_atom=  122.19 meV, RMSE_F=  125.63 meV / A, RMSE_stress=    9.36 meV / A^3
2025-03-05 00:41:15.958 INFO: Epoch 19: head: default, loss=0.00494614, RMSE_E_per_atom= 2636.56 meV, RMSE_F=   28.04 meV / A, RMSE_stress=    8.99 meV / A^3
2025-03-05 00:46:38.928 INFO: Epoch 20: head: pt_head, loss=0.00491163, RMSE_E_per_atom=  123.72 meV, RMSE_F=  125.75 meV / A, RMSE_stress=    9.38 meV / A^3
2025-03-05 00:46:40.774 INFO: Epoch 20: head: default, loss=0.00490474, RMSE_E_per_atom= 2611.14 meV, RMSE_F=   27.91 meV / A, RMSE_stress=    9.01 meV / A^3
2025-03-05 00:52:10.728 INFO: Epoch 21: head: pt_head, loss=0.00491236, RMSE_E_per_atom=  124.93 meV, RMSE_F=  125.87 meV / A, RMSE_stress=    9.38 meV / A^3
2025-03-05 00:52:12.576 INFO: Epoch 21: head: default, loss=0.00486357, RMSE_E_per_atom= 2586.61 meV, RMSE_F=   27.75 meV / A, RMSE_stress=    9.04 meV / A^3
2025-03-05 00:57:40.815 INFO: Epoch 22: head: pt_head, loss=0.00489965, RMSE_E_per_atom=  125.84 meV, RMSE_F=  125.26 meV / A, RMSE_stress=    9.40 meV / A^3
2025-03-05 00:57:42.660 INFO: Epoch 22: head: default, loss=0.00482479, RMSE_E_per_atom= 2562.45 meV, RMSE_F=   27.59 meV / A, RMSE_stress=    9.07 meV / A^3
2025-03-05 01:03:09.367 INFO: Epoch 23: head: pt_head, loss=0.00489691, RMSE_E_per_atom=  126.67 meV, RMSE_F=  125.52 meV / A, RMSE_stress=    9.41 meV / A^3
2025-03-05 01:03:11.214 INFO: Epoch 23: head: default, loss=0.00478689, RMSE_E_per_atom= 2538.44 meV, RMSE_F=   27.46 meV / A, RMSE_stress=    9.09 meV / A^3
2025-03-05 01:08:33.920 INFO: Epoch 24: head: pt_head, loss=0.00489940, RMSE_E_per_atom=  127.87 meV, RMSE_F=  125.56 meV / A, RMSE_stress=    9.42 meV / A^3
2025-03-05 01:08:35.766 INFO: Epoch 24: head: default, loss=0.00474981, RMSE_E_per_atom= 2514.60 meV, RMSE_F=   27.33 meV / A, RMSE_stress=    9.11 meV / A^3
2025-03-05 01:14:02.361 INFO: Epoch 25: head: pt_head, loss=0.00489454, RMSE_E_per_atom=  128.77 meV, RMSE_F=  125.39 meV / A, RMSE_stress=    9.43 meV / A^3
2025-03-05 01:14:04.209 INFO: Epoch 25: head: default, loss=0.00471448, RMSE_E_per_atom= 2491.68 meV, RMSE_F=   27.22 meV / A, RMSE_stress=    9.11 meV / A^3
2025-03-05 01:19:26.573 INFO: Epoch 26: head: pt_head, loss=0.00489993, RMSE_E_per_atom=  129.76 meV, RMSE_F=  125.60 meV / A, RMSE_stress=    9.44 meV / A^3
2025-03-05 01:19:28.418 INFO: Epoch 26: head: default, loss=0.00467886, RMSE_E_per_atom= 2468.81 meV, RMSE_F=   27.10 meV / A, RMSE_stress=    9.12 meV / A^3
2025-03-05 01:24:50.625 INFO: Epoch 27: head: pt_head, loss=0.00490087, RMSE_E_per_atom=  130.86 meV, RMSE_F=  125.25 meV / A, RMSE_stress=    9.46 meV / A^3
2025-03-05 01:24:52.467 INFO: Epoch 27: head: default, loss=0.00464313, RMSE_E_per_atom= 2446.08 meV, RMSE_F=   26.98 meV / A, RMSE_stress=    9.13 meV / A^3
2025-03-05 01:30:14.788 INFO: Epoch 28: head: pt_head, loss=0.00490530, RMSE_E_per_atom=  131.74 meV, RMSE_F=  125.72 meV / A, RMSE_stress=    9.48 meV / A^3
2025-03-05 01:30:16.633 INFO: Epoch 28: head: default, loss=0.00460888, RMSE_E_per_atom= 2423.46 meV, RMSE_F=   26.88 meV / A, RMSE_stress=    9.15 meV / A^3
2025-03-05 01:35:39.021 INFO: Epoch 29: head: pt_head, loss=0.00491445, RMSE_E_per_atom=  132.51 meV, RMSE_F=  126.27 meV / A, RMSE_stress=    9.50 meV / A^3
2025-03-05 01:35:40.898 INFO: Epoch 29: head: default, loss=0.00457481, RMSE_E_per_atom= 2400.99 meV, RMSE_F=   26.77 meV / A, RMSE_stress=    9.17 meV / A^3
2025-03-05 01:41:03.146 INFO: Epoch 30: head: pt_head, loss=0.00492617, RMSE_E_per_atom=  133.29 meV, RMSE_F=  126.79 meV / A, RMSE_stress=    9.51 meV / A^3
2025-03-05 01:41:04.990 INFO: Epoch 30: head: default, loss=0.00454196, RMSE_E_per_atom= 2378.96 meV, RMSE_F=   26.68 meV / A, RMSE_stress=    9.17 meV / A^3
2025-03-05 01:46:27.200 INFO: Epoch 31: head: pt_head, loss=0.00492428, RMSE_E_per_atom=  134.11 meV, RMSE_F=  126.66 meV / A, RMSE_stress=    9.52 meV / A^3
2025-03-05 01:46:29.046 INFO: Epoch 31: head: default, loss=0.00450946, RMSE_E_per_atom= 2356.49 meV, RMSE_F=   26.60 meV / A, RMSE_stress=    9.17 meV / A^3
2025-03-05 01:51:51.470 INFO: Epoch 32: head: pt_head, loss=0.00492983, RMSE_E_per_atom=  134.88 meV, RMSE_F=  126.81 meV / A, RMSE_stress=    9.53 meV / A^3
2025-03-05 01:51:53.312 INFO: Epoch 32: head: default, loss=0.00447747, RMSE_E_per_atom= 2335.33 meV, RMSE_F=   26.51 meV / A, RMSE_stress=    9.16 meV / A^3
2025-03-05 01:57:15.498 INFO: Epoch 33: head: pt_head, loss=0.00492907, RMSE_E_per_atom=  135.47 meV, RMSE_F=  126.88 meV / A, RMSE_stress=    9.54 meV / A^3
2025-03-05 01:57:17.343 INFO: Epoch 33: head: default, loss=0.00444388, RMSE_E_per_atom= 2313.21 meV, RMSE_F=   26.41 meV / A, RMSE_stress=    9.16 meV / A^3
2025-03-05 02:02:39.930 INFO: Epoch 34: head: pt_head, loss=0.00492882, RMSE_E_per_atom=  136.14 meV, RMSE_F=  127.06 meV / A, RMSE_stress=    9.55 meV / A^3
2025-03-05 02:02:41.772 INFO: Epoch 34: head: default, loss=0.00441284, RMSE_E_per_atom= 2292.22 meV, RMSE_F=   26.33 meV / A, RMSE_stress=    9.16 meV / A^3
2025-03-05 02:08:07.501 INFO: Epoch 35: head: pt_head, loss=0.00492973, RMSE_E_per_atom=  136.77 meV, RMSE_F=  127.39 meV / A, RMSE_stress=    9.55 meV / A^3
2025-03-05 02:08:09.347 INFO: Epoch 35: head: default, loss=0.00438287, RMSE_E_per_atom= 2271.77 meV, RMSE_F=   26.25 meV / A, RMSE_stress=    9.15 meV / A^3
2025-03-05 02:13:36.794 INFO: Epoch 36: head: pt_head, loss=0.00493210, RMSE_E_per_atom=  137.59 meV, RMSE_F=  127.74 meV / A, RMSE_stress=    9.56 meV / A^3
2025-03-05 02:13:38.641 INFO: Epoch 36: head: default, loss=0.00435145, RMSE_E_per_atom= 2250.19 meV, RMSE_F=   26.16 meV / A, RMSE_stress=    9.15 meV / A^3
2025-03-05 02:19:06.148 INFO: Epoch 37: head: pt_head, loss=0.00493833, RMSE_E_per_atom=  138.26 meV, RMSE_F=  128.48 meV / A, RMSE_stress=    9.57 meV / A^3
2025-03-05 02:19:07.990 INFO: Epoch 37: head: default, loss=0.00431998, RMSE_E_per_atom= 2228.68 meV, RMSE_F=   26.07 meV / A, RMSE_stress=    9.18 meV / A^3
2025-03-05 02:24:42.157 INFO: Epoch 38: head: pt_head, loss=0.00493570, RMSE_E_per_atom=  138.90 meV, RMSE_F=  128.48 meV / A, RMSE_stress=    9.57 meV / A^3
2025-03-05 02:24:44.004 INFO: Epoch 38: head: default, loss=0.00429045, RMSE_E_per_atom= 2208.24 meV, RMSE_F=   25.99 meV / A, RMSE_stress=    9.19 meV / A^3
2025-03-05 02:30:14.097 INFO: Epoch 39: head: pt_head, loss=0.00493176, RMSE_E_per_atom=  139.61 meV, RMSE_F=  128.50 meV / A, RMSE_stress=    9.57 meV / A^3
2025-03-05 02:30:15.943 INFO: Epoch 39: head: default, loss=0.00426058, RMSE_E_per_atom= 2187.65 meV, RMSE_F=   25.91 meV / A, RMSE_stress=    9.19 meV / A^3
2025-03-05 02:35:46.209 INFO: Epoch 40: head: pt_head, loss=0.00492401, RMSE_E_per_atom=  140.34 meV, RMSE_F=  128.24 meV / A, RMSE_stress=    9.58 meV / A^3
2025-03-05 02:35:48.059 INFO: Epoch 40: head: default, loss=0.00423159, RMSE_E_per_atom= 2166.90 meV, RMSE_F=   25.85 meV / A, RMSE_stress=    9.20 meV / A^3
2025-03-05 02:41:17.871 INFO: Epoch 41: head: pt_head, loss=0.00492091, RMSE_E_per_atom=  140.85 meV, RMSE_F=  128.13 meV / A, RMSE_stress=    9.59 meV / A^3
2025-03-05 02:41:19.721 INFO: Epoch 41: head: default, loss=0.00420260, RMSE_E_per_atom= 2146.54 meV, RMSE_F=   25.79 meV / A, RMSE_stress=    9.21 meV / A^3
2025-03-05 02:46:48.610 INFO: Epoch 42: head: pt_head, loss=0.00492242, RMSE_E_per_atom=  141.53 meV, RMSE_F=  128.08 meV / A, RMSE_stress=    9.60 meV / A^3
2025-03-05 02:46:50.474 INFO: Epoch 42: head: default, loss=0.00417304, RMSE_E_per_atom= 2125.95 meV, RMSE_F=   25.71 meV / A, RMSE_stress=    9.22 meV / A^3
2025-03-05 02:52:18.919 INFO: Epoch 43: head: pt_head, loss=0.00492165, RMSE_E_per_atom=  142.07 meV, RMSE_F=  127.84 meV / A, RMSE_stress=    9.60 meV / A^3
2025-03-05 02:52:20.764 INFO: Epoch 43: head: default, loss=0.00414414, RMSE_E_per_atom= 2105.62 meV, RMSE_F=   25.64 meV / A, RMSE_stress=    9.23 meV / A^3
2025-03-05 02:57:44.889 INFO: Epoch 44: head: pt_head, loss=0.00492134, RMSE_E_per_atom=  142.62 meV, RMSE_F=  128.33 meV / A, RMSE_stress=    9.61 meV / A^3
2025-03-05 02:57:46.731 INFO: Epoch 44: head: default, loss=0.00411492, RMSE_E_per_atom= 2085.02 meV, RMSE_F=   25.57 meV / A, RMSE_stress=    9.23 meV / A^3
2025-03-05 03:03:08.833 INFO: Epoch 45: head: pt_head, loss=0.00492119, RMSE_E_per_atom=  143.23 meV, RMSE_F=  128.39 meV / A, RMSE_stress=    9.62 meV / A^3
2025-03-05 03:03:10.676 INFO: Epoch 45: head: default, loss=0.00408596, RMSE_E_per_atom= 2064.16 meV, RMSE_F=   25.50 meV / A, RMSE_stress=    9.23 meV / A^3
2025-03-05 03:08:39.620 INFO: Epoch 46: head: pt_head, loss=0.00492908, RMSE_E_per_atom=  143.79 meV, RMSE_F=  128.64 meV / A, RMSE_stress=    9.63 meV / A^3
2025-03-05 03:08:41.469 INFO: Epoch 46: head: default, loss=0.00405830, RMSE_E_per_atom= 2044.05 meV, RMSE_F=   25.44 meV / A, RMSE_stress=    9.24 meV / A^3
2025-03-05 03:14:13.951 INFO: Epoch 47: head: pt_head, loss=0.00493158, RMSE_E_per_atom=  144.27 meV, RMSE_F=  128.79 meV / A, RMSE_stress=    9.64 meV / A^3
2025-03-05 03:14:15.801 INFO: Epoch 47: head: default, loss=0.00403008, RMSE_E_per_atom= 2023.81 meV, RMSE_F=   25.38 meV / A, RMSE_stress=    9.25 meV / A^3
2025-03-05 03:19:47.202 INFO: Epoch 48: head: pt_head, loss=0.00493474, RMSE_E_per_atom=  144.89 meV, RMSE_F=  128.98 meV / A, RMSE_stress=    9.65 meV / A^3
2025-03-05 03:19:49.046 INFO: Epoch 48: head: default, loss=0.00400236, RMSE_E_per_atom= 2003.74 meV, RMSE_F=   25.32 meV / A, RMSE_stress=    9.27 meV / A^3
2025-03-05 03:25:13.262 INFO: Epoch 49: head: pt_head, loss=0.00493663, RMSE_E_per_atom=  145.46 meV, RMSE_F=  129.14 meV / A, RMSE_stress=    9.66 meV / A^3
2025-03-05 03:25:15.105 INFO: Epoch 49: head: default, loss=0.00397468, RMSE_E_per_atom= 1983.72 meV, RMSE_F=   25.26 meV / A, RMSE_stress=    9.27 meV / A^3
2025-03-05 03:30:41.270 INFO: Epoch 50: head: pt_head, loss=0.00493427, RMSE_E_per_atom=  145.95 meV, RMSE_F=  129.22 meV / A, RMSE_stress=    9.67 meV / A^3
2025-03-05 03:30:43.114 INFO: Epoch 50: head: default, loss=0.00394702, RMSE_E_per_atom= 1963.69 meV, RMSE_F=   25.20 meV / A, RMSE_stress=    9.28 meV / A^3
2025-03-05 03:36:05.254 INFO: Epoch 51: head: pt_head, loss=0.00494262, RMSE_E_per_atom=  146.43 meV, RMSE_F=  129.28 meV / A, RMSE_stress=    9.68 meV / A^3
2025-03-05 03:36:07.096 INFO: Epoch 51: head: default, loss=0.00391873, RMSE_E_per_atom= 1942.98 meV, RMSE_F=   25.15 meV / A, RMSE_stress=    9.29 meV / A^3
2025-03-05 03:41:29.279 INFO: Epoch 52: head: pt_head, loss=0.00494814, RMSE_E_per_atom=  146.94 meV, RMSE_F=  129.42 meV / A, RMSE_stress=    9.69 meV / A^3
2025-03-05 03:41:31.122 INFO: Epoch 52: head: default, loss=0.00389083, RMSE_E_per_atom= 1922.64 meV, RMSE_F=   25.09 meV / A, RMSE_stress=    9.30 meV / A^3
2025-03-05 03:46:53.352 INFO: Epoch 53: head: pt_head, loss=0.00495336, RMSE_E_per_atom=  147.52 meV, RMSE_F=  129.80 meV / A, RMSE_stress=    9.70 meV / A^3
2025-03-05 03:46:55.199 INFO: Epoch 53: head: default, loss=0.00386296, RMSE_E_per_atom= 1901.93 meV, RMSE_F=   25.04 meV / A, RMSE_stress=    9.30 meV / A^3
2025-03-05 03:52:17.456 INFO: Epoch 54: head: pt_head, loss=0.00495386, RMSE_E_per_atom=  148.15 meV, RMSE_F=  130.18 meV / A, RMSE_stress=    9.71 meV / A^3
2025-03-05 03:52:19.302 INFO: Epoch 54: head: default, loss=0.00383620, RMSE_E_per_atom= 1881.67 meV, RMSE_F=   25.00 meV / A, RMSE_stress=    9.30 meV / A^3
2025-03-05 03:57:41.512 INFO: Epoch 55: head: pt_head, loss=0.00495909, RMSE_E_per_atom=  148.62 meV, RMSE_F=  130.74 meV / A, RMSE_stress=    9.72 meV / A^3
2025-03-05 03:57:43.355 INFO: Epoch 55: head: default, loss=0.00380933, RMSE_E_per_atom= 1861.34 meV, RMSE_F=   24.95 meV / A, RMSE_stress=    9.31 meV / A^3
2025-03-05 04:03:05.552 INFO: Epoch 56: head: pt_head, loss=0.00495923, RMSE_E_per_atom=  149.15 meV, RMSE_F=  130.86 meV / A, RMSE_stress=    9.72 meV / A^3
2025-03-05 04:03:07.399 INFO: Epoch 56: head: default, loss=0.00378183, RMSE_E_per_atom= 1841.20 meV, RMSE_F=   24.90 meV / A, RMSE_stress=    9.31 meV / A^3
2025-03-05 04:08:30.134 INFO: Epoch 57: head: pt_head, loss=0.00495773, RMSE_E_per_atom=  149.55 meV, RMSE_F=  130.98 meV / A, RMSE_stress=    9.73 meV / A^3
2025-03-05 04:08:31.977 INFO: Epoch 57: head: default, loss=0.00375498, RMSE_E_per_atom= 1821.34 meV, RMSE_F=   24.85 meV / A, RMSE_stress=    9.31 meV / A^3
2025-03-05 04:13:54.297 INFO: Epoch 58: head: pt_head, loss=0.00496372, RMSE_E_per_atom=  150.02 meV, RMSE_F=  131.44 meV / A, RMSE_stress=    9.73 meV / A^3
2025-03-05 04:13:56.143 INFO: Epoch 58: head: default, loss=0.00372818, RMSE_E_per_atom= 1801.30 meV, RMSE_F=   24.80 meV / A, RMSE_stress=    9.32 meV / A^3
2025-03-05 04:19:20.807 INFO: Epoch 59: head: pt_head, loss=0.00496440, RMSE_E_per_atom=  150.53 meV, RMSE_F=  131.74 meV / A, RMSE_stress=    9.74 meV / A^3
2025-03-05 04:19:22.650 INFO: Epoch 59: head: default, loss=0.00370188, RMSE_E_per_atom= 1781.37 meV, RMSE_F=   24.76 meV / A, RMSE_stress=    9.32 meV / A^3
2025-03-05 04:24:45.330 INFO: Epoch 60: head: pt_head, loss=0.00496952, RMSE_E_per_atom=  151.10 meV, RMSE_F=  132.18 meV / A, RMSE_stress=    9.74 meV / A^3
2025-03-05 04:24:47.174 INFO: Epoch 60: head: default, loss=0.00367518, RMSE_E_per_atom= 1761.42 meV, RMSE_F=   24.71 meV / A, RMSE_stress=    9.33 meV / A^3
2025-03-05 04:30:10.817 INFO: Epoch 61: head: pt_head, loss=0.00497442, RMSE_E_per_atom=  151.59 meV, RMSE_F=  132.76 meV / A, RMSE_stress=    9.75 meV / A^3
2025-03-05 04:30:12.659 INFO: Epoch 61: head: default, loss=0.00364905, RMSE_E_per_atom= 1741.64 meV, RMSE_F=   24.66 meV / A, RMSE_stress=    9.33 meV / A^3
2025-03-05 04:35:35.119 INFO: Epoch 62: head: pt_head, loss=0.00498021, RMSE_E_per_atom=  152.17 meV, RMSE_F=  133.18 meV / A, RMSE_stress=    9.76 meV / A^3
2025-03-05 04:35:37.010 INFO: Epoch 62: head: default, loss=0.00362274, RMSE_E_per_atom= 1722.09 meV, RMSE_F=   24.62 meV / A, RMSE_stress=    9.33 meV / A^3
2025-03-05 04:41:02.761 INFO: Epoch 63: head: pt_head, loss=0.00498339, RMSE_E_per_atom=  152.71 meV, RMSE_F=  133.62 meV / A, RMSE_stress=    9.76 meV / A^3
2025-03-05 04:41:04.608 INFO: Epoch 63: head: default, loss=0.00359732, RMSE_E_per_atom= 1702.79 meV, RMSE_F=   24.57 meV / A, RMSE_stress=    9.34 meV / A^3
2025-03-05 04:46:27.096 INFO: Epoch 64: head: pt_head, loss=0.00498214, RMSE_E_per_atom=  153.22 meV, RMSE_F=  133.45 meV / A, RMSE_stress=    9.77 meV / A^3
2025-03-05 04:46:28.940 INFO: Epoch 64: head: default, loss=0.00357138, RMSE_E_per_atom= 1683.08 meV, RMSE_F=   24.53 meV / A, RMSE_stress=    9.35 meV / A^3
2025-03-05 04:51:51.492 INFO: Epoch 65: head: pt_head, loss=0.00498455, RMSE_E_per_atom=  153.70 meV, RMSE_F=  133.58 meV / A, RMSE_stress=    9.78 meV / A^3
2025-03-05 04:51:53.335 INFO: Epoch 65: head: default, loss=0.00354512, RMSE_E_per_atom= 1663.12 meV, RMSE_F=   24.49 meV / A, RMSE_stress=    9.35 meV / A^3
2025-03-05 04:57:15.445 INFO: Epoch 66: head: pt_head, loss=0.00498634, RMSE_E_per_atom=  154.16 meV, RMSE_F=  134.09 meV / A, RMSE_stress=    9.78 meV / A^3
2025-03-05 04:57:17.287 INFO: Epoch 66: head: default, loss=0.00351976, RMSE_E_per_atom= 1643.66 meV, RMSE_F=   24.45 meV / A, RMSE_stress=    9.36 meV / A^3
2025-03-05 05:02:39.387 INFO: Epoch 67: head: pt_head, loss=0.00499234, RMSE_E_per_atom=  154.63 meV, RMSE_F=  134.44 meV / A, RMSE_stress=    9.79 meV / A^3
2025-03-05 05:02:41.228 INFO: Epoch 67: head: default, loss=0.00349416, RMSE_E_per_atom= 1623.96 meV, RMSE_F=   24.41 meV / A, RMSE_stress=    9.37 meV / A^3
2025-03-05 05:08:03.353 INFO: Epoch 68: head: pt_head, loss=0.00499427, RMSE_E_per_atom=  155.14 meV, RMSE_F=  134.93 meV / A, RMSE_stress=    9.79 meV / A^3
2025-03-05 05:08:05.208 INFO: Epoch 68: head: default, loss=0.00346845, RMSE_E_per_atom= 1604.30 meV, RMSE_F=   24.37 meV / A, RMSE_stress=    9.37 meV / A^3
2025-03-05 05:13:27.355 INFO: Epoch 69: head: pt_head, loss=0.00499163, RMSE_E_per_atom=  155.71 meV, RMSE_F=  134.79 meV / A, RMSE_stress=    9.80 meV / A^3
2025-03-05 05:13:29.198 INFO: Epoch 69: head: default, loss=0.00344373, RMSE_E_per_atom= 1584.95 meV, RMSE_F=   24.34 meV / A, RMSE_stress=    9.38 meV / A^3
2025-03-05 05:18:51.203 INFO: Epoch 70: head: pt_head, loss=0.00499132, RMSE_E_per_atom=  156.18 meV, RMSE_F=  134.62 meV / A, RMSE_stress=    9.80 meV / A^3
2025-03-05 05:18:53.046 INFO: Epoch 70: head: default, loss=0.00341884, RMSE_E_per_atom= 1565.88 meV, RMSE_F=   24.31 meV / A, RMSE_stress=    9.39 meV / A^3
2025-03-05 05:24:17.256 INFO: Epoch 71: head: pt_head, loss=0.00499614, RMSE_E_per_atom=  156.69 meV, RMSE_F=  135.09 meV / A, RMSE_stress=    9.81 meV / A^3
2025-03-05 05:24:19.100 INFO: Epoch 71: head: default, loss=0.00339347, RMSE_E_per_atom= 1546.42 meV, RMSE_F=   24.27 meV / A, RMSE_stress=    9.41 meV / A^3
2025-03-05 05:29:41.810 INFO: Epoch 72: head: pt_head, loss=0.00500132, RMSE_E_per_atom=  157.13 meV, RMSE_F=  135.73 meV / A, RMSE_stress=    9.81 meV / A^3
2025-03-05 05:29:43.651 INFO: Epoch 72: head: default, loss=0.00336838, RMSE_E_per_atom= 1527.03 meV, RMSE_F=   24.24 meV / A, RMSE_stress=    9.41 meV / A^3
2025-03-05 05:35:05.785 INFO: Epoch 73: head: pt_head, loss=0.00500434, RMSE_E_per_atom=  157.62 meV, RMSE_F=  136.24 meV / A, RMSE_stress=    9.82 meV / A^3
2025-03-05 05:35:07.627 INFO: Epoch 73: head: default, loss=0.00334314, RMSE_E_per_atom= 1507.57 meV, RMSE_F=   24.20 meV / A, RMSE_stress=    9.42 meV / A^3
2025-03-05 05:40:31.350 INFO: Epoch 74: head: pt_head, loss=0.00500691, RMSE_E_per_atom=  158.06 meV, RMSE_F=  136.53 meV / A, RMSE_stress=    9.82 meV / A^3
2025-03-05 05:40:33.191 INFO: Epoch 74: head: default, loss=0.00331865, RMSE_E_per_atom= 1488.53 meV, RMSE_F=   24.17 meV / A, RMSE_stress=    9.43 meV / A^3
2025-03-05 05:45:55.901 INFO: Epoch 75: head: pt_head, loss=0.00501079, RMSE_E_per_atom=  158.56 meV, RMSE_F=  137.08 meV / A, RMSE_stress=    9.82 meV / A^3
2025-03-05 05:45:57.743 INFO: Epoch 75: head: default, loss=0.00329345, RMSE_E_per_atom= 1469.09 meV, RMSE_F=   24.13 meV / A, RMSE_stress=    9.44 meV / A^3
2025-03-05 05:51:23.089 INFO: Epoch 76: head: pt_head, loss=0.00501556, RMSE_E_per_atom=  159.03 meV, RMSE_F=  137.42 meV / A, RMSE_stress=    9.83 meV / A^3
2025-03-05 05:51:24.931 INFO: Epoch 76: head: default, loss=0.00326862, RMSE_E_per_atom= 1449.76 meV, RMSE_F=   24.10 meV / A, RMSE_stress=    9.45 meV / A^3
2025-03-05 05:56:47.231 INFO: Epoch 77: head: pt_head, loss=0.00501748, RMSE_E_per_atom=  159.46 meV, RMSE_F=  137.81 meV / A, RMSE_stress=    9.84 meV / A^3
2025-03-05 05:56:49.078 INFO: Epoch 77: head: default, loss=0.00324292, RMSE_E_per_atom= 1429.71 meV, RMSE_F=   24.07 meV / A, RMSE_stress=    9.46 meV / A^3
2025-03-05 06:02:11.314 INFO: Epoch 78: head: pt_head, loss=0.00501955, RMSE_E_per_atom=  159.92 meV, RMSE_F=  138.34 meV / A, RMSE_stress=    9.84 meV / A^3
2025-03-05 06:02:13.159 INFO: Epoch 78: head: default, loss=0.00321721, RMSE_E_per_atom= 1409.90 meV, RMSE_F=   24.04 meV / A, RMSE_stress=    9.46 meV / A^3
2025-03-05 06:07:35.069 INFO: Epoch 79: head: pt_head, loss=0.00502713, RMSE_E_per_atom=  160.40 meV, RMSE_F=  138.92 meV / A, RMSE_stress=    9.85 meV / A^3
2025-03-05 06:07:36.911 INFO: Epoch 79: head: default, loss=0.00319186, RMSE_E_per_atom= 1390.18 meV, RMSE_F=   24.01 meV / A, RMSE_stress=    9.48 meV / A^3
2025-03-05 06:12:59.102 INFO: Epoch 80: head: pt_head, loss=0.00503271, RMSE_E_per_atom=  160.85 meV, RMSE_F=  139.42 meV / A, RMSE_stress=    9.86 meV / A^3
2025-03-05 06:13:00.944 INFO: Epoch 80: head: default, loss=0.00316661, RMSE_E_per_atom= 1370.30 meV, RMSE_F=   23.98 meV / A, RMSE_stress=    9.48 meV / A^3
2025-03-05 06:18:23.069 INFO: Epoch 81: head: pt_head, loss=0.00503834, RMSE_E_per_atom=  161.31 meV, RMSE_F=  139.74 meV / A, RMSE_stress=    9.86 meV / A^3
2025-03-05 06:18:24.914 INFO: Epoch 81: head: default, loss=0.00314086, RMSE_E_per_atom= 1350.39 meV, RMSE_F=   23.95 meV / A, RMSE_stress=    9.49 meV / A^3
2025-03-05 06:23:46.917 INFO: Epoch 82: head: pt_head, loss=0.00504180, RMSE_E_per_atom=  161.83 meV, RMSE_F=  139.93 meV / A, RMSE_stress=    9.86 meV / A^3
2025-03-05 06:23:48.760 INFO: Epoch 82: head: default, loss=0.00311538, RMSE_E_per_atom= 1330.50 meV, RMSE_F=   23.91 meV / A, RMSE_stress=    9.50 meV / A^3
2025-03-05 06:29:11.500 INFO: Epoch 83: head: pt_head, loss=0.00504407, RMSE_E_per_atom=  162.34 meV, RMSE_F=  140.10 meV / A, RMSE_stress=    9.87 meV / A^3
2025-03-05 06:29:13.369 INFO: Epoch 83: head: default, loss=0.00309015, RMSE_E_per_atom= 1310.72 meV, RMSE_F=   23.88 meV / A, RMSE_stress=    9.50 meV / A^3
2025-03-05 06:34:36.601 INFO: Epoch 84: head: pt_head, loss=0.00504463, RMSE_E_per_atom=  162.79 meV, RMSE_F=  140.41 meV / A, RMSE_stress=    9.87 meV / A^3
2025-03-05 06:34:38.443 INFO: Epoch 84: head: default, loss=0.00306539, RMSE_E_per_atom= 1291.39 meV, RMSE_F=   23.85 meV / A, RMSE_stress=    9.50 meV / A^3
2025-03-05 06:40:01.051 INFO: Epoch 85: head: pt_head, loss=0.00505089, RMSE_E_per_atom=  163.26 meV, RMSE_F=  141.23 meV / A, RMSE_stress=    9.87 meV / A^3
2025-03-05 06:40:02.895 INFO: Epoch 85: head: default, loss=0.00304011, RMSE_E_per_atom= 1271.52 meV, RMSE_F=   23.82 meV / A, RMSE_stress=    9.50 meV / A^3
2025-03-05 06:45:25.387 INFO: Epoch 86: head: pt_head, loss=0.00505383, RMSE_E_per_atom=  163.79 meV, RMSE_F=  141.86 meV / A, RMSE_stress=    9.87 meV / A^3
2025-03-05 06:45:27.229 INFO: Epoch 86: head: default, loss=0.00301468, RMSE_E_per_atom= 1251.46 meV, RMSE_F=   23.80 meV / A, RMSE_stress=    9.52 meV / A^3
2025-03-05 06:50:51.210 INFO: Epoch 87: head: pt_head, loss=0.00505411, RMSE_E_per_atom=  164.28 meV, RMSE_F=  141.66 meV / A, RMSE_stress=    9.88 meV / A^3
2025-03-05 06:50:53.053 INFO: Epoch 87: head: default, loss=0.00298932, RMSE_E_per_atom= 1231.16 meV, RMSE_F=   23.77 meV / A, RMSE_stress=    9.52 meV / A^3
2025-03-05 06:56:15.798 INFO: Epoch 88: head: pt_head, loss=0.00505621, RMSE_E_per_atom=  164.77 meV, RMSE_F=  142.09 meV / A, RMSE_stress=    9.88 meV / A^3
2025-03-05 06:56:17.644 INFO: Epoch 88: head: default, loss=0.00296422, RMSE_E_per_atom= 1211.19 meV, RMSE_F=   23.74 meV / A, RMSE_stress=    9.53 meV / A^3
2025-03-05 07:01:44.115 INFO: Epoch 89: head: pt_head, loss=0.00505890, RMSE_E_per_atom=  165.25 meV, RMSE_F=  141.80 meV / A, RMSE_stress=    9.88 meV / A^3
2025-03-05 07:01:45.960 INFO: Epoch 89: head: default, loss=0.00293901, RMSE_E_per_atom= 1191.15 meV, RMSE_F=   23.72 meV / A, RMSE_stress=    9.54 meV / A^3
2025-03-05 07:07:08.589 INFO: Epoch 90: head: pt_head, loss=0.00506003, RMSE_E_per_atom=  165.69 meV, RMSE_F=  141.66 meV / A, RMSE_stress=    9.89 meV / A^3
2025-03-05 07:07:10.432 INFO: Epoch 90: head: default, loss=0.00291377, RMSE_E_per_atom= 1171.21 meV, RMSE_F=   23.69 meV / A, RMSE_stress=    9.55 meV / A^3
2025-03-05 07:12:32.812 INFO: Epoch 91: head: pt_head, loss=0.00506121, RMSE_E_per_atom=  166.21 meV, RMSE_F=  142.10 meV / A, RMSE_stress=    9.89 meV / A^3
2025-03-05 07:12:34.656 INFO: Epoch 91: head: default, loss=0.00288850, RMSE_E_per_atom= 1151.08 meV, RMSE_F=   23.66 meV / A, RMSE_stress=    9.56 meV / A^3
2025-03-05 07:17:57.033 INFO: Epoch 92: head: pt_head, loss=0.00506361, RMSE_E_per_atom=  166.63 meV, RMSE_F=  142.50 meV / A, RMSE_stress=    9.89 meV / A^3
2025-03-05 07:17:58.876 INFO: Epoch 92: head: default, loss=0.00286293, RMSE_E_per_atom= 1130.90 meV, RMSE_F=   23.63 meV / A, RMSE_stress=    9.56 meV / A^3
2025-03-05 07:23:21.035 INFO: Epoch 93: head: pt_head, loss=0.00506535, RMSE_E_per_atom=  167.06 meV, RMSE_F=  142.84 meV / A, RMSE_stress=    9.90 meV / A^3
2025-03-05 07:23:22.882 INFO: Epoch 93: head: default, loss=0.00283811, RMSE_E_per_atom= 1110.93 meV, RMSE_F=   23.61 meV / A, RMSE_stress=    9.56 meV / A^3
2025-03-05 07:28:45.031 INFO: Epoch 94: head: pt_head, loss=0.00506698, RMSE_E_per_atom=  167.52 meV, RMSE_F=  142.85 meV / A, RMSE_stress=    9.90 meV / A^3
2025-03-05 07:28:46.876 INFO: Epoch 94: head: default, loss=0.00281268, RMSE_E_per_atom= 1090.50 meV, RMSE_F=   23.59 meV / A, RMSE_stress=    9.57 meV / A^3
2025-03-05 07:34:09.937 INFO: Epoch 95: head: pt_head, loss=0.00507023, RMSE_E_per_atom=  168.07 meV, RMSE_F=  143.15 meV / A, RMSE_stress=    9.90 meV / A^3
2025-03-05 07:34:11.780 INFO: Epoch 95: head: default, loss=0.00278715, RMSE_E_per_atom= 1070.02 meV, RMSE_F=   23.56 meV / A, RMSE_stress=    9.58 meV / A^3
2025-03-05 07:39:34.675 INFO: Epoch 96: head: pt_head, loss=0.00507311, RMSE_E_per_atom=  168.55 meV, RMSE_F=  143.36 meV / A, RMSE_stress=    9.91 meV / A^3
2025-03-05 07:39:36.518 INFO: Epoch 96: head: default, loss=0.00276169, RMSE_E_per_atom= 1049.37 meV, RMSE_F=   23.54 meV / A, RMSE_stress=    9.59 meV / A^3
2025-03-05 07:44:59.022 INFO: Epoch 97: head: pt_head, loss=0.00507564, RMSE_E_per_atom=  169.01 meV, RMSE_F=  143.62 meV / A, RMSE_stress=    9.91 meV / A^3
2025-03-05 07:45:00.865 INFO: Epoch 97: head: default, loss=0.00273637, RMSE_E_per_atom= 1029.04 meV, RMSE_F=   23.52 meV / A, RMSE_stress=    9.59 meV / A^3
2025-03-05 07:50:23.396 INFO: Epoch 98: head: pt_head, loss=0.00507691, RMSE_E_per_atom=  169.48 meV, RMSE_F=  143.74 meV / A, RMSE_stress=    9.91 meV / A^3
2025-03-05 07:50:25.242 INFO: Epoch 98: head: default, loss=0.00271075, RMSE_E_per_atom= 1008.49 meV, RMSE_F=   23.50 meV / A, RMSE_stress=    9.60 meV / A^3
2025-03-05 07:55:48.131 INFO: Epoch 99: head: pt_head, loss=0.00507996, RMSE_E_per_atom=  169.92 meV, RMSE_F=  143.92 meV / A, RMSE_stress=    9.92 meV / A^3
2025-03-05 07:55:49.974 INFO: Epoch 99: head: default, loss=0.00268529, RMSE_E_per_atom=  987.93 meV, RMSE_F=   23.47 meV / A, RMSE_stress=    9.60 meV / A^3
2025-03-05 07:55:50.203 INFO: Training complete
2025-03-05 07:55:50.203 INFO: 
2025-03-05 07:55:50.203 INFO: ===========RESULTS===========
2025-03-05 07:55:50.203 INFO: Computing metrics for training, validation, and test sets
2025-03-05 07:55:51.757 INFO: Loading checkpoint: ./checkpoints/model_finetune_multihead_run-123_epoch-99.pt
2025-03-05 07:55:52.143 INFO: Loaded Stage one model from epoch 99 for evaluation
2025-03-05 07:55:52.143 INFO: Evaluating train_default ...
2025-03-05 07:56:33.916 INFO: Evaluating train_pt_head ...
2025-03-05 08:01:33.455 INFO: Evaluating valid_default ...
2025-03-05 08:01:35.325 INFO: Evaluating valid_pt_head ...
2025-03-05 08:01:38.692 INFO: Error-table on TRAIN and VALID:
+---------------+---------------------+------------------+-------------------+---------------------------------------+
|  config_type  | RMSE E / meV / atom | RMSE F / meV / A | relative F RMSE % | RMSE Stress (Virials) / meV / A (A^3) |
+---------------+---------------------+------------------+-------------------+---------------------------------------+
| train_default |          991.9      |         26.5     |          3.11     |                     9.6               |
| train_pt_head |          172.9      |         91.9     |          5.23     |                    10.6               |
| valid_default |          987.9      |         23.5     |          2.79     |                     9.6               |
| valid_pt_head |          169.9      |        143.9     |          9.93     |                     9.9               |
+---------------+---------------------+------------------+-------------------+---------------------------------------+
2025-03-05 08:01:38.692 INFO: Saving model to checkpoints/model_finetune_multihead_run-123.model
2025-03-05 08:01:40.701 INFO: Compiling model, saving metadata to model_finetune_multihead_compiled.model
2025-03-05 08:01:43.363 INFO: Done
