Time[ps]    Etot/N[eV]   Epot/N[eV]   Ekin/N[eV]    T[K]      ---------------------- stress [GPa] -----------------------
0.1000       -1148.0059   -1148.0447       0.0388   300.2      0.049      0.043      0.092      0.055      0.087     -0.068
0.2000       -1148.0059   -1148.0447       0.0388   300.3      0.097      0.175     -0.145      0.168     -0.078      0.071
0.3000       -1148.0058   -1148.0457       0.0399   308.7     -0.061     -0.137      0.189     -0.144     -0.019     -0.028
0.4000       -1148.0058   -1148.0461       0.0403   311.7     -0.090     -0.512      0.052     -0.268     -0.017      0.042
0.5000       -1148.0069   -1148.0449       0.0380   294.0      0.070     -0.091     -0.331     -0.522     -0.016     -0.025
0.6000       -1148.0064   -1148.0449       0.0385   298.1      0.105     -0.101      0.058     -0.247      0.044     -0.123
0.7000       -1148.0072   -1148.0459       0.0387   299.4     -0.041     -0.438     -0.177      0.325      0.063     -0.235
0.8000       -1148.0079   -1148.0463       0.0384   297.1      0.027     -1.067     -0.657      0.106      0.031     -0.118
0.9000       -1148.0050   -1148.0434       0.0384   296.9     -0.068      0.061      0.353      0.308      0.055     -0.102
1.0000       -1148.0078   -1148.0471       0.0393   304.2     -0.012     -0.180      0.593     -0.026     -0.036      0.060
1.1000       -1148.0071   -1148.0463       0.0391   302.8     -0.015     -0.684     -0.549     -0.056      0.018     -0.035
1.2000       -1148.0050   -1148.0444       0.0394   305.1     -0.119      0.378     -0.723     -0.358      0.038      0.187
1.3000       -1148.0081   -1148.0471       0.0390   301.5      0.046      0.441     -0.215     -0.446     -0.079     -0.062
1.4000       -1148.0056   -1148.0444       0.0388   300.3     -0.090      0.380     -0.791     -0.033      0.053     -0.086
1.5000       -1148.0075   -1148.0452       0.0377   291.8     -0.003      0.218     -0.104      0.463     -0.050      0.028
1.6000       -1148.0066   -1148.0462       0.0396   306.4      0.020     -0.330     -0.231      0.547     -0.154     -0.001
1.7000       -1148.0058   -1148.0452       0.0393   304.4     -0.048     -0.649     -0.649      0.157     -0.109     -0.006
1.8000       -1148.0052   -1148.0447       0.0395   305.3      0.080      0.452     -0.436     -0.388     -0.163      0.237
1.9000       -1148.0084   -1148.0458       0.0374   289.4     -0.022      0.121     -0.069     -0.240     -0.106     -0.110
2.0000       -1148.0055   -1148.0447       0.0392   303.5      0.028      0.425     -0.216      0.272      0.038      0.054
2.1000       -1148.0067   -1148.0458       0.0391   302.7      0.023      0.192      0.261      0.373      0.109     -0.006
2.2000       -1148.0066   -1148.0445       0.0379   293.2      0.038     -0.844     -0.299     -0.170      0.172      0.058
2.3000       -1148.0077   -1148.0459       0.0382   295.4     -0.302      0.054     -0.425     -0.350      0.143      0.036
2.4000       -1148.0060   -1148.0452       0.0391   302.9     -0.103     -0.147      0.147     -0.001      0.113     -0.074
2.5000       -1148.0079   -1148.0457       0.0378   292.4      0.015      0.941      0.655      0.110      0.104      0.132
2.6000       -1148.0073   -1148.0457       0.0383   296.6     -0.130     -0.369      0.191      0.133      0.008     -0.144
2.7000       -1148.0063   -1148.0449       0.0386   298.6      0.028     -0.050     -0.527     -0.399     -0.053      0.045
2.8000       -1148.0046   -1148.0438       0.0392   303.2     -0.140      0.039     -0.455     -0.436      0.066      0.068
2.9000       -1148.0078   -1148.0473       0.0395   305.5      0.043      0.404     -0.065     -0.340     -0.139     -0.045
3.0000       -1148.0058   -1148.0455       0.0397   307.4      0.072      0.028      0.482      0.197     -0.115     -0.144
3.1000       -1148.0049   -1148.0439       0.0390   301.9      0.003     -0.315      0.162     -0.280     -0.265     -0.153
3.2000       -1148.0082   -1148.0469       0.0387   299.7      0.122      0.170      0.563      0.361     -0.132      0.114
3.3000       -1148.0037   -1148.0427       0.0390   301.7     -0.029      0.087     -0.228     -0.184     -0.042      0.250
3.4000       -1148.0081   -1148.0466       0.0385   298.0      0.001     -0.267      0.116      0.409     -0.073     -0.218
3.5000       -1148.0050   -1148.0448       0.0398   307.7     -0.170      0.206     -0.147      0.286     -0.001     -0.072
3.6000       -1148.0067   -1148.0460       0.0393   304.1      0.053      0.059     -0.363      0.241      0.240      0.037
3.7000       -1148.0073   -1148.0460       0.0387   299.7     -0.021     -0.176     -0.167     -0.029     -0.129     -0.018
3.8000       -1148.0080   -1148.0471       0.0390   302.0     -0.051     -0.595     -0.665      0.016     -0.141      0.030
3.9000       -1148.0037   -1148.0450       0.0413   319.9     -0.072     -0.198     -0.187     -0.531     -0.036      0.111
4.0000       -1148.0087   -1148.0474       0.0387   299.3      0.029     -0.396     -0.024      0.042      0.063     -0.066
4.1000       -1148.0063   -1148.0451       0.0388   300.4      0.031     -0.368     -0.336     -0.267      0.061     -0.251
4.2000       -1148.0052   -1148.0456       0.0405   313.2     -0.099     -0.222     -0.351     -0.253      0.100      0.098
4.3000       -1148.0068   -1148.0450       0.0383   295.9      0.043     -0.437     -0.005      0.033      0.134      0.061
4.4000       -1148.0067   -1148.0452       0.0385   297.6      0.091     -1.047      0.571     -0.265      0.165     -0.138
4.5000       -1148.0056   -1148.0450       0.0394   304.7      0.047     -0.110     -0.227      0.391      0.135     -0.230
4.6000       -1148.0057   -1148.0442       0.0385   297.7      0.124      0.160      0.028      0.434      0.048      0.053
4.7000       -1148.0073   -1148.0460       0.0386   299.0      0.215      1.149      0.289      0.150     -0.085     -0.000
4.8000       -1148.0071   -1148.0449       0.0378   292.7     -0.010      0.241      0.552      0.036     -0.091      0.055
4.9000       -1148.0062   -1148.0448       0.0386   298.6      0.113      0.296     -0.066     -0.012     -0.152      0.047
5.0000       -1148.0047   -1148.0449       0.0402   311.2      0.026     -0.231     -0.260      0.506     -0.015      0.046
5.1000       -1148.0057   -1148.0462       0.0405   313.2      0.018     -0.177      0.160     -0.133     -0.124      0.150
5.2000       -1148.0062   -1148.0454       0.0391   302.8     -0.175     -0.556      0.414      0.353     -0.089      0.016
5.3000       -1148.0068   -1148.0453       0.0385   298.1     -0.022      0.325      0.648     -0.150     -0.070     -0.018
5.4000       -1148.0048   -1148.0441       0.0393   304.3     -0.079      0.399      0.511      0.110     -0.077      0.132
5.5000       -1148.0093   -1148.0475       0.0382   295.3      0.031     -0.297      0.080      0.054      0.028     -0.095
5.6000       -1148.0068   -1148.0457       0.0389   300.9     -0.163     -0.525     -1.014      0.272      0.208      0.031
5.7000       -1148.0049   -1148.0451       0.0401   310.5     -0.012      0.447     -0.579     -0.269     -0.084     -0.176
5.8000       -1148.0069   -1148.0463       0.0394   304.6      0.030      0.571      0.240     -0.018      0.021     -0.034
5.9000       -1148.0067   -1148.0448       0.0380   294.2     -0.057     -0.073      0.517     -0.151      0.052     -0.011
6.0000       -1148.0033   -1148.0437       0.0404   312.2     -0.029     -0.393      0.114      0.134      0.047      0.110
6.1000       -1148.0060   -1148.0459       0.0399   308.7      0.156     -0.948      0.274      0.443     -0.157     -0.094
6.2000       -1148.0058   -1148.0448       0.0390   301.6     -0.014     -0.690     -0.200      0.429      0.165      0.023
6.3000       -1148.0051   -1148.0444       0.0394   304.7      0.122      0.171      0.282     -0.143     -0.228     -0.032
6.4000       -1148.0044   -1148.0442       0.0398   307.6      0.175      0.163      0.065      0.082      0.135     -0.186
6.5000       -1148.0063   -1148.0452       0.0390   301.4     -0.144      0.001      0.205     -0.362      0.009     -0.014
6.6000       -1148.0091   -1148.0453       0.0361   279.5     -0.009      0.207     -0.203     -0.342      0.039      0.150
6.7000       -1148.0030   -1148.0436       0.0406   314.2      0.028     -1.016     -0.422     -0.147     -0.019     -0.028
6.8000       -1148.0048   -1148.0452       0.0404   312.6     -0.185     -0.892     -0.999      0.270      0.149      0.039
6.9000       -1148.0095   -1148.0467       0.0372   287.5     -0.137     -0.527     -0.589      0.318     -0.156     -0.130
7.0000       -1148.0052   -1148.0462       0.0410   317.2     -0.049      0.104      0.138     -0.242     -0.210     -0.015
