Time[ps]    Etot/N[eV]   Epot/N[eV]   Ekin/N[eV]    T[K]      ---------------------- stress [GPa] -----------------------
0.1000       -1148.0042   -1148.0445       0.0403   312.0      0.123      0.579     -0.138     -0.464     -0.027     -0.208
0.2000       -1148.0028   -1148.0434       0.0406   314.0     -0.038      0.699      0.474     -0.411      0.133     -0.028
0.3000       -1148.0064   -1148.0438       0.0375   289.9      0.002      0.137      0.348     -0.169     -0.049     -0.048
0.4000       -1148.0041   -1148.0441       0.0400   309.3     -0.098     -0.200     -0.169      0.026      0.104      0.027
0.5000       -1148.0031   -1148.0436       0.0405   313.3      0.036     -0.729      0.269     -0.082     -0.065      0.214
0.6000       -1148.0045   -1148.0436       0.0391   302.3     -0.163     -0.800     -0.725      0.025     -0.166     -0.129
0.7000       -1148.0031   -1148.0431       0.0401   309.8     -0.003     -0.022     -0.008      0.103     -0.016     -0.041
0.8000       -1148.0024   -1148.0427       0.0402   311.3     -0.086     -0.138     -0.338     -0.133      0.202     -0.047
0.9000       -1148.0052   -1148.0436       0.0384   297.2     -0.107     -0.282     -0.313      0.124     -0.059      0.077
1.0000       -1148.0047   -1148.0434       0.0387   299.3      0.001     -0.196     -0.325      0.127      0.002      0.243
1.1000       -1148.0018   -1148.0420       0.0402   310.8     -0.028     -0.400     -0.399      0.075     -0.000      0.025
1.2000       -1148.0061   -1148.0455       0.0394   304.7     -0.015     -0.390      0.112      0.425     -0.101      0.014
1.3000       -1148.0054   -1148.0446       0.0392   303.1     -0.051     -0.245     -0.884      0.228      0.140     -0.058
1.4000       -1148.0036   -1148.0446       0.0410   316.9     -0.011     -0.599     -0.426     -0.197      0.008     -0.043
1.5000       -1148.0041   -1148.0439       0.0397   307.4      0.037      0.165      0.083     -0.083      0.158      0.090
1.6000       -1148.0030   -1148.0431       0.0400   309.8     -0.004      0.290     -0.329     -0.016     -0.146      0.008
1.7000       -1148.0045   -1148.0449       0.0405   313.0     -0.102     -0.458      0.462      0.228     -0.094     -0.234
1.8000       -1148.0050   -1148.0444       0.0394   305.1      0.070     -0.437     -0.640      0.181     -0.138     -0.058
1.9000       -1148.0027   -1148.0435       0.0408   315.7     -0.083     -0.552     -0.604      0.016     -0.071      0.055
2.0000       -1148.0059   -1148.0463       0.0404   312.2      0.120     -0.136     -0.202     -0.245      0.039     -0.067
2.1000       -1148.0039   -1148.0446       0.0408   315.3     -0.161      0.434      0.263     -0.028     -0.022      0.099
2.2000       -1148.0050   -1148.0448       0.0398   308.1     -0.035      0.024      0.079      0.480     -0.137      0.025
2.3000       -1148.0036   -1148.0433       0.0398   307.8     -0.063      0.168      0.200      0.020      0.065     -0.100
2.4000       -1148.0044   -1148.0446       0.0402   311.1     -0.016     -0.639     -0.568      0.137     -0.027     -0.152
2.5000       -1148.0027   -1148.0428       0.0401   310.4      0.110     -0.591     -0.392      0.065     -0.019     -0.158
2.6000       -1148.0039   -1148.0431       0.0392   303.1      0.162      0.248      0.413     -0.048      0.080     -0.073
2.7000       -1148.0024   -1148.0433       0.0410   317.0      0.163      0.533      0.506     -0.146     -0.201      0.098
2.8000       -1148.0029   -1148.0432       0.0403   311.5     -0.058      0.141      0.108     -0.410      0.092     -0.033
2.9000       -1148.0044   -1148.0447       0.0403   311.8      0.111      0.052     -0.035     -0.043     -0.053     -0.026
3.0000       -1148.0033   -1148.0438       0.0404   312.7     -0.128     -0.677     -0.057      0.465      0.148     -0.143
3.1000       -1148.0039   -1148.0440       0.0401   309.9     -0.143     -0.326     -1.004      0.093     -0.121      0.116
3.2000       -1148.0031   -1148.0431       0.0400   309.3      0.035      0.805      0.355      0.503      0.115      0.072
3.3000       -1148.0038   -1148.0435       0.0396   306.6      0.110      1.077      1.253      0.227     -0.098      0.094
3.4000       -1148.0042   -1148.0433       0.0390   301.9     -0.100      0.216      0.408     -0.447     -0.018     -0.103
3.5000       -1148.0026   -1148.0426       0.0399   309.1     -0.001      0.486      0.057     -0.042     -0.138      0.031
3.6000       -1148.0049   -1148.0447       0.0398   308.2      0.116      0.139      0.180      0.211      0.118      0.047
3.7000       -1148.0033   -1148.0435       0.0402   311.2     -0.078      0.501      0.046     -0.148      0.232      0.118
3.8000       -1148.0040   -1148.0433       0.0394   304.5     -0.004      0.261     -0.194      0.346      0.088     -0.129
3.9000       -1148.0050   -1148.0443       0.0393   303.8      0.130      0.330     -0.366      0.195      0.079     -0.070
4.0000       -1148.0001   -1148.0410       0.0410   316.8      0.008      0.136      0.448     -0.277      0.059      0.244
4.1000       -1148.0035   -1148.0441       0.0406   314.4     -0.035     -0.667     -0.979     -0.196      0.050     -0.019
4.2000       -1148.0030   -1148.0421       0.0391   302.5     -0.039     -0.523     -0.495     -0.396     -0.122      0.242
4.3000       -1148.0034   -1148.0440       0.0406   314.3      0.055     -0.210     -0.020      0.043     -0.100     -0.142
4.4000       -1148.0024   -1148.0431       0.0407   314.6     -0.015      0.237     -0.288      0.138      0.034     -0.126
4.5000       -1148.0035   -1148.0446       0.0411   317.8     -0.040     -0.014     -0.889      0.177     -0.147     -0.093
4.6000       -1148.0042   -1148.0435       0.0393   304.0     -0.006     -0.397     -0.740      0.048     -0.031     -0.146
4.7000       -1148.0043   -1148.0444       0.0402   310.8      0.121     -0.786     -0.244     -0.146      0.156     -0.006
4.8000       -1148.0040   -1148.0441       0.0402   310.8      0.025     -1.120     -0.528     -0.466      0.151      0.084
4.9000       -1148.0042   -1148.0437       0.0395   305.5      0.011     -0.719     -0.050     -0.201     -0.116     -0.084
5.0000       -1148.0013   -1148.0417       0.0404   312.8     -0.038      0.081      0.387     -0.018     -0.125     -0.122
5.1000       -1148.0027   -1148.0432       0.0405   313.6     -0.011      0.503      0.145      0.525     -0.011     -0.094
5.2000       -1148.0017   -1148.0417       0.0400   309.6     -0.126      0.072      0.025      0.240      0.079     -0.103
5.3000       -1148.0026   -1148.0437       0.0411   317.7      0.081      0.003     -0.352      0.075      0.072      0.230
5.4000       -1148.0026   -1148.0433       0.0407   314.9     -0.030     -0.728     -0.372     -0.118     -0.036      0.107
5.5000       -1148.0046   -1148.0448       0.0402   311.3      0.123     -0.259      0.129     -0.333      0.077      0.127
5.6000       -1148.0030   -1148.0448       0.0418   323.4     -0.096     -0.111     -0.126      0.057     -0.114     -0.026
5.7000       -1148.0050   -1148.0446       0.0396   306.7     -0.016     -0.151      0.248     -0.478     -0.027      0.101
5.8000       -1148.0044   -1148.0440       0.0396   306.3      0.121      0.222      0.530      0.323      0.004     -0.305
5.9000       -1148.0034   -1148.0424       0.0390   301.6      0.074      0.701      0.465      0.439     -0.315     -0.194
6.0000       -1148.0025   -1148.0432       0.0408   315.3     -0.164     -0.597     -0.105      0.366     -0.159     -0.194
6.1000       -1148.0031   -1148.0432       0.0402   310.8      0.063     -0.556     -0.019     -0.193     -0.025     -0.002
6.2000       -1148.0024   -1148.0417       0.0394   304.6      0.036      0.199      0.360     -0.130     -0.258      0.094
6.3000       -1148.0041   -1148.0435       0.0394   305.0      0.048      0.388      0.093     -0.484      0.118      0.268
6.4000       -1148.0030   -1148.0432       0.0401   310.5     -0.144     -0.265     -0.511     -0.387      0.008      0.024
6.5000       -1148.0033   -1148.0434       0.0400   309.8     -0.018     -0.627     -0.577      0.204     -0.035     -0.140
6.6000       -1148.0064   -1148.0452       0.0388   300.0     -0.089     -0.425     -0.164      0.275      0.004     -0.088
6.7000       -1148.0023   -1148.0431       0.0408   316.0     -0.083     -0.665      0.121      0.480      0.121      0.044
6.8000       -1148.0031   -1148.0443       0.0412   318.7      0.029     -0.065     -0.221     -0.190      0.040     -0.095
6.9000       -1148.0032   -1148.0430       0.0398   307.7     -0.059     -0.270      0.073     -0.225      0.204      0.083
7.0000       -1148.0037   -1148.0440       0.0402   311.3     -0.021     -0.563      0.608     -0.307     -0.229     -0.045
7.1000       -1148.0036   -1148.0434       0.0398   308.1     -0.004     -0.006      0.014     -0.227     -0.026     -0.192
7.2000       -1148.0001   -1148.0414       0.0414   320.3      0.046     -0.055     -0.340      0.100      0.038     -0.060
7.3000       -1148.0030   -1148.0434       0.0404   312.6      0.058      0.219     -0.438      0.222     -0.130     -0.040
7.4000       -1148.0025   -1148.0427       0.0402   311.0     -0.020      0.303     -0.094      0.178     -0.039      0.187
7.5000       -1148.0044   -1148.0430       0.0386   298.7      0.170      0.193      0.332      0.209     -0.085     -0.039
7.6000       -1148.0006   -1148.0420       0.0414   319.9      0.095      0.662      0.149     -0.072      0.195     -0.108
7.7000       -1148.0030   -1148.0421       0.0391   302.1     -0.061     -0.015     -0.028      0.228      0.135     -0.162
7.8000       -1148.0036   -1148.0433       0.0397   307.1      0.014      0.159     -0.251      0.042     -0.152      0.397
7.9000       -1148.0023   -1148.0437       0.0414   320.2     -0.029      0.651      0.027      0.039     -0.134     -0.043
8.0000       -1148.0039   -1148.0439       0.0400   309.8     -0.036      0.396     -0.488      0.105      0.075      0.139
8.1000       -1148.0033   -1148.0445       0.0411   318.1     -0.134     -0.170     -0.525      0.301      0.214     -0.127
8.2000       -1148.0025   -1148.0423       0.0399   308.5      0.070     -0.365      0.468      0.460      0.114      0.013
8.3000       -1148.0031   -1148.0444       0.0413   319.5     -0.057     -0.669      0.387      0.346      0.075     -0.164
8.4000       -1148.0014   -1148.0418       0.0404   312.6     -0.019     -0.700      0.430     -0.061     -0.311      0.123
8.5000       -1148.0034   -1148.0439       0.0404   312.6      0.091     -0.309      0.286     -0.543     -0.006     -0.160
8.6000       -1148.0024   -1148.0426       0.0402   311.0      0.020     -0.172     -0.144     -0.047     -0.039     -0.083
8.7000       -1148.0031   -1148.0441       0.0409   316.8      0.034     -0.112     -0.156      0.210      0.138      0.053
8.8000       -1148.0017   -1148.0431       0.0414   320.1      0.014      0.031     -0.500      0.294     -0.071      0.128
8.9000       -1148.0035   -1148.0436       0.0401   310.2     -0.040     -0.451      0.012      0.088     -0.011      0.029
9.0000       -1148.0027   -1148.0424       0.0397   307.2     -0.118     -0.170      0.154     -0.131      0.078      0.004
9.1000       -1148.0028   -1148.0433       0.0405   313.4     -0.008     -0.037     -0.205     -0.392     -0.076      0.146
9.2000       -1148.0013   -1148.0420       0.0407   315.2     -0.130      0.280     -0.703     -0.162     -0.117      0.029
9.3000       -1148.0055   -1148.0443       0.0388   300.5     -0.007     -0.040     -0.566      0.233     -0.114      0.050
9.4000       -1147.9998   -1148.0411       0.0413   319.2     -0.064      0.148     -0.291      0.015     -0.032     -0.168
9.5000       -1148.0029   -1148.0422       0.0392   303.4      0.149      0.213      0.832     -0.153     -0.097      0.053
9.6000       -1148.0044   -1148.0452       0.0408   315.7     -0.069      0.617      0.622      0.104     -0.036      0.088
9.7000       -1148.0006   -1148.0414       0.0408   315.6      0.123      0.790      0.445      0.348     -0.202      0.030
9.8000       -1148.0031   -1148.0437       0.0406   314.2      0.040      1.043      0.473      0.144     -0.065      0.016
9.9000       -1148.0046   -1148.0446       0.0400   309.5     -0.133      0.690     -0.115     -0.152     -0.194     -0.177
10.0000      -1148.0011   -1148.0411       0.0400   309.2      0.025      0.174     -0.580      0.026     -0.094      0.019
10.1000      -1148.0037   -1148.0440       0.0403   311.4      0.067     -0.013     -0.785     -0.315     -0.053      0.007
10.2000      -1148.0026   -1148.0425       0.0400   309.1     -0.114     -0.161     -0.362      0.366      0.139     -0.026
10.3000      -1148.0012   -1148.0419       0.0407   314.7      0.055     -0.315      0.778      0.072     -0.150     -0.092
10.4000      -1148.0037   -1148.0442       0.0405   313.1     -0.051      0.249      0.362      0.048      0.065     -0.132
10.5000      -1148.0025   -1148.0418       0.0393   304.1      0.072      0.444     -0.135     -0.292      0.023     -0.008
10.6000      -1148.0030   -1148.0427       0.0397   306.8     -0.049     -0.273     -0.813     -0.274     -0.074      0.055
10.7000      -1148.0005   -1148.0415       0.0410   317.3      0.035     -0.254     -0.288      0.050      0.468     -0.289
10.8000      -1148.0005   -1148.0418       0.0413   319.4      0.106     -0.391      0.248     -0.173     -0.068      0.069
10.9000      -1148.0035   -1148.0429       0.0393   304.4      0.094      0.059      0.376      0.045      0.003     -0.010
11.0000      -1148.0021   -1148.0417       0.0396   306.3      0.004      0.698      0.724     -0.376      0.211     -0.050
11.1000      -1148.0000   -1148.0420       0.0420   324.7      0.052      1.214      0.407     -0.149     -0.171      0.254
11.2000      -1148.0030   -1148.0429       0.0399   308.9     -0.074     -0.172     -0.434     -0.309      0.118     -0.108
11.3000      -1148.0020   -1148.0425       0.0404   312.8     -0.046      0.212     -0.720      0.008      0.048      0.005
11.4000      -1148.0012   -1148.0429       0.0417   322.5      0.198      0.010     -0.168     -0.184      0.041     -0.201
11.5000      -1148.0013   -1148.0422       0.0409   316.1     -0.013     -0.078      0.221      0.068     -0.159     -0.164
11.6000      -1148.0022   -1148.0419       0.0397   306.8     -0.128     -0.086      0.117      0.018      0.034     -0.129
11.7000      -1148.0033   -1148.0428       0.0395   305.4     -0.018     -0.560     -0.080      0.216     -0.057     -0.245
11.8000      -1148.0005   -1148.0417       0.0412   318.6     -0.097     -0.113     -0.381      0.006      0.041     -0.139
11.9000      -1148.0027   -1148.0432       0.0405   313.1     -0.028      0.780     -0.381     -0.357     -0.061      0.094
12.0000      -1148.0024   -1148.0439       0.0415   321.0     -0.000      0.623     -0.178      0.245      0.005      0.007
12.1000      -1148.0007   -1148.0427       0.0420   324.6      0.006     -0.395     -0.404     -0.269      0.083     -0.001
12.2000      -1148.0018   -1148.0425       0.0407   315.1      0.170     -0.723      0.403     -0.067      0.058      0.116
12.3000      -1148.0028   -1148.0422       0.0394   304.9      0.024     -0.160      0.249      0.018     -0.066      0.044
12.4000      -1148.0005   -1148.0418       0.0413   319.5      0.017     -0.016      0.489      0.100      0.034     -0.008
12.5000      -1148.0038   -1148.0439       0.0401   310.4      0.160      0.787      0.082     -0.037      0.089     -0.074
12.6000      -1148.0008   -1148.0420       0.0412   318.9      0.005     -0.167     -0.534     -0.066     -0.070      0.188
12.7000      -1148.0007   -1148.0422       0.0415   320.9      0.158     -0.207      0.325     -0.409      0.161     -0.008
12.8000      -1148.0010   -1148.0428       0.0418   323.4      0.017      0.944      0.619      0.084      0.032      0.139
12.9000      -1148.0042   -1148.0437       0.0394   305.1      0.028      0.047      0.854      0.051     -0.003      0.138
13.0000      -1147.9998   -1148.0406       0.0407   315.2      0.071     -0.179      0.290      0.489      0.114      0.052
13.1000      -1148.0014   -1148.0423       0.0409   316.3      0.158      0.115      0.207      0.767      0.089      0.023
13.2000      -1148.0022   -1148.0424       0.0402   311.1      0.093     -0.196     -0.426      0.215     -0.014     -0.029
13.3000      -1148.0029   -1148.0436       0.0407   314.8      0.017      0.481      0.340      0.322     -0.045      0.086
13.4000      -1147.9994   -1148.0416       0.0422   326.8     -0.058      0.419      0.112      0.143      0.166     -0.004
13.5000      -1148.0034   -1148.0423       0.0389   300.9      0.099      0.340      1.172     -0.695      0.062      0.152
13.6000      -1148.0015   -1148.0422       0.0408   315.4     -0.009     -0.160      0.356     -0.029     -0.161     -0.045
13.7000      -1148.0013   -1148.0415       0.0402   310.9      0.079     -0.248      0.713      0.054     -0.116      0.059
13.8000      -1148.0008   -1148.0421       0.0413   319.4      0.097      0.648      0.175      0.186     -0.097      0.060
13.9000      -1148.0002   -1148.0422       0.0419   324.3     -0.131      0.338      0.101      0.396      0.010     -0.102
14.0000      -1148.0009   -1148.0409       0.0400   309.8      0.122      0.737      0.682      0.107     -0.020     -0.071
14.1000      -1148.0029   -1148.0430       0.0401   310.1     -0.033      0.622      0.063     -0.213      0.021     -0.088
14.2000      -1148.0010   -1148.0423       0.0413   319.7     -0.011     -0.516      0.599     -0.184      0.071      0.164
14.3000      -1148.0005   -1148.0415       0.0410   317.1     -0.112     -0.399      0.405     -0.252     -0.035      0.158
14.4000      -1148.0021   -1148.0422       0.0401   310.3      0.065      0.430      0.420      0.385      0.156      0.235
14.5000      -1148.0017   -1148.0423       0.0407   314.6      0.024     -0.259      0.149      0.013      0.016      0.066
14.6000      -1148.0009   -1148.0433       0.0425   328.5     -0.138     -0.166     -0.136      0.429     -0.071      0.036
14.7000      -1148.0028   -1148.0417       0.0389   301.2      0.035      0.104     -0.350      0.142      0.072      0.144
14.8000      -1148.0019   -1148.0427       0.0408   315.7      0.029     -0.206      0.095     -0.430     -0.112     -0.167
14.9000      -1147.9987   -1148.0411       0.0424   328.3     -0.048      0.161      0.133     -0.588      0.123     -0.038
15.0000      -1148.0036   -1148.0426       0.0391   302.2      0.113     -0.423     -0.630     -0.911      0.141     -0.056
15.1000      -1148.0012   -1148.0415       0.0402   311.2      0.003     -0.952     -0.982     -0.358      0.071     -0.077
15.2000      -1147.9985   -1148.0414       0.0429   331.6      0.073      0.051     -0.216      0.232      0.037     -0.028
15.3000      -1148.0028   -1148.0428       0.0400   309.2     -0.005     -0.087     -0.476      0.590      0.121     -0.032
15.4000      -1148.0010   -1148.0417       0.0407   314.8     -0.120      0.609     -0.658      0.028     -0.129     -0.173
15.5000      -1148.0022   -1148.0428       0.0406   314.4      0.112      0.196      0.476     -0.123      0.067     -0.060
15.6000      -1147.9999   -1148.0413       0.0415   320.9     -0.085     -0.135     -0.355     -0.183     -0.122      0.057
15.7000      -1148.0023   -1148.0429       0.0406   314.0      0.028     -0.516     -0.008      0.102      0.026      0.042
15.8000      -1148.0029   -1148.0436       0.0407   314.9      0.000      0.137      0.351      0.682     -0.012      0.031
15.9000      -1148.0011   -1148.0415       0.0404   312.5      0.117      0.441      0.408      0.801      0.136      0.143
16.0000      -1148.0018   -1148.0421       0.0403   311.7     -0.000      0.442      0.223      0.458      0.118      0.268
16.1000      -1148.0013   -1148.0416       0.0403   311.8     -0.040      0.897     -0.308     -0.263      0.133     -0.001
16.2000      -1147.9998   -1148.0405       0.0407   314.7      0.110      0.885      0.111     -0.336     -0.020      0.068
16.3000      -1148.0016   -1148.0424       0.0408   315.4     -0.240     -0.620      0.115      0.252      0.088      0.187
16.4000      -1148.0009   -1148.0421       0.0412   318.6      0.097     -0.902      0.329      0.175     -0.031     -0.206
16.5000      -1148.0007   -1148.0417       0.0410   317.2     -0.113     -0.245      0.246      0.077      0.068     -0.101
16.6000      -1148.0020   -1148.0424       0.0404   312.5      0.074     -0.212      0.277     -0.380      0.116      0.040
16.7000      -1148.0013   -1148.0417       0.0404   312.7      0.013     -0.179      0.405     -0.395      0.013     -0.084
16.8000      -1148.0025   -1148.0424       0.0399   308.7     -0.040     -0.077     -0.172     -0.145     -0.136     -0.014
16.9000      -1148.0012   -1148.0424       0.0412   318.9      0.054      0.182      0.259     -0.211     -0.110     -0.055
17.0000      -1148.0006   -1148.0420       0.0413   319.8      0.027     -0.098     -0.205      0.151     -0.129     -0.167
17.1000      -1148.0034   -1148.0418       0.0385   297.5      0.174     -0.005      0.107      0.328     -0.157     -0.217
17.2000      -1148.0011   -1148.0429       0.0418   323.6     -0.141     -0.695     -0.504      0.128     -0.206     -0.026
17.3000      -1148.0016   -1148.0424       0.0408   315.5     -0.080     -1.010     -0.621      0.096      0.128     -0.052
17.4000      -1148.0017   -1148.0432       0.0416   321.5     -0.132      0.058     -0.804      0.025      0.102      0.188
17.5000      -1148.0012   -1148.0428       0.0416   321.6     -0.140     -0.179     -0.046     -0.329      0.047     -0.047
17.6000      -1148.0022   -1148.0427       0.0404   312.7     -0.071     -0.038      0.294     -0.140      0.099     -0.196
17.7000      -1148.0013   -1148.0423       0.0410   317.4     -0.067     -0.766      0.055     -0.295      0.003     -0.115
17.8000      -1148.0009   -1148.0409       0.0401   310.2      0.005     -0.964     -0.292     -0.355     -0.041     -0.274
17.9000      -1148.0018   -1148.0419       0.0401   310.2      0.185     -0.245     -0.364     -0.593      0.102     -0.024
18.0000      -1147.9996   -1148.0413       0.0417   322.4      0.012     -0.171     -0.627     -0.156     -0.035     -0.050
18.1000      -1148.0002   -1148.0402       0.0400   309.6      0.100      0.843      0.327      0.444      0.142     -0.110
18.2000      -1148.0030   -1148.0423       0.0393   304.3     -0.002      0.693      0.529      0.157      0.093     -0.063
18.3000      -1147.9978   -1148.0398       0.0420   324.5      0.090      0.199      0.636     -0.022     -0.074      0.059
18.4000      -1148.0017   -1148.0428       0.0411   317.7      0.073      1.023      0.151      0.334     -0.081     -0.058
18.5000      -1148.0014   -1148.0406       0.0392   303.2      0.094      0.269     -0.078      0.363      0.138      0.107
18.6000      -1147.9998   -1148.0419       0.0421   325.9     -0.206      0.261     -0.297      0.554     -0.006     -0.079
18.7000      -1148.0011   -1148.0426       0.0415   320.9     -0.243     -0.017      0.350      0.689     -0.147      0.258
18.8000      -1148.0038   -1148.0434       0.0396   306.6     -0.008      0.257      0.712     -0.502     -0.004      0.135
18.9000      -1148.0004   -1148.0428       0.0424   327.7     -0.060     -0.371     -0.275      0.039      0.168      0.042
19.0000      -1148.0001   -1148.0419       0.0418   323.4     -0.199     -0.732     -0.610     -0.068      0.023      0.037
