Loading rhel8/default-amp
  Loading requirement: rhel8/slurm singularity/current rhel8/global cuda/11.4
    libpciaccess/0.16/gcc-9.4.0-6fonbj6 libiconv/1.16/gcc-9.4.0-ahebbov
    libxml2/2.9.12/gcc-9.4.0-gnknt5e ncurses/6.2/gcc-9.4.0-aiirok7
    hwloc/2.5.0/gcc-9.4.0-7sqomga libevent/2.1.12/gcc-9.4.0-hgny7cm
    numactl/2.0.14/gcc-9.4.0-52dwc6n cuda/11.4.0/gcc-9.4.0-3hnxhjt
    gdrcopy/2.2/gcc-9.4.0-e4igtfp knem/1.1.4/gcc-9.4.0-bpbxgva
    libnl/3.3.0/gcc-9.4.0-whwhrwb rdma-core/34.0/gcc-9.4.0-5eo5n2u
    ucx/1.11.1/gcc-9.4.0-lktqyl4 openmpi/4.1.1/gcc-9.4.0-epagguv
no change     /usr/local/software/archive/linux-scientific7-x86_64/gcc-9/miniconda3-4.7.12.1-rmuek6r3f6p3v6fdj7o2klyzta3qhslh/condabin/conda
no change     /usr/local/software/archive/linux-scientific7-x86_64/gcc-9/miniconda3-4.7.12.1-rmuek6r3f6p3v6fdj7o2klyzta3qhslh/bin/conda
no change     /usr/local/software/archive/linux-scientific7-x86_64/gcc-9/miniconda3-4.7.12.1-rmuek6r3f6p3v6fdj7o2klyzta3qhslh/bin/conda-env
no change     /usr/local/software/archive/linux-scientific7-x86_64/gcc-9/miniconda3-4.7.12.1-rmuek6r3f6p3v6fdj7o2klyzta3qhslh/bin/activate
no change     /usr/local/software/archive/linux-scientific7-x86_64/gcc-9/miniconda3-4.7.12.1-rmuek6r3f6p3v6fdj7o2klyzta3qhslh/bin/deactivate
no change     /usr/local/software/archive/linux-scientific7-x86_64/gcc-9/miniconda3-4.7.12.1-rmuek6r3f6p3v6fdj7o2klyzta3qhslh/etc/profile.d/conda.sh
no change     /usr/local/software/archive/linux-scientific7-x86_64/gcc-9/miniconda3-4.7.12.1-rmuek6r3f6p3v6fdj7o2klyzta3qhslh/etc/fish/conf.d/conda.fish
no change     /usr/local/software/archive/linux-scientific7-x86_64/gcc-9/miniconda3-4.7.12.1-rmuek6r3f6p3v6fdj7o2klyzta3qhslh/shell/condabin/Conda.psm1
no change     /usr/local/software/archive/linux-scientific7-x86_64/gcc-9/miniconda3-4.7.12.1-rmuek6r3f6p3v6fdj7o2klyzta3qhslh/shell/condabin/conda-hook.ps1
no change     /usr/local/software/archive/linux-scientific7-x86_64/gcc-9/miniconda3-4.7.12.1-rmuek6r3f6p3v6fdj7o2klyzta3qhslh/lib/python3.7/site-packages/xontrib/conda.xsh
no change     /usr/local/software/archive/linux-scientific7-x86_64/gcc-9/miniconda3-4.7.12.1-rmuek6r3f6p3v6fdj7o2klyzta3qhslh/etc/profile.d/conda.csh
no change     /home/dwl38/.bashrc
No action taken.
Changed directory to /rds/user/dwl38/hpc-work/MPhil-Scientific-Computing/WA-1/04-crystal-heat.

JobID: 5511173
======
Time: Sun 23 Feb 10:37:55 GMT 2025
Running on master node: gpu-q-28
Current directory: /rds/user/dwl38/hpc-work/MPhil-Scientific-Computing/WA-1/04-crystal-heat

Nodes allocated:
================
gpu-q-28

numtasks=1, numnodes=1, mpi_tasks_per_node=1 (OMP_NUM_THREADS=1)

Executing command:
==================
python run_gradual.py 575 650

Running crystal gradual heat from 575K to 650K...
Loading MACE-MP-0 model...
Converting models to CuEq for acceleration
No dtype selected, switching to float64 to match model dtype.
Starting MD...
Running MD...
    Progress: running 576K...
    Progress: running 577K...
    Progress: running 578K...
    Progress: running 579K...
    Progress: running 580K...
    Progress: running 581K...
    Progress: running 582K...
    Progress: running 583K...
    Progress: running 584K...
    Progress: running 585K...
    Progress: running 586K...
    Progress: running 587K...
    Progress: running 588K...
    Progress: running 589K...
    Progress: running 590K...
    Progress: running 591K...
    Progress: running 592K...
    Progress: running 593K...
    Progress: running 594K...
    Progress: running 595K...
    Progress: running 596K...
    Progress: running 597K...
    Progress: running 598K...
    Progress: running 599K...
    Progress: running 600K...
    Progress: running 601K...
    Progress: running 602K...
    Progress: running 603K...
    Progress: running 604K...
    Progress: running 605K...
    Progress: running 606K...
    Progress: running 607K...
    Progress: running 608K...
    Progress: running 609K...
    Progress: running 610K...
    Progress: running 611K...
    Progress: running 612K...
    Progress: running 613K...
    Progress: running 614K...
    Progress: running 615K...
    Progress: running 616K...
    Progress: running 617K...
    Progress: running 618K...
    Progress: running 619K...
    Progress: running 620K...
    Progress: running 621K...
    Progress: running 622K...
    Progress: running 623K...
    Progress: running 624K...
    Progress: running 625K...
    Progress: running 626K...
    Progress: running 627K...
    Progress: running 628K...
    Progress: running 629K...
    Progress: running 630K...
    Progress: running 631K...
    Progress: running 632K...
    Progress: running 633K...
    Progress: running 634K...
    Progress: running 635K...
    Progress: running 636K...
    Progress: running 637K...
    Progress: running 638K...
    Progress: running 639K...
    Progress: running 640K...
    Progress: running 641K...
    Progress: running 642K...
    Progress: running 643K...
    Progress: running 644K...
    Progress: running 645K...
    Progress: running 646K...
    Progress: running 647K...
    Progress: running 648K...
    Progress: running 649K...
    Progress: running 650K...
MD finished!
Wall time taken (hh:mm:ss) was 04:28:48.
