Time[ps]    Etot/N[eV]   Epot/N[eV]   Ekin/N[eV]    T[K]      ---------------------- stress [GPa] -----------------------
0.1000       -1148.0057   -1148.0448       0.0391   302.1      0.093      0.041      0.194      0.104      0.091     -0.155
0.2000       -1148.0051   -1148.0445       0.0395   305.2     -0.136     -0.328     -1.171     -0.098      0.034     -0.047
0.3000       -1148.0034   -1148.0436       0.0402   311.4      0.029     -0.494     -1.290     -0.017      0.166     -0.091
0.4000       -1148.0062   -1148.0444       0.0382   295.1      0.051     -0.230     -0.115      0.315     -0.157      0.238
0.5000       -1148.0051   -1148.0436       0.0386   298.3     -0.116      0.431      0.040     -0.089      0.219     -0.098
0.6000       -1148.0063   -1148.0447       0.0384   297.3     -0.106     -0.222     -0.517     -0.175     -0.122     -0.134
0.7000       -1148.0041   -1148.0439       0.0399   308.4     -0.078     -0.012      0.118     -0.241      0.019     -0.170
0.8000       -1148.0068   -1148.0463       0.0395   305.5      0.059     -0.103     -0.124     -0.531      0.083      0.043
0.9000       -1148.0060   -1148.0448       0.0389   300.6     -0.212     -0.776     -0.958     -0.007      0.119      0.101
1.0000       -1148.0049   -1148.0446       0.0397   306.8     -0.103     -0.468     -0.830     -0.600      0.006     -0.125
1.1000       -1148.0048   -1148.0450       0.0402   311.0      0.101      0.425     -0.051     -0.216     -0.110      0.097
1.2000       -1148.0061   -1148.0447       0.0386   298.6      0.069      0.487     -0.101     -0.145     -0.012      0.108
1.3000       -1148.0062   -1148.0451       0.0389   301.0      0.059     -0.246      0.263     -0.078     -0.110     -0.371
1.4000       -1148.0037   -1148.0439       0.0403   311.6      0.030     -0.262     -0.241      0.186      0.023     -0.174
1.5000       -1148.0033   -1148.0434       0.0401   310.4      0.079     -0.183      0.204      0.231      0.262      0.117
1.6000       -1148.0066   -1148.0441       0.0375   289.8     -0.013      0.388      0.181     -0.184      0.107     -0.010
1.7000       -1148.0044   -1148.0443       0.0399   308.6     -0.022      0.843     -0.425      0.066     -0.096      0.136
1.8000       -1148.0028   -1148.0432       0.0404   312.6     -0.022     -0.101     -0.435      0.236      0.047     -0.112
1.9000       -1148.0070   -1148.0440       0.0370   286.2     -0.032     -0.375      0.314      0.184     -0.110     -0.119
2.0000       -1148.0057   -1148.0447       0.0390   301.5     -0.158     -0.872      0.165      0.076     -0.073     -0.122
2.1000       -1148.0054   -1148.0444       0.0390   301.8     -0.081     -0.628      0.411      0.248      0.002     -0.013
2.2000       -1148.0083   -1148.0462       0.0379   293.3     -0.061      0.828      0.403      0.209     -0.051      0.097
2.3000       -1148.0036   -1148.0433       0.0398   307.8     -0.015      1.409      0.485     -0.179     -0.074      0.031
2.4000       -1148.0057   -1148.0451       0.0394   304.6      0.040      0.530      0.049     -0.204      0.325     -0.053
2.5000       -1148.0044   -1148.0429       0.0385   297.8     -0.060     -0.498     -0.259     -0.535      0.112     -0.009
2.6000       -1148.0019   -1148.0409       0.0390   301.9      0.024     -0.238      0.210     -0.418      0.148     -0.024
2.7000       -1148.0057   -1148.0442       0.0385   297.5      0.035     -0.163      0.662      0.005      0.077      0.090
2.8000       -1148.0048   -1148.0439       0.0391   302.7      0.100      0.227      0.485      0.188     -0.047      0.063
2.9000       -1148.0043   -1148.0437       0.0394   304.9      0.110      0.263      0.857      0.059     -0.088      0.095
3.0000       -1148.0059   -1148.0452       0.0394   304.5      0.140     -0.247     -0.025     -0.060     -0.063      0.065
3.1000       -1148.0039   -1148.0438       0.0399   308.3     -0.024     -0.507     -0.185      0.045      0.152      0.050
3.2000       -1148.0036   -1148.0437       0.0401   310.5     -0.012     -0.125     -0.779      0.086      0.018     -0.044
3.3000       -1148.0043   -1148.0432       0.0389   300.7     -0.009     -0.115     -0.587     -0.207     -0.049      0.001
3.4000       -1148.0058   -1148.0441       0.0383   296.2     -0.020     -0.385      0.112     -0.163      0.049      0.051
3.5000       -1148.0052   -1148.0443       0.0392   302.9     -0.155     -0.713      0.241      0.308      0.084     -0.126
3.6000       -1148.0054   -1148.0453       0.0399   308.6     -0.082     -0.217      0.051      0.077      0.094     -0.127
3.7000       -1148.0059   -1148.0456       0.0397   307.1     -0.009      0.048     -0.304     -0.051     -0.004      0.011
3.8000       -1148.0049   -1148.0450       0.0401   310.3      0.030     -0.080     -0.309     -0.144      0.010      0.120
3.9000       -1148.0037   -1148.0434       0.0398   307.6     -0.057     -0.206     -0.015     -0.331     -0.010     -0.065
4.0000       -1148.0068   -1148.0462       0.0394   304.6      0.027     -0.123     -0.314     -0.227      0.052     -0.079
4.1000       -1148.0059   -1148.0461       0.0401   310.3      0.033      0.032      0.157     -0.286     -0.006     -0.118
4.2000       -1148.0025   -1148.0430       0.0405   313.1      0.013      0.128     -0.452     -0.035     -0.001      0.046
4.3000       -1148.0048   -1148.0440       0.0392   302.9      0.056     -0.056     -0.442      0.129     -0.125     -0.072
4.4000       -1148.0052   -1148.0439       0.0387   299.1      0.109      0.000      0.307     -0.033     -0.034     -0.061
4.5000       -1148.0034   -1148.0430       0.0396   306.1     -0.046     -0.178     -0.170      0.071     -0.182      0.144
4.6000       -1148.0036   -1148.0429       0.0393   304.3      0.031      0.257     -0.202      0.311      0.160      0.036
4.7000       -1148.0065   -1148.0450       0.0386   298.3     -0.055     -0.245     -0.164     -0.176     -0.132     -0.093
4.8000       -1148.0028   -1148.0434       0.0406   313.9     -0.099     -0.106      0.501     -0.110     -0.161     -0.066
4.9000       -1148.0040   -1148.0431       0.0391   302.2      0.030      0.365      0.453     -0.392      0.158     -0.013
5.0000       -1148.0048   -1148.0439       0.0391   302.5     -0.215      0.661      1.147     -0.270     -0.103      0.109
5.1000       -1148.0063   -1148.0452       0.0389   300.6      0.134      0.778      0.595     -0.147     -0.051     -0.168
5.2000       -1148.0032   -1148.0428       0.0395   305.8     -0.024     -0.401     -0.659     -0.010     -0.038     -0.123
5.3000       -1148.0046   -1148.0437       0.0391   302.8     -0.029      0.803     -0.250      0.182      0.093     -0.041
5.4000       -1148.0044   -1148.0434       0.0390   301.7     -0.010      0.947      0.491      0.141      0.108      0.106
5.5000       -1148.0063   -1148.0460       0.0396   306.7     -0.220      0.167     -0.115      0.077      0.034     -0.101
5.6000       -1148.0016   -1148.0413       0.0397   307.4     -0.148      0.549      0.641      0.353     -0.111     -0.146
5.7000       -1148.0049   -1148.0443       0.0394   304.7      0.039      0.698      0.411     -0.226     -0.072      0.133
5.8000       -1148.0044   -1148.0434       0.0389   301.0      0.160      0.203     -0.234     -0.065      0.087      0.100
5.9000       -1148.0030   -1148.0430       0.0400   309.8     -0.105     -0.362     -0.633      0.168      0.045     -0.159
6.0000       -1148.0053   -1148.0448       0.0395   305.6     -0.032     -0.234     -0.326     -0.250     -0.055      0.061
6.1000       -1148.0027   -1148.0423       0.0397   306.9      0.098      0.420      0.340      0.498      0.154     -0.017
6.2000       -1148.0049   -1148.0445       0.0396   306.2      0.110      0.269      0.190     -0.046     -0.073     -0.070
6.3000       -1148.0047   -1148.0444       0.0397   307.4      0.086     -0.151     -0.147     -0.256     -0.100     -0.054
6.4000       -1148.0074   -1148.0454       0.0380   294.1      0.116     -0.059     -0.114     -0.063      0.120     -0.126
6.5000       -1148.0039   -1148.0449       0.0410   316.9     -0.047     -0.136      0.628      0.135      0.045      0.073
6.6000       -1148.0058   -1148.0458       0.0400   309.6     -0.153     -0.049      0.789     -0.196     -0.076      0.159
6.7000       -1148.0044   -1148.0440       0.0395   305.6     -0.128      0.308      0.877      0.062     -0.074      0.018
6.8000       -1148.0066   -1148.0456       0.0390   301.8     -0.115     -0.427     -0.130     -0.206      0.238      0.163
6.9000       -1148.0035   -1148.0422       0.0387   299.0     -0.052     -0.617      0.007     -0.372      0.164      0.010
7.0000       -1148.0053   -1148.0437       0.0384   297.3      0.033     -0.214     -0.113     -0.286     -0.011      0.093
7.1000       -1148.0026   -1148.0437       0.0411   318.3      0.033      0.061      0.239      0.146      0.144     -0.024
7.2000       -1148.0021   -1148.0428       0.0407   315.2      0.141      0.238      0.395     -0.126     -0.073      0.030
7.3000       -1148.0044   -1148.0434       0.0390   301.8      0.244      0.258      0.102      0.212     -0.072      0.126
7.4000       -1148.0061   -1148.0444       0.0383   296.3      0.152      0.286     -0.324      0.226     -0.022      0.109
7.5000       -1148.0032   -1148.0435       0.0402   311.3      0.047     -0.201     -0.184      0.115      0.041      0.048
7.6000       -1148.0026   -1148.0435       0.0409   316.1     -0.124     -0.501     -0.293     -0.173     -0.096      0.058
7.7000       -1148.0062   -1148.0442       0.0381   294.4      0.048     -0.293      0.422     -0.143     -0.106      0.035
7.8000       -1148.0053   -1148.0443       0.0390   301.8     -0.098     -0.756     -0.105      0.123      0.137     -0.243
7.9000       -1148.0037   -1148.0429       0.0392   303.3     -0.184     -0.295      0.038      0.376      0.077     -0.108
8.0000       -1148.0057   -1148.0455       0.0399   308.3     -0.011      0.414      0.010      0.435      0.183      0.157
8.1000       -1148.0036   -1148.0454       0.0418   323.3     -0.150      0.381     -0.251     -0.044      0.046     -0.039
8.2000       -1148.0048   -1148.0457       0.0409   316.5     -0.102      0.264      0.076     -0.132     -0.031      0.073
8.3000       -1148.0052   -1148.0446       0.0394   305.1     -0.051      0.116      0.064      0.202      0.047     -0.321
8.4000       -1148.0038   -1148.0439       0.0401   310.4     -0.030     -0.030     -0.369      0.020     -0.062      0.047
8.5000       -1148.0044   -1148.0446       0.0401   310.4      0.067     -0.137      0.191     -0.231     -0.146      0.127
8.6000       -1148.0025   -1148.0430       0.0405   313.1     -0.050     -0.357     -0.523     -0.345      0.082     -0.062
8.7000       -1148.0053   -1148.0439       0.0386   298.5      0.089      0.219      0.260     -0.453     -0.218     -0.032
8.8000       -1148.0047   -1148.0432       0.0385   297.9      0.043      0.672     -0.431     -0.251     -0.021      0.035
8.9000       -1148.0040   -1148.0437       0.0397   306.8      0.036      0.151     -0.649     -0.152     -0.052     -0.219
9.0000       -1148.0021   -1148.0436       0.0414   320.7      0.188      0.402      0.071      0.026      0.058      0.032
9.1000       -1148.0048   -1148.0440       0.0392   303.6      0.019     -0.061      0.127      0.008      0.190     -0.027
9.2000       -1148.0034   -1148.0432       0.0398   307.9      0.033     -0.667     -0.064     -0.001     -0.006      0.119
9.3000       -1148.0035   -1148.0438       0.0403   312.1      0.103     -0.367      0.805     -0.060      0.008     -0.168
9.4000       -1148.0029   -1148.0435       0.0406   314.5     -0.010     -0.116      1.011      0.196      0.097      0.044
9.5000       -1148.0058   -1148.0446       0.0388   300.1      0.014     -0.051      0.014      0.105      0.039      0.143
9.6000       -1148.0048   -1148.0449       0.0401   310.0     -0.075      0.186     -0.235      0.345     -0.060     -0.113
9.7000       -1148.0012   -1148.0426       0.0413   319.8     -0.007     -0.058     -0.219      0.025      0.007      0.216
9.8000       -1148.0061   -1148.0445       0.0384   296.7     -0.020      0.008     -0.023      0.142     -0.165     -0.179
9.9000       -1148.0046   -1148.0440       0.0394   304.9      0.092      0.504      0.195     -0.210     -0.107     -0.032
10.0000      -1148.0010   -1148.0426       0.0416   322.0      0.010     -0.292      0.254     -0.863     -0.159      0.096
10.1000      -1148.0036   -1148.0436       0.0400   309.5     -0.124     -0.491     -0.406     -0.258     -0.026     -0.209
10.2000      -1148.0031   -1148.0426       0.0395   305.3      0.193      0.169     -0.263      0.071      0.233      0.185
10.3000      -1148.0028   -1148.0431       0.0403   311.7     -0.036      0.283     -0.062      0.465     -0.096      0.064
10.4000      -1148.0019   -1148.0422       0.0403   311.8     -0.169      0.663      0.164     -0.155     -0.063     -0.217
10.5000      -1148.0040   -1148.0430       0.0389   301.3     -0.019      0.245      0.541      0.056      0.080      0.051
10.6000      -1148.0037   -1148.0414       0.0377   291.4      0.253     -0.294      0.694     -0.730      0.022     -0.099
10.7000      -1148.0033   -1148.0433       0.0399   309.1      0.020     -0.796     -0.237     -0.541      0.049      0.020
10.8000      -1148.0047   -1148.0451       0.0404   312.6     -0.129     -0.626     -0.222     -0.669     -0.116     -0.115
10.9000      -1148.0040   -1148.0438       0.0397   307.5      0.041     -0.047     -0.201     -0.543      0.025     -0.100
11.0000      -1148.0055   -1148.0441       0.0385   298.2     -0.065     -0.004      0.322     -0.038      0.044      0.066
