Loading rhel8/default-amp
  Loading requirement: rhel8/slurm singularity/current rhel8/global cuda/11.4
    libpciaccess/0.16/gcc-9.4.0-6fonbj6 libiconv/1.16/gcc-9.4.0-ahebbov
    libxml2/2.9.12/gcc-9.4.0-gnknt5e ncurses/6.2/gcc-9.4.0-aiirok7
    hwloc/2.5.0/gcc-9.4.0-7sqomga libevent/2.1.12/gcc-9.4.0-hgny7cm
    numactl/2.0.14/gcc-9.4.0-52dwc6n cuda/11.4.0/gcc-9.4.0-3hnxhjt
    gdrcopy/2.2/gcc-9.4.0-e4igtfp knem/1.1.4/gcc-9.4.0-bpbxgva
    libnl/3.3.0/gcc-9.4.0-whwhrwb rdma-core/34.0/gcc-9.4.0-5eo5n2u
    ucx/1.11.1/gcc-9.4.0-lktqyl4 openmpi/4.1.1/gcc-9.4.0-epagguv
no change     /usr/local/software/archive/linux-scientific7-x86_64/gcc-9/miniconda3-4.7.12.1-rmuek6r3f6p3v6fdj7o2klyzta3qhslh/condabin/conda
no change     /usr/local/software/archive/linux-scientific7-x86_64/gcc-9/miniconda3-4.7.12.1-rmuek6r3f6p3v6fdj7o2klyzta3qhslh/bin/conda
no change     /usr/local/software/archive/linux-scientific7-x86_64/gcc-9/miniconda3-4.7.12.1-rmuek6r3f6p3v6fdj7o2klyzta3qhslh/bin/conda-env
no change     /usr/local/software/archive/linux-scientific7-x86_64/gcc-9/miniconda3-4.7.12.1-rmuek6r3f6p3v6fdj7o2klyzta3qhslh/bin/activate
no change     /usr/local/software/archive/linux-scientific7-x86_64/gcc-9/miniconda3-4.7.12.1-rmuek6r3f6p3v6fdj7o2klyzta3qhslh/bin/deactivate
no change     /usr/local/software/archive/linux-scientific7-x86_64/gcc-9/miniconda3-4.7.12.1-rmuek6r3f6p3v6fdj7o2klyzta3qhslh/etc/profile.d/conda.sh
no change     /usr/local/software/archive/linux-scientific7-x86_64/gcc-9/miniconda3-4.7.12.1-rmuek6r3f6p3v6fdj7o2klyzta3qhslh/etc/fish/conf.d/conda.fish
no change     /usr/local/software/archive/linux-scientific7-x86_64/gcc-9/miniconda3-4.7.12.1-rmuek6r3f6p3v6fdj7o2klyzta3qhslh/shell/condabin/Conda.psm1
no change     /usr/local/software/archive/linux-scientific7-x86_64/gcc-9/miniconda3-4.7.12.1-rmuek6r3f6p3v6fdj7o2klyzta3qhslh/shell/condabin/conda-hook.ps1
no change     /usr/local/software/archive/linux-scientific7-x86_64/gcc-9/miniconda3-4.7.12.1-rmuek6r3f6p3v6fdj7o2klyzta3qhslh/lib/python3.7/site-packages/xontrib/conda.xsh
no change     /usr/local/software/archive/linux-scientific7-x86_64/gcc-9/miniconda3-4.7.12.1-rmuek6r3f6p3v6fdj7o2klyzta3qhslh/etc/profile.d/conda.csh
no change     /home/dwl38/.bashrc
No action taken.
Running crystal gradual heat from 1600K to 1630K with 4000 timesteps per degree and 0 final equilibration timesteps...
Loading MACE-MP-0 model...
Converting models to CuEq for acceleration
No dtype selected, switching to float64 to match model dtype.
Starting MD...
Running MD...
    Progress: running 1601K...
    Progress: running 1602K...
    Progress: running 1603K...
    Progress: running 1604K...
    Progress: running 1605K...
    Progress: running 1606K...
    Progress: running 1607K...
    Progress: running 1608K...
    Progress: running 1609K...
    Progress: running 1610K...
    Progress: running 1611K...
    Progress: running 1612K...
    Progress: running 1613K...
    Progress: running 1614K...
    Progress: running 1615K...
    Progress: running 1616K...
    Progress: running 1617K...
    Progress: running 1618K...
    Progress: running 1619K...
    Progress: running 1620K...
    Progress: running 1621K...
    Progress: running 1622K...
    Progress: running 1623K...
    Progress: running 1624K...
    Progress: running 1625K...
    Progress: running 1626K...
    Progress: running 1627K...
    Progress: running 1628K...
    Progress: running 1629K...
    Progress: running 1630K...
MD finished!
Wall time taken (hh:mm:ss) was 01:16:14.
