Loading rhel8/default-amp
  Loading requirement: rhel8/slurm singularity/current rhel8/global cuda/11.4
    libpciaccess/0.16/gcc-9.4.0-6fonbj6 libiconv/1.16/gcc-9.4.0-ahebbov
    libxml2/2.9.12/gcc-9.4.0-gnknt5e ncurses/6.2/gcc-9.4.0-aiirok7
    hwloc/2.5.0/gcc-9.4.0-7sqomga libevent/2.1.12/gcc-9.4.0-hgny7cm
    numactl/2.0.14/gcc-9.4.0-52dwc6n cuda/11.4.0/gcc-9.4.0-3hnxhjt
    gdrcopy/2.2/gcc-9.4.0-e4igtfp knem/1.1.4/gcc-9.4.0-bpbxgva
    libnl/3.3.0/gcc-9.4.0-whwhrwb rdma-core/34.0/gcc-9.4.0-5eo5n2u
    ucx/1.11.1/gcc-9.4.0-lktqyl4 openmpi/4.1.1/gcc-9.4.0-epagguv
no change     /usr/local/software/archive/linux-scientific7-x86_64/gcc-9/miniconda3-4.7.12.1-rmuek6r3f6p3v6fdj7o2klyzta3qhslh/condabin/conda
no change     /usr/local/software/archive/linux-scientific7-x86_64/gcc-9/miniconda3-4.7.12.1-rmuek6r3f6p3v6fdj7o2klyzta3qhslh/bin/conda
no change     /usr/local/software/archive/linux-scientific7-x86_64/gcc-9/miniconda3-4.7.12.1-rmuek6r3f6p3v6fdj7o2klyzta3qhslh/bin/conda-env
no change     /usr/local/software/archive/linux-scientific7-x86_64/gcc-9/miniconda3-4.7.12.1-rmuek6r3f6p3v6fdj7o2klyzta3qhslh/bin/activate
no change     /usr/local/software/archive/linux-scientific7-x86_64/gcc-9/miniconda3-4.7.12.1-rmuek6r3f6p3v6fdj7o2klyzta3qhslh/bin/deactivate
no change     /usr/local/software/archive/linux-scientific7-x86_64/gcc-9/miniconda3-4.7.12.1-rmuek6r3f6p3v6fdj7o2klyzta3qhslh/etc/profile.d/conda.sh
no change     /usr/local/software/archive/linux-scientific7-x86_64/gcc-9/miniconda3-4.7.12.1-rmuek6r3f6p3v6fdj7o2klyzta3qhslh/etc/fish/conf.d/conda.fish
no change     /usr/local/software/archive/linux-scientific7-x86_64/gcc-9/miniconda3-4.7.12.1-rmuek6r3f6p3v6fdj7o2klyzta3qhslh/shell/condabin/Conda.psm1
no change     /usr/local/software/archive/linux-scientific7-x86_64/gcc-9/miniconda3-4.7.12.1-rmuek6r3f6p3v6fdj7o2klyzta3qhslh/shell/condabin/conda-hook.ps1
no change     /usr/local/software/archive/linux-scientific7-x86_64/gcc-9/miniconda3-4.7.12.1-rmuek6r3f6p3v6fdj7o2klyzta3qhslh/lib/python3.7/site-packages/xontrib/conda.xsh
no change     /usr/local/software/archive/linux-scientific7-x86_64/gcc-9/miniconda3-4.7.12.1-rmuek6r3f6p3v6fdj7o2klyzta3qhslh/etc/profile.d/conda.csh
no change     /home/dwl38/.bashrc
No action taken.

Nodes allocated:
================
gpu-q-2
Running crystal gradual heat from 1300K to 1500K with 1000 timesteps per degree and 0 final equilibration timesteps...
Loading MACE-MP-0 model...
Converting models to CuEq for acceleration
No dtype selected, switching to float64 to match model dtype.
Starting MD...
Running MD...
    Progress: running 1301K...
    Progress: running 1302K...
    Progress: running 1303K...
    Progress: running 1304K...
    Progress: running 1305K...
    Progress: running 1306K...
    Progress: running 1307K...
    Progress: running 1308K...
    Progress: running 1309K...
    Progress: running 1310K...
    Progress: running 1311K...
    Progress: running 1312K...
    Progress: running 1313K...
    Progress: running 1314K...
    Progress: running 1315K...
    Progress: running 1316K...
    Progress: running 1317K...
    Progress: running 1318K...
    Progress: running 1319K...
    Progress: running 1320K...
    Progress: running 1321K...
    Progress: running 1322K...
    Progress: running 1323K...
    Progress: running 1324K...
    Progress: running 1325K...
    Progress: running 1326K...
    Progress: running 1327K...
    Progress: running 1328K...
    Progress: running 1329K...
    Progress: running 1330K...
    Progress: running 1331K...
    Progress: running 1332K...
    Progress: running 1333K...
    Progress: running 1334K...
    Progress: running 1335K...
    Progress: running 1336K...
    Progress: running 1337K...
    Progress: running 1338K...
    Progress: running 1339K...
    Progress: running 1340K...
    Progress: running 1341K...
    Progress: running 1342K...
    Progress: running 1343K...
    Progress: running 1344K...
    Progress: running 1345K...
    Progress: running 1346K...
    Progress: running 1347K...
    Progress: running 1348K...
    Progress: running 1349K...
    Progress: running 1350K...
    Progress: running 1351K...
    Progress: running 1352K...
    Progress: running 1353K...
    Progress: running 1354K...
    Progress: running 1355K...
    Progress: running 1356K...
    Progress: running 1357K...
    Progress: running 1358K...
    Progress: running 1359K...
    Progress: running 1360K...
    Progress: running 1361K...
    Progress: running 1362K...
    Progress: running 1363K...
    Progress: running 1364K...
    Progress: running 1365K...
    Progress: running 1366K...
    Progress: running 1367K...
    Progress: running 1368K...
    Progress: running 1369K...
    Progress: running 1370K...
    Progress: running 1371K...
    Progress: running 1372K...
    Progress: running 1373K...
    Progress: running 1374K...
    Progress: running 1375K...
    Progress: running 1376K...
    Progress: running 1377K...
    Progress: running 1378K...
    Progress: running 1379K...
    Progress: running 1380K...
    Progress: running 1381K...
    Progress: running 1382K...
    Progress: running 1383K...
    Progress: running 1384K...
    Progress: running 1385K...
    Progress: running 1386K...
    Progress: running 1387K...
    Progress: running 1388K...
    Progress: running 1389K...
    Progress: running 1390K...
    Progress: running 1391K...
    Progress: running 1392K...
    Progress: running 1393K...
    Progress: running 1394K...
    Progress: running 1395K...
    Progress: running 1396K...
    Progress: running 1397K...
    Progress: running 1398K...
    Progress: running 1399K...
    Progress: running 1400K...
    Progress: running 1401K...
    Progress: running 1402K...
    Progress: running 1403K...
    Progress: running 1404K...
    Progress: running 1405K...
    Progress: running 1406K...
    Progress: running 1407K...
    Progress: running 1408K...
    Progress: running 1409K...
    Progress: running 1410K...
    Progress: running 1411K...
    Progress: running 1412K...
    Progress: running 1413K...
    Progress: running 1414K...
    Progress: running 1415K...
    Progress: running 1416K...
    Progress: running 1417K...
    Progress: running 1418K...
    Progress: running 1419K...
    Progress: running 1420K...
    Progress: running 1421K...
    Progress: running 1422K...
    Progress: running 1423K...
    Progress: running 1424K...
    Progress: running 1425K...
    Progress: running 1426K...
    Progress: running 1427K...
    Progress: running 1428K...
    Progress: running 1429K...
    Progress: running 1430K...
    Progress: running 1431K...
    Progress: running 1432K...
    Progress: running 1433K...
    Progress: running 1434K...
    Progress: running 1435K...
    Progress: running 1436K...
    Progress: running 1437K...
    Progress: running 1438K...
    Progress: running 1439K...
    Progress: running 1440K...
    Progress: running 1441K...
    Progress: running 1442K...
    Progress: running 1443K...
    Progress: running 1444K...
    Progress: running 1445K...
    Progress: running 1446K...
    Progress: running 1447K...
    Progress: running 1448K...
    Progress: running 1449K...
    Progress: running 1450K...
    Progress: running 1451K...
    Progress: running 1452K...
    Progress: running 1453K...
    Progress: running 1454K...
    Progress: running 1455K...
    Progress: running 1456K...
    Progress: running 1457K...
    Progress: running 1458K...
    Progress: running 1459K...
    Progress: running 1460K...
    Progress: running 1461K...
    Progress: running 1462K...
    Progress: running 1463K...
    Progress: running 1464K...
    Progress: running 1465K...
    Progress: running 1466K...
    Progress: running 1467K...
    Progress: running 1468K...
    Progress: running 1469K...
    Progress: running 1470K...
    Progress: running 1471K...
    Progress: running 1472K...
    Progress: running 1473K...
    Progress: running 1474K...
    Progress: running 1475K...
    Progress: running 1476K...
    Progress: running 1477K...
    Progress: running 1478K...
    Progress: running 1479K...
    Progress: running 1480K...
    Progress: running 1481K...
    Progress: running 1482K...
    Progress: running 1483K...
    Progress: running 1484K...
    Progress: running 1485K...
    Progress: running 1486K...
    Progress: running 1487K...
    Progress: running 1488K...
    Progress: running 1489K...
    Progress: running 1490K...
    Progress: running 1491K...
    Progress: running 1492K...
    Progress: running 1493K...
    Progress: running 1494K...
    Progress: running 1495K...
    Progress: running 1496K...
    Progress: running 1497K...
    Progress: running 1498K...
    Progress: running 1499K...
    Progress: running 1500K...
MD finished!
Wall time taken (hh:mm:ss) was 02:18:22.
Running crystal gradual heat from 1500K to 1600K with 2000 timesteps per degree and 0 final equilibration timesteps...
Loading MACE-MP-0 model...
Converting models to CuEq for acceleration
No dtype selected, switching to float64 to match model dtype.
Starting MD...
Running MD...
    Progress: running 1501K...
    Progress: running 1502K...
    Progress: running 1503K...
    Progress: running 1504K...
    Progress: running 1505K...
    Progress: running 1506K...
    Progress: running 1507K...
    Progress: running 1508K...
    Progress: running 1509K...
    Progress: running 1510K...
    Progress: running 1511K...
    Progress: running 1512K...
    Progress: running 1513K...
    Progress: running 1514K...
    Progress: running 1515K...
    Progress: running 1516K...
    Progress: running 1517K...
    Progress: running 1518K...
    Progress: running 1519K...
    Progress: running 1520K...
    Progress: running 1521K...
    Progress: running 1522K...
    Progress: running 1523K...
    Progress: running 1524K...
    Progress: running 1525K...
    Progress: running 1526K...
    Progress: running 1527K...
    Progress: running 1528K...
    Progress: running 1529K...
    Progress: running 1530K...
    Progress: running 1531K...
    Progress: running 1532K...
    Progress: running 1533K...
    Progress: running 1534K...
    Progress: running 1535K...
    Progress: running 1536K...
    Progress: running 1537K...
    Progress: running 1538K...
    Progress: running 1539K...
    Progress: running 1540K...
    Progress: running 1541K...
    Progress: running 1542K...
    Progress: running 1543K...
    Progress: running 1544K...
    Progress: running 1545K...
    Progress: running 1546K...
    Progress: running 1547K...
    Progress: running 1548K...
    Progress: running 1549K...
    Progress: running 1550K...
    Progress: running 1551K...
    Progress: running 1552K...
    Progress: running 1553K...
    Progress: running 1554K...
    Progress: running 1555K...
    Progress: running 1556K...
    Progress: running 1557K...
    Progress: running 1558K...
    Progress: running 1559K...
    Progress: running 1560K...
    Progress: running 1561K...
    Progress: running 1562K...
    Progress: running 1563K...
    Progress: running 1564K...
    Progress: running 1565K...
    Progress: running 1566K...
    Progress: running 1567K...
    Progress: running 1568K...
    Progress: running 1569K...
    Progress: running 1570K...
    Progress: running 1571K...
    Progress: running 1572K...
    Progress: running 1573K...
    Progress: running 1574K...
    Progress: running 1575K...
    Progress: running 1576K...
    Progress: running 1577K...
    Progress: running 1578K...
    Progress: running 1579K...
    Progress: running 1580K...
    Progress: running 1581K...
    Progress: running 1582K...
    Progress: running 1583K...
    Progress: running 1584K...
    Progress: running 1585K...
    Progress: running 1586K...
    Progress: running 1587K...
    Progress: running 1588K...
    Progress: running 1589K...
    Progress: running 1590K...
    Progress: running 1591K...
    Progress: running 1592K...
    Progress: running 1593K...
    Progress: running 1594K...
    Progress: running 1595K...
    Progress: running 1596K...
    Progress: running 1597K...
    Progress: running 1598K...
    Progress: running 1599K...
    Progress: running 1600K...
MD finished!
Wall time taken (hh:mm:ss) was 02:11:13.
