Loading rhel8/default-amp
  Loading requirement: rhel8/slurm singularity/current rhel8/global cuda/11.4
    libpciaccess/0.16/gcc-9.4.0-6fonbj6 libiconv/1.16/gcc-9.4.0-ahebbov
    libxml2/2.9.12/gcc-9.4.0-gnknt5e ncurses/6.2/gcc-9.4.0-aiirok7
    hwloc/2.5.0/gcc-9.4.0-7sqomga libevent/2.1.12/gcc-9.4.0-hgny7cm
    numactl/2.0.14/gcc-9.4.0-52dwc6n cuda/11.4.0/gcc-9.4.0-3hnxhjt
    gdrcopy/2.2/gcc-9.4.0-e4igtfp knem/1.1.4/gcc-9.4.0-bpbxgva
    libnl/3.3.0/gcc-9.4.0-whwhrwb rdma-core/34.0/gcc-9.4.0-5eo5n2u
    ucx/1.11.1/gcc-9.4.0-lktqyl4 openmpi/4.1.1/gcc-9.4.0-epagguv
no change     /usr/local/software/archive/linux-scientific7-x86_64/gcc-9/miniconda3-4.7.12.1-rmuek6r3f6p3v6fdj7o2klyzta3qhslh/condabin/conda
no change     /usr/local/software/archive/linux-scientific7-x86_64/gcc-9/miniconda3-4.7.12.1-rmuek6r3f6p3v6fdj7o2klyzta3qhslh/bin/conda
no change     /usr/local/software/archive/linux-scientific7-x86_64/gcc-9/miniconda3-4.7.12.1-rmuek6r3f6p3v6fdj7o2klyzta3qhslh/bin/conda-env
no change     /usr/local/software/archive/linux-scientific7-x86_64/gcc-9/miniconda3-4.7.12.1-rmuek6r3f6p3v6fdj7o2klyzta3qhslh/bin/activate
no change     /usr/local/software/archive/linux-scientific7-x86_64/gcc-9/miniconda3-4.7.12.1-rmuek6r3f6p3v6fdj7o2klyzta3qhslh/bin/deactivate
no change     /usr/local/software/archive/linux-scientific7-x86_64/gcc-9/miniconda3-4.7.12.1-rmuek6r3f6p3v6fdj7o2klyzta3qhslh/etc/profile.d/conda.sh
no change     /usr/local/software/archive/linux-scientific7-x86_64/gcc-9/miniconda3-4.7.12.1-rmuek6r3f6p3v6fdj7o2klyzta3qhslh/etc/fish/conf.d/conda.fish
no change     /usr/local/software/archive/linux-scientific7-x86_64/gcc-9/miniconda3-4.7.12.1-rmuek6r3f6p3v6fdj7o2klyzta3qhslh/shell/condabin/Conda.psm1
no change     /usr/local/software/archive/linux-scientific7-x86_64/gcc-9/miniconda3-4.7.12.1-rmuek6r3f6p3v6fdj7o2klyzta3qhslh/shell/condabin/conda-hook.ps1
no change     /usr/local/software/archive/linux-scientific7-x86_64/gcc-9/miniconda3-4.7.12.1-rmuek6r3f6p3v6fdj7o2klyzta3qhslh/lib/python3.7/site-packages/xontrib/conda.xsh
no change     /usr/local/software/archive/linux-scientific7-x86_64/gcc-9/miniconda3-4.7.12.1-rmuek6r3f6p3v6fdj7o2klyzta3qhslh/etc/profile.d/conda.csh
no change     /home/dwl38/.bashrc
No action taken.
Changed directory to /rds/user/dwl38/hpc-work/MPhil-Scientific-Computing/WA-1/05-gas-npt.

JobID: 5751042
======
Time: Thu 27 Feb 10:52:49 GMT 2025
Running on master node: gpu-q-5
Current directory: /rds/user/dwl38/hpc-work/MPhil-Scientific-Computing/WA-1/05-gas-npt

Nodes allocated:
================
gpu-q-5

numtasks=1, numnodes=1, mpi_tasks_per_node=1 (OMP_NUM_THREADS=1)

Executing command:
==================
python run.py 900 1100 1000 0

Running crystal gradual heat from 900K to 1100K with 1000 timesteps per degree and 0 final equilibration timesteps...
Loading MACE-MP-0 model...
Converting models to CuEq for acceleration
No dtype selected, switching to float64 to match model dtype.
Starting MD...
Running MD...
    Progress: running 901K...
    Progress: running 902K...
    Progress: running 903K...
    Progress: running 904K...
    Progress: running 905K...
    Progress: running 906K...
    Progress: running 907K...
    Progress: running 908K...
    Progress: running 909K...
    Progress: running 910K...
    Progress: running 911K...
    Progress: running 912K...
    Progress: running 913K...
    Progress: running 914K...
    Progress: running 915K...
    Progress: running 916K...
    Progress: running 917K...
    Progress: running 918K...
    Progress: running 919K...
    Progress: running 920K...
    Progress: running 921K...
    Progress: running 922K...
    Progress: running 923K...
    Progress: running 924K...
    Progress: running 925K...
    Progress: running 926K...
    Progress: running 927K...
    Progress: running 928K...
    Progress: running 929K...
    Progress: running 930K...
    Progress: running 931K...
    Progress: running 932K...
    Progress: running 933K...
    Progress: running 934K...
    Progress: running 935K...
    Progress: running 936K...
    Progress: running 937K...
    Progress: running 938K...
    Progress: running 939K...
    Progress: running 940K...
    Progress: running 941K...
    Progress: running 942K...
    Progress: running 943K...
    Progress: running 944K...
    Progress: running 945K...
    Progress: running 946K...
    Progress: running 947K...
    Progress: running 948K...
    Progress: running 949K...
    Progress: running 950K...
    Progress: running 951K...
    Progress: running 952K...
    Progress: running 953K...
    Progress: running 954K...
    Progress: running 955K...
    Progress: running 956K...
    Progress: running 957K...
    Progress: running 958K...
    Progress: running 959K...
    Progress: running 960K...
    Progress: running 961K...
    Progress: running 962K...
    Progress: running 963K...
    Progress: running 964K...
    Progress: running 965K...
    Progress: running 966K...
    Progress: running 967K...
    Progress: running 968K...
    Progress: running 969K...
    Progress: running 970K...
    Progress: running 971K...
    Progress: running 972K...
    Progress: running 973K...
    Progress: running 974K...
    Progress: running 975K...
    Progress: running 976K...
    Progress: running 977K...
    Progress: running 978K...
    Progress: running 979K...
    Progress: running 980K...
    Progress: running 981K...
    Progress: running 982K...
    Progress: running 983K...
    Progress: running 984K...
    Progress: running 985K...
    Progress: running 986K...
    Progress: running 987K...
    Progress: running 988K...
    Progress: running 989K...
    Progress: running 990K...
    Progress: running 991K...
    Progress: running 992K...
    Progress: running 993K...
    Progress: running 994K...
    Progress: running 995K...
    Progress: running 996K...
    Progress: running 997K...
    Progress: running 998K...
    Progress: running 999K...
    Progress: running 1000K...
    Progress: running 1001K...
    Progress: running 1002K...
    Progress: running 1003K...
    Progress: running 1004K...
    Progress: running 1005K...
    Progress: running 1006K...
    Progress: running 1007K...
    Progress: running 1008K...
    Progress: running 1009K...
    Progress: running 1010K...
    Progress: running 1011K...
    Progress: running 1012K...
    Progress: running 1013K...
    Progress: running 1014K...
    Progress: running 1015K...
    Progress: running 1016K...
    Progress: running 1017K...
    Progress: running 1018K...
    Progress: running 1019K...
    Progress: running 1020K...
    Progress: running 1021K...
    Progress: running 1022K...
    Progress: running 1023K...
    Progress: running 1024K...
    Progress: running 1025K...
    Progress: running 1026K...
    Progress: running 1027K...
    Progress: running 1028K...
    Progress: running 1029K...
    Progress: running 1030K...
    Progress: running 1031K...
    Progress: running 1032K...
    Progress: running 1033K...
    Progress: running 1034K...
    Progress: running 1035K...
    Progress: running 1036K...
    Progress: running 1037K...
    Progress: running 1038K...
    Progress: running 1039K...
    Progress: running 1040K...
    Progress: running 1041K...
    Progress: running 1042K...
    Progress: running 1043K...
    Progress: running 1044K...
    Progress: running 1045K...
    Progress: running 1046K...
    Progress: running 1047K...
    Progress: running 1048K...
    Progress: running 1049K...
    Progress: running 1050K...
    Progress: running 1051K...
    Progress: running 1052K...
    Progress: running 1053K...
    Progress: running 1054K...
    Progress: running 1055K...
    Progress: running 1056K...
    Progress: running 1057K...
    Progress: running 1058K...
    Progress: running 1059K...
    Progress: running 1060K...
    Progress: running 1061K...
    Progress: running 1062K...
    Progress: running 1063K...
    Progress: running 1064K...
    Progress: running 1065K...
    Progress: running 1066K...
    Progress: running 1067K...
    Progress: running 1068K...
    Progress: running 1069K...
    Progress: running 1070K...
    Progress: running 1071K...
    Progress: running 1072K...
    Progress: running 1073K...
    Progress: running 1074K...
    Progress: running 1075K...
    Progress: running 1076K...
    Progress: running 1077K...
    Progress: running 1078K...
    Progress: running 1079K...
    Progress: running 1080K...
    Progress: running 1081K...
    Progress: running 1082K...
    Progress: running 1083K...
    Progress: running 1084K...
    Progress: running 1085K...
    Progress: running 1086K...
    Progress: running 1087K...
    Progress: running 1088K...
    Progress: running 1089K...
    Progress: running 1090K...
    Progress: running 1091K...
    Progress: running 1092K...
    Progress: running 1093K...
    Progress: running 1094K...
    Progress: running 1095K...
    Progress: running 1096K...
    Progress: running 1097K...
    Progress: running 1098K...
    Progress: running 1099K...
    Progress: running 1100K...
MD finished!
Wall time taken (hh:mm:ss) was 02:27:53.
