Loading rhel8/default-amp
  Loading requirement: rhel8/slurm singularity/current rhel8/global cuda/11.4
    libpciaccess/0.16/gcc-9.4.0-6fonbj6 libiconv/1.16/gcc-9.4.0-ahebbov
    libxml2/2.9.12/gcc-9.4.0-gnknt5e ncurses/6.2/gcc-9.4.0-aiirok7
    hwloc/2.5.0/gcc-9.4.0-7sqomga libevent/2.1.12/gcc-9.4.0-hgny7cm
    numactl/2.0.14/gcc-9.4.0-52dwc6n cuda/11.4.0/gcc-9.4.0-3hnxhjt
    gdrcopy/2.2/gcc-9.4.0-e4igtfp knem/1.1.4/gcc-9.4.0-bpbxgva
    libnl/3.3.0/gcc-9.4.0-whwhrwb rdma-core/34.0/gcc-9.4.0-5eo5n2u
    ucx/1.11.1/gcc-9.4.0-lktqyl4 openmpi/4.1.1/gcc-9.4.0-epagguv
no change     /usr/local/software/archive/linux-scientific7-x86_64/gcc-9/miniconda3-4.7.12.1-rmuek6r3f6p3v6fdj7o2klyzta3qhslh/condabin/conda
no change     /usr/local/software/archive/linux-scientific7-x86_64/gcc-9/miniconda3-4.7.12.1-rmuek6r3f6p3v6fdj7o2klyzta3qhslh/bin/conda
no change     /usr/local/software/archive/linux-scientific7-x86_64/gcc-9/miniconda3-4.7.12.1-rmuek6r3f6p3v6fdj7o2klyzta3qhslh/bin/conda-env
no change     /usr/local/software/archive/linux-scientific7-x86_64/gcc-9/miniconda3-4.7.12.1-rmuek6r3f6p3v6fdj7o2klyzta3qhslh/bin/activate
no change     /usr/local/software/archive/linux-scientific7-x86_64/gcc-9/miniconda3-4.7.12.1-rmuek6r3f6p3v6fdj7o2klyzta3qhslh/bin/deactivate
no change     /usr/local/software/archive/linux-scientific7-x86_64/gcc-9/miniconda3-4.7.12.1-rmuek6r3f6p3v6fdj7o2klyzta3qhslh/etc/profile.d/conda.sh
no change     /usr/local/software/archive/linux-scientific7-x86_64/gcc-9/miniconda3-4.7.12.1-rmuek6r3f6p3v6fdj7o2klyzta3qhslh/etc/fish/conf.d/conda.fish
no change     /usr/local/software/archive/linux-scientific7-x86_64/gcc-9/miniconda3-4.7.12.1-rmuek6r3f6p3v6fdj7o2klyzta3qhslh/shell/condabin/Conda.psm1
no change     /usr/local/software/archive/linux-scientific7-x86_64/gcc-9/miniconda3-4.7.12.1-rmuek6r3f6p3v6fdj7o2klyzta3qhslh/shell/condabin/conda-hook.ps1
no change     /usr/local/software/archive/linux-scientific7-x86_64/gcc-9/miniconda3-4.7.12.1-rmuek6r3f6p3v6fdj7o2klyzta3qhslh/lib/python3.7/site-packages/xontrib/conda.xsh
no change     /usr/local/software/archive/linux-scientific7-x86_64/gcc-9/miniconda3-4.7.12.1-rmuek6r3f6p3v6fdj7o2klyzta3qhslh/etc/profile.d/conda.csh
no change     /home/dwl38/.bashrc
No action taken.
Changed directory to /rds/user/dwl38/hpc-work/MPhil-Scientific-Computing/WA-1/05-gas-npt.

JobID: 5640009
======
Time: Tue 25 Feb 15:17:52 GMT 2025
Running on master node: gpu-q-14
Current directory: /rds/user/dwl38/hpc-work/MPhil-Scientific-Computing/WA-1/05-gas-npt

Nodes allocated:
================
gpu-q-14

numtasks=1, numnodes=1, mpi_tasks_per_node=1 (OMP_NUM_THREADS=1)

Executing command:
==================
python run.py 300 500 1000 0; python run.py 500 700 1000 0

Running crystal gradual heat from 300K to 500K with 1000 timesteps per degree and 0 final equilibration timesteps...
Loading MACE-MP-0 model...
Converting models to CuEq for acceleration
No dtype selected, switching to float64 to match model dtype.
Starting MD...
Running MD...
    Progress: running 301K...
    Progress: running 302K...
    Progress: running 303K...
    Progress: running 304K...
    Progress: running 305K...
    Progress: running 306K...
    Progress: running 307K...
    Progress: running 308K...
    Progress: running 309K...
    Progress: running 310K...
    Progress: running 311K...
    Progress: running 312K...
    Progress: running 313K...
    Progress: running 314K...
    Progress: running 315K...
    Progress: running 316K...
    Progress: running 317K...
    Progress: running 318K...
    Progress: running 319K...
    Progress: running 320K...
    Progress: running 321K...
    Progress: running 322K...
    Progress: running 323K...
    Progress: running 324K...
    Progress: running 325K...
    Progress: running 326K...
    Progress: running 327K...
    Progress: running 328K...
    Progress: running 329K...
    Progress: running 330K...
    Progress: running 331K...
    Progress: running 332K...
    Progress: running 333K...
    Progress: running 334K...
    Progress: running 335K...
    Progress: running 336K...
    Progress: running 337K...
    Progress: running 338K...
    Progress: running 339K...
    Progress: running 340K...
    Progress: running 341K...
    Progress: running 342K...
    Progress: running 343K...
    Progress: running 344K...
    Progress: running 345K...
    Progress: running 346K...
    Progress: running 347K...
    Progress: running 348K...
    Progress: running 349K...
    Progress: running 350K...
    Progress: running 351K...
    Progress: running 352K...
    Progress: running 353K...
    Progress: running 354K...
    Progress: running 355K...
    Progress: running 356K...
    Progress: running 357K...
    Progress: running 358K...
    Progress: running 359K...
    Progress: running 360K...
    Progress: running 361K...
    Progress: running 362K...
    Progress: running 363K...
    Progress: running 364K...
    Progress: running 365K...
    Progress: running 366K...
    Progress: running 367K...
    Progress: running 368K...
    Progress: running 369K...
    Progress: running 370K...
    Progress: running 371K...
    Progress: running 372K...
    Progress: running 373K...
    Progress: running 374K...
    Progress: running 375K...
    Progress: running 376K...
    Progress: running 377K...
    Progress: running 378K...
    Progress: running 379K...
    Progress: running 380K...
    Progress: running 381K...
    Progress: running 382K...
    Progress: running 383K...
    Progress: running 384K...
    Progress: running 385K...
    Progress: running 386K...
    Progress: running 387K...
    Progress: running 388K...
    Progress: running 389K...
    Progress: running 390K...
    Progress: running 391K...
    Progress: running 392K...
    Progress: running 393K...
    Progress: running 394K...
    Progress: running 395K...
    Progress: running 396K...
    Progress: running 397K...
    Progress: running 398K...
    Progress: running 399K...
    Progress: running 400K...
    Progress: running 401K...
    Progress: running 402K...
    Progress: running 403K...
    Progress: running 404K...
    Progress: running 405K...
    Progress: running 406K...
    Progress: running 407K...
    Progress: running 408K...
    Progress: running 409K...
    Progress: running 410K...
    Progress: running 411K...
    Progress: running 412K...
    Progress: running 413K...
    Progress: running 414K...
    Progress: running 415K...
    Progress: running 416K...
    Progress: running 417K...
    Progress: running 418K...
    Progress: running 419K...
    Progress: running 420K...
    Progress: running 421K...
    Progress: running 422K...
    Progress: running 423K...
    Progress: running 424K...
    Progress: running 425K...
    Progress: running 426K...
    Progress: running 427K...
    Progress: running 428K...
    Progress: running 429K...
    Progress: running 430K...
    Progress: running 431K...
    Progress: running 432K...
    Progress: running 433K...
    Progress: running 434K...
    Progress: running 435K...
    Progress: running 436K...
    Progress: running 437K...
    Progress: running 438K...
    Progress: running 439K...
    Progress: running 440K...
    Progress: running 441K...
    Progress: running 442K...
    Progress: running 443K...
    Progress: running 444K...
    Progress: running 445K...
    Progress: running 446K...
    Progress: running 447K...
    Progress: running 448K...
    Progress: running 449K...
    Progress: running 450K...
    Progress: running 451K...
    Progress: running 452K...
    Progress: running 453K...
    Progress: running 454K...
    Progress: running 455K...
    Progress: running 456K...
    Progress: running 457K...
    Progress: running 458K...
    Progress: running 459K...
    Progress: running 460K...
    Progress: running 461K...
    Progress: running 462K...
    Progress: running 463K...
    Progress: running 464K...
    Progress: running 465K...
    Progress: running 466K...
    Progress: running 467K...
    Progress: running 468K...
    Progress: running 469K...
    Progress: running 470K...
    Progress: running 471K...
    Progress: running 472K...
    Progress: running 473K...
    Progress: running 474K...
    Progress: running 475K...
    Progress: running 476K...
    Progress: running 477K...
    Progress: running 478K...
    Progress: running 479K...
    Progress: running 480K...
    Progress: running 481K...
    Progress: running 482K...
    Progress: running 483K...
    Progress: running 484K...
    Progress: running 485K...
    Progress: running 486K...
    Progress: running 487K...
    Progress: running 488K...
    Progress: running 489K...
    Progress: running 490K...
    Progress: running 491K...
    Progress: running 492K...
    Progress: running 493K...
    Progress: running 494K...
    Progress: running 495K...
    Progress: running 496K...
    Progress: running 497K...
    Progress: running 498K...
    Progress: running 499K...
    Progress: running 500K...
MD finished!
Wall time taken (hh:mm:ss) was 06:14:08.
Running crystal gradual heat from 500K to 700K with 1000 timesteps per degree and 0 final equilibration timesteps...
Loading MACE-MP-0 model...
Converting models to CuEq for acceleration
No dtype selected, switching to float64 to match model dtype.
Starting MD...
Running MD...
    Progress: running 501K...
    Progress: running 502K...
    Progress: running 503K...
    Progress: running 504K...
    Progress: running 505K...
    Progress: running 506K...
    Progress: running 507K...
    Progress: running 508K...
    Progress: running 509K...
    Progress: running 510K...
    Progress: running 511K...
    Progress: running 512K...
    Progress: running 513K...
    Progress: running 514K...
    Progress: running 515K...
    Progress: running 516K...
    Progress: running 517K...
    Progress: running 518K...
    Progress: running 519K...
    Progress: running 520K...
    Progress: running 521K...
    Progress: running 522K...
    Progress: running 523K...
    Progress: running 524K...
    Progress: running 525K...
    Progress: running 526K...
    Progress: running 527K...
    Progress: running 528K...
    Progress: running 529K...
    Progress: running 530K...
    Progress: running 531K...
    Progress: running 532K...
    Progress: running 533K...
    Progress: running 534K...
    Progress: running 535K...
    Progress: running 536K...
    Progress: running 537K...
    Progress: running 538K...
    Progress: running 539K...
    Progress: running 540K...
    Progress: running 541K...
    Progress: running 542K...
    Progress: running 543K...
    Progress: running 544K...
    Progress: running 545K...
    Progress: running 546K...
    Progress: running 547K...
    Progress: running 548K...
    Progress: running 549K...
    Progress: running 550K...
    Progress: running 551K...
    Progress: running 552K...
    Progress: running 553K...
    Progress: running 554K...
    Progress: running 555K...
    Progress: running 556K...
    Progress: running 557K...
    Progress: running 558K...
    Progress: running 559K...
    Progress: running 560K...
    Progress: running 561K...
    Progress: running 562K...
    Progress: running 563K...
    Progress: running 564K...
    Progress: running 565K...
    Progress: running 566K...
    Progress: running 567K...
    Progress: running 568K...
    Progress: running 569K...
    Progress: running 570K...
    Progress: running 571K...
    Progress: running 572K...
    Progress: running 573K...
    Progress: running 574K...
    Progress: running 575K...
    Progress: running 576K...
    Progress: running 577K...
    Progress: running 578K...
    Progress: running 579K...
    Progress: running 580K...
    Progress: running 581K...
    Progress: running 582K...
    Progress: running 583K...
    Progress: running 584K...
    Progress: running 585K...
    Progress: running 586K...
    Progress: running 587K...
    Progress: running 588K...
    Progress: running 589K...
    Progress: running 590K...
    Progress: running 591K...
    Progress: running 592K...
    Progress: running 593K...
    Progress: running 594K...
    Progress: running 595K...
    Progress: running 596K...
    Progress: running 597K...
    Progress: running 598K...
    Progress: running 599K...
    Progress: running 600K...
    Progress: running 601K...
    Progress: running 602K...
    Progress: running 603K...
    Progress: running 604K...
    Progress: running 605K...
    Progress: running 606K...
    Progress: running 607K...
    Progress: running 608K...
    Progress: running 609K...
    Progress: running 610K...
    Progress: running 611K...
    Progress: running 612K...
    Progress: running 613K...
    Progress: running 614K...
    Progress: running 615K...
    Progress: running 616K...
    Progress: running 617K...
    Progress: running 618K...
    Progress: running 619K...
    Progress: running 620K...
    Progress: running 621K...
    Progress: running 622K...
    Progress: running 623K...
    Progress: running 624K...
    Progress: running 625K...
    Progress: running 626K...
    Progress: running 627K...
    Progress: running 628K...
    Progress: running 629K...
    Progress: running 630K...
    Progress: running 631K...
    Progress: running 632K...
    Progress: running 633K...
    Progress: running 634K...
    Progress: running 635K...
    Progress: running 636K...
    Progress: running 637K...
    Progress: running 638K...
    Progress: running 639K...
    Progress: running 640K...
    Progress: running 641K...
    Progress: running 642K...
    Progress: running 643K...
    Progress: running 644K...
    Progress: running 645K...
    Progress: running 646K...
    Progress: running 647K...
    Progress: running 648K...
    Progress: running 649K...
    Progress: running 650K...
    Progress: running 651K...
    Progress: running 652K...
    Progress: running 653K...
    Progress: running 654K...
    Progress: running 655K...
    Progress: running 656K...
    Progress: running 657K...
    Progress: running 658K...
    Progress: running 659K...
    Progress: running 660K...
    Progress: running 661K...
    Progress: running 662K...
    Progress: running 663K...
    Progress: running 664K...
    Progress: running 665K...
    Progress: running 666K...
    Progress: running 667K...
    Progress: running 668K...
    Progress: running 669K...
    Progress: running 670K...
    Progress: running 671K...
    Progress: running 672K...
    Progress: running 673K...
    Progress: running 674K...
    Progress: running 675K...
    Progress: running 676K...
    Progress: running 677K...
    Progress: running 678K...
    Progress: running 679K...
    Progress: running 680K...
    Progress: running 681K...
    Progress: running 682K...
    Progress: running 683K...
    Progress: running 684K...
    Progress: running 685K...
    Progress: running 686K...
    Progress: running 687K...
    Progress: running 688K...
    Progress: running 689K...
    Progress: running 690K...
    Progress: running 691K...
    Progress: running 692K...
    Progress: running 693K...
    Progress: running 694K...
    Progress: running 695K...
    Progress: running 696K...
    Progress: running 697K...
    Progress: running 698K...
    Progress: running 699K...
    Progress: running 700K...
MD finished!
Wall time taken (hh:mm:ss) was 05:45:52.
