Loading rhel8/default-amp
  Loading requirement: rhel8/slurm singularity/current rhel8/global cuda/11.4
    libpciaccess/0.16/gcc-9.4.0-6fonbj6 libiconv/1.16/gcc-9.4.0-ahebbov
    libxml2/2.9.12/gcc-9.4.0-gnknt5e ncurses/6.2/gcc-9.4.0-aiirok7
    hwloc/2.5.0/gcc-9.4.0-7sqomga libevent/2.1.12/gcc-9.4.0-hgny7cm
    numactl/2.0.14/gcc-9.4.0-52dwc6n cuda/11.4.0/gcc-9.4.0-3hnxhjt
    gdrcopy/2.2/gcc-9.4.0-e4igtfp knem/1.1.4/gcc-9.4.0-bpbxgva
    libnl/3.3.0/gcc-9.4.0-whwhrwb rdma-core/34.0/gcc-9.4.0-5eo5n2u
    ucx/1.11.1/gcc-9.4.0-lktqyl4 openmpi/4.1.1/gcc-9.4.0-epagguv
no change     /usr/local/software/archive/linux-scientific7-x86_64/gcc-9/miniconda3-4.7.12.1-rmuek6r3f6p3v6fdj7o2klyzta3qhslh/condabin/conda
no change     /usr/local/software/archive/linux-scientific7-x86_64/gcc-9/miniconda3-4.7.12.1-rmuek6r3f6p3v6fdj7o2klyzta3qhslh/bin/conda
no change     /usr/local/software/archive/linux-scientific7-x86_64/gcc-9/miniconda3-4.7.12.1-rmuek6r3f6p3v6fdj7o2klyzta3qhslh/bin/conda-env
no change     /usr/local/software/archive/linux-scientific7-x86_64/gcc-9/miniconda3-4.7.12.1-rmuek6r3f6p3v6fdj7o2klyzta3qhslh/bin/activate
no change     /usr/local/software/archive/linux-scientific7-x86_64/gcc-9/miniconda3-4.7.12.1-rmuek6r3f6p3v6fdj7o2klyzta3qhslh/bin/deactivate
no change     /usr/local/software/archive/linux-scientific7-x86_64/gcc-9/miniconda3-4.7.12.1-rmuek6r3f6p3v6fdj7o2klyzta3qhslh/etc/profile.d/conda.sh
no change     /usr/local/software/archive/linux-scientific7-x86_64/gcc-9/miniconda3-4.7.12.1-rmuek6r3f6p3v6fdj7o2klyzta3qhslh/etc/fish/conf.d/conda.fish
no change     /usr/local/software/archive/linux-scientific7-x86_64/gcc-9/miniconda3-4.7.12.1-rmuek6r3f6p3v6fdj7o2klyzta3qhslh/shell/condabin/Conda.psm1
no change     /usr/local/software/archive/linux-scientific7-x86_64/gcc-9/miniconda3-4.7.12.1-rmuek6r3f6p3v6fdj7o2klyzta3qhslh/shell/condabin/conda-hook.ps1
no change     /usr/local/software/archive/linux-scientific7-x86_64/gcc-9/miniconda3-4.7.12.1-rmuek6r3f6p3v6fdj7o2klyzta3qhslh/lib/python3.7/site-packages/xontrib/conda.xsh
no change     /usr/local/software/archive/linux-scientific7-x86_64/gcc-9/miniconda3-4.7.12.1-rmuek6r3f6p3v6fdj7o2klyzta3qhslh/etc/profile.d/conda.csh
no change     /home/dwl38/.bashrc
No action taken.
Changed directory to /rds/user/dwl38/hpc-work/MPhil-Scientific-Computing/WA-1/05-gas-npt.

JobID: 5761271
======
Time: Thu 27 Feb 13:46:23 GMT 2025
Running on master node: gpu-q-17
Current directory: /rds/user/dwl38/hpc-work/MPhil-Scientific-Computing/WA-1/05-gas-npt

Nodes allocated:
================
gpu-q-17

numtasks=1, numnodes=1, mpi_tasks_per_node=1 (OMP_NUM_THREADS=1)

Executing command:
==================
python run.py 1100 1300 1000 0

Running crystal gradual heat from 1100K to 1300K with 1000 timesteps per degree and 0 final equilibration timesteps...
Loading MACE-MP-0 model...
Converting models to CuEq for acceleration
No dtype selected, switching to float64 to match model dtype.
Starting MD...
Running MD...
    Progress: running 1101K...
    Progress: running 1102K...
    Progress: running 1103K...
    Progress: running 1104K...
    Progress: running 1105K...
    Progress: running 1106K...
    Progress: running 1107K...
    Progress: running 1108K...
    Progress: running 1109K...
    Progress: running 1110K...
    Progress: running 1111K...
    Progress: running 1112K...
    Progress: running 1113K...
    Progress: running 1114K...
    Progress: running 1115K...
    Progress: running 1116K...
    Progress: running 1117K...
    Progress: running 1118K...
    Progress: running 1119K...
    Progress: running 1120K...
    Progress: running 1121K...
    Progress: running 1122K...
    Progress: running 1123K...
    Progress: running 1124K...
    Progress: running 1125K...
    Progress: running 1126K...
    Progress: running 1127K...
    Progress: running 1128K...
    Progress: running 1129K...
    Progress: running 1130K...
    Progress: running 1131K...
    Progress: running 1132K...
    Progress: running 1133K...
    Progress: running 1134K...
    Progress: running 1135K...
    Progress: running 1136K...
    Progress: running 1137K...
    Progress: running 1138K...
    Progress: running 1139K...
    Progress: running 1140K...
    Progress: running 1141K...
    Progress: running 1142K...
    Progress: running 1143K...
    Progress: running 1144K...
    Progress: running 1145K...
    Progress: running 1146K...
    Progress: running 1147K...
    Progress: running 1148K...
    Progress: running 1149K...
    Progress: running 1150K...
    Progress: running 1151K...
    Progress: running 1152K...
    Progress: running 1153K...
    Progress: running 1154K...
    Progress: running 1155K...
    Progress: running 1156K...
    Progress: running 1157K...
    Progress: running 1158K...
    Progress: running 1159K...
    Progress: running 1160K...
    Progress: running 1161K...
    Progress: running 1162K...
    Progress: running 1163K...
    Progress: running 1164K...
    Progress: running 1165K...
    Progress: running 1166K...
    Progress: running 1167K...
    Progress: running 1168K...
    Progress: running 1169K...
    Progress: running 1170K...
    Progress: running 1171K...
    Progress: running 1172K...
    Progress: running 1173K...
    Progress: running 1174K...
    Progress: running 1175K...
    Progress: running 1176K...
    Progress: running 1177K...
    Progress: running 1178K...
    Progress: running 1179K...
    Progress: running 1180K...
    Progress: running 1181K...
    Progress: running 1182K...
    Progress: running 1183K...
    Progress: running 1184K...
    Progress: running 1185K...
    Progress: running 1186K...
    Progress: running 1187K...
    Progress: running 1188K...
    Progress: running 1189K...
    Progress: running 1190K...
    Progress: running 1191K...
    Progress: running 1192K...
    Progress: running 1193K...
    Progress: running 1194K...
    Progress: running 1195K...
    Progress: running 1196K...
    Progress: running 1197K...
    Progress: running 1198K...
    Progress: running 1199K...
    Progress: running 1200K...
    Progress: running 1201K...
    Progress: running 1202K...
    Progress: running 1203K...
    Progress: running 1204K...
    Progress: running 1205K...
    Progress: running 1206K...
    Progress: running 1207K...
    Progress: running 1208K...
    Progress: running 1209K...
    Progress: running 1210K...
    Progress: running 1211K...
    Progress: running 1212K...
    Progress: running 1213K...
    Progress: running 1214K...
    Progress: running 1215K...
    Progress: running 1216K...
    Progress: running 1217K...
    Progress: running 1218K...
    Progress: running 1219K...
    Progress: running 1220K...
    Progress: running 1221K...
    Progress: running 1222K...
    Progress: running 1223K...
    Progress: running 1224K...
    Progress: running 1225K...
    Progress: running 1226K...
    Progress: running 1227K...
    Progress: running 1228K...
    Progress: running 1229K...
    Progress: running 1230K...
    Progress: running 1231K...
    Progress: running 1232K...
    Progress: running 1233K...
    Progress: running 1234K...
    Progress: running 1235K...
    Progress: running 1236K...
    Progress: running 1237K...
    Progress: running 1238K...
    Progress: running 1239K...
    Progress: running 1240K...
    Progress: running 1241K...
    Progress: running 1242K...
    Progress: running 1243K...
    Progress: running 1244K...
    Progress: running 1245K...
    Progress: running 1246K...
    Progress: running 1247K...
    Progress: running 1248K...
    Progress: running 1249K...
    Progress: running 1250K...
    Progress: running 1251K...
    Progress: running 1252K...
    Progress: running 1253K...
    Progress: running 1254K...
    Progress: running 1255K...
    Progress: running 1256K...
    Progress: running 1257K...
    Progress: running 1258K...
    Progress: running 1259K...
    Progress: running 1260K...
    Progress: running 1261K...
    Progress: running 1262K...
    Progress: running 1263K...
    Progress: running 1264K...
    Progress: running 1265K...
    Progress: running 1266K...
    Progress: running 1267K...
    Progress: running 1268K...
    Progress: running 1269K...
    Progress: running 1270K...
    Progress: running 1271K...
    Progress: running 1272K...
    Progress: running 1273K...
    Progress: running 1274K...
    Progress: running 1275K...
    Progress: running 1276K...
    Progress: running 1277K...
    Progress: running 1278K...
    Progress: running 1279K...
    Progress: running 1280K...
    Progress: running 1281K...
    Progress: running 1282K...
    Progress: running 1283K...
    Progress: running 1284K...
    Progress: running 1285K...
    Progress: running 1286K...
    Progress: running 1287K...
    Progress: running 1288K...
    Progress: running 1289K...
    Progress: running 1290K...
    Progress: running 1291K...
    Progress: running 1292K...
    Progress: running 1293K...
    Progress: running 1294K...
    Progress: running 1295K...
    Progress: running 1296K...
    Progress: running 1297K...
    Progress: running 1298K...
    Progress: running 1299K...
    Progress: running 1300K...
MD finished!
Wall time taken (hh:mm:ss) was 02:21:12.
