2025-02-28 21:58:45.955 INFO: ===========VERIFYING SETTINGS===========
2025-02-28 21:58:45.956 INFO: MACE version: 0.3.10
2025-02-28 21:58:46.325 INFO: CUDA version: 12.4, CUDA device: 0
2025-02-28 21:58:47.645 INFO: ===========LOADING INPUT DATA===========
2025-02-28 21:58:47.645 INFO: Using heads: ['default']
2025-02-28 21:58:47.646 INFO: =============    Processing head default     ===========
2025-02-28 21:58:49.375 INFO: Using isolated atom energies from training file
2025-02-28 21:58:49.415 INFO: Training set [1048 configs, 1048 energy, 554352 forces] loaded from '../data/nacl-water-RPA.xyz'
2025-02-28 21:58:49.417 INFO: Using random 5% of training set for validation with indices saved in: ./valid_indices_123.txt
2025-02-28 21:58:49.417 INFO: Validaton set contains 52 configurations [52 energy, 27720 forces]
2025-02-28 21:58:49.417 INFO: Total number of configurations: train=996, valid=52, tests=[],
2025-02-28 21:58:49.434 INFO: Atomic Numbers used: [1, 8, 11, 17]
2025-02-28 21:58:49.434 INFO: Atomic Energies used (z: eV) for head default: {1: -14.058715637648925, 8: -433.0443596510768, 11: -1302.0064166842267, 17: -408.458660525576}
2025-02-28 21:58:55.009 INFO: Computing average number of neighbors
2025-02-28 21:58:57.637 INFO: Average number of neighbors: 83.2900013671786
2025-02-28 21:58:57.637 INFO: During training the following quantities will be reported: energy, forces
2025-02-28 21:58:57.637 INFO: ===========MODEL DETAILS===========
2025-02-28 21:58:58.760 INFO: Building model
2025-02-28 21:58:58.760 INFO: Message passing with 128 channels and max_L=0 (128x0e)
2025-02-28 21:58:58.760 INFO: 2 layers, each with correlation order: 3 (body order: 4) and spherical harmonics up to: l=3
2025-02-28 21:58:58.760 INFO: 8 radial and 5 basis functions
2025-02-28 21:58:58.760 INFO: Radial cutoff: 6.0 A (total receptive field for each atom: 12.0 A)
2025-02-28 21:58:58.761 INFO: Distance transform for radial basis functions: None
2025-02-28 21:58:58.761 INFO: Hidden irreps: 128x0e
2025-02-28 21:59:01.115 INFO: Total number of parameters: 638608
2025-02-28 21:59:01.115 INFO: 
2025-02-28 21:59:01.116 INFO: ===========OPTIMIZER INFORMATION===========
2025-02-28 21:59:01.116 INFO: Using ADAM as parameter optimizer
2025-02-28 21:59:01.116 INFO: Batch size: 4
2025-02-28 21:59:01.116 INFO: Using Exponential Moving Average with decay: 0.995
2025-02-28 21:59:01.116 INFO: Number of gradient updates: 24900
2025-02-28 21:59:01.116 INFO: Learning rate: 0.01, weight decay: 5e-07
2025-02-28 21:59:01.116 INFO: WeightedEnergyForcesLoss(energy_weight=1.000, forces_weight=100.000)
2025-02-28 21:59:01.182 INFO: Using gradient clipping with tolerance=10.000
2025-02-28 21:59:01.182 INFO: 
2025-02-28 21:59:01.182 INFO: ===========TRAINING===========
2025-02-28 21:59:01.182 INFO: Started training, reporting errors on validation set
2025-02-28 21:59:01.182 INFO: Loss metrics on validation set
2025-02-28 21:59:15.666 INFO: Initial: head: default, loss=9.42486663, RMSE_E_per_atom= 3370.08 meV, RMSE_F=  841.43 meV / A
2025-02-28 21:59:56.920 INFO: Epoch 0: head: default, loss=0.10131295, RMSE_E_per_atom=   72.20 meV, RMSE_F=   92.99 meV / A
2025-02-28 22:00:33.254 INFO: Epoch 1: head: default, loss=0.05512118, RMSE_E_per_atom=   33.86 meV, RMSE_F=   68.86 meV / A
2025-02-28 22:01:09.549 INFO: Epoch 2: head: default, loss=0.04079632, RMSE_E_per_atom=   35.60 meV, RMSE_F=   59.32 meV / A
2025-02-28 22:01:45.841 INFO: Epoch 3: head: default, loss=0.02688693, RMSE_E_per_atom=   40.24 meV, RMSE_F=   48.13 meV / A
2025-02-28 22:02:22.099 INFO: Epoch 4: head: default, loss=0.02122984, RMSE_E_per_atom=   38.45 meV, RMSE_F=   42.70 meV / A
2025-02-28 22:02:58.364 INFO: Epoch 5: head: default, loss=0.02118041, RMSE_E_per_atom=   40.15 meV, RMSE_F=   42.80 meV / A
2025-02-28 22:03:34.626 INFO: Epoch 6: head: default, loss=0.02107251, RMSE_E_per_atom=   36.46 meV, RMSE_F=   42.49 meV / A
2025-02-28 22:04:10.883 INFO: Epoch 7: head: default, loss=0.01732329, RMSE_E_per_atom=   35.30 meV, RMSE_F=   38.58 meV / A
2025-02-28 22:04:47.142 INFO: Epoch 8: head: default, loss=0.01620776, RMSE_E_per_atom=   33.26 meV, RMSE_F=   37.30 meV / A
2025-02-28 22:05:23.080 INFO: Epoch 9: head: default, loss=0.01496256, RMSE_E_per_atom=   30.51 meV, RMSE_F=   35.85 meV / A
2025-02-28 22:05:58.957 INFO: Epoch 10: head: default, loss=0.01445654, RMSE_E_per_atom=   31.54 meV, RMSE_F=   35.26 meV / A
2025-02-28 22:06:34.810 INFO: Epoch 11: head: default, loss=0.01835945, RMSE_E_per_atom=   32.97 meV, RMSE_F=   39.64 meV / A
2025-02-28 22:07:10.672 INFO: Epoch 12: head: default, loss=0.01378583, RMSE_E_per_atom=   31.17 meV, RMSE_F=   34.40 meV / A
2025-02-28 22:07:46.540 INFO: Epoch 13: head: default, loss=0.01252396, RMSE_E_per_atom=   28.99 meV, RMSE_F=   32.79 meV / A
2025-02-28 22:08:22.400 INFO: Epoch 14: head: default, loss=0.01150591, RMSE_E_per_atom=   27.80 meV, RMSE_F=   31.48 meV / A
2025-02-28 22:08:58.252 INFO: Epoch 15: head: default, loss=0.01055975, RMSE_E_per_atom=   26.26 meV, RMSE_F=   30.17 meV / A
2025-02-28 22:09:34.127 INFO: Epoch 16: head: default, loss=0.01076521, RMSE_E_per_atom=   27.01 meV, RMSE_F=   30.44 meV / A
2025-02-28 22:10:09.996 INFO: Epoch 17: head: default, loss=0.00979752, RMSE_E_per_atom=   24.33 meV, RMSE_F=   29.06 meV / A
2025-02-28 22:10:45.851 INFO: Epoch 18: head: default, loss=0.00911014, RMSE_E_per_atom=   19.30 meV, RMSE_F=   28.07 meV / A
2025-02-28 22:11:21.709 INFO: Epoch 19: head: default, loss=0.00859820, RMSE_E_per_atom=   19.48 meV, RMSE_F=   27.27 meV / A
2025-02-28 22:11:57.567 INFO: Epoch 20: head: default, loss=0.00821787, RMSE_E_per_atom=   19.58 meV, RMSE_F=   26.67 meV / A
2025-02-28 22:12:33.425 INFO: Epoch 21: head: default, loss=0.00851959, RMSE_E_per_atom=   19.08 meV, RMSE_F=   27.17 meV / A
2025-02-28 22:13:09.275 INFO: Epoch 22: head: default, loss=0.01426408, RMSE_E_per_atom=   20.77 meV, RMSE_F=   34.91 meV / A
2025-02-28 22:13:45.257 INFO: Epoch 23: head: default, loss=0.00967376, RMSE_E_per_atom=   17.50 meV, RMSE_F=   28.83 meV / A
2025-02-28 22:14:21.125 INFO: Epoch 24: head: default, loss=0.00825988, RMSE_E_per_atom=   17.15 meV, RMSE_F=   26.67 meV / A
2025-02-28 22:14:56.969 INFO: Epoch 25: head: default, loss=0.00771170, RMSE_E_per_atom=   16.15 meV, RMSE_F=   25.80 meV / A
2025-02-28 22:15:32.811 INFO: Epoch 26: head: default, loss=0.00735520, RMSE_E_per_atom=   14.43 meV, RMSE_F=   25.19 meV / A
2025-02-28 22:16:08.656 INFO: Epoch 27: head: default, loss=0.00708108, RMSE_E_per_atom=   13.39 meV, RMSE_F=   24.73 meV / A
2025-02-28 22:16:44.561 INFO: Epoch 28: head: default, loss=0.00683355, RMSE_E_per_atom=   13.12 meV, RMSE_F=   24.29 meV / A
2025-02-28 22:17:20.412 INFO: Epoch 29: head: default, loss=0.00655791, RMSE_E_per_atom=   11.77 meV, RMSE_F=   23.78 meV / A
2025-02-28 22:17:56.254 INFO: Epoch 30: head: default, loss=0.00640858, RMSE_E_per_atom=   10.92 meV, RMSE_F=   23.52 meV / A
2025-02-28 22:18:32.103 INFO: Epoch 31: head: default, loss=0.00614142, RMSE_E_per_atom=    9.92 meV, RMSE_F=   23.02 meV / A
2025-02-28 22:19:07.947 INFO: Epoch 32: head: default, loss=0.00610692, RMSE_E_per_atom=    9.68 meV, RMSE_F=   22.97 meV / A
2025-02-28 22:19:43.798 INFO: Epoch 33: head: default, loss=0.00599533, RMSE_E_per_atom=   10.17 meV, RMSE_F=   22.77 meV / A
2025-02-28 22:20:19.643 INFO: Epoch 34: head: default, loss=0.00610246, RMSE_E_per_atom=   10.53 meV, RMSE_F=   22.95 meV / A
2025-02-28 22:20:55.475 INFO: Epoch 35: head: default, loss=0.00583754, RMSE_E_per_atom=   10.28 meV, RMSE_F=   22.46 meV / A
2025-02-28 22:21:31.324 INFO: Epoch 36: head: default, loss=0.00816394, RMSE_E_per_atom=    9.86 meV, RMSE_F=   26.49 meV / A
2025-02-28 22:22:07.167 INFO: Epoch 37: head: default, loss=0.00638135, RMSE_E_per_atom=   10.16 meV, RMSE_F=   23.47 meV / A
2025-02-28 22:22:43.024 INFO: Epoch 38: head: default, loss=0.00599662, RMSE_E_per_atom=   10.66 meV, RMSE_F=   22.76 meV / A
2025-02-28 22:23:18.846 INFO: Epoch 39: head: default, loss=0.00562326, RMSE_E_per_atom=   10.29 meV, RMSE_F=   22.06 meV / A
2025-02-28 22:23:54.697 INFO: Epoch 40: head: default, loss=0.00533258, RMSE_E_per_atom=    9.55 meV, RMSE_F=   21.48 meV / A
2025-02-28 22:24:30.529 INFO: Epoch 41: head: default, loss=0.00516645, RMSE_E_per_atom=    8.68 meV, RMSE_F=   21.15 meV / A
2025-02-28 22:25:06.356 INFO: Epoch 42: head: default, loss=0.00507931, RMSE_E_per_atom=    8.53 meV, RMSE_F=   20.98 meV / A
2025-02-28 22:25:42.166 INFO: Epoch 43: head: default, loss=0.00491497, RMSE_E_per_atom=    7.48 meV, RMSE_F=   20.64 meV / A
2025-02-28 22:26:17.978 INFO: Epoch 44: head: default, loss=0.00478362, RMSE_E_per_atom=    6.81 meV, RMSE_F=   20.37 meV / A
2025-02-28 22:26:54.401 INFO: Epoch 45: head: default, loss=0.00467515, RMSE_E_per_atom=    6.71 meV, RMSE_F=   20.13 meV / A
2025-02-28 22:27:30.297 INFO: Epoch 46: head: default, loss=0.00457161, RMSE_E_per_atom=    6.85 meV, RMSE_F=   19.92 meV / A
2025-02-28 22:28:06.107 INFO: Epoch 47: head: default, loss=0.00461852, RMSE_E_per_atom=    6.65 meV, RMSE_F=   20.02 meV / A
2025-02-28 22:28:41.906 INFO: Epoch 48: head: default, loss=0.00445807, RMSE_E_per_atom=    5.80 meV, RMSE_F=   19.67 meV / A
2025-02-28 22:29:17.710 INFO: Epoch 49: head: default, loss=0.00443876, RMSE_E_per_atom=    6.41 meV, RMSE_F=   19.63 meV / A
2025-02-28 22:29:53.505 INFO: Epoch 50: head: default, loss=0.00439148, RMSE_E_per_atom=    6.54 meV, RMSE_F=   19.54 meV / A
2025-02-28 22:30:29.303 INFO: Epoch 51: head: default, loss=0.00430127, RMSE_E_per_atom=    5.74 meV, RMSE_F=   19.33 meV / A
2025-02-28 22:31:05.102 INFO: Epoch 52: head: default, loss=0.00420800, RMSE_E_per_atom=    5.32 meV, RMSE_F=   19.12 meV / A
2025-02-28 22:31:40.909 INFO: Epoch 53: head: default, loss=0.00420017, RMSE_E_per_atom=    5.46 meV, RMSE_F=   19.09 meV / A
2025-02-28 22:32:16.754 INFO: Epoch 54: head: default, loss=0.01412158, RMSE_E_per_atom=    4.63 meV, RMSE_F=   34.80 meV / A
2025-02-28 22:32:52.575 INFO: Epoch 55: head: default, loss=0.00792686, RMSE_E_per_atom=    4.72 meV, RMSE_F=   26.07 meV / A
2025-02-28 22:33:28.381 INFO: Epoch 56: head: default, loss=0.00625678, RMSE_E_per_atom=    2.82 meV, RMSE_F=   23.15 meV / A
2025-02-28 22:34:04.181 INFO: Epoch 57: head: default, loss=0.00536959, RMSE_E_per_atom=    4.22 meV, RMSE_F=   21.47 meV / A
2025-02-28 22:34:39.981 INFO: Epoch 58: head: default, loss=0.00669058, RMSE_E_per_atom=    7.35 meV, RMSE_F=   24.02 meV / A
2025-02-28 22:35:15.777 INFO: Epoch 59: head: default, loss=0.00494844, RMSE_E_per_atom=    6.29 meV, RMSE_F=   20.68 meV / A
2025-02-28 22:35:51.595 INFO: Epoch 60: head: default, loss=0.00460233, RMSE_E_per_atom=    5.80 meV, RMSE_F=   19.95 meV / A
2025-02-28 22:36:27.463 INFO: Epoch 61: head: default, loss=0.00441826, RMSE_E_per_atom=    5.14 meV, RMSE_F=   19.56 meV / A
2025-02-28 22:37:03.271 INFO: Epoch 62: head: default, loss=0.00430079, RMSE_E_per_atom=    4.47 meV, RMSE_F=   19.31 meV / A
2025-02-28 22:37:39.079 INFO: Epoch 63: head: default, loss=0.00420123, RMSE_E_per_atom=    4.30 meV, RMSE_F=   19.10 meV / A
2025-02-28 22:38:14.884 INFO: Epoch 64: head: default, loss=0.00416638, RMSE_E_per_atom=    4.59 meV, RMSE_F=   19.02 meV / A
2025-02-28 22:38:50.692 INFO: Epoch 65: head: default, loss=0.00408234, RMSE_E_per_atom=    4.11 meV, RMSE_F=   18.83 meV / A
2025-02-28 22:39:26.511 INFO: Epoch 66: head: default, loss=0.00404259, RMSE_E_per_atom=    4.04 meV, RMSE_F=   18.75 meV / A
2025-02-28 22:40:02.327 INFO: Epoch 67: head: default, loss=0.00406674, RMSE_E_per_atom=    4.23 meV, RMSE_F=   18.78 meV / A
2025-02-28 22:40:38.164 INFO: Epoch 68: head: default, loss=0.00397370, RMSE_E_per_atom=    4.00 meV, RMSE_F=   18.58 meV / A
2025-02-28 22:41:13.984 INFO: Epoch 69: head: default, loss=0.00393068, RMSE_E_per_atom=    4.06 meV, RMSE_F=   18.48 meV / A
2025-02-28 22:41:49.804 INFO: Epoch 70: head: default, loss=0.00392804, RMSE_E_per_atom=    4.26 meV, RMSE_F=   18.49 meV / A
2025-02-28 22:42:25.628 INFO: Epoch 71: head: default, loss=0.00387069, RMSE_E_per_atom=    4.66 meV, RMSE_F=   18.34 meV / A
2025-02-28 22:43:01.471 INFO: Epoch 72: head: default, loss=0.00391539, RMSE_E_per_atom=    4.57 meV, RMSE_F=   18.43 meV / A
2025-02-28 22:43:37.312 INFO: Epoch 73: head: default, loss=0.00404075, RMSE_E_per_atom=    4.19 meV, RMSE_F=   18.71 meV / A
2025-02-28 22:44:13.149 INFO: Epoch 74: head: default, loss=0.00388811, RMSE_E_per_atom=    4.15 meV, RMSE_F=   18.38 meV / A
2025-02-28 22:44:49.006 INFO: Epoch 75: head: default, loss=0.00377214, RMSE_E_per_atom=    3.59 meV, RMSE_F=   18.11 meV / A
2025-02-28 22:45:24.857 INFO: Epoch 76: head: default, loss=0.00375924, RMSE_E_per_atom=    3.91 meV, RMSE_F=   18.08 meV / A
2025-02-28 22:46:00.699 INFO: Epoch 77: head: default, loss=0.00369264, RMSE_E_per_atom=    3.39 meV, RMSE_F=   17.92 meV / A
2025-02-28 22:46:36.539 INFO: Epoch 78: head: default, loss=0.00367616, RMSE_E_per_atom=    3.11 meV, RMSE_F=   17.88 meV / A
2025-02-28 22:47:12.397 INFO: Epoch 79: head: default, loss=0.00362039, RMSE_E_per_atom=    3.00 meV, RMSE_F=   17.75 meV / A
2025-02-28 22:47:48.245 INFO: Epoch 80: head: default, loss=0.00360420, RMSE_E_per_atom=    3.11 meV, RMSE_F=   17.70 meV / A
2025-02-28 22:48:24.082 INFO: Epoch 81: head: default, loss=0.00357722, RMSE_E_per_atom=    2.69 meV, RMSE_F=   17.64 meV / A
2025-02-28 22:48:59.933 INFO: Epoch 82: head: default, loss=0.00356832, RMSE_E_per_atom=    2.81 meV, RMSE_F=   17.63 meV / A
2025-02-28 22:49:35.790 INFO: Epoch 83: head: default, loss=0.00354874, RMSE_E_per_atom=    2.93 meV, RMSE_F=   17.57 meV / A
2025-02-28 22:50:11.656 INFO: Epoch 84: head: default, loss=0.00349496, RMSE_E_per_atom=    1.97 meV, RMSE_F=   17.44 meV / A
2025-02-28 22:50:47.519 INFO: Epoch 85: head: default, loss=0.00348870, RMSE_E_per_atom=    1.74 meV, RMSE_F=   17.42 meV / A
2025-02-28 22:51:23.384 INFO: Epoch 86: head: default, loss=0.00350169, RMSE_E_per_atom=    2.41 meV, RMSE_F=   17.46 meV / A
2025-02-28 22:51:59.241 INFO: Epoch 87: head: default, loss=0.00344133, RMSE_E_per_atom=    2.50 meV, RMSE_F=   17.31 meV / A
2025-02-28 22:52:35.098 INFO: Epoch 88: head: default, loss=0.00343713, RMSE_E_per_atom=    1.94 meV, RMSE_F=   17.30 meV / A
2025-02-28 22:53:10.964 INFO: Epoch 89: head: default, loss=0.00346474, RMSE_E_per_atom=    2.17 meV, RMSE_F=   17.38 meV / A
2025-02-28 22:53:46.814 INFO: Epoch 90: head: default, loss=0.00348340, RMSE_E_per_atom=    2.89 meV, RMSE_F=   17.40 meV / A
2025-02-28 22:54:22.694 INFO: Epoch 91: head: default, loss=0.00380237, RMSE_E_per_atom=    3.07 meV, RMSE_F=   18.18 meV / A
2025-02-28 22:54:58.549 INFO: Epoch 92: head: default, loss=0.00356954, RMSE_E_per_atom=    3.13 meV, RMSE_F=   17.61 meV / A
2025-02-28 22:55:34.401 INFO: Epoch 93: head: default, loss=0.00346846, RMSE_E_per_atom=    5.65 meV, RMSE_F=   17.37 meV / A
2025-02-28 22:56:10.327 INFO: Epoch 94: head: default, loss=0.00347445, RMSE_E_per_atom=    2.59 meV, RMSE_F=   17.38 meV / A
2025-02-28 22:56:46.169 INFO: Epoch 95: head: default, loss=0.00342594, RMSE_E_per_atom=    3.30 meV, RMSE_F=   17.27 meV / A
2025-02-28 22:57:21.999 INFO: Epoch 96: head: default, loss=0.00338683, RMSE_E_per_atom=    2.64 meV, RMSE_F=   17.17 meV / A
2025-02-28 22:57:57.841 INFO: Epoch 97: head: default, loss=0.00338552, RMSE_E_per_atom=    3.13 meV, RMSE_F=   17.18 meV / A
2025-02-28 22:58:33.697 INFO: Epoch 98: head: default, loss=0.00343228, RMSE_E_per_atom=    2.92 meV, RMSE_F=   17.29 meV / A
2025-02-28 22:59:09.555 INFO: Epoch 99: head: default, loss=0.00340432, RMSE_E_per_atom=    2.49 meV, RMSE_F=   17.20 meV / A
2025-02-28 22:59:09.658 INFO: Training complete
2025-02-28 22:59:09.658 INFO: 
2025-02-28 22:59:09.658 INFO: ===========RESULTS===========
2025-02-28 22:59:09.659 INFO: Computing metrics for training, validation, and test sets
2025-02-28 22:59:09.671 INFO: Loading checkpoint: ./checkpoints/model_from_scratch_run-123_epoch-99.pt
2025-02-28 22:59:09.815 INFO: Loaded Stage one model from epoch 99 for evaluation
2025-02-28 22:59:09.816 INFO: Evaluating train_default ...
2025-02-28 22:59:22.323 INFO: Evaluating valid_default ...
2025-02-28 22:59:23.120 INFO: Error-table on TRAIN and VALID:
+---------------+---------------------+------------------+-------------------+
|  config_type  | RMSE E / meV / atom | RMSE F / meV / A | relative F RMSE % |
+---------------+---------------------+------------------+-------------------+
| train_default |            2.5      |         19.0     |          2.23     |
| valid_default |            2.5      |         17.2     |          2.04     |
+---------------+---------------------+------------------+-------------------+
2025-02-28 22:59:23.120 INFO: Saving model to checkpoints/model_from_scratch_run-123.model
2025-02-28 22:59:23.532 INFO: Compiling model, saving metadata to model_from_scratch_compiled.model
2025-02-28 22:59:24.684 INFO: Done
