2025-02-28 21:58:45.955 INFO: ===========VERIFYING SETTINGS===========
2025-02-28 21:58:45.956 INFO: MACE version: 0.3.10
2025-02-28 21:58:45.956 DEBUG: Configuration: Namespace(config=None, name='model_from_scratch', seed=123, work_dir='.', log_dir='./logs', model_dir='.', checkpoints_dir='./checkpoints', results_dir='./results', downloads_dir='./downloads', device='cuda', default_dtype='float64', distributed=False, log_level='INFO', error_table='PerAtomRMSE', model='MACE', r_max=6.0, radial_type='bessel', num_radial_basis=8, num_cutoff_basis=5, pair_repulsion=False, distance_transform='None', interaction='RealAgnosticResidualInteractionBlock', interaction_first='RealAgnosticResidualInteractionBlock', max_ell=3, correlation=3, num_interactions=2, MLP_irreps='16x0e', radial_MLP='[64, 64, 64]', hidden_irreps='128x0e', num_channels=128, max_L=0, gate='silu', scaling='rms_forces_scaling', avg_num_neighbors=1, compute_avg_num_neighbors=True, compute_stress=False, compute_forces=True, train_file='../data/nacl-water-RPA.xyz', valid_file=None, valid_fraction=0.05, test_file=None, test_dir=None, multi_processed_test=False, num_workers=0, pin_memory=True, atomic_numbers=None, mean=None, std=None, statistics_file=None, E0s=None, foundation_filter_elements=True, heads=None, multiheads_finetuning=True, foundation_head=None, weight_pt_head=1.0, num_samples_pt=10000, force_mh_ft_lr=False, subselect_pt='random', pt_train_file=None, pt_valid_file=None, foundation_model_elements=False, keep_isolated_atoms=False, energy_key='REF_energy', forces_key='REF_forces', virials_key='REF_virials', stress_key='REF_stress', dipole_key='REF_dipole', charges_key='REF_charges', loss='weighted', forces_weight=100.0, swa_forces_weight=100.0, energy_weight=1.0, swa_energy_weight=1000.0, virials_weight=1.0, swa_virials_weight=10.0, stress_weight=1.0, swa_stress_weight=10.0, dipole_weight=1.0, swa_dipole_weight=1.0, config_type_weights='{"Default":1.0}', huber_delta=0.01, optimizer='adam', beta=0.9, batch_size=4, valid_batch_size=10, lr=0.01, swa_lr=0.001, weight_decay=5e-07, amsgrad=True, scheduler='ReduceLROnPlateau', lr_factor=0.8, scheduler_patience=50, lr_scheduler_gamma=0.9993, swa=False, start_swa=None, ema=True, ema_decay=0.995, max_num_epochs=100, patience=2048, foundation_model=None, foundation_model_readout=True, eval_interval=1, keep_checkpoints=True, save_all_checkpoints=True, restart_latest=False, save_cpu=False, clip_grad=10.0, enable_cueq=False, wandb=False, wandb_dir=None, wandb_project='', wandb_entity='', wandb_name='', wandb_log_hypers=['num_channels', 'max_L', 'correlation', 'lr', 'swa_lr', 'weight_decay', 'batch_size', 'max_num_epochs', 'start_swa', 'energy_weight', 'forces_weight'])
2025-02-28 21:58:46.325 INFO: CUDA version: 12.4, CUDA device: 0
2025-02-28 21:58:47.553 DEBUG: Popen(['git', 'version'], cwd=/rds/user/dwl38/hpc-work/MPhil-Scientific-Computing/WA-2/scratch, stdin=None, shell=False, universal_newlines=False)
2025-02-28 21:58:47.560 DEBUG: Popen(['git', 'version'], cwd=/rds/user/dwl38/hpc-work/MPhil-Scientific-Computing/WA-2/scratch, stdin=None, shell=False, universal_newlines=False)
2025-02-28 21:58:47.604 DEBUG: Popen(['git', 'cat-file', '--batch-check'], cwd=/rds/user/dwl38/hpc-work/MPhil-Scientific-Computing, stdin=<valid stream>, shell=False, universal_newlines=False)
2025-02-28 21:58:47.645 DEBUG: Current Git commit: 2852c67af7f0482178c08ee3d3a21ae8a7076907
2025-02-28 21:58:47.645 INFO: ===========LOADING INPUT DATA===========
2025-02-28 21:58:47.645 INFO: Using heads: ['default']
2025-02-28 21:58:47.646 INFO: =============    Processing head default     ===========
2025-02-28 21:58:49.375 INFO: Using isolated atom energies from training file
2025-02-28 21:58:49.415 INFO: Training set [1048 configs, 1048 energy, 554352 forces] loaded from '../data/nacl-water-RPA.xyz'
2025-02-28 21:58:49.417 INFO: Using random 5% of training set for validation with indices saved in: ./valid_indices_123.txt
2025-02-28 21:58:49.417 INFO: Validaton set contains 52 configurations [52 energy, 27720 forces]
2025-02-28 21:58:49.417 INFO: Total number of configurations: train=996, valid=52, tests=[],
2025-02-28 21:58:49.434 INFO: Atomic Numbers used: [1, 8, 11, 17]
2025-02-28 21:58:49.434 INFO: Atomic Energies used (z: eV) for head default: {1: -14.058715637648925, 8: -433.0443596510768, 11: -1302.0064166842267, 17: -408.458660525576}
2025-02-28 21:58:55.009 INFO: Computing average number of neighbors
2025-02-28 21:58:57.637 INFO: Average number of neighbors: 83.2900013671786
2025-02-28 21:58:57.637 INFO: During training the following quantities will be reported: energy, forces
2025-02-28 21:58:57.637 INFO: ===========MODEL DETAILS===========
2025-02-28 21:58:58.760 INFO: Building model
2025-02-28 21:58:58.760 INFO: Message passing with 128 channels and max_L=0 (128x0e)
2025-02-28 21:58:58.760 INFO: 2 layers, each with correlation order: 3 (body order: 4) and spherical harmonics up to: l=3
2025-02-28 21:58:58.760 INFO: 8 radial and 5 basis functions
2025-02-28 21:58:58.760 INFO: Radial cutoff: 6.0 A (total receptive field for each atom: 12.0 A)
2025-02-28 21:58:58.761 INFO: Distance transform for radial basis functions: None
2025-02-28 21:58:58.761 INFO: Hidden irreps: 128x0e
2025-02-28 21:59:01.043 DEBUG: ScaleShiftMACE(
  (node_embedding): LinearNodeEmbeddingBlock(
    (linear): Linear(4x0e -> 128x0e | 512 weights)
  )
  (radial_embedding): RadialEmbeddingBlock(
    (bessel_fn): BesselBasis(r_max=6.0, num_basis=8, trainable=False)
    (cutoff_fn): PolynomialCutoff(p=5, r_max=6.0)
  )
  (spherical_harmonics): SphericalHarmonics()
  (atomic_energies_fn): AtomicEnergiesBlock(energies=[[-14.0587, -433.0444, -1302.0064, -408.4587]])
  (interactions): ModuleList(
    (0): RealAgnosticInteractionBlock(
      (linear_up): Linear(128x0e -> 128x0e | 16384 weights)
      (conv_tp): TensorProduct(128x0e x 1x0e+1x1o+1x2e+1x3o -> 128x0e+128x1o+128x2e+128x3o | 512 paths | 512 weights)
      (conv_tp_weights): FullyConnectedNet[8, 64, 64, 64, 512]
      (linear): Linear(128x0e+128x1o+128x2e+128x3o -> 128x0e+128x1o+128x2e+128x3o | 65536 weights)
      (skip_tp): FullyConnectedTensorProduct(128x0e+128x1o+128x2e+128x3o x 4x0e -> 128x0e+128x1o+128x2e+128x3o | 262144 paths | 262144 weights)
      (reshape): reshape_irreps()
    )
    (1): RealAgnosticResidualInteractionBlock(
      (linear_up): Linear(128x0e -> 128x0e | 16384 weights)
      (conv_tp): TensorProduct(128x0e x 1x0e+1x1o+1x2e+1x3o -> 128x0e+128x1o+128x2e+128x3o | 512 paths | 512 weights)
      (conv_tp_weights): FullyConnectedNet[8, 64, 64, 64, 512]
      (linear): Linear(128x0e+128x1o+128x2e+128x3o -> 128x0e+128x1o+128x2e+128x3o | 65536 weights)
      (skip_tp): FullyConnectedTensorProduct(128x0e x 4x0e -> 128x0e | 65536 paths | 65536 weights)
      (reshape): reshape_irreps()
    )
  )
  (products): ModuleList(
    (0-1): 2 x EquivariantProductBasisBlock(
      (symmetric_contractions): SymmetricContraction(
        (contractions): ModuleList(
          (0): Contraction(
            (contractions_weighting): ModuleList(
              (0-1): 2 x GraphModule()
            )
            (contractions_features): ModuleList(
              (0-1): 2 x GraphModule()
            )
            (weights): ParameterList(
                (0): Parameter containing: [torch.float64 of size 4x4x128 (cuda:0)]
                (1): Parameter containing: [torch.float64 of size 4x1x128 (cuda:0)]
            )
            (graph_opt_main): GraphModule()
          )
        )
      )
      (linear): Linear(128x0e -> 128x0e | 16384 weights)
    )
  )
  (readouts): ModuleList(
    (0): LinearReadoutBlock(
      (linear): Linear(128x0e -> 1x0e | 128 weights)
    )
    (1): NonLinearReadoutBlock(
      (linear_1): Linear(128x0e -> 16x0e | 2048 weights)
      (non_linearity): Activation [x] (16x0e -> 16x0e)
      (linear_2): Linear(16x0e -> 1x0e | 16 weights)
    )
  )
  (scale_shift): ScaleShiftBlock(scale=0.8516, shift=0.0000)
)
2025-02-28 21:59:01.115 INFO: Total number of parameters: 638608
2025-02-28 21:59:01.115 INFO: 
2025-02-28 21:59:01.116 INFO: ===========OPTIMIZER INFORMATION===========
2025-02-28 21:59:01.116 INFO: Using ADAM as parameter optimizer
2025-02-28 21:59:01.116 INFO: Batch size: 4
2025-02-28 21:59:01.116 INFO: Using Exponential Moving Average with decay: 0.995
2025-02-28 21:59:01.116 INFO: Number of gradient updates: 24900
2025-02-28 21:59:01.116 INFO: Learning rate: 0.01, weight decay: 5e-07
2025-02-28 21:59:01.116 INFO: WeightedEnergyForcesLoss(energy_weight=1.000, forces_weight=100.000)
2025-02-28 21:59:01.182 INFO: Using gradient clipping with tolerance=10.000
2025-02-28 21:59:01.182 INFO: 
2025-02-28 21:59:01.182 INFO: ===========TRAINING===========
2025-02-28 21:59:01.182 INFO: Started training, reporting errors on validation set
2025-02-28 21:59:01.182 INFO: Loss metrics on validation set
2025-02-28 21:59:15.666 INFO: Initial: head: default, loss=9.42486663, RMSE_E_per_atom= 3370.08 meV, RMSE_F=  841.43 meV / A
2025-02-28 21:59:56.920 INFO: Epoch 0: head: default, loss=0.10131295, RMSE_E_per_atom=   72.20 meV, RMSE_F=   92.99 meV / A
2025-02-28 21:59:56.921 DEBUG: Saving checkpoint: ./checkpoints/model_from_scratch_run-123_epoch-0.pt
2025-02-28 22:00:33.254 INFO: Epoch 1: head: default, loss=0.05512118, RMSE_E_per_atom=   33.86 meV, RMSE_F=   68.86 meV / A
2025-02-28 22:00:33.255 DEBUG: Saving checkpoint: ./checkpoints/model_from_scratch_run-123_epoch-1.pt
2025-02-28 22:01:09.549 INFO: Epoch 2: head: default, loss=0.04079632, RMSE_E_per_atom=   35.60 meV, RMSE_F=   59.32 meV / A
2025-02-28 22:01:09.550 DEBUG: Saving checkpoint: ./checkpoints/model_from_scratch_run-123_epoch-2.pt
2025-02-28 22:01:45.841 INFO: Epoch 3: head: default, loss=0.02688693, RMSE_E_per_atom=   40.24 meV, RMSE_F=   48.13 meV / A
2025-02-28 22:01:45.842 DEBUG: Saving checkpoint: ./checkpoints/model_from_scratch_run-123_epoch-3.pt
2025-02-28 22:02:22.099 INFO: Epoch 4: head: default, loss=0.02122984, RMSE_E_per_atom=   38.45 meV, RMSE_F=   42.70 meV / A
2025-02-28 22:02:22.101 DEBUG: Saving checkpoint: ./checkpoints/model_from_scratch_run-123_epoch-4.pt
2025-02-28 22:02:58.364 INFO: Epoch 5: head: default, loss=0.02118041, RMSE_E_per_atom=   40.15 meV, RMSE_F=   42.80 meV / A
2025-02-28 22:02:58.365 DEBUG: Saving checkpoint: ./checkpoints/model_from_scratch_run-123_epoch-5.pt
2025-02-28 22:03:34.626 INFO: Epoch 6: head: default, loss=0.02107251, RMSE_E_per_atom=   36.46 meV, RMSE_F=   42.49 meV / A
2025-02-28 22:03:34.627 DEBUG: Saving checkpoint: ./checkpoints/model_from_scratch_run-123_epoch-6.pt
2025-02-28 22:04:10.883 INFO: Epoch 7: head: default, loss=0.01732329, RMSE_E_per_atom=   35.30 meV, RMSE_F=   38.58 meV / A
2025-02-28 22:04:10.884 DEBUG: Saving checkpoint: ./checkpoints/model_from_scratch_run-123_epoch-7.pt
2025-02-28 22:04:47.142 INFO: Epoch 8: head: default, loss=0.01620776, RMSE_E_per_atom=   33.26 meV, RMSE_F=   37.30 meV / A
2025-02-28 22:04:47.143 DEBUG: Saving checkpoint: ./checkpoints/model_from_scratch_run-123_epoch-8.pt
2025-02-28 22:05:23.080 INFO: Epoch 9: head: default, loss=0.01496256, RMSE_E_per_atom=   30.51 meV, RMSE_F=   35.85 meV / A
2025-02-28 22:05:23.081 DEBUG: Saving checkpoint: ./checkpoints/model_from_scratch_run-123_epoch-9.pt
2025-02-28 22:05:58.957 INFO: Epoch 10: head: default, loss=0.01445654, RMSE_E_per_atom=   31.54 meV, RMSE_F=   35.26 meV / A
2025-02-28 22:05:58.958 DEBUG: Saving checkpoint: ./checkpoints/model_from_scratch_run-123_epoch-10.pt
2025-02-28 22:06:34.810 INFO: Epoch 11: head: default, loss=0.01835945, RMSE_E_per_atom=   32.97 meV, RMSE_F=   39.64 meV / A
2025-02-28 22:06:34.811 DEBUG: Saving checkpoint: ./checkpoints/model_from_scratch_run-123_epoch-11.pt
2025-02-28 22:07:10.672 INFO: Epoch 12: head: default, loss=0.01378583, RMSE_E_per_atom=   31.17 meV, RMSE_F=   34.40 meV / A
2025-02-28 22:07:10.673 DEBUG: Saving checkpoint: ./checkpoints/model_from_scratch_run-123_epoch-12.pt
2025-02-28 22:07:46.540 INFO: Epoch 13: head: default, loss=0.01252396, RMSE_E_per_atom=   28.99 meV, RMSE_F=   32.79 meV / A
2025-02-28 22:07:46.541 DEBUG: Saving checkpoint: ./checkpoints/model_from_scratch_run-123_epoch-13.pt
2025-02-28 22:08:22.400 INFO: Epoch 14: head: default, loss=0.01150591, RMSE_E_per_atom=   27.80 meV, RMSE_F=   31.48 meV / A
2025-02-28 22:08:22.401 DEBUG: Saving checkpoint: ./checkpoints/model_from_scratch_run-123_epoch-14.pt
2025-02-28 22:08:58.252 INFO: Epoch 15: head: default, loss=0.01055975, RMSE_E_per_atom=   26.26 meV, RMSE_F=   30.17 meV / A
2025-02-28 22:08:58.253 DEBUG: Saving checkpoint: ./checkpoints/model_from_scratch_run-123_epoch-15.pt
2025-02-28 22:09:34.127 INFO: Epoch 16: head: default, loss=0.01076521, RMSE_E_per_atom=   27.01 meV, RMSE_F=   30.44 meV / A
2025-02-28 22:09:34.128 DEBUG: Saving checkpoint: ./checkpoints/model_from_scratch_run-123_epoch-16.pt
2025-02-28 22:10:09.996 INFO: Epoch 17: head: default, loss=0.00979752, RMSE_E_per_atom=   24.33 meV, RMSE_F=   29.06 meV / A
2025-02-28 22:10:09.997 DEBUG: Saving checkpoint: ./checkpoints/model_from_scratch_run-123_epoch-17.pt
2025-02-28 22:10:45.851 INFO: Epoch 18: head: default, loss=0.00911014, RMSE_E_per_atom=   19.30 meV, RMSE_F=   28.07 meV / A
2025-02-28 22:10:45.853 DEBUG: Saving checkpoint: ./checkpoints/model_from_scratch_run-123_epoch-18.pt
2025-02-28 22:11:21.709 INFO: Epoch 19: head: default, loss=0.00859820, RMSE_E_per_atom=   19.48 meV, RMSE_F=   27.27 meV / A
2025-02-28 22:11:21.710 DEBUG: Saving checkpoint: ./checkpoints/model_from_scratch_run-123_epoch-19.pt
2025-02-28 22:11:57.567 INFO: Epoch 20: head: default, loss=0.00821787, RMSE_E_per_atom=   19.58 meV, RMSE_F=   26.67 meV / A
2025-02-28 22:11:57.569 DEBUG: Saving checkpoint: ./checkpoints/model_from_scratch_run-123_epoch-20.pt
2025-02-28 22:12:33.425 INFO: Epoch 21: head: default, loss=0.00851959, RMSE_E_per_atom=   19.08 meV, RMSE_F=   27.17 meV / A
2025-02-28 22:12:33.426 DEBUG: Saving checkpoint: ./checkpoints/model_from_scratch_run-123_epoch-21.pt
2025-02-28 22:13:09.275 INFO: Epoch 22: head: default, loss=0.01426408, RMSE_E_per_atom=   20.77 meV, RMSE_F=   34.91 meV / A
2025-02-28 22:13:09.276 DEBUG: Saving checkpoint: ./checkpoints/model_from_scratch_run-123_epoch-22.pt
2025-02-28 22:13:45.257 INFO: Epoch 23: head: default, loss=0.00967376, RMSE_E_per_atom=   17.50 meV, RMSE_F=   28.83 meV / A
2025-02-28 22:13:45.259 DEBUG: Saving checkpoint: ./checkpoints/model_from_scratch_run-123_epoch-23.pt
2025-02-28 22:14:21.125 INFO: Epoch 24: head: default, loss=0.00825988, RMSE_E_per_atom=   17.15 meV, RMSE_F=   26.67 meV / A
2025-02-28 22:14:21.126 DEBUG: Saving checkpoint: ./checkpoints/model_from_scratch_run-123_epoch-24.pt
2025-02-28 22:14:56.969 INFO: Epoch 25: head: default, loss=0.00771170, RMSE_E_per_atom=   16.15 meV, RMSE_F=   25.80 meV / A
2025-02-28 22:14:56.971 DEBUG: Saving checkpoint: ./checkpoints/model_from_scratch_run-123_epoch-25.pt
2025-02-28 22:15:32.811 INFO: Epoch 26: head: default, loss=0.00735520, RMSE_E_per_atom=   14.43 meV, RMSE_F=   25.19 meV / A
2025-02-28 22:15:32.813 DEBUG: Saving checkpoint: ./checkpoints/model_from_scratch_run-123_epoch-26.pt
2025-02-28 22:16:08.656 INFO: Epoch 27: head: default, loss=0.00708108, RMSE_E_per_atom=   13.39 meV, RMSE_F=   24.73 meV / A
2025-02-28 22:16:08.657 DEBUG: Saving checkpoint: ./checkpoints/model_from_scratch_run-123_epoch-27.pt
2025-02-28 22:16:44.561 INFO: Epoch 28: head: default, loss=0.00683355, RMSE_E_per_atom=   13.12 meV, RMSE_F=   24.29 meV / A
2025-02-28 22:16:44.563 DEBUG: Saving checkpoint: ./checkpoints/model_from_scratch_run-123_epoch-28.pt
2025-02-28 22:17:20.412 INFO: Epoch 29: head: default, loss=0.00655791, RMSE_E_per_atom=   11.77 meV, RMSE_F=   23.78 meV / A
2025-02-28 22:17:20.413 DEBUG: Saving checkpoint: ./checkpoints/model_from_scratch_run-123_epoch-29.pt
2025-02-28 22:17:56.254 INFO: Epoch 30: head: default, loss=0.00640858, RMSE_E_per_atom=   10.92 meV, RMSE_F=   23.52 meV / A
2025-02-28 22:17:56.256 DEBUG: Saving checkpoint: ./checkpoints/model_from_scratch_run-123_epoch-30.pt
2025-02-28 22:18:32.103 INFO: Epoch 31: head: default, loss=0.00614142, RMSE_E_per_atom=    9.92 meV, RMSE_F=   23.02 meV / A
2025-02-28 22:18:32.104 DEBUG: Saving checkpoint: ./checkpoints/model_from_scratch_run-123_epoch-31.pt
2025-02-28 22:19:07.947 INFO: Epoch 32: head: default, loss=0.00610692, RMSE_E_per_atom=    9.68 meV, RMSE_F=   22.97 meV / A
2025-02-28 22:19:07.948 DEBUG: Saving checkpoint: ./checkpoints/model_from_scratch_run-123_epoch-32.pt
2025-02-28 22:19:43.798 INFO: Epoch 33: head: default, loss=0.00599533, RMSE_E_per_atom=   10.17 meV, RMSE_F=   22.77 meV / A
2025-02-28 22:19:43.799 DEBUG: Saving checkpoint: ./checkpoints/model_from_scratch_run-123_epoch-33.pt
2025-02-28 22:20:19.643 INFO: Epoch 34: head: default, loss=0.00610246, RMSE_E_per_atom=   10.53 meV, RMSE_F=   22.95 meV / A
2025-02-28 22:20:19.644 DEBUG: Saving checkpoint: ./checkpoints/model_from_scratch_run-123_epoch-34.pt
2025-02-28 22:20:55.475 INFO: Epoch 35: head: default, loss=0.00583754, RMSE_E_per_atom=   10.28 meV, RMSE_F=   22.46 meV / A
2025-02-28 22:20:55.477 DEBUG: Saving checkpoint: ./checkpoints/model_from_scratch_run-123_epoch-35.pt
2025-02-28 22:21:31.324 INFO: Epoch 36: head: default, loss=0.00816394, RMSE_E_per_atom=    9.86 meV, RMSE_F=   26.49 meV / A
2025-02-28 22:21:31.326 DEBUG: Saving checkpoint: ./checkpoints/model_from_scratch_run-123_epoch-36.pt
2025-02-28 22:22:07.167 INFO: Epoch 37: head: default, loss=0.00638135, RMSE_E_per_atom=   10.16 meV, RMSE_F=   23.47 meV / A
2025-02-28 22:22:07.168 DEBUG: Saving checkpoint: ./checkpoints/model_from_scratch_run-123_epoch-37.pt
2025-02-28 22:22:43.024 INFO: Epoch 38: head: default, loss=0.00599662, RMSE_E_per_atom=   10.66 meV, RMSE_F=   22.76 meV / A
2025-02-28 22:22:43.025 DEBUG: Saving checkpoint: ./checkpoints/model_from_scratch_run-123_epoch-38.pt
2025-02-28 22:23:18.846 INFO: Epoch 39: head: default, loss=0.00562326, RMSE_E_per_atom=   10.29 meV, RMSE_F=   22.06 meV / A
2025-02-28 22:23:18.848 DEBUG: Saving checkpoint: ./checkpoints/model_from_scratch_run-123_epoch-39.pt
2025-02-28 22:23:54.697 INFO: Epoch 40: head: default, loss=0.00533258, RMSE_E_per_atom=    9.55 meV, RMSE_F=   21.48 meV / A
2025-02-28 22:23:54.698 DEBUG: Saving checkpoint: ./checkpoints/model_from_scratch_run-123_epoch-40.pt
2025-02-28 22:24:30.529 INFO: Epoch 41: head: default, loss=0.00516645, RMSE_E_per_atom=    8.68 meV, RMSE_F=   21.15 meV / A
2025-02-28 22:24:30.530 DEBUG: Saving checkpoint: ./checkpoints/model_from_scratch_run-123_epoch-41.pt
2025-02-28 22:25:06.356 INFO: Epoch 42: head: default, loss=0.00507931, RMSE_E_per_atom=    8.53 meV, RMSE_F=   20.98 meV / A
2025-02-28 22:25:06.358 DEBUG: Saving checkpoint: ./checkpoints/model_from_scratch_run-123_epoch-42.pt
2025-02-28 22:25:42.166 INFO: Epoch 43: head: default, loss=0.00491497, RMSE_E_per_atom=    7.48 meV, RMSE_F=   20.64 meV / A
2025-02-28 22:25:42.167 DEBUG: Saving checkpoint: ./checkpoints/model_from_scratch_run-123_epoch-43.pt
2025-02-28 22:26:17.978 INFO: Epoch 44: head: default, loss=0.00478362, RMSE_E_per_atom=    6.81 meV, RMSE_F=   20.37 meV / A
2025-02-28 22:26:17.979 DEBUG: Saving checkpoint: ./checkpoints/model_from_scratch_run-123_epoch-44.pt
2025-02-28 22:26:54.401 INFO: Epoch 45: head: default, loss=0.00467515, RMSE_E_per_atom=    6.71 meV, RMSE_F=   20.13 meV / A
2025-02-28 22:26:54.403 DEBUG: Saving checkpoint: ./checkpoints/model_from_scratch_run-123_epoch-45.pt
2025-02-28 22:27:30.297 INFO: Epoch 46: head: default, loss=0.00457161, RMSE_E_per_atom=    6.85 meV, RMSE_F=   19.92 meV / A
2025-02-28 22:27:30.299 DEBUG: Saving checkpoint: ./checkpoints/model_from_scratch_run-123_epoch-46.pt
2025-02-28 22:28:06.107 INFO: Epoch 47: head: default, loss=0.00461852, RMSE_E_per_atom=    6.65 meV, RMSE_F=   20.02 meV / A
2025-02-28 22:28:06.108 DEBUG: Saving checkpoint: ./checkpoints/model_from_scratch_run-123_epoch-47.pt
2025-02-28 22:28:41.906 INFO: Epoch 48: head: default, loss=0.00445807, RMSE_E_per_atom=    5.80 meV, RMSE_F=   19.67 meV / A
2025-02-28 22:28:41.908 DEBUG: Saving checkpoint: ./checkpoints/model_from_scratch_run-123_epoch-48.pt
2025-02-28 22:29:17.710 INFO: Epoch 49: head: default, loss=0.00443876, RMSE_E_per_atom=    6.41 meV, RMSE_F=   19.63 meV / A
2025-02-28 22:29:17.711 DEBUG: Saving checkpoint: ./checkpoints/model_from_scratch_run-123_epoch-49.pt
2025-02-28 22:29:53.505 INFO: Epoch 50: head: default, loss=0.00439148, RMSE_E_per_atom=    6.54 meV, RMSE_F=   19.54 meV / A
2025-02-28 22:29:53.506 DEBUG: Saving checkpoint: ./checkpoints/model_from_scratch_run-123_epoch-50.pt
2025-02-28 22:30:29.303 INFO: Epoch 51: head: default, loss=0.00430127, RMSE_E_per_atom=    5.74 meV, RMSE_F=   19.33 meV / A
2025-02-28 22:30:29.305 DEBUG: Saving checkpoint: ./checkpoints/model_from_scratch_run-123_epoch-51.pt
2025-02-28 22:31:05.102 INFO: Epoch 52: head: default, loss=0.00420800, RMSE_E_per_atom=    5.32 meV, RMSE_F=   19.12 meV / A
2025-02-28 22:31:05.103 DEBUG: Saving checkpoint: ./checkpoints/model_from_scratch_run-123_epoch-52.pt
2025-02-28 22:31:40.909 INFO: Epoch 53: head: default, loss=0.00420017, RMSE_E_per_atom=    5.46 meV, RMSE_F=   19.09 meV / A
2025-02-28 22:31:40.910 DEBUG: Saving checkpoint: ./checkpoints/model_from_scratch_run-123_epoch-53.pt
2025-02-28 22:32:16.754 INFO: Epoch 54: head: default, loss=0.01412158, RMSE_E_per_atom=    4.63 meV, RMSE_F=   34.80 meV / A
2025-02-28 22:32:16.755 DEBUG: Saving checkpoint: ./checkpoints/model_from_scratch_run-123_epoch-54.pt
2025-02-28 22:32:52.575 INFO: Epoch 55: head: default, loss=0.00792686, RMSE_E_per_atom=    4.72 meV, RMSE_F=   26.07 meV / A
2025-02-28 22:32:52.576 DEBUG: Saving checkpoint: ./checkpoints/model_from_scratch_run-123_epoch-55.pt
2025-02-28 22:33:28.381 INFO: Epoch 56: head: default, loss=0.00625678, RMSE_E_per_atom=    2.82 meV, RMSE_F=   23.15 meV / A
2025-02-28 22:33:28.382 DEBUG: Saving checkpoint: ./checkpoints/model_from_scratch_run-123_epoch-56.pt
2025-02-28 22:34:04.181 INFO: Epoch 57: head: default, loss=0.00536959, RMSE_E_per_atom=    4.22 meV, RMSE_F=   21.47 meV / A
2025-02-28 22:34:04.182 DEBUG: Saving checkpoint: ./checkpoints/model_from_scratch_run-123_epoch-57.pt
2025-02-28 22:34:39.981 INFO: Epoch 58: head: default, loss=0.00669058, RMSE_E_per_atom=    7.35 meV, RMSE_F=   24.02 meV / A
2025-02-28 22:34:39.982 DEBUG: Saving checkpoint: ./checkpoints/model_from_scratch_run-123_epoch-58.pt
2025-02-28 22:35:15.777 INFO: Epoch 59: head: default, loss=0.00494844, RMSE_E_per_atom=    6.29 meV, RMSE_F=   20.68 meV / A
2025-02-28 22:35:15.779 DEBUG: Saving checkpoint: ./checkpoints/model_from_scratch_run-123_epoch-59.pt
2025-02-28 22:35:51.595 INFO: Epoch 60: head: default, loss=0.00460233, RMSE_E_per_atom=    5.80 meV, RMSE_F=   19.95 meV / A
2025-02-28 22:35:51.596 DEBUG: Saving checkpoint: ./checkpoints/model_from_scratch_run-123_epoch-60.pt
2025-02-28 22:36:27.463 INFO: Epoch 61: head: default, loss=0.00441826, RMSE_E_per_atom=    5.14 meV, RMSE_F=   19.56 meV / A
2025-02-28 22:36:27.464 DEBUG: Saving checkpoint: ./checkpoints/model_from_scratch_run-123_epoch-61.pt
2025-02-28 22:37:03.271 INFO: Epoch 62: head: default, loss=0.00430079, RMSE_E_per_atom=    4.47 meV, RMSE_F=   19.31 meV / A
2025-02-28 22:37:03.273 DEBUG: Saving checkpoint: ./checkpoints/model_from_scratch_run-123_epoch-62.pt
2025-02-28 22:37:39.079 INFO: Epoch 63: head: default, loss=0.00420123, RMSE_E_per_atom=    4.30 meV, RMSE_F=   19.10 meV / A
2025-02-28 22:37:39.080 DEBUG: Saving checkpoint: ./checkpoints/model_from_scratch_run-123_epoch-63.pt
2025-02-28 22:38:14.884 INFO: Epoch 64: head: default, loss=0.00416638, RMSE_E_per_atom=    4.59 meV, RMSE_F=   19.02 meV / A
2025-02-28 22:38:14.885 DEBUG: Saving checkpoint: ./checkpoints/model_from_scratch_run-123_epoch-64.pt
2025-02-28 22:38:50.692 INFO: Epoch 65: head: default, loss=0.00408234, RMSE_E_per_atom=    4.11 meV, RMSE_F=   18.83 meV / A
2025-02-28 22:38:50.693 DEBUG: Saving checkpoint: ./checkpoints/model_from_scratch_run-123_epoch-65.pt
2025-02-28 22:39:26.511 INFO: Epoch 66: head: default, loss=0.00404259, RMSE_E_per_atom=    4.04 meV, RMSE_F=   18.75 meV / A
2025-02-28 22:39:26.512 DEBUG: Saving checkpoint: ./checkpoints/model_from_scratch_run-123_epoch-66.pt
2025-02-28 22:40:02.327 INFO: Epoch 67: head: default, loss=0.00406674, RMSE_E_per_atom=    4.23 meV, RMSE_F=   18.78 meV / A
2025-02-28 22:40:02.328 DEBUG: Saving checkpoint: ./checkpoints/model_from_scratch_run-123_epoch-67.pt
2025-02-28 22:40:38.164 INFO: Epoch 68: head: default, loss=0.00397370, RMSE_E_per_atom=    4.00 meV, RMSE_F=   18.58 meV / A
2025-02-28 22:40:38.165 DEBUG: Saving checkpoint: ./checkpoints/model_from_scratch_run-123_epoch-68.pt
2025-02-28 22:41:13.984 INFO: Epoch 69: head: default, loss=0.00393068, RMSE_E_per_atom=    4.06 meV, RMSE_F=   18.48 meV / A
2025-02-28 22:41:13.986 DEBUG: Saving checkpoint: ./checkpoints/model_from_scratch_run-123_epoch-69.pt
2025-02-28 22:41:49.804 INFO: Epoch 70: head: default, loss=0.00392804, RMSE_E_per_atom=    4.26 meV, RMSE_F=   18.49 meV / A
2025-02-28 22:41:49.805 DEBUG: Saving checkpoint: ./checkpoints/model_from_scratch_run-123_epoch-70.pt
2025-02-28 22:42:25.628 INFO: Epoch 71: head: default, loss=0.00387069, RMSE_E_per_atom=    4.66 meV, RMSE_F=   18.34 meV / A
2025-02-28 22:42:25.629 DEBUG: Saving checkpoint: ./checkpoints/model_from_scratch_run-123_epoch-71.pt
2025-02-28 22:43:01.471 INFO: Epoch 72: head: default, loss=0.00391539, RMSE_E_per_atom=    4.57 meV, RMSE_F=   18.43 meV / A
2025-02-28 22:43:01.472 DEBUG: Saving checkpoint: ./checkpoints/model_from_scratch_run-123_epoch-72.pt
2025-02-28 22:43:37.312 INFO: Epoch 73: head: default, loss=0.00404075, RMSE_E_per_atom=    4.19 meV, RMSE_F=   18.71 meV / A
2025-02-28 22:43:37.313 DEBUG: Saving checkpoint: ./checkpoints/model_from_scratch_run-123_epoch-73.pt
2025-02-28 22:44:13.149 INFO: Epoch 74: head: default, loss=0.00388811, RMSE_E_per_atom=    4.15 meV, RMSE_F=   18.38 meV / A
2025-02-28 22:44:13.151 DEBUG: Saving checkpoint: ./checkpoints/model_from_scratch_run-123_epoch-74.pt
2025-02-28 22:44:49.006 INFO: Epoch 75: head: default, loss=0.00377214, RMSE_E_per_atom=    3.59 meV, RMSE_F=   18.11 meV / A
2025-02-28 22:44:49.007 DEBUG: Saving checkpoint: ./checkpoints/model_from_scratch_run-123_epoch-75.pt
2025-02-28 22:45:24.857 INFO: Epoch 76: head: default, loss=0.00375924, RMSE_E_per_atom=    3.91 meV, RMSE_F=   18.08 meV / A
2025-02-28 22:45:24.858 DEBUG: Saving checkpoint: ./checkpoints/model_from_scratch_run-123_epoch-76.pt
2025-02-28 22:46:00.699 INFO: Epoch 77: head: default, loss=0.00369264, RMSE_E_per_atom=    3.39 meV, RMSE_F=   17.92 meV / A
2025-02-28 22:46:00.700 DEBUG: Saving checkpoint: ./checkpoints/model_from_scratch_run-123_epoch-77.pt
2025-02-28 22:46:36.539 INFO: Epoch 78: head: default, loss=0.00367616, RMSE_E_per_atom=    3.11 meV, RMSE_F=   17.88 meV / A
2025-02-28 22:46:36.541 DEBUG: Saving checkpoint: ./checkpoints/model_from_scratch_run-123_epoch-78.pt
2025-02-28 22:47:12.397 INFO: Epoch 79: head: default, loss=0.00362039, RMSE_E_per_atom=    3.00 meV, RMSE_F=   17.75 meV / A
2025-02-28 22:47:12.398 DEBUG: Saving checkpoint: ./checkpoints/model_from_scratch_run-123_epoch-79.pt
2025-02-28 22:47:48.245 INFO: Epoch 80: head: default, loss=0.00360420, RMSE_E_per_atom=    3.11 meV, RMSE_F=   17.70 meV / A
2025-02-28 22:47:48.246 DEBUG: Saving checkpoint: ./checkpoints/model_from_scratch_run-123_epoch-80.pt
2025-02-28 22:48:24.082 INFO: Epoch 81: head: default, loss=0.00357722, RMSE_E_per_atom=    2.69 meV, RMSE_F=   17.64 meV / A
2025-02-28 22:48:24.083 DEBUG: Saving checkpoint: ./checkpoints/model_from_scratch_run-123_epoch-81.pt
2025-02-28 22:48:59.933 INFO: Epoch 82: head: default, loss=0.00356832, RMSE_E_per_atom=    2.81 meV, RMSE_F=   17.63 meV / A
2025-02-28 22:48:59.934 DEBUG: Saving checkpoint: ./checkpoints/model_from_scratch_run-123_epoch-82.pt
2025-02-28 22:49:35.790 INFO: Epoch 83: head: default, loss=0.00354874, RMSE_E_per_atom=    2.93 meV, RMSE_F=   17.57 meV / A
2025-02-28 22:49:35.791 DEBUG: Saving checkpoint: ./checkpoints/model_from_scratch_run-123_epoch-83.pt
2025-02-28 22:50:11.656 INFO: Epoch 84: head: default, loss=0.00349496, RMSE_E_per_atom=    1.97 meV, RMSE_F=   17.44 meV / A
2025-02-28 22:50:11.657 DEBUG: Saving checkpoint: ./checkpoints/model_from_scratch_run-123_epoch-84.pt
2025-02-28 22:50:47.519 INFO: Epoch 85: head: default, loss=0.00348870, RMSE_E_per_atom=    1.74 meV, RMSE_F=   17.42 meV / A
2025-02-28 22:50:47.520 DEBUG: Saving checkpoint: ./checkpoints/model_from_scratch_run-123_epoch-85.pt
2025-02-28 22:51:23.384 INFO: Epoch 86: head: default, loss=0.00350169, RMSE_E_per_atom=    2.41 meV, RMSE_F=   17.46 meV / A
2025-02-28 22:51:23.385 DEBUG: Saving checkpoint: ./checkpoints/model_from_scratch_run-123_epoch-86.pt
2025-02-28 22:51:59.241 INFO: Epoch 87: head: default, loss=0.00344133, RMSE_E_per_atom=    2.50 meV, RMSE_F=   17.31 meV / A
2025-02-28 22:51:59.242 DEBUG: Saving checkpoint: ./checkpoints/model_from_scratch_run-123_epoch-87.pt
2025-02-28 22:52:35.098 INFO: Epoch 88: head: default, loss=0.00343713, RMSE_E_per_atom=    1.94 meV, RMSE_F=   17.30 meV / A
2025-02-28 22:52:35.099 DEBUG: Saving checkpoint: ./checkpoints/model_from_scratch_run-123_epoch-88.pt
2025-02-28 22:53:10.964 INFO: Epoch 89: head: default, loss=0.00346474, RMSE_E_per_atom=    2.17 meV, RMSE_F=   17.38 meV / A
2025-02-28 22:53:10.965 DEBUG: Saving checkpoint: ./checkpoints/model_from_scratch_run-123_epoch-89.pt
2025-02-28 22:53:46.814 INFO: Epoch 90: head: default, loss=0.00348340, RMSE_E_per_atom=    2.89 meV, RMSE_F=   17.40 meV / A
2025-02-28 22:53:46.815 DEBUG: Saving checkpoint: ./checkpoints/model_from_scratch_run-123_epoch-90.pt
2025-02-28 22:54:22.694 INFO: Epoch 91: head: default, loss=0.00380237, RMSE_E_per_atom=    3.07 meV, RMSE_F=   18.18 meV / A
2025-02-28 22:54:22.695 DEBUG: Saving checkpoint: ./checkpoints/model_from_scratch_run-123_epoch-91.pt
2025-02-28 22:54:58.549 INFO: Epoch 92: head: default, loss=0.00356954, RMSE_E_per_atom=    3.13 meV, RMSE_F=   17.61 meV / A
2025-02-28 22:54:58.550 DEBUG: Saving checkpoint: ./checkpoints/model_from_scratch_run-123_epoch-92.pt
2025-02-28 22:55:34.401 INFO: Epoch 93: head: default, loss=0.00346846, RMSE_E_per_atom=    5.65 meV, RMSE_F=   17.37 meV / A
2025-02-28 22:55:34.403 DEBUG: Saving checkpoint: ./checkpoints/model_from_scratch_run-123_epoch-93.pt
2025-02-28 22:56:10.327 INFO: Epoch 94: head: default, loss=0.00347445, RMSE_E_per_atom=    2.59 meV, RMSE_F=   17.38 meV / A
2025-02-28 22:56:10.328 DEBUG: Saving checkpoint: ./checkpoints/model_from_scratch_run-123_epoch-94.pt
2025-02-28 22:56:46.169 INFO: Epoch 95: head: default, loss=0.00342594, RMSE_E_per_atom=    3.30 meV, RMSE_F=   17.27 meV / A
2025-02-28 22:56:46.170 DEBUG: Saving checkpoint: ./checkpoints/model_from_scratch_run-123_epoch-95.pt
2025-02-28 22:57:21.999 INFO: Epoch 96: head: default, loss=0.00338683, RMSE_E_per_atom=    2.64 meV, RMSE_F=   17.17 meV / A
2025-02-28 22:57:22.000 DEBUG: Saving checkpoint: ./checkpoints/model_from_scratch_run-123_epoch-96.pt
2025-02-28 22:57:57.841 INFO: Epoch 97: head: default, loss=0.00338552, RMSE_E_per_atom=    3.13 meV, RMSE_F=   17.18 meV / A
2025-02-28 22:57:57.843 DEBUG: Saving checkpoint: ./checkpoints/model_from_scratch_run-123_epoch-97.pt
2025-02-28 22:58:33.697 INFO: Epoch 98: head: default, loss=0.00343228, RMSE_E_per_atom=    2.92 meV, RMSE_F=   17.29 meV / A
2025-02-28 22:58:33.699 DEBUG: Saving checkpoint: ./checkpoints/model_from_scratch_run-123_epoch-98.pt
2025-02-28 22:59:09.555 INFO: Epoch 99: head: default, loss=0.00340432, RMSE_E_per_atom=    2.49 meV, RMSE_F=   17.20 meV / A
2025-02-28 22:59:09.557 DEBUG: Saving checkpoint: ./checkpoints/model_from_scratch_run-123_epoch-99.pt
2025-02-28 22:59:09.658 INFO: Training complete
2025-02-28 22:59:09.658 INFO: 
2025-02-28 22:59:09.658 INFO: ===========RESULTS===========
2025-02-28 22:59:09.659 INFO: Computing metrics for training, validation, and test sets
2025-02-28 22:59:09.671 INFO: Loading checkpoint: ./checkpoints/model_from_scratch_run-123_epoch-99.pt
2025-02-28 22:59:09.815 INFO: Loaded Stage one model from epoch 99 for evaluation
2025-02-28 22:59:09.816 INFO: Evaluating train_default ...
2025-02-28 22:59:22.323 INFO: Evaluating valid_default ...
2025-02-28 22:59:23.120 INFO: Error-table on TRAIN and VALID:
+---------------+---------------------+------------------+-------------------+
|  config_type  | RMSE E / meV / atom | RMSE F / meV / A | relative F RMSE % |
+---------------+---------------------+------------------+-------------------+
| train_default |            2.5      |         19.0     |          2.23     |
| valid_default |            2.5      |         17.2     |          2.04     |
+---------------+---------------------+------------------+-------------------+
2025-02-28 22:59:23.120 INFO: Saving model to checkpoints/model_from_scratch_run-123.model
2025-02-28 22:59:23.532 INFO: Compiling model, saving metadata to model_from_scratch_compiled.model
2025-02-28 22:59:24.684 INFO: Done
