Time[ps]    Etot/N[eV]   Epot/N[eV]   Ekin/N[eV]    T[K]      ---------------------- stress [GPa] -----------------------
0.1000       -1147.5278   -1147.7387       0.2109  1631.8     -0.000     -0.000      0.000      0.000     -0.000      0.000
0.2000       -1147.5331   -1147.7423       0.2092  1618.2     -0.000     -0.000     -0.000      0.000     -0.000     -0.000
0.3000       -1147.5256   -1147.7430       0.2173  1681.4     -0.000     -0.000     -0.000      0.000     -0.000      0.000
0.4000       -1147.5175   -1147.7323       0.2147  1661.1     -0.000     -0.000     -0.000     -0.000     -0.000     -0.000
0.5000       -1147.5286   -1147.7347       0.2061  1594.3     -0.000     -0.000     -0.000     -0.000      0.000      0.000
0.6000       -1147.5362   -1147.7388       0.2027  1567.8     -0.000     -0.000      0.000     -0.000     -0.000      0.000
0.7000       -1147.5287   -1147.7396       0.2109  1631.4      0.000     -0.000     -0.000     -0.000     -0.000      0.000
0.8000       -1147.5140   -1147.7381       0.2242  1734.2     -0.000     -0.000     -0.000     -0.000     -0.000      0.000
0.9000       -1147.5243   -1147.7386       0.2143  1658.1     -0.000     -0.000      0.000      0.000      0.000      0.000
1.0000       -1147.5361   -1147.7389       0.2028  1568.7     -0.000     -0.000     -0.000     -0.000     -0.000      0.000
1.1000       -1147.5281   -1147.7376       0.2095  1620.7     -0.000     -0.000     -0.000      0.000     -0.000      0.000
1.2000       -1147.5192   -1147.7370       0.2178  1684.7      0.000     -0.000     -0.000     -0.000      0.000     -0.000
1.3000       -1147.5213   -1147.7321       0.2108  1630.9     -0.000      0.000     -0.000      0.000     -0.000      0.000
1.4000       -1147.5412   -1147.7397       0.1986  1536.3     -0.000     -0.000     -0.000     -0.000      0.000     -0.000
1.5000       -1147.5315   -1147.7396       0.2081  1610.2     -0.000     -0.000     -0.000     -0.000      0.000      0.000
1.6000       -1147.5225   -1147.7346       0.2121  1640.8     -0.000     -0.000     -0.000      0.000      0.000      0.000
1.7000       -1147.5164   -1147.7338       0.2174  1681.6     -0.000     -0.000     -0.000     -0.000      0.000     -0.000
1.8000       -1147.5269   -1147.7395       0.2126  1644.5     -0.000      0.000      0.000     -0.000     -0.000     -0.000
1.9000       -1147.5411   -1147.7437       0.2026  1567.7      0.000      0.000     -0.000     -0.000      0.000     -0.000
2.0000       -1147.5263   -1147.7387       0.2124  1643.2     -0.000      0.000     -0.000     -0.000     -0.000     -0.000
2.1000       -1147.5182   -1147.7336       0.2154  1666.1     -0.000     -0.000     -0.000      0.000      0.000     -0.000
2.2000       -1147.5247   -1147.7346       0.2099  1624.0     -0.000     -0.000     -0.000     -0.000     -0.000     -0.000
2.3000       -1147.5306   -1147.7389       0.2083  1611.5      0.000     -0.000     -0.000     -0.000      0.000     -0.000
2.4000       -1147.5228   -1147.7360       0.2132  1649.5     -0.000     -0.000     -0.000     -0.000      0.000     -0.000
2.5000       -1147.5203   -1147.7375       0.2172  1680.1     -0.000     -0.000     -0.000     -0.000      0.000     -0.000
2.6000       -1147.5267   -1147.7374       0.2107  1630.0     -0.000     -0.000     -0.000     -0.000     -0.000     -0.000
2.7000       -1147.5276   -1147.7329       0.2052  1587.9     -0.000     -0.000     -0.000     -0.000     -0.000      0.000
2.8000       -1147.5244   -1147.7357       0.2113  1634.4     -0.000     -0.000     -0.000      0.000     -0.000     -0.000
2.9000       -1147.5218   -1147.7316       0.2099  1623.8     -0.000     -0.000     -0.000     -0.000     -0.000      0.000
3.0000       -1147.5311   -1147.7389       0.2079  1608.1     -0.000      0.000     -0.000     -0.000     -0.000      0.000
3.1000       -1147.5328   -1147.7378       0.2050  1586.0     -0.000     -0.000      0.000     -0.000     -0.000     -0.000
3.2000       -1147.5204   -1147.7372       0.2168  1677.0      0.000     -0.000     -0.000      0.000      0.000      0.000
3.3000       -1147.5173   -1147.7361       0.2188  1692.6     -0.000     -0.000     -0.000      0.000     -0.000     -0.000
3.4000       -1147.5253   -1147.7400       0.2147  1661.1     -0.000     -0.000     -0.000      0.000     -0.000      0.000
3.5000       -1147.5275   -1147.7387       0.2112  1634.0     -0.000     -0.000     -0.000      0.000     -0.000      0.000
3.6000       -1147.5231   -1147.7340       0.2109  1631.9     -0.000     -0.000     -0.000      0.000      0.000      0.000
3.7000       -1147.5206   -1147.7348       0.2142  1657.3     -0.000     -0.000     -0.000     -0.000     -0.000      0.000
3.8000       -1147.5254   -1147.7392       0.2138  1653.9     -0.000     -0.000     -0.000      0.000     -0.000     -0.000
3.9000       -1147.5296   -1147.7329       0.2033  1572.7      0.000     -0.000     -0.000     -0.000      0.000      0.000
4.0000       -1147.5296   -1147.7361       0.2065  1597.9     -0.000     -0.000     -0.000      0.000      0.000      0.000
4.1000       -1147.5218   -1147.7384       0.2166  1675.6     -0.000     -0.000     -0.000      0.000     -0.000      0.000
4.2000       -1147.5151   -1147.7353       0.2202  1703.6     -0.000     -0.000     -0.000      0.000     -0.000      0.000
4.3000       -1147.5252   -1147.7360       0.2108  1631.1     -0.000     -0.000     -0.000      0.000     -0.000      0.000
4.4000       -1147.5362   -1147.7387       0.2025  1566.7     -0.000     -0.000     -0.000     -0.000      0.000     -0.000
4.5000       -1147.5210   -1147.7311       0.2101  1625.7     -0.000     -0.000     -0.000      0.000     -0.000      0.000
4.6000       -1147.5152   -1147.7310       0.2158  1669.8     -0.000     -0.000     -0.000     -0.000     -0.000     -0.000
4.7000       -1147.5297   -1147.7352       0.2055  1589.6     -0.000     -0.000     -0.000      0.000     -0.000     -0.000
4.8000       -1147.5330   -1147.7335       0.2006  1551.6     -0.000     -0.000     -0.000     -0.000      0.000      0.000
4.9000       -1147.5249   -1147.7317       0.2068  1599.6     -0.000     -0.000     -0.000     -0.000     -0.000     -0.000
5.0000       -1147.5153   -1147.7288       0.2136  1652.3     -0.000     -0.000     -0.000     -0.000     -0.000      0.000
5.1000       -1147.5229   -1147.7403       0.2174  1681.7      0.000     -0.000     -0.000     -0.000     -0.000     -0.000
5.2000       -1147.5293   -1147.7336       0.2043  1580.8     -0.000     -0.000     -0.000     -0.000     -0.000      0.000
5.3000       -1147.5274   -1147.7367       0.2093  1619.1     -0.000      0.000     -0.000      0.000     -0.000     -0.000
5.4000       -1147.5179   -1147.7296       0.2117  1638.0     -0.000     -0.000     -0.000     -0.000     -0.000      0.000
5.5000       -1147.5231   -1147.7373       0.2142  1657.3     -0.000     -0.000     -0.000     -0.000     -0.000     -0.000
5.6000       -1147.5234   -1147.7365       0.2131  1648.9     -0.000     -0.000     -0.000     -0.000     -0.000      0.000
5.7000       -1147.5277   -1147.7383       0.2106  1629.1     -0.000     -0.000     -0.000      0.000      0.000      0.000
5.8000       -1147.5206   -1147.7320       0.2114  1635.8     -0.000     -0.000     -0.000     -0.000      0.000      0.000
5.9000       -1147.5273   -1147.7362       0.2090  1616.6     -0.000     -0.000     -0.000     -0.000     -0.000     -0.000
6.0000       -1147.5188   -1147.7345       0.2157  1668.6     -0.000     -0.000     -0.000     -0.000      0.000      0.000
6.1000       -1147.5189   -1147.7336       0.2147  1661.3     -0.000     -0.000     -0.000     -0.000     -0.000      0.000
6.2000       -1147.5274   -1147.7369       0.2095  1620.8     -0.000     -0.000     -0.000     -0.000     -0.000     -0.000
6.3000       -1147.4933   -1147.7353       0.2420  1872.3     -0.000     -0.000     -0.000     -0.000     -0.000     -0.000
6.4000       -1147.5217   -1147.7388       0.2171  1679.6     -0.000     -0.000     -0.000     -0.000     -0.000     -0.000
6.5000       -1147.5579   -1147.7484       0.1905  1473.8     -0.000     -0.000     -0.000     -0.000     -0.000      0.000
6.6000       -1147.5443   -1147.7416       0.1973  1526.4     -0.000     -0.000     -0.000     -0.000     -0.000     -0.000
6.7000       -1147.5055   -1147.7339       0.2284  1766.9      0.000     -0.000      0.000      0.000      0.000      0.000
6.8000       -1147.5084   -1147.7304       0.2220  1717.3     -0.000     -0.000     -0.000     -0.000     -0.000     -0.000
6.9000       -1147.5470   -1147.7415       0.1944  1504.3      0.000     -0.000      0.000     -0.000      0.000     -0.000
7.0000       -1147.5511   -1147.7484       0.1972  1525.9     -0.000     -0.000     -0.000     -0.000     -0.000     -0.000
7.1000       -1147.5207   -1147.7390       0.2182  1688.2     -0.000     -0.000     -0.000     -0.000      0.000     -0.000
7.2000       -1147.5047   -1147.7301       0.2254  1743.8     -0.000     -0.000     -0.000      0.000      0.000      0.000
7.3000       -1147.5326   -1147.7410       0.2084  1612.6     -0.000     -0.000     -0.000     -0.000      0.000     -0.000
7.4000       -1147.5548   -1147.7451       0.1903  1472.0      0.000     -0.000     -0.000     -0.000     -0.000     -0.000
7.5000       -1147.5355   -1147.7441       0.2087  1614.3     -0.000     -0.000     -0.000     -0.000      0.000     -0.000
7.6000       -1147.5044   -1147.7312       0.2268  1754.3     -0.000     -0.000     -0.000     -0.000     -0.000     -0.000
7.7000       -1147.5201   -1147.7365       0.2165  1674.8     -0.000     -0.000     -0.000      0.000     -0.000     -0.000
7.8000       -1147.5464   -1147.7423       0.1958  1515.0     -0.000     -0.000     -0.000     -0.000     -0.000      0.000
7.9000       -1147.5415   -1147.7434       0.2018  1561.6     -0.000     -0.000     -0.000     -0.000     -0.000      0.000
8.0000       -1147.5180   -1147.7397       0.2217  1715.0     -0.000     -0.000      0.000     -0.000      0.000     -0.000
8.1000       -1147.5159   -1147.7330       0.2171  1679.6     -0.000     -0.000     -0.000     -0.000     -0.000     -0.000
8.2000       -1147.5397   -1147.7421       0.2024  1565.9     -0.000      0.000     -0.000     -0.000     -0.000      0.000
8.3000       -1147.5376   -1147.7419       0.2044  1581.2     -0.000     -0.000     -0.000      0.000     -0.000     -0.000
8.4000       -1147.5265   -1147.7399       0.2134  1651.1     -0.000     -0.000     -0.000      0.000     -0.000      0.000
8.5000       -1147.5166   -1147.7415       0.2249  1740.0     -0.000     -0.000     -0.000     -0.000      0.000     -0.000
8.6000       -1147.5252   -1147.7378       0.2127  1645.3     -0.000     -0.000     -0.000     -0.000     -0.000     -0.000
8.7000       -1147.5373   -1147.7410       0.2037  1575.7      0.000     -0.000     -0.000     -0.000     -0.000     -0.000
8.8000       -1147.5382   -1147.7431       0.2049  1585.2     -0.000     -0.000      0.000     -0.000     -0.000     -0.000
8.9000       -1147.5290   -1147.7395       0.2105  1628.5     -0.000     -0.000     -0.000      0.000      0.000     -0.000
9.0000       -1147.5189   -1147.7389       0.2200  1702.3     -0.000     -0.000     -0.000      0.000     -0.000     -0.000
9.1000       -1147.5280   -1147.7370       0.2090  1616.8     -0.000     -0.000     -0.000     -0.000      0.000     -0.000
9.2000       -1147.5367   -1147.7426       0.2058  1592.4     -0.000     -0.000     -0.000     -0.000     -0.000      0.000
9.3000       -1147.5361   -1147.7422       0.2061  1594.2     -0.000     -0.000     -0.000     -0.000      0.000     -0.000
9.4000       -1147.5223   -1147.7376       0.2153  1665.7     -0.000     -0.000     -0.000     -0.000     -0.000      0.000
9.5000       -1147.5190   -1147.7387       0.2197  1699.5     -0.000     -0.000     -0.000     -0.000     -0.000     -0.000
9.6000       -1147.5273   -1147.7391       0.2117  1637.9     -0.000     -0.000     -0.000     -0.000     -0.000     -0.000
9.7000       -1147.5407   -1147.7414       0.2007  1552.8     -0.000     -0.001     -0.000     -0.000     -0.000     -0.000
9.8000       -1147.5368   -1147.7401       0.2034  1573.3     -0.000     -0.000     -0.000      0.000      0.000     -0.000
9.9000       -1147.5176   -1147.7308       0.2132  1649.7     -0.000     -0.000     -0.000     -0.000     -0.000     -0.000
10.0000      -1147.5206   -1147.7395       0.2189  1693.5     -0.000     -0.000     -0.000      0.000     -0.000      0.000
10.1000      -1147.5340   -1147.7445       0.2104  1627.9     -0.000     -0.000     -0.000     -0.000     -0.000      0.000
10.2000      -1147.5353   -1147.7422       0.2069  1600.9     -0.000     -0.000     -0.000     -0.000      0.000     -0.000
10.3000      -1147.5298   -1147.7408       0.2109  1631.8     -0.000     -0.000     -0.000     -0.000      0.000      0.000
10.4000      -1147.5212   -1147.7383       0.2171  1679.4      0.000     -0.000     -0.000     -0.000     -0.000      0.000
10.5000      -1147.5267   -1147.7419       0.2151  1664.3     -0.000     -0.000     -0.000      0.000     -0.000     -0.000
10.6000      -1147.5339   -1147.7402       0.2063  1596.2     -0.000     -0.000      0.000     -0.000     -0.000      0.000
10.7000      -1147.5296   -1147.7425       0.2129  1646.9     -0.000     -0.000      0.000     -0.000      0.000     -0.000
10.8000      -1147.5217   -1147.7332       0.2115  1636.6      0.000     -0.000     -0.000     -0.000     -0.000     -0.000
10.9000      -1147.5229   -1147.7378       0.2149  1662.5     -0.000     -0.000     -0.000     -0.000     -0.000      0.000
11.0000      -1147.5276   -1147.7357       0.2080  1609.4     -0.000     -0.000      0.000     -0.000      0.000      0.000
11.1000      -1147.5357   -1147.7435       0.2078  1607.3     -0.000     -0.000      0.000      0.000     -0.000     -0.000
11.2000      -1147.5335   -1147.7416       0.2081  1610.2     -0.000     -0.000     -0.000     -0.000     -0.000     -0.000
11.3000      -1147.5177   -1147.7306       0.2129  1647.4     -0.000     -0.000     -0.000     -0.000      0.000      0.000
11.4000      -1147.5240   -1147.7385       0.2145  1659.2      0.000     -0.000      0.000     -0.000      0.000     -0.000
11.5000      -1147.5371   -1147.7390       0.2019  1561.9     -0.000     -0.000     -0.000      0.000      0.000     -0.000
11.6000      -1147.5378   -1147.7411       0.2033  1572.6     -0.000     -0.000     -0.000     -0.000      0.000      0.000
11.7000      -1147.5197   -1147.7339       0.2142  1656.9      0.000     -0.000     -0.000      0.000      0.000     -0.000
11.8000      -1147.5206   -1147.7363       0.2157  1668.5      0.000     -0.000     -0.000     -0.000     -0.000     -0.000
11.9000      -1147.5329   -1147.7386       0.2057  1591.6     -0.000     -0.000     -0.000     -0.000     -0.000     -0.000
12.0000      -1147.5364   -1147.7373       0.2008  1553.8     -0.000     -0.000     -0.000     -0.000     -0.000     -0.000
12.1000      -1147.5325   -1147.7404       0.2079  1608.2      0.000     -0.000     -0.000     -0.000      0.000     -0.000
12.2000      -1147.5208   -1147.7348       0.2140  1655.8     -0.000     -0.000     -0.000     -0.000     -0.000     -0.000
12.3000      -1147.5247   -1147.7353       0.2106  1629.4      0.000     -0.000     -0.000     -0.000     -0.000     -0.000
12.4000      -1147.5301   -1147.7379       0.2077  1607.1     -0.000     -0.000     -0.000     -0.000     -0.000     -0.000
12.5000      -1147.5347   -1147.7402       0.2055  1589.5     -0.000     -0.000     -0.000     -0.000      0.000     -0.000
12.6000      -1147.5278   -1147.7387       0.2109  1631.2     -0.000     -0.000     -0.000     -0.000      0.000      0.000
12.7000      -1147.5197   -1147.7331       0.2134  1651.3     -0.000     -0.000     -0.000      0.000      0.000      0.000
12.8000      -1147.5239   -1147.7388       0.2149  1662.7     -0.000     -0.000     -0.000     -0.000     -0.000      0.000
12.9000      -1147.5273   -1147.7341       0.2067  1599.2      0.000     -0.000      0.000     -0.000      0.000     -0.000
13.0000      -1147.5390   -1147.7361       0.1971  1524.8     -0.000     -0.000     -0.000     -0.000     -0.000     -0.000
13.1000      -1147.5285   -1147.7365       0.2080  1609.5     -0.000     -0.000      0.000      0.000     -0.000      0.000
13.2000      -1147.5169   -1147.7349       0.2180  1686.4     -0.000     -0.001     -0.000      0.000     -0.000      0.000
13.3000      -1147.5224   -1147.7363       0.2140  1655.2     -0.000     -0.000      0.000      0.000     -0.000      0.000
13.4000      -1147.5394   -1147.7368       0.1974  1527.4     -0.000     -0.000      0.000     -0.000      0.000      0.000
13.5000      -1147.5382   -1147.7412       0.2030  1570.6     -0.000     -0.000     -0.000     -0.000      0.000     -0.000
13.6000      -1147.5187   -1147.7376       0.2190  1693.9     -0.000     -0.000     -0.000      0.000      0.000      0.000
13.7000      -1147.5159   -1147.7368       0.2208  1708.3     -0.000     -0.000     -0.000     -0.000     -0.000     -0.000
13.8000      -1147.5298   -1147.7393       0.2095  1620.8     -0.000     -0.000     -0.000      0.000      0.000     -0.000
13.9000      -1147.5379   -1147.7399       0.2021  1563.3     -0.000     -0.000     -0.000     -0.000     -0.000     -0.000
14.0000      -1147.5255   -1147.7398       0.2142  1657.5     -0.000     -0.000     -0.000     -0.000     -0.000      0.000
14.1000      -1147.5159   -1147.7349       0.2191  1694.7     -0.000     -0.000     -0.000      0.000      0.000     -0.000
14.2000      -1147.5236   -1147.7367       0.2131  1648.6     -0.000     -0.000     -0.000     -0.000     -0.000      0.000
14.3000      -1147.5369   -1147.7381       0.2012  1556.4     -0.000     -0.000     -0.000     -0.000     -0.000      0.000
14.4000      -1147.5319   -1147.7418       0.2099  1623.9     -0.000     -0.000     -0.000     -0.000     -0.000      0.000
14.5000      -1147.5180   -1147.7369       0.2189  1693.4      0.000     -0.000     -0.000     -0.000      0.000     -0.000
14.6000      -1147.5205   -1147.7346       0.2141  1656.3     -0.000     -0.000     -0.000     -0.000      0.000     -0.000
14.7000      -1147.5368   -1147.7420       0.2052  1587.3     -0.000     -0.000     -0.000     -0.000      0.000      0.000
14.8000      -1147.5370   -1147.7403       0.2033  1572.7     -0.000     -0.000     -0.000     -0.000      0.000     -0.000
14.9000      -1147.5192   -1147.7350       0.2159  1669.9     -0.000     -0.000     -0.000      0.000     -0.000      0.000
15.0000      -1147.5128   -1147.7356       0.2227  1723.2     -0.000     -0.000     -0.000     -0.000     -0.000     -0.000
15.1000      -1147.5262   -1147.7404       0.2142  1657.1      0.000      0.000     -0.000     -0.000      0.000      0.000
15.2000      -1147.5363   -1147.7387       0.2024  1565.7     -0.000     -0.000     -0.000     -0.000      0.000      0.000
15.3000      -1147.5318   -1147.7410       0.2092  1618.4      0.000     -0.000      0.000     -0.000     -0.000      0.000
15.4000      -1147.5170   -1147.7291       0.2122  1641.3      0.000     -0.000     -0.000     -0.000     -0.000      0.000
15.5000      -1147.5228   -1147.7404       0.2175  1682.7     -0.000     -0.000     -0.000     -0.000     -0.000     -0.000
15.6000      -1147.5309   -1147.7384       0.2075  1605.3     -0.000     -0.000     -0.000     -0.000     -0.000     -0.000
15.7000      -1147.5307   -1147.7423       0.2116  1637.0     -0.000     -0.000     -0.000     -0.000     -0.000     -0.000
15.8000      -1147.5223   -1147.7318       0.2095  1620.7     -0.000     -0.000     -0.000     -0.000      0.000     -0.000
15.9000      -1147.5243   -1147.7362       0.2119  1639.1     -0.000      0.000     -0.000     -0.000     -0.000      0.000
16.0000      -1147.5308   -1147.7401       0.2093  1619.5     -0.000      0.000     -0.000     -0.000      0.000      0.000
16.1000      -1147.5256   -1147.7370       0.2114  1635.4     -0.000     -0.000     -0.000     -0.000     -0.000     -0.000
16.2000      -1147.5265   -1147.7349       0.2084  1612.5     -0.000     -0.000      0.000     -0.000     -0.000     -0.000
16.3000      -1147.5238   -1147.7347       0.2109  1631.7     -0.000     -0.000     -0.000     -0.000     -0.000      0.000
16.4000      -1147.5289   -1147.7399       0.2109  1631.9      0.000     -0.000     -0.000     -0.000     -0.000      0.000
16.5000      -1147.5253   -1147.7411       0.2157  1669.1     -0.000     -0.000     -0.000     -0.000     -0.000      0.000
16.6000      -1147.5219   -1147.7328       0.2109  1631.4      0.000     -0.000     -0.000     -0.000      0.000     -0.000
16.7000      -1147.5287   -1147.7386       0.2099  1624.2     -0.000     -0.000     -0.000      0.000     -0.000      0.000
16.8000      -1147.5273   -1147.7410       0.2137  1653.2     -0.000     -0.000     -0.000     -0.000      0.000      0.000
16.9000      -1147.5259   -1147.7377       0.2118  1638.3     -0.000     -0.000     -0.000     -0.000      0.000     -0.000
17.0000      -1147.5267   -1147.7370       0.2103  1627.2      0.000     -0.000      0.000     -0.000     -0.000     -0.000
17.1000      -1147.5211   -1147.7347       0.2135  1651.8     -0.000     -0.000     -0.000     -0.000      0.000      0.000
17.2000      -1147.5234   -1147.7352       0.2117  1637.9     -0.000     -0.000     -0.000      0.000     -0.000     -0.000
17.3000      -1147.5321   -1147.7355       0.2034  1573.4      0.000      0.000      0.000      0.000      0.000      0.000
17.4000      -1147.5281   -1147.7343       0.2062  1595.4     -0.000     -0.000     -0.000      0.000     -0.000     -0.000
17.5000      -1147.5237   -1147.7333       0.2096  1621.5     -0.000     -0.000     -0.000     -0.000     -0.000     -0.000
17.6000      -1147.5229   -1147.7367       0.2138  1653.7     -0.000     -0.000     -0.000     -0.000     -0.000     -0.000
17.7000      -1147.5273   -1147.7388       0.2115  1636.1     -0.000     -0.000      0.000     -0.000     -0.000     -0.000
17.8000      -1147.5334   -1147.7393       0.2058  1592.5     -0.000     -0.000     -0.000     -0.000     -0.000     -0.000
17.9000      -1147.5260   -1147.7380       0.2120  1640.2      0.000     -0.000     -0.000     -0.000      0.000     -0.000
18.0000      -1147.5222   -1147.7336       0.2114  1635.6      0.000     -0.000     -0.000     -0.000     -0.000      0.000
18.1000      -1147.5259   -1147.7365       0.2105  1628.6     -0.000     -0.000     -0.000     -0.000      0.000     -0.000
18.2000      -1147.5282   -1147.7367       0.2085  1613.3      0.000      0.000     -0.000      0.000     -0.000     -0.000
18.3000      -1147.5282   -1147.7363       0.2081  1609.6      0.000     -0.000     -0.000     -0.000     -0.000     -0.000
18.4000      -1147.5257   -1147.7326       0.2069  1600.5      0.000     -0.000     -0.000     -0.000     -0.000     -0.000
18.5000      -1147.5231   -1147.7370       0.2139  1654.7      0.000      0.000      0.000     -0.000     -0.000     -0.000
18.6000      -1147.5249   -1147.7342       0.2094  1619.8     -0.000     -0.000     -0.000      0.000     -0.000      0.000
18.7000      -1147.5241   -1147.7365       0.2124  1643.3     -0.000     -0.000     -0.000     -0.000     -0.000      0.000
18.8000      -1147.5292   -1147.7362       0.2070  1601.3     -0.000     -0.000      0.000     -0.000     -0.000     -0.000
18.9000      -1147.5253   -1147.7354       0.2101  1625.6     -0.000     -0.000     -0.000     -0.000     -0.000      0.000
19.0000      -1147.5245   -1147.7321       0.2076  1606.2     -0.000      0.000      0.000     -0.000     -0.000     -0.000
19.1000      -1147.5217   -1147.7352       0.2135  1651.9      0.000     -0.000      0.000      0.000      0.000      0.000
19.2000      -1147.5306   -1147.7375       0.2069  1601.0     -0.000     -0.000     -0.000     -0.000      0.000     -0.000
19.3000      -1147.5320   -1147.7386       0.2066  1598.4      0.000      0.000     -0.000     -0.000     -0.000     -0.000
19.4000      -1147.5194   -1147.7372       0.2178  1684.7     -0.000     -0.000     -0.000     -0.000     -0.000     -0.000
19.5000      -1147.5231   -1147.7357       0.2127  1645.2     -0.000     -0.000      0.000     -0.000     -0.000     -0.000
19.6000      -1147.5232   -1147.7345       0.2113  1634.8      0.000     -0.000      0.000     -0.000     -0.000      0.000
19.7000      -1147.5252   -1147.7361       0.2109  1631.4      0.000     -0.000     -0.000      0.000     -0.000      0.000
19.8000      -1147.5232   -1147.7346       0.2114  1635.5      0.000     -0.000     -0.000     -0.000     -0.000     -0.000
19.9000      -1147.5216   -1147.7308       0.2092  1618.6     -0.000      0.000      0.000     -0.000     -0.000     -0.000
20.0000      -1147.5250   -1147.7418       0.2168  1677.5      0.000     -0.000     -0.000     -0.000     -0.000     -0.000
20.1000      -1147.5232   -1147.7326       0.2094  1619.9     -0.000     -0.000     -0.000     -0.000     -0.000     -0.000
20.2000      -1147.5215   -1147.7356       0.2141  1656.7     -0.000     -0.000     -0.000      0.000     -0.000     -0.000
20.3000      -1147.5304   -1147.7408       0.2104  1627.5     -0.000     -0.000     -0.000     -0.000     -0.000     -0.000
20.4000      -1147.5296   -1147.7368       0.2072  1603.1      0.000     -0.000     -0.000     -0.000     -0.000      0.000
20.5000      -1147.5210   -1147.7342       0.2132  1649.3     -0.000     -0.000     -0.000     -0.000     -0.000     -0.000
20.6000      -1147.5197   -1147.7376       0.2179  1685.6     -0.000     -0.000     -0.000     -0.000     -0.000     -0.000
20.7000      -1147.5242   -1147.7372       0.2130  1647.9     -0.000     -0.000     -0.000     -0.000     -0.000     -0.000
20.8000      -1147.5321   -1147.7402       0.2081  1609.9     -0.000     -0.000     -0.000      0.000     -0.000     -0.000
20.9000      -1147.5263   -1147.7375       0.2112  1634.2     -0.000     -0.000     -0.000     -0.000     -0.000     -0.000
21.0000      -1147.5204   -1147.7361       0.2156  1668.3     -0.000     -0.000     -0.000      0.000     -0.000     -0.000
21.1000      -1147.5180   -1147.7399       0.2218  1716.2     -0.000     -0.000     -0.000     -0.000      0.000     -0.000
21.2000      -1147.5273   -1147.7385       0.2113  1634.3     -0.000     -0.000     -0.000     -0.000     -0.000      0.000
21.3000      -1147.5314   -1147.7371       0.2057  1591.1      0.000     -0.000     -0.000      0.000     -0.000     -0.000
21.4000      -1147.5240   -1147.7370       0.2131  1648.4     -0.000     -0.000     -0.000     -0.000      0.000      0.000
21.5000      -1147.5206   -1147.7405       0.2199  1701.4     -0.000     -0.000     -0.000     -0.000     -0.000     -0.000
21.6000      -1147.5231   -1147.7373       0.2142  1657.1     -0.000      0.000     -0.000      0.000     -0.000     -0.000
21.7000      -1147.5263   -1147.7397       0.2134  1651.1     -0.000     -0.000     -0.000     -0.000     -0.000     -0.000
21.8000      -1147.5321   -1147.7398       0.2077  1607.0     -0.000     -0.000     -0.000     -0.000      0.000     -0.000
21.9000      -1147.5273   -1147.7419       0.2146  1660.1     -0.000     -0.000     -0.000     -0.000     -0.000     -0.000
22.0000      -1147.5242   -1147.7370       0.2128  1646.5     -0.000     -0.000     -0.000     -0.000      0.000      0.000
22.1000      -1147.5176   -1147.7312       0.2136  1652.4     -0.000      0.000      0.000      0.000     -0.000      0.000
22.2000      -1147.5267   -1147.7388       0.2122  1641.4     -0.000     -0.000     -0.000     -0.000      0.000     -0.000
22.3000      -1147.5288   -1147.7365       0.2076  1606.1     -0.000     -0.000     -0.000      0.000     -0.000      0.000
22.4000      -1147.5208   -1147.7340       0.2132  1649.1     -0.000     -0.000     -0.000      0.000     -0.000      0.000
22.5000      -1147.5222   -1147.7355       0.2133  1650.0     -0.000     -0.000     -0.000      0.000      0.000     -0.000
22.6000      -1147.5283   -1147.7324       0.2041  1578.8     -0.000     -0.000     -0.000     -0.000     -0.000      0.000
22.7000      -1147.5302   -1147.7359       0.2057  1591.6     -0.000     -0.000     -0.000     -0.000     -0.000      0.000
22.8000      -1147.5200   -1147.7333       0.2132  1649.5     -0.000     -0.000     -0.000     -0.000      0.000      0.000
22.9000      -1147.5185   -1147.7295       0.2110  1632.0     -0.000     -0.000     -0.000     -0.000      0.000     -0.000
23.0000      -1147.5305   -1147.7347       0.2043  1580.2     -0.000      0.000     -0.000     -0.000     -0.000     -0.000
23.1000      -1147.5307   -1147.7347       0.2040  1578.3     -0.000     -0.000     -0.000     -0.000     -0.000     -0.000
23.2000      -1147.5213   -1147.7346       0.2134  1650.8     -0.000     -0.000      0.000      0.000     -0.000      0.000
23.3000      -1147.5189   -1147.7323       0.2134  1650.9     -0.000     -0.000     -0.000      0.000      0.000      0.000
23.4000      -1147.5274   -1147.7312       0.2038  1577.0     -0.000     -0.000     -0.000     -0.000      0.000     -0.000
23.5000      -1147.5297   -1147.7372       0.2075  1605.0     -0.000     -0.000     -0.000     -0.000     -0.000     -0.000
23.6000      -1147.5193   -1147.7397       0.2204  1705.2     -0.000     -0.000     -0.000     -0.000      0.000     -0.000
23.7000      -1147.5182   -1147.7329       0.2147  1661.1     -0.000     -0.000     -0.000      0.000     -0.000     -0.000
23.8000      -1147.5238   -1147.7362       0.2124  1643.2     -0.000     -0.000     -0.000      0.000      0.000     -0.000
23.9000      -1147.5302   -1147.7375       0.2073  1603.6     -0.000     -0.000     -0.000      0.000     -0.000     -0.000
24.0000      -1147.5259   -1147.7358       0.2099  1623.5     -0.000     -0.000     -0.000     -0.000      0.000      0.000
24.1000      -1147.5233   -1147.7338       0.2104  1627.9      0.000     -0.000     -0.000     -0.000     -0.000      0.000
24.2000      -1147.5230   -1147.7353       0.2123  1642.8      0.000     -0.000     -0.000     -0.000     -0.000     -0.000
24.3000      -1147.5263   -1147.7335       0.2072  1603.0      0.000     -0.000      0.000     -0.000     -0.000      0.000
24.4000      -1147.5179   -1147.7331       0.2152  1664.7     -0.000     -0.000     -0.000     -0.000     -0.000     -0.000
24.5000      -1147.5221   -1147.7374       0.2153  1666.0     -0.000     -0.000     -0.000     -0.000      0.000     -0.000
24.6000      -1147.5228   -1147.7348       0.2120  1640.0     -0.000     -0.000     -0.000     -0.000     -0.000     -0.000
24.7000      -1147.5211   -1147.7307       0.2096  1621.7     -0.000     -0.000     -0.000     -0.000      0.000     -0.000
24.8000      -1147.5229   -1147.7388       0.2159  1670.2      0.000     -0.000      0.000     -0.000      0.000     -0.000
24.9000      -1147.5249   -1147.7327       0.2079  1608.1     -0.000     -0.000     -0.000     -0.000      0.000     -0.000
25.0000      -1147.5239   -1147.7342       0.2104  1627.4      0.000     -0.000      0.000     -0.000      0.000      0.000
25.1000      -1147.5183   -1147.7357       0.2174  1681.5     -0.000     -0.000     -0.000     -0.000     -0.000     -0.000
25.2000      -1147.5179   -1147.7361       0.2182  1688.3     -0.000      0.000     -0.000     -0.000      0.000      0.000
25.3000      -1147.5297   -1147.7375       0.2077  1607.0     -0.000     -0.000     -0.000     -0.000     -0.000     -0.000
25.4000      -1147.5302   -1147.7322       0.2020  1562.9     -0.000     -0.000     -0.000     -0.000      0.000      0.000
25.5000      -1147.5196   -1147.7315       0.2118  1638.9     -0.000     -0.000     -0.000     -0.000     -0.000     -0.000
25.6000      -1147.5209   -1147.7314       0.2105  1628.8     -0.000     -0.000     -0.000     -0.000     -0.000     -0.000
25.7000      -1147.5239   -1147.7371       0.2131  1648.7     -0.000     -0.000     -0.000     -0.000     -0.000     -0.000
25.8000      -1147.5291   -1147.7353       0.2061  1594.8     -0.000     -0.000     -0.000      0.000     -0.000     -0.000
25.9000      -1147.5273   -1147.7357       0.2084  1612.1      0.000      0.000      0.000     -0.000     -0.000     -0.000
26.0000      -1147.5148   -1147.7315       0.2167  1676.5     -0.000     -0.000     -0.000     -0.000     -0.000     -0.000
26.1000      -1147.5198   -1147.7363       0.2165  1675.1     -0.000      0.000     -0.000     -0.000      0.000     -0.000
26.2000      -1147.5224   -1147.7328       0.2104  1627.4     -0.000     -0.000     -0.000     -0.000      0.000     -0.000
26.3000      -1147.5288   -1147.7346       0.2057  1591.7     -0.000     -0.000     -0.000     -0.000     -0.000     -0.000
26.4000      -1147.5273   -1147.7364       0.2090  1617.1     -0.000     -0.000     -0.000     -0.000     -0.000     -0.000
26.5000      -1147.5155   -1147.7328       0.2173  1681.5     -0.000     -0.000     -0.000     -0.000      0.000      0.000
26.6000      -1147.5118   -1147.7310       0.2192  1695.5     -0.000     -0.000     -0.000      0.000      0.000      0.000
26.7000      -1147.5304   -1147.7342       0.2038  1576.9     -0.000     -0.000      0.000     -0.000      0.000     -0.000
26.8000      -1147.5390   -1147.7390       0.2000  1547.6     -0.000     -0.000     -0.000     -0.000     -0.000     -0.000
26.9000      -1147.5179   -1147.7320       0.2141  1656.4     -0.000     -0.000      0.000     -0.000      0.000     -0.000
27.0000      -1147.5007   -1147.7273       0.2267  1753.5     -0.000     -0.000     -0.000     -0.000     -0.000      0.000
27.1000      -1147.5187   -1147.7364       0.2177  1684.1     -0.000     -0.000     -0.000     -0.000     -0.000      0.000
27.2000      -1147.5374   -1147.7364       0.1990  1539.6     -0.000     -0.000     -0.000     -0.000     -0.000      0.000
27.3000      -1147.5286   -1147.7363       0.2076  1606.3     -0.000     -0.000     -0.000      0.000     -0.000     -0.000
27.4000      -1147.5097   -1147.7303       0.2206  1706.3     -0.000     -0.000     -0.000     -0.000     -0.000     -0.000
27.5000      -1147.5115   -1147.7330       0.2214  1713.1     -0.000     -0.000     -0.000      0.000     -0.000     -0.000
27.6000      -1147.5282   -1147.7343       0.2060  1594.0     -0.000     -0.000     -0.000     -0.000     -0.000     -0.000
27.7000      -1147.5340   -1147.7349       0.2009  1554.2      0.000     -0.000     -0.000     -0.000      0.000      0.000
27.8000      -1147.5167   -1147.7349       0.2182  1687.9      0.000     -0.000     -0.000     -0.000     -0.000     -0.000
27.9000      -1147.5104   -1147.7317       0.2213  1712.0     -0.000     -0.000     -0.000      0.000     -0.000      0.000
28.0000      -1147.5223   -1147.7314       0.2091  1617.7     -0.000     -0.000     -0.000     -0.000      0.000      0.000
28.1000      -1147.5338   -1147.7313       0.1975  1527.7      0.000     -0.000     -0.000     -0.000     -0.000     -0.000
28.2000      -1147.5249   -1147.7331       0.2082  1610.5     -0.000     -0.000     -0.000     -0.000      0.000     -0.000
28.3000      -1147.5084   -1147.7298       0.2214  1713.0     -0.000     -0.000     -0.000      0.000     -0.000     -0.000
28.4000      -1147.5120   -1147.7284       0.2164  1674.3     -0.000     -0.000     -0.000     -0.000      0.000     -0.000
28.5000      -1147.5283   -1147.7354       0.2072  1602.6     -0.000     -0.000     -0.000     -0.000     -0.000     -0.000
28.6000      -1147.5344   -1147.7351       0.2007  1552.6     -0.000     -0.000     -0.000      0.000     -0.000      0.000
28.7000      -1147.5230   -1147.7373       0.2142  1657.4     -0.000     -0.000     -0.000     -0.000      0.000     -0.000
28.8000      -1147.5066   -1147.7250       0.2185  1690.1     -0.000     -0.000     -0.000     -0.000      0.000      0.000
28.9000      -1147.5186   -1147.7332       0.2146  1660.2     -0.000     -0.000      0.000     -0.000     -0.000     -0.000
29.0000      -1147.5339   -1147.7337       0.1998  1545.7     -0.000     -0.000     -0.000     -0.000      0.000     -0.000
29.1000      -1147.5284   -1147.7339       0.2055  1590.1      0.000     -0.000      0.000      0.000      0.000     -0.000
29.2000      -1147.5118   -1147.7278       0.2160  1671.0     -0.000     -0.000      0.000     -0.000      0.000     -0.000
29.3000      -1147.5115   -1147.7275       0.2160  1671.1     -0.000     -0.000      0.000     -0.000     -0.000     -0.000
29.4000      -1147.5322   -1147.7394       0.2072  1603.1     -0.000     -0.000     -0.000     -0.000     -0.000     -0.000
29.5000      -1147.5294   -1147.7362       0.2068  1599.8     -0.000     -0.000     -0.000     -0.000     -0.000     -0.000
29.6000      -1147.5241   -1147.7369       0.2128  1645.9     -0.000     -0.000     -0.000     -0.000     -0.000     -0.000
29.7000      -1147.5071   -1147.7270       0.2199  1701.1     -0.000     -0.000     -0.000     -0.000     -0.000     -0.000
29.8000      -1147.5154   -1147.7343       0.2188  1693.1     -0.000     -0.000     -0.000     -0.000     -0.000      0.000
29.9000      -1147.5306   -1147.7319       0.2013  1557.5     -0.000      0.000     -0.000     -0.000     -0.000      0.000
30.0000      -1147.5304   -1147.7359       0.2055  1590.0     -0.000     -0.000     -0.000      0.000     -0.000     -0.000
30.1000      -1147.5160   -1147.7269       0.2109  1631.6     -0.000     -0.000     -0.000     -0.000      0.000      0.000
30.2000      -1147.5060   -1147.7254       0.2193  1696.8     -0.000     -0.000     -0.000      0.000      0.000      0.000
30.3000      -1147.5191   -1147.7302       0.2111  1633.5     -0.000     -0.000     -0.000     -0.000     -0.000     -0.000
30.4000      -1147.5300   -1147.7327       0.2027  1568.3      0.000     -0.000     -0.000     -0.000     -0.000     -0.000
30.5000      -1147.5251   -1147.7336       0.2085  1612.9     -0.000     -0.000     -0.000     -0.000      0.000     -0.000
30.6000      -1147.5111   -1147.7271       0.2160  1671.3     -0.000     -0.000     -0.000      0.000      0.000     -0.000
30.7000      -1147.5110   -1147.7260       0.2150  1663.4     -0.000     -0.000     -0.000     -0.000      0.000     -0.000
30.8000      -1147.5209   -1147.7298       0.2089  1615.9     -0.000     -0.000     -0.000     -0.000     -0.000     -0.000
30.9000      -1147.5234   -1147.7284       0.2051  1586.4     -0.000     -0.000     -0.000     -0.000      0.000     -0.000
31.0000      -1147.5199   -1147.7306       0.2107  1630.1      0.000     -0.000     -0.000      0.000     -0.000     -0.000
31.1000      -1147.5145   -1147.7270       0.2125  1644.0     -0.000     -0.000     -0.000     -0.000     -0.000      0.000
31.2000      -1147.5180   -1147.7303       0.2123  1642.2     -0.000     -0.000     -0.000     -0.000     -0.000      0.000
31.3000      -1147.5175   -1147.7319       0.2144  1658.8     -0.000     -0.000     -0.000     -0.000      0.000      0.000
31.4000      -1147.5138   -1147.7280       0.2142  1657.4     -0.000     -0.000     -0.000     -0.000      0.000     -0.000
31.5000      -1147.5167   -1147.7303       0.2136  1652.3     -0.000     -0.000     -0.000      0.000     -0.000     -0.000
31.6000      -1147.5174   -1147.7312       0.2138  1654.1     -0.000     -0.000      0.000     -0.000     -0.000     -0.000
31.7000      -1147.5155   -1147.7283       0.2128  1646.4     -0.000     -0.000     -0.000     -0.000     -0.000      0.000
31.8000      -1147.5185   -1147.7300       0.2115  1636.1     -0.000      0.000      0.000     -0.000     -0.000     -0.000
31.9000      -1147.5249   -1147.7317       0.2068  1599.9     -0.000     -0.000     -0.000     -0.000     -0.000     -0.000
32.0000      -1147.5137   -1147.7325       0.2187  1692.3     -0.000     -0.000     -0.000     -0.000     -0.000     -0.000
32.1000      -1147.5082   -1147.7226       0.2144  1658.5      0.000     -0.000      0.000     -0.000     -0.000     -0.000
32.2000      -1147.5156   -1147.7318       0.2163  1673.1     -0.000     -0.000     -0.000     -0.000     -0.000     -0.000
32.3000      -1147.5259   -1147.7334       0.2075  1605.1     -0.000     -0.000      0.000     -0.000      0.000     -0.000
32.4000      -1147.5247   -1147.7338       0.2091  1617.7     -0.000     -0.000     -0.000     -0.000      0.000     -0.000
32.5000      -1147.5085   -1147.7257       0.2172  1680.6     -0.000     -0.000     -0.000      0.000     -0.000     -0.000
32.6000      -1147.5110   -1147.7283       0.2173  1681.2     -0.000     -0.000     -0.000     -0.000      0.000     -0.000
32.7000      -1147.5195   -1147.7292       0.2097  1622.2     -0.000     -0.000     -0.000     -0.000     -0.000      0.000
32.8000      -1147.5187   -1147.7275       0.2088  1615.0     -0.000     -0.000     -0.000     -0.000     -0.000      0.000
32.9000      -1147.5106   -1147.7292       0.2187  1691.8     -0.000     -0.000     -0.000      0.000     -0.000     -0.000
33.0000      -1147.5171   -1147.7299       0.2128  1646.6     -0.000     -0.000     -0.000     -0.000      0.000     -0.000
33.1000      -1147.5196   -1147.7253       0.2058  1592.0     -0.000     -0.000      0.000     -0.000     -0.000     -0.000
33.2000      -1147.5148   -1147.7264       0.2116  1636.9     -0.000     -0.000     -0.000     -0.000     -0.000     -0.000
33.3000      -1147.5130   -1147.7314       0.2184  1689.9     -0.000     -0.000     -0.000     -0.000     -0.000     -0.000
33.4000      -1147.5268   -1147.7352       0.2084  1612.5     -0.000     -0.000     -0.000     -0.000     -0.000     -0.000
33.5000      -1147.5096   -1147.7313       0.2217  1715.3     -0.000      0.000     -0.000      0.000      0.000     -0.000
33.6000      -1147.5093   -1147.7258       0.2164  1674.4     -0.000     -0.000     -0.000     -0.000      0.000     -0.000
33.7000      -1147.5288   -1147.7326       0.2038  1576.4     -0.000     -0.000     -0.000      0.000     -0.000     -0.000
33.8000      -1147.5329   -1147.7355       0.2026  1567.1     -0.000     -0.000     -0.000     -0.000      0.000     -0.000
33.9000      -1147.5142   -1147.7326       0.2184  1689.4     -0.000     -0.000     -0.000      0.000      0.000     -0.000
34.0000      -1147.5103   -1147.7317       0.2214  1712.7      0.000     -0.000     -0.000      0.000     -0.000     -0.000
34.1000      -1147.5216   -1147.7288       0.2072  1603.1     -0.000     -0.000     -0.000      0.000      0.000     -0.000
34.2000      -1147.5310   -1147.7330       0.2020  1562.8     -0.000     -0.000     -0.000      0.000      0.000     -0.000
34.3000      -1147.5191   -1147.7315       0.2125  1643.7     -0.000     -0.000     -0.000      0.000      0.000     -0.000
34.4000      -1147.5162   -1147.7299       0.2137  1653.5      0.000     -0.000     -0.000      0.000      0.000     -0.000
34.5000      -1147.5192   -1147.7308       0.2117  1637.8     -0.000     -0.000     -0.000     -0.000      0.000     -0.000
34.6000      -1147.5250   -1147.7355       0.2105  1628.2     -0.000     -0.000     -0.000     -0.000      0.000      0.000
34.7000      -1147.5191   -1147.7292       0.2101  1625.3     -0.000     -0.000     -0.000     -0.000      0.000     -0.000
34.8000      -1147.5160   -1147.7308       0.2148  1661.7     -0.000     -0.000     -0.000      0.000     -0.000     -0.000
34.9000      -1147.5190   -1147.7348       0.2157  1669.0     -0.000     -0.000     -0.000     -0.000      0.000     -0.000
35.0000      -1147.5300   -1147.7321       0.2021  1563.4     -0.000     -0.000     -0.000     -0.000      0.000     -0.000
35.1000      -1147.5254   -1147.7333       0.2078  1607.7     -0.000     -0.000     -0.000     -0.000      0.000     -0.000
35.2000      -1147.5143   -1147.7355       0.2212  1711.1     -0.000     -0.000     -0.000      0.000     -0.000     -0.000
35.3000      -1147.5114   -1147.7348       0.2234  1728.5     -0.000     -0.000     -0.000     -0.000     -0.000     -0.000
35.4000      -1147.5245   -1147.7342       0.2096  1621.8     -0.000     -0.000     -0.000      0.000     -0.000     -0.000
35.5000      -1147.5315   -1147.7361       0.2046  1582.8     -0.000     -0.000     -0.000      0.000     -0.000     -0.000
35.6000      -1147.5206   -1147.7319       0.2112  1634.3     -0.000     -0.000     -0.000      0.000     -0.000     -0.000
35.7000      -1147.5117   -1147.7307       0.2189  1693.9     -0.000     -0.000     -0.000     -0.000      0.000     -0.000
35.8000      -1147.5194   -1147.7323       0.2129  1647.0     -0.000     -0.000     -0.000      0.000      0.000     -0.000
35.9000      -1147.5299   -1147.7356       0.2057  1591.4      0.000     -0.000     -0.000     -0.000      0.000     -0.000
36.0000      -1147.5216   -1147.7318       0.2101  1625.7     -0.000     -0.000     -0.000      0.000      0.000     -0.000
36.1000      -1147.5145   -1147.7263       0.2118  1638.5     -0.000     -0.000     -0.000      0.000      0.000     -0.000
36.2000      -1147.5184   -1147.7310       0.2126  1644.6     -0.000     -0.000     -0.000     -0.000      0.000      0.000
36.3000      -1147.5237   -1147.7309       0.2071  1602.4     -0.000     -0.000     -0.000      0.000      0.000     -0.000
36.4000      -1147.5200   -1147.7336       0.2136  1652.4     -0.000     -0.000     -0.000      0.000      0.000     -0.000
36.5000      -1147.5213   -1147.7299       0.2086  1613.7     -0.000     -0.000     -0.000     -0.000     -0.000      0.000
36.6000      -1147.5202   -1147.7287       0.2085  1613.0     -0.000     -0.000     -0.000     -0.000     -0.000     -0.000
36.7000      -1147.5227   -1147.7328       0.2101  1625.4     -0.000     -0.000     -0.000     -0.000      0.000     -0.000
36.8000      -1147.5211   -1147.7302       0.2090  1617.2     -0.000     -0.000     -0.000      0.000      0.000     -0.000
36.9000      -1147.5175   -1147.7330       0.2155  1667.4     -0.000     -0.000     -0.000     -0.000     -0.000      0.000
37.0000      -1147.5210   -1147.7293       0.2083  1611.6     -0.000     -0.000     -0.000     -0.000      0.000     -0.000
37.1000      -1147.5252   -1147.7294       0.2041  1579.2     -0.000     -0.000     -0.000      0.000      0.000     -0.000
37.2000      -1147.5255   -1147.7313       0.2058  1591.9      0.000     -0.000     -0.000      0.000     -0.000     -0.000
37.3000      -1147.5153   -1147.7306       0.2153  1665.6      0.000     -0.000      0.000      0.000     -0.000     -0.000
37.4000      -1147.5141   -1147.7288       0.2147  1660.7     -0.000     -0.000     -0.000     -0.000      0.000     -0.000
37.5000      -1147.5217   -1147.7308       0.2091  1617.9     -0.000     -0.000     -0.000      0.000      0.000     -0.000
37.6000      -1147.5326   -1147.7342       0.2016  1559.5     -0.000     -0.000     -0.000      0.000     -0.000     -0.000
37.7000      -1147.5195   -1147.7314       0.2119  1639.2     -0.000     -0.000     -0.000     -0.000     -0.000      0.000
37.8000      -1147.5135   -1147.7291       0.2157  1668.6     -0.000     -0.000     -0.000     -0.000      0.000     -0.000
37.9000      -1147.5200   -1147.7320       0.2120  1640.2     -0.000     -0.000     -0.000     -0.000      0.000      0.000
38.0000      -1147.5247   -1147.7324       0.2077  1606.7     -0.000     -0.000     -0.000     -0.000     -0.000     -0.000
38.1000      -1147.5240   -1147.7348       0.2108  1630.6     -0.000     -0.000     -0.000     -0.000     -0.000     -0.000
38.2000      -1147.5152   -1147.7318       0.2166  1675.8     -0.000     -0.000     -0.000     -0.000      0.000     -0.000
38.3000      -1147.5113   -1147.7313       0.2200  1702.3     -0.000     -0.000     -0.000      0.000     -0.000      0.000
38.4000      -1147.5248   -1147.7387       0.2138  1654.2     -0.000     -0.000     -0.000     -0.000     -0.000     -0.000
38.5000      -1147.5285   -1147.7312       0.2027  1568.5     -0.000     -0.000     -0.000      0.000      0.000      0.000
38.6000      -1147.5205   -1147.7354       0.2149  1662.2     -0.000     -0.000      0.000     -0.000      0.000      0.000
38.7000      -1147.5098   -1147.7288       0.2190  1694.2     -0.000     -0.000     -0.000      0.000     -0.000      0.000
38.8000      -1147.5206   -1147.7335       0.2129  1647.2     -0.000     -0.000     -0.000      0.000     -0.000      0.000
38.9000      -1147.5295   -1147.7377       0.2081  1610.2     -0.000     -0.000     -0.000     -0.000     -0.000     -0.000
39.0000      -1147.5232   -1147.7304       0.2072  1603.2     -0.000     -0.000      0.000      0.000      0.000      0.000
39.1000      -1147.5149   -1147.7328       0.2179  1685.8     -0.000     -0.000      0.000      0.000      0.000     -0.000
39.2000      -1147.5169   -1147.7303       0.2133  1650.5     -0.000     -0.000     -0.000      0.000     -0.000     -0.000
39.3000      -1147.5289   -1147.7334       0.2045  1582.1     -0.000     -0.000     -0.000      0.000      0.000     -0.000
39.4000      -1147.5270   -1147.7340       0.2069  1601.0      0.000     -0.000     -0.000      0.000     -0.000      0.000
39.5000      -1147.5148   -1147.7284       0.2137  1652.9     -0.000     -0.000     -0.000      0.000     -0.000      0.000
39.6000      -1147.5130   -1147.7281       0.2151  1664.0     -0.000     -0.000     -0.000     -0.000     -0.000      0.000
39.7000      -1147.5233   -1147.7353       0.2120  1639.9     -0.000     -0.000     -0.000     -0.000      0.000     -0.000
39.8000      -1147.5283   -1147.7299       0.2016  1559.7     -0.000     -0.000     -0.000      0.000     -0.000     -0.000
39.9000      -1147.5228   -1147.7308       0.2080  1609.3     -0.000     -0.000     -0.000      0.000      0.000     -0.000
40.0000      -1147.5176   -1147.7297       0.2121  1640.6      0.000     -0.000      0.000      0.000     -0.000     -0.000
40.1000      -1147.5154   -1147.7290       0.2136  1652.7     -0.000      0.000     -0.000      0.000      0.000      0.000
40.2000      -1147.5225   -1147.7326       0.2100  1624.8     -0.000     -0.000     -0.000      0.000      0.000     -0.000
40.3000      -1147.5261   -1147.7362       0.2101  1625.4     -0.000     -0.000     -0.000     -0.000      0.000      0.000
40.4000      -1147.5148   -1147.7321       0.2173  1681.4     -0.000     -0.000     -0.000      0.000      0.000     -0.000
40.5000      -1147.5163   -1147.7308       0.2145  1659.4      0.000     -0.000     -0.000      0.000     -0.000     -0.000
40.6000      -1147.5215   -1147.7293       0.2079  1608.1     -0.000     -0.000     -0.000      0.000     -0.000     -0.000
40.7000      -1147.5276   -1147.7361       0.2085  1613.0     -0.000     -0.000     -0.000     -0.000     -0.000     -0.000
40.8000      -1147.5162   -1147.7265       0.2103  1626.9     -0.000     -0.000     -0.000      0.000      0.000     -0.000
40.9000      -1147.5186   -1147.7347       0.2162  1672.2     -0.000     -0.000     -0.000      0.000      0.000      0.000
41.0000      -1147.5233   -1147.7329       0.2096  1621.5     -0.000     -0.000     -0.000      0.000      0.000     -0.000
41.1000      -1147.5243   -1147.7378       0.2135  1651.6     -0.000     -0.000     -0.000     -0.000      0.000      0.000
41.2000      -1147.5198   -1147.7324       0.2126  1644.8     -0.000     -0.000     -0.000     -0.000     -0.000     -0.000
41.3000      -1147.5158   -1147.7278       0.2120  1640.1     -0.000     -0.000     -0.000      0.000     -0.000     -0.000
41.4000      -1147.5206   -1147.7315       0.2109  1631.3     -0.000     -0.000     -0.000     -0.000      0.000      0.000
41.5000      -1147.5217   -1147.7331       0.2114  1635.1     -0.000     -0.000     -0.000      0.000     -0.000     -0.000
41.6000      -1147.5263   -1147.7315       0.2052  1587.8     -0.000     -0.000     -0.000      0.000      0.000     -0.000
41.7000      -1147.5189   -1147.7326       0.2137  1653.5     -0.000     -0.000     -0.000     -0.000      0.000      0.000
41.8000      -1147.5142   -1147.7297       0.2155  1666.9     -0.000     -0.000      0.000     -0.000      0.000     -0.000
41.9000      -1147.5195   -1147.7326       0.2131  1648.9     -0.000     -0.000      0.000     -0.000      0.000     -0.000
42.0000      -1147.5273   -1147.7290       0.2017  1560.3     -0.000     -0.000      0.000     -0.000      0.000     -0.000
42.1000      -1147.5262   -1147.7310       0.2048  1584.3     -0.000     -0.000      0.000     -0.000      0.000     -0.000
42.2000      -1147.5130   -1147.7298       0.2168  1677.0     -0.000     -0.000      0.000      0.000      0.000     -0.000
42.3000      -1147.5129   -1147.7315       0.2186  1691.2     -0.000     -0.000     -0.000      0.000     -0.000     -0.000
42.4000      -1147.5254   -1147.7337       0.2083  1611.5      0.000     -0.000      0.000      0.000     -0.000     -0.000
42.5000      -1147.5233   -1147.7315       0.2082  1610.5      0.000     -0.000      0.000     -0.000     -0.000     -0.000
42.6000      -1147.5191   -1147.7260       0.2068  1600.0     -0.000     -0.000     -0.000      0.000     -0.000     -0.000
42.7000      -1147.5196   -1147.7328       0.2132  1649.2     -0.000     -0.000     -0.000     -0.000     -0.000     -0.000
42.8000      -1147.5186   -1147.7273       0.2087  1614.6     -0.000      0.000     -0.000     -0.000     -0.000     -0.000
42.9000      -1147.5196   -1147.7357       0.2161  1671.7     -0.000     -0.000     -0.000      0.000      0.000     -0.000
43.0000      -1147.5157   -1147.7299       0.2142  1656.8     -0.000     -0.000     -0.000      0.000     -0.000     -0.000
43.1000      -1147.5206   -1147.7332       0.2126  1644.9     -0.000     -0.000     -0.000      0.000     -0.000      0.000
43.2000      -1147.5203   -1147.7323       0.2120  1639.8     -0.000     -0.000     -0.000     -0.000     -0.000     -0.000
43.3000      -1147.5176   -1147.7333       0.2157  1668.6     -0.000     -0.000     -0.000     -0.000     -0.000     -0.000
43.4000      -1147.5195   -1147.7332       0.2137  1653.2     -0.000     -0.000     -0.000      0.000     -0.000     -0.000
43.5000      -1147.5205   -1147.7287       0.2082  1610.6      0.000     -0.000      0.000      0.000     -0.000      0.000
43.6000      -1147.5168   -1147.7288       0.2120  1640.2     -0.000     -0.000     -0.000      0.000     -0.000     -0.000
43.7000      -1147.5167   -1147.7279       0.2112  1633.8     -0.000     -0.000     -0.000      0.000      0.000     -0.000
43.8000      -1147.5218   -1147.7336       0.2118  1638.7      0.000     -0.000     -0.000      0.000      0.000     -0.000
43.9000      -1147.5249   -1147.7317       0.2068  1599.9      0.000     -0.000     -0.000      0.000      0.000     -0.000
44.0000      -1147.5229   -1147.7322       0.2093  1618.9     -0.000     -0.000     -0.000      0.000      0.000     -0.000
44.1000      -1147.5142   -1147.7362       0.2221  1717.9     -0.000     -0.000     -0.000      0.000     -0.000     -0.000
44.2000      -1147.5119   -1147.7292       0.2173  1681.4     -0.000     -0.000     -0.000     -0.000      0.000     -0.000
44.3000      -1147.5186   -1147.7308       0.2122  1641.6     -0.000     -0.000     -0.000     -0.000      0.000     -0.000
44.4000      -1147.5247   -1147.7368       0.2121  1641.2     -0.000     -0.000     -0.000     -0.000      0.000      0.000
44.5000      -1147.5220   -1147.7331       0.2110  1632.5     -0.000     -0.000     -0.000     -0.000      0.000      0.000
44.6000      -1147.5144   -1147.7274       0.2129  1647.4     -0.000     -0.000     -0.000      0.000     -0.000      0.000
44.7000      -1147.5163   -1147.7303       0.2141  1656.1     -0.000      0.000     -0.000      0.000      0.000      0.000
44.8000      -1147.5246   -1147.7329       0.2083  1611.5     -0.000     -0.000     -0.000      0.000     -0.000     -0.000
44.9000      -1147.5227   -1147.7345       0.2118  1638.5     -0.000     -0.000     -0.000      0.000      0.000      0.000
45.0000      -1147.5169   -1147.7294       0.2125  1644.2     -0.000     -0.000     -0.000      0.000      0.000     -0.000
45.1000      -1147.5145   -1147.7293       0.2147  1661.2     -0.000      0.000     -0.000      0.000     -0.000     -0.000
45.2000      -1147.5177   -1147.7333       0.2156  1668.2     -0.000     -0.000     -0.000      0.000      0.000     -0.000
45.3000      -1147.5232   -1147.7341       0.2109  1631.4     -0.000     -0.000      0.000     -0.000     -0.000     -0.000
45.4000      -1147.5231   -1147.7304       0.2072  1603.1     -0.000     -0.000     -0.000      0.000     -0.000     -0.000
45.5000      -1147.5160   -1147.7296       0.2136  1652.7     -0.000     -0.000     -0.000      0.000      0.000     -0.000
45.6000      -1147.5190   -1147.7327       0.2137  1653.2     -0.000     -0.000     -0.000     -0.000      0.000     -0.000
45.7000      -1147.5197   -1147.7331       0.2134  1650.6     -0.000     -0.000     -0.000     -0.000      0.000     -0.000
45.8000      -1147.5186   -1147.7315       0.2129  1646.9     -0.000      0.000      0.000      0.000      0.000     -0.000
45.9000      -1147.5208   -1147.7320       0.2112  1633.5     -0.000     -0.000     -0.000      0.000      0.000     -0.000
46.0000      -1147.5200   -1147.7324       0.2124  1643.4     -0.000     -0.000     -0.000      0.000      0.000      0.000
46.1000      -1147.5224   -1147.7331       0.2106  1629.3     -0.000     -0.000     -0.000      0.000     -0.000      0.000
46.2000      -1147.5144   -1147.7281       0.2137  1653.2     -0.000     -0.000      0.000      0.000      0.000     -0.000
46.3000      -1147.5191   -1147.7315       0.2123  1642.8     -0.000     -0.000     -0.000     -0.000      0.000     -0.000
46.4000      -1147.5217   -1147.7309       0.2091  1618.0     -0.000     -0.000     -0.000     -0.000     -0.000     -0.000
46.5000      -1147.5275   -1147.7323       0.2048  1584.1     -0.000     -0.000     -0.000      0.000     -0.000     -0.000
46.6000      -1147.5206   -1147.7284       0.2078  1607.5     -0.000     -0.000     -0.000      0.000     -0.000      0.000
46.7000      -1147.5129   -1147.7264       0.2135  1651.7     -0.000     -0.000     -0.000     -0.000      0.000      0.000
46.8000      -1147.5197   -1147.7302       0.2105  1628.3     -0.000     -0.000     -0.000      0.000      0.000     -0.000
46.9000      -1147.5276   -1147.7315       0.2039  1577.4     -0.000     -0.000     -0.000      0.000      0.000      0.000
47.0000      -1147.5248   -1147.7313       0.2065  1597.8     -0.000     -0.000     -0.000      0.000     -0.000     -0.000
47.1000      -1147.5076   -1147.7281       0.2205  1706.0     -0.000     -0.000     -0.000      0.000      0.000     -0.000
47.2000      -1147.5165   -1147.7270       0.2105  1628.6      0.000     -0.000      0.000      0.000     -0.000     -0.000
47.3000      -1147.5296   -1147.7357       0.2061  1594.6     -0.000     -0.000      0.000     -0.000     -0.000     -0.000
47.4000      -1147.5263   -1147.7362       0.2099  1623.8     -0.000     -0.000     -0.000      0.000      0.000     -0.000
47.5000      -1147.5097   -1147.7272       0.2175  1682.8     -0.000     -0.000      0.000      0.000     -0.000     -0.000
47.6000      -1147.5103   -1147.7284       0.2180  1686.9     -0.000     -0.000     -0.000      0.000      0.000     -0.000
47.7000      -1147.5223   -1147.7336       0.2113  1634.7     -0.000     -0.000     -0.000     -0.000     -0.000     -0.000
47.8000      -1147.5271   -1147.7305       0.2034  1573.4     -0.000     -0.000     -0.000     -0.000     -0.000     -0.000
47.9000      -1147.5207   -1147.7309       0.2101  1625.7     -0.000      0.000     -0.000      0.000      0.000     -0.000
48.0000      -1147.5090   -1147.7277       0.2187  1691.8     -0.000     -0.000      0.000     -0.000      0.000     -0.000
48.1000      -1147.5155   -1147.7283       0.2128  1646.4      0.000     -0.000     -0.000      0.000      0.000      0.000
48.2000      -1147.5273   -1147.7311       0.2038  1576.7     -0.000     -0.000     -0.000     -0.000     -0.000     -0.000
48.3000      -1147.5235   -1147.7289       0.2054  1588.9     -0.000     -0.000     -0.000     -0.000      0.000      0.000
48.4000      -1147.5137   -1147.7290       0.2153  1665.3     -0.000     -0.000     -0.000      0.000      0.000     -0.000
48.5000      -1147.5134   -1147.7300       0.2166  1675.8     -0.000     -0.000     -0.000     -0.000      0.000     -0.000
48.6000      -1147.5224   -1147.7344       0.2120  1640.5     -0.000     -0.000     -0.000      0.000      0.000     -0.000
48.7000      -1147.5249   -1147.7267       0.2018  1561.3     -0.000     -0.000     -0.000     -0.000     -0.000     -0.000
48.8000      -1147.5201   -1147.7328       0.2127  1645.6     -0.000     -0.000     -0.000      0.000     -0.000     -0.000
48.9000      -1147.5109   -1147.7262       0.2153  1665.3     -0.000     -0.000      0.000     -0.000      0.000      0.000
49.0000      -1147.5185   -1147.7302       0.2117  1637.9     -0.000     -0.000     -0.000      0.000      0.000     -0.000
49.1000      -1147.5235   -1147.7306       0.2071  1602.1     -0.000     -0.000      0.000      0.000     -0.000      0.000
49.2000      -1147.5206   -1147.7274       0.2067  1599.2     -0.000     -0.000     -0.000     -0.000     -0.000     -0.000
49.3000      -1147.5190   -1147.7311       0.2120  1640.4     -0.000     -0.000      0.000      0.000     -0.000     -0.000
49.4000      -1147.5174   -1147.7271       0.2097  1622.0      0.000     -0.000     -0.000     -0.000      0.000     -0.000
49.5000      -1147.5162   -1147.7280       0.2118  1638.7     -0.000     -0.000     -0.000      0.000      0.000     -0.000
49.6000      -1147.5194   -1147.7305       0.2110  1632.7     -0.000     -0.000     -0.000     -0.000      0.000     -0.000
49.7000      -1147.5225   -1147.7308       0.2083  1611.5     -0.000     -0.000     -0.000      0.000      0.000     -0.000
49.8000      -1147.5206   -1147.7312       0.2107  1629.9     -0.000     -0.000     -0.000      0.000      0.000     -0.000
49.9000      -1147.5156   -1147.7274       0.2119  1639.0     -0.000     -0.000      0.000     -0.000      0.000     -0.000
50.0000      -1147.5163   -1147.7291       0.2127  1645.9     -0.000     -0.000     -0.000     -0.000      0.000     -0.000
