Time[ps]    Etot/N[eV]   Epot/N[eV]   Ekin/N[eV]    T[K]      ---------------------- stress [GPa] -----------------------
0.1000       -1147.9962   -1148.0386       0.0423   327.6      0.140     -0.184      0.849      0.168     -0.034     -0.046
0.2000       -1147.9961   -1148.0389       0.0428   330.8      0.094      0.466      0.740      0.152     -0.040     -0.058
0.3000       -1147.9983   -1148.0393       0.0410   317.2      0.195     -0.003     -0.525      0.286      0.150     -0.194
0.4000       -1147.9966   -1148.0392       0.0425   328.8      0.172     -0.230     -0.725      0.170      0.094     -0.212
0.5000       -1147.9990   -1148.0416       0.0426   329.7     -0.054      0.097     -0.732      0.186     -0.119     -0.212
0.6000       -1147.9988   -1148.0393       0.0406   313.9     -0.116     -0.060      0.116      0.190      0.079     -0.113
0.7000       -1147.9965   -1148.0385       0.0420   324.9     -0.057     -0.495      0.392     -0.177     -0.046     -0.044
0.8000       -1147.9969   -1148.0395       0.0426   329.5     -0.018     -0.306     -0.089     -0.003     -0.084      0.051
0.9000       -1147.9959   -1148.0399       0.0440   340.5     -0.027      0.566     -0.239     -0.050      0.133     -0.169
1.0000       -1147.9984   -1148.0399       0.0415   320.7     -0.051     -0.361      0.008     -0.105     -0.091      0.042
1.1000       -1147.9980   -1148.0382       0.0402   310.8     -0.030     -0.041     -0.573     -0.237      0.044     -0.160
1.2000       -1147.9945   -1148.0386       0.0440   340.7     -0.039      0.042     -0.162     -0.385     -0.029     -0.089
1.3000       -1147.9954   -1148.0367       0.0413   319.4      0.134      0.019     -0.029     -0.135     -0.008      0.073
1.4000       -1148.0003   -1148.0402       0.0399   308.5      0.043     -0.622     -0.243     -0.064      0.136      0.011
1.5000       -1147.9944   -1148.0375       0.0431   333.2     -0.025     -0.625     -0.295      0.002      0.038      0.036
1.6000       -1147.9950   -1148.0382       0.0433   334.6      0.137      0.324      0.279     -0.348      0.046      0.109
1.7000       -1147.9978   -1148.0386       0.0408   315.6     -0.012      0.348     -0.382     -0.012      0.191      0.197
1.8000       -1147.9972   -1148.0406       0.0433   335.3     -0.048      0.573     -0.627      0.315     -0.021      0.063
1.9000       -1147.9967   -1148.0403       0.0436   337.6      0.123     -0.020     -0.189      0.556      0.141     -0.018
2.0000       -1147.9980   -1148.0392       0.0411   318.2     -0.056     -0.142      0.415     -0.163     -0.245     -0.179
2.1000       -1147.9981   -1148.0390       0.0409   316.1     -0.096     -0.283      0.449      0.482     -0.203      0.136
2.2000       -1147.9964   -1148.0395       0.0431   333.6     -0.014     -0.097      0.383     -0.177     -0.106     -0.165
2.3000       -1147.9965   -1148.0390       0.0424   328.2     -0.189     -0.586     -0.121      0.118     -0.078      0.025
2.4000       -1147.9985   -1148.0403       0.0418   323.5     -0.102      0.763     -0.256      0.375     -0.082     -0.031
2.5000       -1147.9957   -1148.0397       0.0439   339.7      0.012      0.542      0.477     -0.206      0.152     -0.086
2.6000       -1147.9984   -1148.0400       0.0416   321.8     -0.071      0.616     -0.213      0.001      0.030      0.082
2.7000       -1147.9986   -1148.0399       0.0413   319.6      0.084      0.175     -0.294      0.090      0.153      0.133
2.8000       -1147.9971   -1148.0405       0.0435   336.2     -0.073     -0.725     -0.352     -0.180      0.182      0.016
2.9000       -1148.0000   -1148.0418       0.0418   323.5     -0.009     -0.586      0.636     -0.010     -0.040     -0.121
3.0000       -1147.9966   -1148.0391       0.0425   329.0      0.140     -0.405      0.448      0.077      0.064      0.015
3.1000       -1147.9952   -1148.0380       0.0428   331.4     -0.047      0.077     -0.064      0.071      0.080      0.016
3.2000       -1147.9977   -1148.0394       0.0417   322.7      0.171      0.456      0.768     -0.161      0.166     -0.091
3.3000       -1147.9955   -1148.0393       0.0438   338.7     -0.127     -0.361     -0.314     -0.104     -0.029     -0.028
3.4000       -1147.9973   -1148.0392       0.0419   324.2     -0.067     -0.094      0.006     -0.476      0.106      0.068
3.5000       -1147.9973   -1148.0397       0.0424   327.8      0.015      0.462     -0.058     -0.021     -0.049     -0.058
3.6000       -1147.9966   -1148.0386       0.0420   325.1      0.084     -0.274     -0.223      0.453     -0.049      0.275
3.7000       -1147.9974   -1148.0388       0.0415   320.7      0.097      0.329      0.279      0.222     -0.034     -0.035
3.8000       -1147.9967   -1148.0387       0.0420   324.9     -0.075     -0.378      0.206      0.569     -0.195     -0.151
3.9000       -1147.9991   -1148.0404       0.0412   318.9      0.092      0.433      0.414      0.209      0.076      0.106
4.0000       -1147.9958   -1148.0388       0.0430   332.4      0.013      0.767     -0.395      0.226     -0.089      0.051
4.1000       -1147.9954   -1148.0390       0.0436   337.4     -0.188      0.138      0.131      0.529     -0.047      0.009
4.2000       -1147.9981   -1148.0399       0.0418   323.8     -0.115     -0.095     -0.280      0.344     -0.112      0.091
4.3000       -1147.9981   -1148.0405       0.0424   328.0     -0.086      0.325      0.355      0.428     -0.010      0.130
4.4000       -1147.9949   -1148.0390       0.0441   341.2     -0.026      0.398      0.736      0.056     -0.114      0.018
4.5000       -1147.9981   -1148.0402       0.0421   325.5     -0.110      0.218      0.117      0.157      0.016      0.076
4.6000       -1147.9958   -1148.0391       0.0432   334.4     -0.004      1.074      0.166     -0.176      0.023      0.050
4.7000       -1147.9986   -1148.0408       0.0423   327.1      0.167     -0.457     -0.057      0.076      0.042     -0.078
4.8000       -1147.9965   -1148.0388       0.0423   327.1     -0.071     -1.251     -0.690     -0.191     -0.089      0.193
4.9000       -1147.9965   -1148.0404       0.0438   339.1      0.014     -0.637     -0.038     -0.216     -0.062      0.054
5.0000       -1147.9964   -1148.0392       0.0429   331.5      0.187     -0.190     -0.053     -0.016     -0.006      0.003
5.1000       -1147.9984   -1148.0390       0.0406   314.3      0.133     -0.085      0.096      0.448     -0.097     -0.146
5.2000       -1147.9966   -1148.0404       0.0438   339.0     -0.122     -0.788     -0.297      0.448     -0.142     -0.041
5.3000       -1147.9953   -1148.0387       0.0434   335.8      0.042      0.201     -0.057      0.139      0.024      0.095
5.4000       -1147.9977   -1148.0404       0.0427   330.0     -0.106     -0.074     -1.159     -0.002     -0.192      0.206
5.5000       -1147.9960   -1148.0380       0.0420   324.7     -0.052     -0.541     -1.194     -0.019     -0.094     -0.055
5.6000       -1147.9953   -1148.0385       0.0433   334.9     -0.167     -0.101      0.103      0.006      0.335     -0.145
5.7000       -1147.9986   -1148.0408       0.0421   326.1     -0.047      0.060      0.961     -0.276      0.024     -0.026
5.8000       -1147.9966   -1148.0392       0.0425   329.1     -0.099      0.039      0.255     -0.133      0.023      0.100
5.9000       -1147.9962   -1148.0401       0.0438   339.2      0.024      0.299     -0.080      0.020     -0.084      0.131
6.0000       -1147.9981   -1148.0406       0.0425   329.0      0.052      0.020     -0.362      0.102      0.076      0.176
6.1000       -1147.9996   -1148.0412       0.0416   322.1     -0.054      0.005     -0.095      0.008     -0.001     -0.245
6.2000       -1147.9955   -1148.0389       0.0434   335.7     -0.033      0.108      0.016      0.172     -0.032     -0.152
6.3000       -1147.9948   -1148.0386       0.0438   338.9     -0.137      0.283      0.003     -0.247      0.033     -0.033
6.4000       -1147.9971   -1148.0391       0.0420   325.1     -0.024      0.312      0.571      0.019     -0.179      0.135
6.5000       -1147.9981   -1148.0392       0.0411   318.3      0.122      0.750      0.665      0.024      0.088      0.057
6.6000       -1147.9935   -1148.0371       0.0436   337.3      0.024      0.719      0.800      0.114      0.068     -0.068
6.7000       -1147.9984   -1148.0401       0.0418   323.1      0.199      0.102      0.140      0.023      0.073     -0.034
6.8000       -1147.9970   -1148.0389       0.0419   324.3      0.127     -0.168     -0.571      0.075     -0.090      0.049
6.9000       -1147.9976   -1148.0397       0.0421   326.0     -0.112     -0.290     -0.483      0.094     -0.029     -0.052
7.0000       -1147.9969   -1148.0389       0.0420   324.8      0.059     -0.575      0.284     -0.303     -0.139      0.111
7.1000       -1147.9972   -1148.0400       0.0428   331.1      0.009      0.272     -0.069     -0.274     -0.124     -0.088
7.2000       -1147.9991   -1148.0412       0.0421   325.9     -0.067     -0.222      0.612     -0.298      0.160      0.226
7.3000       -1147.9960   -1148.0390       0.0430   332.9     -0.212     -0.447     -0.155      0.251      0.043     -0.064
7.4000       -1147.9969   -1148.0387       0.0417   323.0     -0.060     -0.271     -0.286      0.843      0.043      0.051
7.5000       -1147.9968   -1148.0396       0.0429   331.6      0.028     -0.467      0.025      0.293     -0.354     -0.014
7.6000       -1147.9982   -1148.0406       0.0425   328.4      0.033     -0.569     -0.113     -0.374     -0.056     -0.011
7.7000       -1147.9996   -1148.0403       0.0406   314.5     -0.042     -0.406     -0.076     -0.139      0.003      0.177
7.8000       -1147.9949   -1148.0385       0.0436   337.0     -0.070     -0.233      0.009     -0.317     -0.011      0.099
7.9000       -1147.9982   -1148.0400       0.0418   323.6     -0.027     -0.017      0.082     -0.234      0.211      0.022
8.0000       -1147.9991   -1148.0404       0.0413   319.5     -0.246     -0.309     -0.765     -0.004     -0.022     -0.086
8.1000       -1147.9955   -1148.0384       0.0429   332.2      0.075     -0.102     -0.347      0.214      0.036      0.047
8.2000       -1147.9962   -1148.0383       0.0422   326.2      0.137      0.739     -0.019     -0.035      0.137     -0.254
8.3000       -1147.9960   -1148.0395       0.0434   335.8     -0.042      0.323      0.183     -0.392      0.134     -0.108
8.4000       -1147.9963   -1148.0383       0.0420   325.2      0.065      0.455      0.504     -0.625      0.371      0.072
8.5000       -1147.9962   -1148.0379       0.0417   322.4      0.140     -0.500      0.352     -0.104     -0.090     -0.089
8.6000       -1147.9965   -1148.0391       0.0425   329.2      0.157      0.005      0.327     -0.280     -0.048     -0.212
8.7000       -1147.9967   -1148.0389       0.0421   325.8      0.193      0.421      0.438      0.198     -0.023     -0.092
8.8000       -1147.9965   -1148.0397       0.0433   334.6      0.166      1.152     -0.476      0.124      0.106      0.005
8.9000       -1147.9979   -1148.0403       0.0424   328.1     -0.155      0.791      0.499      0.022      0.012     -0.200
9.0000       -1147.9968   -1148.0402       0.0435   336.2     -0.186      0.353     -0.459      0.184     -0.041      0.049
9.1000       -1147.9981   -1148.0388       0.0407   314.5     -0.029      0.148      0.322      0.003     -0.027      0.050
9.2000       -1147.9965   -1148.0390       0.0426   329.5     -0.220     -0.586      1.085      0.290     -0.234      0.011
9.3000       -1147.9984   -1148.0412       0.0427   330.7     -0.136      0.163      0.383     -0.072     -0.212     -0.028
9.4000       -1147.9987   -1148.0405       0.0418   323.4     -0.082      0.133      0.329      0.172      0.073      0.024
9.5000       -1147.9965   -1148.0400       0.0435   336.4      0.034      0.279      0.495      0.027     -0.034      0.157
9.6000       -1147.9964   -1148.0404       0.0440   340.0     -0.097     -0.482     -0.417     -0.409     -0.080     -0.070
9.7000       -1147.9978   -1148.0400       0.0422   326.6     -0.101     -0.306     -0.204     -0.343      0.135     -0.007
9.8000       -1147.9979   -1148.0402       0.0423   327.0     -0.020     -0.267     -0.469      0.312      0.188     -0.104
9.9000       -1147.9964   -1148.0388       0.0425   328.6      0.026     -0.098     -0.495     -0.165      0.166     -0.116
10.0000      -1147.9972   -1148.0393       0.0422   326.4      0.014     -0.724     -0.121      0.190      0.127     -0.091
10.1000      -1147.9967   -1148.0402       0.0436   337.0      0.099     -0.732      0.274     -0.114     -0.204      0.101
10.2000      -1147.9947   -1148.0394       0.0447   345.9      0.171     -0.918      0.201      0.430     -0.095      0.227
10.3000      -1147.9967   -1148.0397       0.0430   332.5     -0.057     -0.580      0.177      0.396      0.100      0.108
10.4000      -1147.9977   -1148.0398       0.0421   325.5      0.077      0.628     -0.245      0.038      0.010     -0.096
10.5000      -1147.9946   -1148.0372       0.0426   329.8      0.170      0.775      0.481      0.155     -0.012     -0.322
10.6000      -1147.9994   -1148.0415       0.0420   325.1     -0.042     -0.226     -0.153      0.187     -0.101     -0.147
10.7000      -1147.9974   -1148.0403       0.0428   331.2     -0.046     -0.835     -0.214      0.156     -0.192     -0.211
10.8000      -1147.9962   -1148.0405       0.0443   342.7      0.030     -0.066     -0.189     -0.058      0.094      0.112
10.9000      -1147.9985   -1148.0411       0.0426   329.4     -0.025      0.384     -0.261     -0.283     -0.072      0.116
11.0000      -1147.9968   -1148.0403       0.0435   336.3      0.034      0.404      0.952     -0.319     -0.180      0.065
11.1000      -1147.9967   -1148.0398       0.0431   333.7     -0.049      0.556      1.096      0.194     -0.247     -0.112
11.2000      -1147.9964   -1148.0393       0.0430   332.3     -0.165     -0.075     -0.024      0.114     -0.156      0.086
11.3000      -1147.9978   -1148.0412       0.0434   335.6     -0.183     -0.962     -0.718     -0.144      0.174      0.191
11.4000      -1147.9942   -1148.0379       0.0437   338.0      0.020     -0.468     -0.528      0.014     -0.029      0.279
11.5000      -1147.9946   -1148.0378       0.0431   333.8      0.080     -0.001     -0.106     -0.413     -0.028      0.164
11.6000      -1147.9971   -1148.0395       0.0424   327.8      0.087      0.107      0.589     -0.243      0.191     -0.078
11.7000      -1147.9959   -1148.0383       0.0425   328.5      0.114      0.094      0.162     -0.040     -0.185     -0.013
11.8000      -1147.9945   -1148.0384       0.0438   339.2      0.169     -0.375      0.514      0.168     -0.069     -0.124
11.9000      -1147.9960   -1148.0383       0.0423   327.4      0.002     -0.015     -0.323      0.028      0.239      0.038
12.0000      -1147.9942   -1148.0377       0.0435   336.5      0.111     -0.186      0.044     -0.084      0.351     -0.098
12.1000      -1147.9957   -1148.0389       0.0432   334.6      0.248      1.030      0.176      0.081      0.268     -0.105
12.2000      -1147.9957   -1148.0391       0.0433   335.0      0.073     -0.490     -0.611      0.046      0.059      0.036
12.3000      -1147.9958   -1148.0389       0.0431   333.4     -0.084      0.441     -0.442     -0.062      0.138     -0.057
12.4000      -1147.9992   -1148.0404       0.0413   319.4      0.024      0.887      0.048     -0.092      0.130      0.248
12.5000      -1147.9974   -1148.0417       0.0443   342.7     -0.192      0.147     -0.937     -0.078     -0.003      0.415
12.6000      -1147.9963   -1148.0399       0.0436   337.7     -0.305     -0.449     -0.766      0.086      0.064      0.273
12.7000      -1147.9989   -1148.0408       0.0419   324.5     -0.066     -0.329     -0.146      0.102      0.172      0.264
12.8000      -1147.9955   -1148.0390       0.0436   337.1     -0.041     -0.413      0.261      0.455     -0.072     -0.021
12.9000      -1147.9979   -1148.0413       0.0434   335.9      0.033     -0.212     -0.189     -0.013      0.034      0.003
13.0000      -1147.9954   -1148.0393       0.0439   339.5     -0.102      0.388      0.182     -0.015      0.096      0.087
